No rand data for users 60
Fetch rand seed for num_of_users: 60, iter: 0.
rdr users: []
"rdr_pvn_workload.json"
Workload is generated
workload: {26: [], 28: [], 117: [], 14: [], 144: [], 125: [], 146: [], 114: [], 111: [], 140: [], 60: [], 108: [], 39: [], 88: [], 30: [], 59: [], 21: [], 84: [], 44: [], 96: [], 100: [], 106: [], 86: [], 124: [], 12: [], 36: [], 49: [], 68: [], 110: [], 126: [], 76: [], 32: [], 134: [], 137: [], 107: [], 138: [], 6: [], 105: [], 89: [], 115: [], 145: [], 148: [], 61: [], 149: [], 170: [], 164: [], 176: [], 152: [], 9: [], 45: [], 37: [], 123: [], 48: [], 67: [], 150: [], 72: [], 120: [], 40: [], 112: [], 128: [], 73: [], 81: [], 171: [], 25: [], 160: [], 127: [], 130: [], 22: [], 177: [], 55: [], 8: [], 34: [], 19: [], 42: [], 103: [], 20: [], 139: [], 29: [], 58: [], 97: [], 41: [], 101: [], 156: [], 147: [], 155: [], 50: [], 15: [], 157: [], 172: [], 113: [], 102: [], 10: [], 162: [], 90: [], 82: [], 174: [], 70: [], 52: [], 33: [], 143: [], 151: [], 141: [], 135: [], 99: [], 169: [], 129: [], 38: [], 167: [], 165: [], 3: [], 74: [], 175: [], 35: [], 98: [], 47: [], 4: [], 17: [], 65: [], 158: [], 93: [], 131: [], 11: [], 132: [], 161: [], 63: [], 78: [], 133: [], 104: [], 79: [], 51: [], 7: [], 92: [], 77: [], 24: [], 163: [], 64: [], 166: [], 66: [], 109: [], 118: [], 53: [], 23: [], 168: [], 71: [], 121: [], 69: [], 27: [], 2: [], 43: [], 85: [], 116: [], 119: [], 56: [], 46: [], 83: [], 87: [], 94: [], 153: [], 62: [], 159: [], 75: [], 178: [], 173: [], 18: [], 54: [], 16: [], 179: [], 5: [], 13: [], 122: [], 136: [], 80: [], 91: [], 154: [], 142: [], 1: [], 31: [], 95: [], 57: []}
60 browsers are created 
Timer started
Time elapsed: 0
0 min, 1 second
Time elapsed: 0
0 min, 2 second
Time elapsed: 0
0 min, 3 second
Time elapsed: 0
0 min, 4 second
Time elapsed: 0
0 min, 5 second
Time elapsed: 0
0 min, 6 second
Time elapsed: 0
0 min, 7 second
Time elapsed: 0
0 min, 8 second
Time elapsed: 0
0 min, 9 second
Time elapsed: 0
0 min, 10 second
Time elapsed: 0
0 min, 11 second
Time elapsed: 0
0 min, 12 second
Time elapsed: 0
0 min, 13 second
Time elapsed: 0
0 min, 14 second
Time elapsed: 0
0 min, 15 second
Time elapsed: 0
0 min, 16 second
Time elapsed: 0
0 min, 17 second
Time elapsed: 0
0 min, 18 second
Time elapsed: 0
0 min, 19 second
Time elapsed: 0
0 min, 20 second
Time elapsed: 0
0 min, 21 second
Time elapsed: 0
0 min, 22 second
Time elapsed: 0
0 min, 23 second
Time elapsed: 0
0 min, 24 second
Time elapsed: 0
0 min, 25 second
Time elapsed: 0
0 min, 26 second
Time elapsed: 0
0 min, 27 second
Time elapsed: 0
0 min, 28 second
Time elapsed: 0
0 min, 29 second
Time elapsed: 0
0 min, 30 second
Time elapsed: 0
0 min, 31 second
Time elapsed: 0
0 min, 32 second
Time elapsed: 0
0 min, 33 second
Time elapsed: 0
0 min, 34 second
Time elapsed: 0
0 min, 35 second
Time elapsed: 0
0 min, 36 second
Time elapsed: 0
0 min, 37 second
Time elapsed: 0
0 min, 38 second
Time elapsed: 0
0 min, 39 second
Time elapsed: 0
0 min, 40 second
Time elapsed: 0
0 min, 41 second
Time elapsed: 0
0 min, 42 second
Time elapsed: 0
0 min, 43 second
Time elapsed: 0
0 min, 44 second
Time elapsed: 0
0 min, 45 second
Time elapsed: 0
0 min, 46 second
Time elapsed: 0
0 min, 47 second
Time elapsed: 0
0 min, 48 second
Time elapsed: 0
0 min, 49 second
Time elapsed: 0
0 min, 50 second
Time elapsed: 0
0 min, 51 second
Time elapsed: 0
0 min, 52 second
Time elapsed: 0
0 min, 53 second
Time elapsed: 0
0 min, 54 second
Time elapsed: 0
0 min, 55 second
Time elapsed: 0
0 min, 56 second
Time elapsed: 0
0 min, 57 second
Time elapsed: 0
0 min, 58 second
Time elapsed: 0
0 min, 59 second
Time elapsed: 0
1 min, 0 second
Time elapsed: 0
1 min, 1 second
Time elapsed: 0
1 min, 2 second
Time elapsed: 0
1 min, 3 second
Time elapsed: 0
1 min, 4 second
Time elapsed: 0
1 min, 5 second
Time elapsed: 0
1 min, 6 second
Time elapsed: 0
1 min, 7 second
Time elapsed: 0
1 min, 8 second
Time elapsed: 0
1 min, 9 second
Time elapsed: 0
1 min, 10 second
Time elapsed: 0
1 min, 11 second
Time elapsed: 0
1 min, 12 second
Time elapsed: 0
1 min, 13 second
Time elapsed: 0
1 min, 14 second
Time elapsed: 0
1 min, 15 second
Time elapsed: 0
1 min, 16 second
Time elapsed: 0
1 min, 17 second
Time elapsed: 0
1 min, 18 second
Time elapsed: 0
1 min, 19 second
Time elapsed: 0
1 min, 20 second
Time elapsed: 0
1 min, 21 second
Time elapsed: 0
1 min, 22 second
Time elapsed: 0
1 min, 23 second
Time elapsed: 0
1 min, 24 second
Time elapsed: 0
1 min, 25 second
Time elapsed: 0
1 min, 26 second
Time elapsed: 0
1 min, 27 second
Time elapsed: 0
1 min, 28 second
Time elapsed: 0
1 min, 29 second
Time elapsed: 0
1 min, 30 second
Time elapsed: 0
1 min, 31 second
Time elapsed: 0
1 min, 32 second
Time elapsed: 0
1 min, 33 second
Time elapsed: 0
1 min, 34 second
Time elapsed: 0
1 min, 35 second
Time elapsed: 0
1 min, 36 second
Time elapsed: 0
1 min, 37 second
Time elapsed: 0
1 min, 38 second
Time elapsed: 0
1 min, 39 second
Time elapsed: 0
1 min, 40 second
Time elapsed: 0
1 min, 41 second
Time elapsed: 0
1 min, 42 second
Time elapsed: 0
1 min, 43 second
Time elapsed: 0
1 min, 44 second
Time elapsed: 0
1 min, 45 second
Time elapsed: 0
1 min, 46 second
Time elapsed: 0
1 min, 47 second
Time elapsed: 0
1 min, 48 second
Time elapsed: 0
1 min, 49 second
Time elapsed: 0
1 min, 50 second
Time elapsed: 0
1 min, 51 second
Time elapsed: 0
1 min, 52 second
Time elapsed: 0
1 min, 53 second
Time elapsed: 0
1 min, 54 second
Time elapsed: 0
1 min, 55 second
Time elapsed: 0
1 min, 56 second
Time elapsed: 0
1 min, 57 second
Time elapsed: 0
1 min, 58 second
Time elapsed: 0
1 min, 59 second
Time elapsed: 0
2 min, 0 second
Time elapsed: 0
2 min, 1 second
Time elapsed: 0
2 min, 2 second
Time elapsed: 0
2 min, 3 second
Time elapsed: 0
2 min, 4 second
Time elapsed: 0
2 min, 5 second
Time elapsed: 0
2 min, 6 second
Time elapsed: 0
2 min, 7 second
Time elapsed: 0
2 min, 8 second
Time elapsed: 0
2 min, 9 second
Time elapsed: 0
2 min, 10 second
Time elapsed: 0
2 min, 11 second
Time elapsed: 0
2 min, 12 second
Time elapsed: 0
2 min, 13 second
Time elapsed: 0
2 min, 14 second
Time elapsed: 0
2 min, 15 second
Time elapsed: 0
2 min, 16 second
Time elapsed: 0
2 min, 17 second
Time elapsed: 0
2 min, 18 second
Time elapsed: 0
2 min, 19 second
Time elapsed: 0
2 min, 20 second
Time elapsed: 0
2 min, 21 second
Time elapsed: 0
2 min, 22 second
Time elapsed: 0
2 min, 23 second
Time elapsed: 0
2 min, 24 second
Time elapsed: 0
2 min, 25 second
Time elapsed: 0
2 min, 26 second
Time elapsed: 0
2 min, 27 second
Time elapsed: 0
2 min, 28 second
Time elapsed: 0
2 min, 29 second
Time elapsed: 0
2 min, 30 second
Time elapsed: 0
2 min, 31 second
Time elapsed: 0
2 min, 32 second
Time elapsed: 0
2 min, 33 second
Time elapsed: 0
2 min, 34 second
Time elapsed: 0
2 min, 35 second
Time elapsed: 0
2 min, 36 second
Time elapsed: 0
2 min, 37 second
Time elapsed: 0
2 min, 38 second
Time elapsed: 0
2 min, 39 second
Time elapsed: 0
2 min, 40 second
Time elapsed: 0
2 min, 41 second
Time elapsed: 0
2 min, 42 second
Time elapsed: 0
2 min, 43 second
Time elapsed: 0
2 min, 44 second
Time elapsed: 0
2 min, 45 second
Time elapsed: 0
2 min, 46 second
Time elapsed: 0
2 min, 47 second
Time elapsed: 0
2 min, 48 second
Time elapsed: 0
2 min, 49 second
Time elapsed: 0
2 min, 50 second
Time elapsed: 0
2 min, 51 second
Time elapsed: 0
2 min, 52 second
Time elapsed: 0
2 min, 53 second
Time elapsed: 0
2 min, 54 second
Time elapsed: 0
2 min, 55 second
Time elapsed: 0
2 min, 56 second
Time elapsed: 0
2 min, 57 second
Time elapsed: 0
2 min, 58 second
Time elapsed: 0
2 min, 59 second
Time elapsed: 0
Metric: num_of_oks: 0, num_of_errs: 0, num_of_timeout: 0, num_of_closed: 0, num_of_visit: 0
Metric: Browsing Time: []

