Fetch rand seed for num_of_users: 100, iter: "3".
rdr users: [0, 1, 2, 3, 4, 5, 6, 7, 8, 9, 10, 11, 12, 13, 14, 15, 16, 17, 18, 19, 20, 21, 22, 23, 24, 25, 26, 27, 28, 29, 30, 31, 32, 33, 34, 35, 36, 37, 38, 39, 40, 41, 42, 43, 44, 45, 46, 47, 48, 49, 50, 51, 52, 53, 54, 55, 56, 57, 58, 59, 60, 61, 62, 63, 64, 65, 66, 67, 68, 69, 70, 71, 72, 73, 74, 75, 76, 77, 78, 79, 80, 81, 82, 83, 84, 85, 86, 87, 88, 89, 90, 91, 92, 93, 94, 95, 96, 97, 98, 99]
Workload is generated
100 browsers are created 
Time elapsed: 0
pivot 1
0 min, 1 second
No workload for second 1
Time elapsed: 0
pivot 2
0 min, 2 second
No workload for second 2
Time elapsed: 0
pivot 3
0 min, 3 second
User 92: milli: 869 url: "digg.com"
DEBUG: ok 1, err 0, timeout 0, closed 0, visit 1
Time elapsed: 0
pivot 4
0 min, 4 second
No workload for second 4
Time elapsed: 0
pivot 5
0 min, 5 second
User 92: milli: 258 url: "beliefnet.com"
User 96: milli: 342 url: "bs.serving-sys.com"
User 50: milli: 658 url: "tianya.cn"
DEBUG: ok 3, err 0, timeout 0, closed 0, visit 3
Time elapsed: 3
pivot 6
0 min, 6 second
No workload for second 6
Time elapsed: 3
pivot 7
0 min, 7 second
User 96: milli: 5 url: "uncrate.com"
User 50: milli: 83 url: "130.webim0316.webim.myspace.com"
User 92: milli: 743 url: "kvraudio.com"
Closed: User browsing failed for url kvraudio.com with user 92
DEBUG: ok 2, err 0, timeout 0, closed 1, visit 2
Time elapsed: 19
pivot 8
0 min, 8 second
User 90: milli: 69 url: "nba.com"
DEBUG: ok 1, err 0, timeout 0, closed 0, visit 1
Time elapsed: 20
pivot 9
0 min, 9 second
User 19: milli: 201 url: "photo.media.daum.net"
User 96: milli: 257 url: "forms.aweber.com"
User 67: milli: 893 url: "imdb.com"
DEBUG: ok 3, err 0, timeout 0, closed 0, visit 3
Time elapsed: 25
pivot 10
0 min, 10 second
User 92: milli: 466 url: "kvraudio.com"
Closed: User browsing failed for url kvraudio.com with user 92
User 29: milli: 961 url: "digg.com"
DEBUG: ok 1, err 0, timeout 0, closed 1, visit 1
Time elapsed: 41
pivot 11
0 min, 11 second
User 56: milli: 337 url: "polls.polldaddy.com"
User 96: milli: 385 url: "naffy.avatar.yuku.com"
User 36: milli: 903 url: "informatics.indiana.edu"
DEBUG: ok 3, err 0, timeout 0, closed 0, visit 3
Time elapsed: 42
pivot 12
0 min, 12 second
User 92: milli: 33 url: "kvraudio.com"
Closed: User browsing failed for url kvraudio.com with user 92
User 29: milli: 81 url: "view.atdmt.com"
DEBUG: ok 1, err 0, timeout 0, closed 1, visit 1
Time elapsed: 57
pivot 13
0 min, 13 second
User 10: milli: 108 url: "ads.pubmatic.com"
User 1: milli: 130 url: "ad.doubleclick.net"
User 36: milli: 252 url: "s.xvideos.com"
User 19: milli: 392 url: "photo.media.daum.net"
User 92: milli: 616 url: "stumbleupon.com"
Closed: User browsing failed for url stumbleupon.com with user 92
DEBUG: ok 4, err 0, timeout 0, closed 1, visit 4
Time elapsed: 75
pivot 14
0 min, 14 second
User 1: milli: 225 url: "stanford.edu"
User 92: milli: 296 url: "94.103.92.145"
Closed: User browsing failed for url 94.103.92.145 with user 92
User 56: milli: 339 url: "pandora.com"
User 19: milli: 601 url: "nba.com"
User 0: milli: 933 url: "images.search.yahoo.com"
DEBUG: ok 4, err 0, timeout 0, closed 1, visit 4
Time elapsed: 91
pivot 15
0 min, 15 second
User 56: milli: 492 url: "jiayuan.com"
DEBUG: ok 1, err 0, timeout 0, closed 0, visit 1
Time elapsed: 94
pivot 16
0 min, 16 second
User 92: milli: 178 url: "odditycentral.com"
Closed: User browsing failed for url odditycentral.com with user 92
User 1: milli: 232 url: "stanford.edu"
User 10: milli: 563 url: "webmail.aol.com"
DEBUG: ok 2, err 0, timeout 0, closed 1, visit 2
Time elapsed: 110
pivot 17
0 min, 17 second
User 1: milli: 396 url: "mchoralhealth.org"
User 95: milli: 676 url: "studentdoctor.net"
DEBUG: ok 2, err 0, timeout 0, closed 0, visit 2
Time elapsed: 111
pivot 18
0 min, 18 second
User 67: milli: 169 url: "google.com"
DEBUG: ok 1, err 0, timeout 0, closed 0, visit 1
Time elapsed: 111
pivot 19
0 min, 19 second
User 0: milli: 79 url: "weather.com"
User 13: milli: 94 url: "bs.serving-sys.com"
User 56: milli: 683 url: "m1.2mdn.net"
DEBUG: ok 3, err 0, timeout 0, closed 0, visit 3
Time elapsed: 111
pivot 20
0 min, 20 second
User 13: milli: 502 url: "orkut.com"
User 1: milli: 559 url: "weather.com"
User 63: milli: 819 url: "espn-www.baynote.net"
User 56: milli: 938 url: "images.jiayuan.com"
User 10: milli: 985 url: "bs.serving-sys.com"
DEBUG: ok 5, err 0, timeout 0, closed 0, visit 5
Time elapsed: 112
pivot 21
0 min, 21 second
User 10: milli: 137 url: "apps.facebook.com"
User 13: milli: 391 url: "adx.g.doubleclick.net"
User 92: milli: 421 url: "friends.myspace.com"
Closed: User browsing failed for url friends.myspace.com with user 92
User 56: milli: 430 url: "t.mookie1.com"
User 0: milli: 434 url: "profootballtalk.nbcsports.com"
User 95: milli: 534 url: "img.vast.com"
User 64: milli: 558 url: "images.vodone.com"
Closed: User browsing failed for url images.vodone.com with user 64
User 1: milli: 916 url: "search.yahoo.com"
DEBUG: ok 6, err 0, timeout 0, closed 2, visit 6
Time elapsed: 129
pivot 22
0 min, 22 second
User 64: milli: 19 url: "bs.serving-sys.com"
User 0: milli: 787 url: "sidereel.com"
DEBUG: ok 2, err 0, timeout 0, closed 0, visit 2
Time elapsed: 129
pivot 23
0 min, 23 second
User 96: milli: 128 url: "videogamesblogger.com"
User 19: milli: 643 url: "tw.linkspot.search.yahoo.com"
DEBUG: ok 2, err 0, timeout 0, closed 0, visit 2
Time elapsed: 133
pivot 24
0 min, 24 second
User 88: milli: 146 url: "google.com"
User 19: milli: 338 url: "google.com"
User 63: milli: 667 url: "yahoo.com"
User 80: milli: 741 url: "pn2.adserver.yahoo.com"
User 10: milli: 810 url: "ad.doubleclick.net"
DEBUG: ok 5, err 0, timeout 0, closed 0, visit 5
Time elapsed: 134
pivot 25
0 min, 25 second
User 2: milli: 245 url: "mitbbs.com"
User 1: milli: 359 url: "brightfutures.org"
User 90: milli: 361 url: "pubads.g.doubleclick.net"
Closed: User browsing failed for url pubads.g.doubleclick.net with user 90
User 19: milli: 510 url: "169.webim0444.webim.myspace.com"
DEBUG: ok 3, err 0, timeout 0, closed 1, visit 3
Time elapsed: 150
pivot 26
0 min, 26 second
User 96: milli: 184 url: "burstbeacon.com"
Closed: User browsing failed for url burstbeacon.com with user 96
User 55: milli: 316 url: "slate.com"
User 67: milli: 381 url: "russianamerica.com"
User 2: milli: 584 url: "google.com"
User 95: milli: 862 url: "kbb.com"
DEBUG: ok 4, err 0, timeout 0, closed 1, visit 4
Time elapsed: 165
pivot 27
0 min, 27 second
User 55: milli: 311 url: "blog.sina.com.cn"
User 13: milli: 503 url: "secure-us.imrworldwide.com"
User 1: milli: 524 url: "core.insightexpressai.com"
User 63: milli: 863 url: "studentdoctor.net"
DEBUG: ok 4, err 0, timeout 0, closed 0, visit 4
Time elapsed: 168
pivot 28
0 min, 28 second
User 55: milli: 126 url: "indystar.com"
User 16: milli: 312 url: "chacha.com"
User 2: milli: 997 url: "ad.globalinteractive.com"
DEBUG: ok 3, err 0, timeout 0, closed 0, visit 3
Time elapsed: 169
pivot 29
0 min, 29 second
User 19: milli: 103 url: "nytimes.com"
User 63: milli: 156 url: "sports.espn.go.com"
User 67: milli: 381 url: "translation2.paralink.com"
DEBUG: ok 3, err 0, timeout 0, closed 0, visit 3
Time elapsed: 170
pivot 30
0 min, 30 second
User 92: milli: 556 url: "waterjet.net"
Closed: User browsing failed for url waterjet.net with user 92
User 16: milli: 646 url: "alpha.brand.sogou.com"
DEBUG: ok 1, err 0, timeout 0, closed 1, visit 1
Time elapsed: 186
pivot 31
0 min, 31 second
User 51: milli: 278 url: "mail.google.com"
User 64: milli: 643 url: "twitter.com"
User 92: milli: 748 url: "google.com"
Closed: User browsing failed for url google.com with user 92
DEBUG: ok 2, err 0, timeout 0, closed 1, visit 2
Time elapsed: 201
pivot 32
0 min, 32 second
User 1: milli: 796 url: "s.xvideos.com"
User 32: milli: 845 url: "nba.com"
User 16: milli: 962 url: "uesp.net"
User 2: milli: 976 url: "twosamplelogo.org"
DEBUG: ok 4, err 0, timeout 0, closed 0, visit 4
Time elapsed: 203
pivot 33
0 min, 33 second
User 67: milli: 90 url: "aan.amazon.com"
User 80: milli: 114 url: "adszooks.com"
User 76: milli: 746 url: "southparkstudios.com"
DEBUG: ok 3, err 0, timeout 0, closed 0, visit 3
Time elapsed: 204
pivot 34
0 min, 34 second
User 55: milli: 301 url: "secure-us.imrworldwide.com"
User 32: milli: 981 url: "livejasmin.com"
DEBUG: ok 2, err 0, timeout 0, closed 0, visit 2
Time elapsed: 204
pivot 35
0 min, 35 second
User 16: milli: 163 url: "aol.com"
DEBUG: ok 1, err 0, timeout 0, closed 0, visit 1
Time elapsed: 206
pivot 36
0 min, 36 second
User 72: milli: 61 url: "xvideos.com"
User 67: milli: 125 url: "core.insightexpressai.com"
User 12: milli: 508 url: "bing.com"
User 87: milli: 578 url: "mail.google.com"
User 63: milli: 637 url: "count36.51yes.com"
User 73: milli: 992 url: "aim.com"
DEBUG: ok 6, err 0, timeout 0, closed 0, visit 6
Time elapsed: 210
pivot 37
0 min, 37 second
User 73: milli: 204 url: "g2.ykimg.com"
User 76: milli: 305 url: "ib.adnxs.com"
User 1: milli: 557 url: "google.com"
User 32: milli: 582 url: "purseblog.com"
User 67: milli: 643 url: "google.com"
User 92: milli: 729 url: "bks4.books.google.com"
Closed: User browsing failed for url bks4.books.google.com with user 92
DEBUG: ok 5, err 0, timeout 0, closed 1, visit 5
Time elapsed: 227
pivot 38
0 min, 38 second
User 32: milli: 356 url: "sixsigmatraffic.com"
User 51: milli: 585 url: "bs.serving-sys.com"
User 91: milli: 654 url: "last.fm"
User 73: milli: 672 url: "us.cnn.com"
User 76: milli: 864 url: "xvideos.com"
User 80: milli: 878 url: "messaging.myspace.com"
DEBUG: ok 6, err 0, timeout 0, closed 0, visit 6
Time elapsed: 229
pivot 39
0 min, 39 second
User 50: milli: 26 url: "google.com"
User 0: milli: 107 url: "tags.bluekai.com"
User 32: milli: 109 url: "youjizz.com"
User 19: milli: 139 url: "tw.dictionary.yahoo.com"
User 51: milli: 204 url: "bing.com"
User 11: milli: 675 url: "google.com"
User 92: milli: 851 url: "bs.serving-sys.com"
Closed: User browsing failed for url bs.serving-sys.com with user 92
DEBUG: ok 6, err 0, timeout 0, closed 1, visit 6
Time elapsed: 246
pivot 40
0 min, 40 second
User 12: milli: 12 url: "google.com"
User 91: milli: 14 url: "apple.com"
User 92: milli: 37 url: "kvraudio.com"
Closed: User browsing failed for url kvraudio.com with user 92
User 19: milli: 175 url: "static.awempire.com"
User 32: milli: 240 url: "idsnews.com"
User 0: milli: 441 url: "core.insightexpressai.com"
User 96: milli: 586 url: "apple.com"
Closed: User browsing failed for url apple.com with user 96
User 73: milli: 744 url: "ad.globalinteractive.com"
Closed: User browsing failed for url ad.globalinteractive.com with user 73
User 67: milli: 856 url: "vodguide.pps.tv"
DEBUG: ok 6, err 0, timeout 0, closed 3, visit 6
Time elapsed: 294
pivot 41
0 min, 41 second
User 55: milli: 46 url: "search.yahoo.com"
User 16: milli: 376 url: "cfs5.tistory.com"
User 64: milli: 561 url: "mail.google.com"
User 87: milli: 682 url: "secure-us.imrworldwide.com"
User 79: milli: 794 url: "blogs.msdn.com"
User 92: milli: 807 url: "kvraudio.com"
Closed: User browsing failed for url kvraudio.com with user 92
DEBUG: ok 5, err 0, timeout 0, closed 1, visit 5
Time elapsed: 311
pivot 42
0 min, 42 second
User 87: milli: 20 url: "google.com"
User 91: milli: 101 url: "google.com"
User 64: milli: 159 url: "thelifefiles.com"
User 11: milli: 584 url: "nike.com"
User 51: milli: 696 url: "gaiaonline.com"
User 50: milli: 870 url: "google.com"
DEBUG: ok 6, err 0, timeout 0, closed 0, visit 6
Time elapsed: 312
pivot 43
0 min, 43 second
User 91: milli: 282 url: "msn.com"
User 73: milli: 499 url: "digg.com"
Closed: User browsing failed for url digg.com with user 73
DEBUG: ok 1, err 0, timeout 0, closed 1, visit 1
Time elapsed: 328
pivot 44
0 min, 44 second
User 32: milli: 191 url: "bs.serving-sys.com"
User 62: milli: 284 url: "spreadsheets.google.com"
User 11: milli: 501 url: "google.com"
DEBUG: ok 3, err 0, timeout 0, closed 0, visit 3
Time elapsed: 328
pivot 45
0 min, 45 second
User 29: milli: 168 url: "worldofwarcraft.com"
User 63: milli: 272 url: "apple.com"
User 43: milli: 374 url: "bs.serving-sys.com"
User 56: milli: 398 url: "npr.org"
User 51: milli: 506 url: "hulu.com"
User 32: milli: 578 url: "trumba.com"
User 11: milli: 689 url: "stanford.edu"
User 79: milli: 873 url: "fconline.foundationcenter.org"
DEBUG: ok 8, err 0, timeout 0, closed 0, visit 8
Time elapsed: 331
pivot 46
0 min, 46 second
User 73: milli: 18 url: "tyrashow.warnerbros.com"
Closed: User browsing failed for url tyrashow.warnerbros.com with user 73
User 51: milli: 532 url: "cyworld.com"
User 67: milli: 770 url: "pandora.com"
User 11: milli: 789 url: "parents.com"
User 79: milli: 915 url: "nl.storm8.com"
DEBUG: ok 4, err 0, timeout 0, closed 1, visit 4
Time elapsed: 349
pivot 47
0 min, 47 second
User 86: milli: 297 url: "zales.com"
User 51: milli: 311 url: "verywed.com"
User 11: milli: 335 url: "ad.doubleclick.net"
User 62: milli: 336 url: "docs.google.com"
User 0: milli: 690 url: "penciloflight.deviantart.com"
DEBUG: ok 5, err 0, timeout 0, closed 0, visit 5
Time elapsed: 353
pivot 48
0 min, 48 second
User 79: milli: 397 url: "cbs.com"
User 50: milli: 811 url: "bs.serving-sys.com"
User 76: milli: 867 url: "reviews.cnet.com"
User 80: milli: 942 url: "sidereel.com"
Closed: User browsing failed for url sidereel.com with user 80
DEBUG: ok 3, err 0, timeout 0, closed 1, visit 3
Time elapsed: 368
pivot 49
0 min, 49 second
User 11: milli: 559 url: "projectwonderful.com"
DEBUG: ok 1, err 0, timeout 0, closed 0, visit 1
Time elapsed: 368
pivot 50
0 min, 50 second
User 73: milli: 460 url: "us.cnn.com"
Closed: User browsing failed for url us.cnn.com with user 73
User 43: milli: 629 url: "xvideos.com"
User 38: milli: 784 url: "search.ebscohost.com"
DEBUG: ok 2, err 0, timeout 0, closed 1, visit 2
Time elapsed: 384
pivot 51
0 min, 51 second
User 0: milli: 28 url: "deviantart.com"
User 11: milli: 439 url: "undergrad.stanford.edu"
User 2: milli: 509 url: "yourfilehost.com"
User 64: milli: 677 url: "ws.amazon.com"
User 92: milli: 853 url: "google.com"
Closed: User browsing failed for url google.com with user 92
DEBUG: ok 4, err 0, timeout 0, closed 1, visit 4
Time elapsed: 403
pivot 52
0 min, 52 second
User 79: milli: 92 url: "images.google.com"
User 74: milli: 756 url: "media.trafficjunky.net"
User 92: milli: 877 url: "tudou.com"
Closed: User browsing failed for url tudou.com with user 92
User 80: milli: 953 url: "profile.myspace.com"
Closed: User browsing failed for url profile.myspace.com with user 80
User 40: milli: 998 url: "law.indiana.edu"
DEBUG: ok 3, err 0, timeout 0, closed 2, visit 3
Time elapsed: 434
pivot 53
0 min, 53 second
User 40: milli: 145 url: "secure-us.imrworldwide.com"
User 96: milli: 223 url: "bloomington.craigslist.org"
Closed: User browsing failed for url bloomington.craigslist.org with user 96
User 17: milli: 997 url: "dealsea.com"
DEBUG: ok 2, err 0, timeout 0, closed 1, visit 2
Time elapsed: 449
pivot 54
0 min, 54 second
User 62: milli: 139 url: "google.com"
User 17: milli: 223 url: "s7ondemand7.scene7.com"
User 2: milli: 349 url: "poll.websitegear.com"
User 47: milli: 374 url: "secure-us.imrworldwide.com"
User 32: milli: 383 url: "mediabistro.com"
User 18: milli: 610 url: "google.com"
DEBUG: ok 6, err 0, timeout 0, closed 0, visit 6
Time elapsed: 451
pivot 55
0 min, 55 second
User 92: milli: 205 url: "dehp.opt.fimserve.com"
Closed: User browsing failed for url dehp.opt.fimserve.com with user 92
User 38: milli: 217 url: "hangame.com"
User 32: milli: 423 url: "purseblog.com"
User 79: milli: 568 url: "google.com"
User 17: milli: 685 url: "apps.facebook.com"
User 47: milli: 783 url: "google.com"
DEBUG: ok 5, err 0, timeout 0, closed 1, visit 5
Time elapsed: 468
pivot 56
0 min, 56 second
User 18: milli: 100 url: "playlist.com"
User 2: milli: 164 url: "indianapublicmedia.org"
User 91: milli: 245 url: "nba.sports.tom.com"
Closed: User browsing failed for url nba.sports.tom.com with user 91
User 64: milli: 455 url: "google.com"
User 79: milli: 794 url: "switch.atdmt.com"
User 6: milli: 936 url: "aes.iupui.edu"
DEBUG: ok 5, err 0, timeout 0, closed 1, visit 5
Time elapsed: 469
pivot 57
0 min, 57 second
User 18: milli: 172 url: "123123.net"
User 96: milli: 342 url: "sz0048.ev.mail.comcast.net"
Closed: User browsing failed for url sz0048.ev.mail.comcast.net with user 96
User 95: milli: 818 url: "gravatar.com"
DEBUG: ok 2, err 0, timeout 0, closed 1, visit 2
Time elapsed: 486
pivot 58
0 min, 58 second
User 96: milli: 602 url: "loopmasters.com"
Closed: User browsing failed for url loopmasters.com with user 96
User 2: milli: 740 url: "apple.com"
User 6: milli: 826 url: "aes.iupui.edu"
User 17: milli: 870 url: "z12.invisionfree.com"
Closed: User browsing failed for url z12.invisionfree.com with user 17
User 79: milli: 965 url: "blog.naver.com"
DEBUG: ok 3, err 0, timeout 0, closed 2, visit 3
Time elapsed: 502
pivot 59
0 min, 59 second
User 63: milli: 153 url: "bigblueinteractive.com"
User 47: milli: 224 url: "ronsilliman.blogspot.com"
User 32: milli: 282 url: "entertainment.msn.us.intellitxt.com"
User 86: milli: 292 url: "us.adserver.yahoo.com"
User 96: milli: 420 url: "rivals.com"
Closed: User browsing failed for url rivals.com with user 96
User 18: milli: 619 url: "xraex21.livejournal.com"
User 40: milli: 957 url: "informatics.indiana.edu"
User 56: milli: 966 url: "ad.reduxmedia.com"
DEBUG: ok 7, err 0, timeout 0, closed 1, visit 7
Time elapsed: 521
pivot 60
1 min, 0 second
User 19: milli: 0 url: "en.wikipedia.org"
User 62: milli: 155 url: "wunderground.com"
User 91: milli: 271 url: "cyworld.com"
User 96: milli: 666 url: "us.adserver.yahoo.com"
Closed: User browsing failed for url us.adserver.yahoo.com with user 96
User 1: milli: 949 url: "bing.com"
DEBUG: ok 4, err 0, timeout 0, closed 1, visit 4
Time elapsed: 538
pivot 61
1 min, 1 second
User 16: milli: 409 url: "realestate.yahoo.com"
User 19: milli: 809 url: "friends.myspace.com"
User 32: milli: 821 url: "en.wikipedia.org"
User 64: milli: 913 url: "worldofwarcraft.com"
DEBUG: ok 4, err 0, timeout 0, closed 0, visit 4
Time elapsed: 539
pivot 62
1 min, 2 second
User 96: milli: 69 url: "ads.uncrate.com"
Closed: User browsing failed for url ads.uncrate.com with user 96
User 48: milli: 92 url: "ad-g.doubleclick.net"
User 36: milli: 247 url: "unknownspace.org"
User 32: milli: 431 url: "chess.com"
User 92: milli: 683 url: "ad.doubleclick.net"
Closed: User browsing failed for url ad.doubleclick.net with user 92
User 17: milli: 787 url: "ad-g.doubleclick.net"
DEBUG: ok 4, err 0, timeout 0, closed 2, visit 4
Time elapsed: 570
pivot 63
1 min, 3 second
User 64: milli: 12 url: "images.vodone.com"
Closed: User browsing failed for url images.vodone.com with user 64
User 47: milli: 143 url: "images.google.com"
User 6: milli: 146 url: "bs.serving-sys.com"
User 50: milli: 301 url: "madshemale.com"
Closed: User browsing failed for url madshemale.com with user 50
User 11: milli: 626 url: "indystar.com"
User 99: milli: 636 url: "images.google.com"
User 0: milli: 778 url: "nytimes.com"
User 12: milli: 960 url: "waterjet.net"
DEBUG: ok 6, err 0, timeout 0, closed 2, visit 6
Time elapsed: 571
pivot 64
1 min, 4 second
User 64: milli: 273 url: "livejasmin.com"
User 11: milli: 385 url: "nike.com"
User 32: milli: 527 url: "pgatour.com"
User 1: milli: 552 url: "nfl.com"
User 56: milli: 579 url: "theinformaticsmoment2009.ning.com"
User 87: milli: 760 url: "gdx.mlb.com"
User 47: milli: 972 url: "nm.newegg.com"
DEBUG: ok 7, err 0, timeout 0, closed 0, visit 7
Time elapsed: 573
pivot 65
1 min, 5 second
User 19: milli: 57 url: "messaging.myspace.com"
User 29: milli: 156 url: "brita.net"
User 32: milli: 522 url: "livejasmin.com"
User 1: milli: 533 url: "datpiff.com"
User 47: milli: 735 url: "ws.amazon.com"
DEBUG: ok 5, err 0, timeout 0, closed 0, visit 5
Time elapsed: 576
pivot 66
1 min, 6 second
User 70: milli: 243 url: "google.com"
User 2: milli: 741 url: "apple.com"
User 62: milli: 757 url: "cnn.com"
User 88: milli: 894 url: "brewbeagles.org"
DEBUG: ok 4, err 0, timeout 0, closed 0, visit 4
Time elapsed: 576
pivot 67
1 min, 7 second
User 32: milli: 453 url: "waterjet.net"
User 72: milli: 986 url: "sports.espn.go.com"
DEBUG: ok 2, err 0, timeout 0, closed 0, visit 2
Time elapsed: 577
pivot 68
1 min, 8 second
User 4: milli: 226 url: "google.com"
User 3: milli: 372 url: "fb-0.cafe.zynga.com"
Closed: User browsing failed for url fb-0.cafe.zynga.com with user 3
User 48: milli: 527 url: "openeducation.net"
User 50: milli: 565 url: "cricinfo.com"
User 55: milli: 782 url: "portrait5.sinaimg.cn"
DEBUG: ok 4, err 0, timeout 0, closed 1, visit 4
Time elapsed: 579
pivot 69
1 min, 9 second
User 56: milli: 551 url: "stumbleupon.com"
User 48: milli: 571 url: "search.ebscohost.com"
User 0: milli: 632 url: "slis.indiana.edu"
User 3: milli: 869 url: "apps.facebook.com"
User 11: milli: 933 url: "deviantart.com"
DEBUG: ok 5, err 0, timeout 0, closed 0, visit 5
Time elapsed: 582
pivot 70
1 min, 10 second
User 23: milli: 114 url: "bs.serving-sys.com"
User 4: milli: 135 url: "43.wcmcs.net"
Closed: User browsing failed for url 43.wcmcs.net with user 4
User 92: milli: 489 url: "google.com"
Closed: User browsing failed for url google.com with user 92
User 0: milli: 790 url: "cs.missouri.edu"
DEBUG: ok 2, err 0, timeout 0, closed 2, visit 2
Time elapsed: 612
pivot 71
1 min, 11 second
User 92: milli: 117 url: "google.com"
Closed: User browsing failed for url google.com with user 92
User 56: milli: 146 url: "l-userpic.livejournal.com"
User 0: milli: 194 url: "slis.indiana.edu"
User 51: milli: 704 url: "google.com"
User 23: milli: 793 url: "my.yahoo.com"
DEBUG: ok 4, err 0, timeout 0, closed 1, visit 4
Time elapsed: 629
pivot 72
1 min, 12 second
User 99: milli: 77 url: "cyworld.com"
User 50: milli: 87 url: "ws.amazon.com"
User 23: milli: 312 url: "my.yahoo.com"
User 51: milli: 382 url: "apps.facebook.com"
User 1: milli: 709 url: "penciloflight.deviantart.com"
User 64: milli: 878 url: "google.com"
DEBUG: ok 6, err 0, timeout 0, closed 0, visit 6
Time elapsed: 631
pivot 73
1 min, 13 second
User 51: milli: 242 url: "fls.doubleclick.net"
User 34: milli: 537 url: "bs.serving-sys.com"
User 95: milli: 587 url: "cafe240.daum.net"
Closed: User browsing failed for url cafe240.daum.net with user 95
User 96: milli: 769 url: "sendspace.com"
Closed: User browsing failed for url sendspace.com with user 96
User 47: milli: 865 url: "commons.wikimedia.org"
DEBUG: ok 3, err 0, timeout 0, closed 2, visit 3
Time elapsed: 646
pivot 74
1 min, 14 second
User 0: milli: 185 url: "disneyworld.disney.go.com"
User 23: milli: 193 url: "google.com"
User 40: milli: 350 url: "byfiles.storage.msn.com"
User 1: milli: 485 url: "chow.com"
User 26: milli: 679 url: "269.webim0068.webim.myspace.com"
User 72: milli: 700 url: "espn-www.baynote.net"
User 47: milli: 959 url: "f.blogads.com"
DEBUG: ok 7, err 0, timeout 0, closed 0, visit 7
Time elapsed: 652
pivot 75
1 min, 15 second
User 61: milli: 158 url: "yahoo.com"
User 11: milli: 287 url: "base.googlehosted.com"
User 34: milli: 474 url: "ss.uk.ask.com"
User 26: milli: 527 url: "webmail.aol.com"
User 47: milli: 685 url: "profile.myspace.com"
DEBUG: ok 5, err 0, timeout 0, closed 0, visit 5
Time elapsed: 653
pivot 76
1 min, 16 second
User 76: milli: 123 url: "pn2.adserver.yahoo.com"
Closed: User browsing failed for url pn2.adserver.yahoo.com with user 76
User 26: milli: 704 url: "bb.ct.kz"
Closed: User browsing failed for url bb.ct.kz with user 26
DEBUG: ok 0, err 0, timeout 0, closed 2, visit 0
Time elapsed: 668
pivot 77
1 min, 17 second
User 55: milli: 152 url: "secure-us.imrworldwide.com"
User 76: milli: 260 url: "467.webim0318.webim.myspace.com"
Closed: User browsing failed for url 467.webim0318.webim.myspace.com with user 76
User 32: milli: 285 url: "google.com"
User 26: milli: 635 url: "amazon.com"
User 95: milli: 654 url: "aol.com"
User 34: milli: 686 url: "uk.ask.com"
DEBUG: ok 5, err 0, timeout 0, closed 1, visit 5
Time elapsed: 684
pivot 78
1 min, 18 second
User 61: milli: 157 url: "google.com"
User 76: milli: 234 url: "soaps.com"
Closed: User browsing failed for url soaps.com with user 76
User 1: milli: 266 url: "google.com"
User 19: milli: 273 url: "10910239424.basketball.cbssports.com"
User 0: milli: 407 url: "cbssports.com"
User 95: milli: 448 url: "aol.com"
Closed: User browsing failed for url aol.com with user 95
User 50: milli: 534 url: "13.webim0196.webim.myspace.com"
User 96: milli: 543 url: "reportingcivilrights.loa.org"
Closed: User browsing failed for url reportingcivilrights.loa.org with user 96
User 63: milli: 651 url: "cafe229.daum.net"
Closed: User browsing failed for url cafe229.daum.net with user 63
User 42: milli: 743 url: "jubal.westnet.com"
Closed: User browsing failed for url jubal.westnet.com with user 42
User 47: milli: 782 url: "commons.wikimedia.org"
DEBUG: ok 6, err 0, timeout 0, closed 5, visit 6
Time elapsed: 745
pivot 79
1 min, 19 second
User 19: milli: 21 url: "google.com"
User 6: milli: 30 url: "funnyordie.com"
User 95: milli: 68 url: "cnn.com"
Closed: User browsing failed for url cnn.com with user 95
User 47: milli: 177 url: "commons.wikimedia.org"
User 50: milli: 212 url: "apple.com"
User 51: milli: 275 url: "google.com"
User 42: milli: 368 url: "bs.serving-sys.com"
Closed: User browsing failed for url bs.serving-sys.com with user 42
User 70: milli: 760 url: "mail.google.com"
User 23: milli: 987 url: "daum.net"
DEBUG: ok 7, err 0, timeout 0, closed 2, visit 7
Time elapsed: 765
pivot 80
1 min, 20 second
User 42: milli: 222 url: "stumbleupon.com"
Closed: User browsing failed for url stumbleupon.com with user 42
User 19: milli: 286 url: "245.webim0213.webim.myspace.com"
User 16: milli: 492 url: "uesp.net"
User 26: milli: 568 url: "bloomington.craigslist.org"
User 13: milli: 603 url: "ad.doubleclick.net"
User 95: milli: 709 url: "bing.com"
Closed: User browsing failed for url bing.com with user 95
DEBUG: ok 4, err 0, timeout 0, closed 2, visit 4
Time elapsed: 781
pivot 81
1 min, 21 second
User 83: milli: 189 url: "translate.google.com"
User 47: milli: 355 url: "perezhilton.com"
User 91: milli: 673 url: "objects.tremormedia.com"
User 36: milli: 722 url: "picnik.com"
User 34: milli: 925 url: "bs.serving-sys.com"
User 55: milli: 992 url: "novamov.com"
DEBUG: ok 6, err 0, timeout 0, closed 0, visit 6
Time elapsed: 782
pivot 82
1 min, 22 second
User 2: milli: 18 url: "s21.divshare.com"
Closed: User browsing failed for url s21.divshare.com with user 2
User 95: milli: 31 url: "viewmorepics.myspace.com"
Closed: User browsing failed for url viewmorepics.myspace.com with user 95
User 17: milli: 49 url: "blognewcms.sinajs.cn"
Closed: User browsing failed for url blognewcms.sinajs.cn with user 17
User 40: milli: 217 url: "tudou.com"
User 47: milli: 476 url: "playlist.com"
User 51: milli: 530 url: "cnn.com"
User 76: milli: 536 url: "xvideos.com"
Closed: User browsing failed for url xvideos.com with user 76
User 26: milli: 537 url: "un.5i.com"
Closed: User browsing failed for url un.5i.com with user 26
User 83: milli: 808 url: "kelley.indiana.edu"
User 29: milli: 820 url: "ad.globalinteractive.com"
DEBUG: ok 5, err 0, timeout 0, closed 5, visit 5
Time elapsed: 830
pivot 83
1 min, 23 second
User 73: milli: 10 url: "trumba.com"
Closed: User browsing failed for url trumba.com with user 73
User 47: milli: 53 url: "commons.wikimedia.org"
User 96: milli: 147 url: "soudoc.com"
Closed: User browsing failed for url soudoc.com with user 96
User 2: milli: 211 url: "mail.live.com"
User 70: milli: 662 url: "letv.com"
DEBUG: ok 3, err 0, timeout 0, closed 2, visit 3
Time elapsed: 863
pivot 84
1 min, 24 second
User 62: milli: 175 url: "nba.com"
User 92: milli: 445 url: "google.com"
Closed: User browsing failed for url google.com with user 92
User 83: milli: 508 url: "hulu.com"
User 55: milli: 568 url: "bs.serving-sys.com"
User 76: milli: 634 url: "c.brightcove.com"
Closed: User browsing failed for url c.brightcove.com with user 76
DEBUG: ok 3, err 0, timeout 0, closed 2, visit 3
Time elapsed: 894
pivot 85
1 min, 25 second
User 32: milli: 60 url: "sex.com"
User 38: milli: 298 url: "google.com"
User 47: milli: 738 url: "commons.wikimedia.org"
User 55: milli: 785 url: "toptvbytes.com"
User 12: milli: 946 url: "gom.gomtv.com"
DEBUG: ok 5, err 0, timeout 0, closed 0, visit 5
Time elapsed: 897
pivot 86
1 min, 26 second
User 55: milli: 193 url: "servedby.flashtalking.com"
User 75: milli: 370 url: "goto.hoopchina.com"
Closed: User browsing failed for url goto.hoopchina.com with user 75
User 16: milli: 709 url: "pagead2.googlesyndication.com"
User 43: milli: 928 url: "xvideos.com"
User 1: milli: 954 url: "google.com"
DEBUG: ok 4, err 0, timeout 0, closed 1, visit 4
Time elapsed: 898
pivot 87
1 min, 27 second
User 0: milli: 236 url: "jessica-alba-pics.org"
Closed: User browsing failed for url jessica-alba-pics.org with user 0
User 64: milli: 236 url: "kr.search.yahoo.com"
User 1: milli: 429 url: "failblog.org"
DEBUG: ok 2, err 0, timeout 0, closed 1, visit 2
Time elapsed: 899
pivot 88
1 min, 28 second
User 63: milli: 142 url: "d.admazing.com"
Closed: User browsing failed for url d.admazing.com with user 63
User 93: milli: 275 url: "google.com"
User 4: milli: 344 url: "bs.serving-sys.com"
Closed: User browsing failed for url bs.serving-sys.com with user 4
User 91: milli: 864 url: "tom.com"
User 29: milli: 974 url: "google.com"
DEBUG: ok 3, err 0, timeout 0, closed 2, visit 3
Time elapsed: 900
pivot 89
1 min, 29 second
User 64: milli: 95 url: "cbs.com"
User 13: milli: 323 url: "gourmandia.com"
User 79: milli: 438 url: "nrg.co.il"
User 16: milli: 572 url: "search.yahoo.com"
User 76: milli: 683 url: "ichotelsgroup.com"
Closed: User browsing failed for url ichotelsgroup.com with user 76
User 50: milli: 878 url: "viewmorepics.myspace.com"
DEBUG: ok 5, err 0, timeout 0, closed 1, visit 5
Time elapsed: 917
pivot 90
1 min, 30 second
User 1: milli: 22 url: "home.myspace.com"
User 64: milli: 44 url: "hindustantimes.com"
User 83: milli: 802 url: "viewmorepics.myspace.com"
DEBUG: ok 3, err 0, timeout 0, closed 0, visit 3
Time elapsed: 917
pivot 91
1 min, 31 second
User 88: milli: 597 url: "pagead2.googlesyndication.com"
User 73: milli: 751 url: "ads.revsci.net"
Closed: User browsing failed for url ads.revsci.net with user 73
User 76: milli: 827 url: "messaging.myspace.com"
Closed: User browsing failed for url messaging.myspace.com with user 76
DEBUG: ok 1, err 0, timeout 0, closed 2, visit 1
Time elapsed: 947
pivot 92
1 min, 32 second
User 67: milli: 442 url: "apps.facebook.com"
User 47: milli: 998 url: "nba.com"
DEBUG: ok 2, err 0, timeout 0, closed 0, visit 2
Time elapsed: 949
pivot 93
1 min, 33 second
User 16: milli: 124 url: "usatoday.com"
User 62: milli: 570 url: "google.com"
User 75: milli: 875 url: "google.com"
User 26: milli: 889 url: "mediafire.com"
DEBUG: ok 4, err 0, timeout 0, closed 0, visit 4
Time elapsed: 949
pivot 94
1 min, 34 second
User 99: milli: 83 url: "google.com"
User 42: milli: 112 url: "nba.com"
Closed: User browsing failed for url nba.com with user 42
User 51: milli: 121 url: "waterjet.net"
User 19: milli: 254 url: "t.mookie1.com"
User 75: milli: 296 url: "b19.photo.store.qq.com"
User 79: milli: 602 url: "nl.storm8.com"
Closed: User browsing failed for url nl.storm8.com with user 79
User 96: milli: 754 url: "sz0048.ev.mail.comcast.net"
Closed: User browsing failed for url sz0048.ev.mail.comcast.net with user 96
User 16: milli: 760 url: "sexinyourcity.com"
User 91: milli: 937 url: "cyworld.com"
Closed: User browsing failed for url cyworld.com with user 91
DEBUG: ok 5, err 0, timeout 0, closed 4, visit 5
Time elapsed: 999
pivot 95
1 min, 35 second
User 3: milli: 255 url: "api.choicestream.com"
User 16: milli: 317 url: "teendestruction.com"
User 80: milli: 420 url: "l-userpic.livejournal.com"
Closed: User browsing failed for url l-userpic.livejournal.com with user 80
User 1: milli: 521 url: "392.webim0359.webim.myspace.com"
User 4: milli: 589 url: "tesnexus.com"
Closed: User browsing failed for url tesnexus.com with user 4
User 26: milli: 644 url: "iphone.dailymotion.com"
User 75: milli: 648 url: "mail.live.com"
User 67: milli: 656 url: "secure-us.imrworldwide.com"
User 99: milli: 718 url: "google.com"
User 64: milli: 938 url: "subeta.neolodge.com"
User 2: milli: 945 url: "dailymotion.com"
DEBUG: ok 9, err 0, timeout 0, closed 2, visit 9
Time elapsed: 1020
pivot 96
1 min, 36 second
User 26: milli: 665 url: "vibramfivefingers.com"
Closed: User browsing failed for url vibramfivefingers.com with user 26
User 19: milli: 673 url: "photo.media.daum.net"
User 6: milli: 729 url: "google.com"
User 12: milli: 752 url: "hk.search.yahoo.com"
User 72: milli: 758 url: "ws.amazon.com"
User 73: milli: 781 url: "bigcarrot.com"
Closed: User browsing failed for url bigcarrot.com with user 73
User 29: milli: 817 url: "l.yimg.com"
DEBUG: ok 5, err 0, timeout 0, closed 2, visit 5
Time elapsed: 1055
pivot 97
1 min, 37 second
User 99: milli: 0 url: "kevinleopoldsenglishsyllabus.wikispaces.com"
User 26: milli: 156 url: "static3.photo.sina.com.cn"
Closed: User browsing failed for url static3.photo.sina.com.cn with user 26
User 83: milli: 290 url: "nba.com"
Closed: User browsing failed for url nba.com with user 83
User 65: milli: 602 url: "cracked.com"
Closed: User browsing failed for url cracked.com with user 65
User 55: milli: 641 url: "media.trafficjunky.net"
User 16: milli: 823 url: "us.mg4.mail.yahoo.com"
User 75: milli: 852 url: "images.google.com"
DEBUG: ok 4, err 0, timeout 0, closed 3, visit 4
Time elapsed: 1071
pivot 98
1 min, 38 second
User 36: milli: 94 url: "teendestruction.com"
User 4: milli: 542 url: "dynamicads.g.doubleclick.net"
Closed: User browsing failed for url dynamicads.g.doubleclick.net with user 4
User 93: milli: 600 url: "techsmith.com"
User 16: milli: 677 url: "google.com"
User 6: milli: 957 url: "adultfriendfinder.com"
DEBUG: ok 4, err 0, timeout 0, closed 1, visit 4
Time elapsed: 1073
pivot 99
1 min, 39 second
User 31: milli: 41 url: "bs.serving-sys.com"
Closed: User browsing failed for url bs.serving-sys.com with user 31
User 63: milli: 171 url: "s139.cnzz.com"
User 65: milli: 228 url: "cts.metricsdirect.com"
Closed: User browsing failed for url cts.metricsdirect.com with user 65
User 26: milli: 654 url: "apps.facebook.com"
Closed: User browsing failed for url apps.facebook.com with user 26
User 6: milli: 920 url: "faniq.com"
DEBUG: ok 2, err 0, timeout 0, closed 3, visit 2
Time elapsed: 1075
pivot 100
1 min, 40 second
User 72: milli: 121 url: "digg.com"
User 51: milli: 139 url: "trumba.com"
User 31: milli: 189 url: "nexplore.com.woopra-ns.com"
Closed: User browsing failed for url nexplore.com.woopra-ns.com with user 31
User 65: milli: 269 url: "cracked.com"
Closed: User browsing failed for url cracked.com with user 65
User 64: milli: 340 url: "usatoday.com"
User 99: milli: 389 url: "google.com"
User 12: milli: 630 url: "google.com"
User 11: milli: 825 url: "loginsvc.cyworld.com"
DEBUG: ok 6, err 0, timeout 0, closed 2, visit 6
Time elapsed: 1078
pivot 101
1 min, 41 second
User 40: milli: 208 url: "www3.interscience.wiley.com"
User 65: milli: 433 url: "google.com"
Closed: User browsing failed for url google.com with user 65
User 73: milli: 747 url: "stumbleupon.com"
Closed: User browsing failed for url stumbleupon.com with user 73
User 79: milli: 769 url: "static.playfish.com"
Closed: User browsing failed for url static.playfish.com with user 79
User 49: milli: 848 url: "fas.harvard.edu"
Closed: User browsing failed for url fas.harvard.edu with user 49
User 63: milli: 856 url: "un.5i.com"
Closed: User browsing failed for url un.5i.com with user 63
DEBUG: ok 1, err 0, timeout 0, closed 5, visit 1
Time elapsed: 1109
pivot 102
1 min, 42 second
User 59: milli: 6 url: "c.brightcove.com"
Closed: User browsing failed for url c.brightcove.com with user 59
User 19: milli: 12 url: "cbssports.com"
User 64: milli: 292 url: "google.com"
User 55: milli: 315 url: "pixel.rubiconproject.com"
User 3: milli: 504 url: "veoh.com"
User 79: milli: 574 url: "stats5.lightningcast.net"
Closed: User browsing failed for url stats5.lightningcast.net with user 79
User 11: milli: 602 url: "s.xvideos.com"
User 32: milli: 891 url: "google.com"
DEBUG: ok 6, err 0, timeout 0, closed 2, visit 6
Time elapsed: 1126
pivot 103
1 min, 43 second
User 59: milli: 385 url: "kongregate.com"
Closed: User browsing failed for url kongregate.com with user 59
User 32: milli: 423 url: "daum.net"
User 2: milli: 439 url: "core.insightexpressai.com"
User 79: milli: 472 url: "fimserve.ign.com"
Closed: User browsing failed for url fimserve.ign.com with user 79
User 47: milli: 719 url: "ad.doubleclick.net"
User 96: milli: 754 url: "gourmandia.com"
Closed: User browsing failed for url gourmandia.com with user 96
User 43: milli: 768 url: "deviantart.com"
DEBUG: ok 4, err 0, timeout 0, closed 3, visit 4
Time elapsed: 1147
pivot 104
1 min, 44 second
User 43: milli: 111 url: "penciloflight.deviantart.com"
User 59: milli: 138 url: "medicine.iu.edu"
Closed: User browsing failed for url medicine.iu.edu with user 59
User 40: milli: 167 url: "s7.addthis.com"
User 76: milli: 231 url: "examiner.com"
