Fetch rand seed for num_of_users: 10, iter: "3".
rdr users: [0, 4, 11, 19, 52, 54, 56, 62, 74, 87]
Workload is generated
10 browsers are created 
Time elapsed: 0
pivot 1
0 min, 1 second
No workload for second 1
Time elapsed: 0
pivot 2
0 min, 2 second
No workload for second 2
Time elapsed: 0
pivot 3
0 min, 3 second
No workload for second 3
Time elapsed: 0
pivot 4
0 min, 4 second
No workload for second 4
Time elapsed: 0
pivot 5
0 min, 5 second
No workload for second 5
Time elapsed: 0
pivot 6
0 min, 6 second
No workload for second 6
Time elapsed: 0
pivot 7
0 min, 7 second
No workload for second 7
Time elapsed: 0
pivot 8
0 min, 8 second
No workload for second 8
Time elapsed: 0
pivot 9
0 min, 9 second
User 19: milli: 201 url: "photo.media.daum.net"
Time elapsed: 4
pivot 10
0 min, 10 second
No workload for second 10
Time elapsed: 4
pivot 11
0 min, 11 second
User 56: milli: 337 url: "polls.polldaddy.com"
Time elapsed: 5
pivot 12
0 min, 12 second
No workload for second 12
Time elapsed: 5
pivot 13
0 min, 13 second
User 19: milli: 392 url: "photo.media.daum.net"
Time elapsed: 6
pivot 14
0 min, 14 second
User 56: milli: 339 url: "pandora.com"
User 19: milli: 601 url: "nba.com"
User 0: milli: 933 url: "images.search.yahoo.com"
Time elapsed: 8
pivot 15
0 min, 15 second
User 56: milli: 492 url: "jiayuan.com"
Time elapsed: 10
pivot 16
0 min, 16 second
No workload for second 16
Time elapsed: 10
pivot 17
0 min, 17 second
No workload for second 17
Time elapsed: 10
pivot 18
0 min, 18 second
No workload for second 18
Time elapsed: 10
pivot 19
0 min, 19 second
User 0: milli: 79 url: "weather.com"
User 56: milli: 683 url: "m1.2mdn.net"
Time elapsed: 11
pivot 20
0 min, 20 second
User 56: milli: 938 url: "images.jiayuan.com"
Time elapsed: 12
pivot 21
0 min, 21 second
User 56: milli: 430 url: "t.mookie1.com"
User 0: milli: 434 url: "profootballtalk.nbcsports.com"
Time elapsed: 12
pivot 22
0 min, 22 second
User 0: milli: 787 url: "sidereel.com"
Time elapsed: 12
pivot 23
0 min, 23 second
User 19: milli: 643 url: "tw.linkspot.search.yahoo.com"
Time elapsed: 16
pivot 24
0 min, 24 second
User 19: milli: 338 url: "google.com"
Time elapsed: 17
pivot 25
0 min, 25 second
User 19: milli: 510 url: "169.webim0444.webim.myspace.com"
Time elapsed: 17
pivot 26
0 min, 26 second
No workload for second 26
Time elapsed: 17
pivot 27
0 min, 27 second
No workload for second 27
Time elapsed: 17
pivot 28
0 min, 28 second
User 19: milli: 741 url: "lakeland.k12.in.us"
User browsing failed for url lakeland.k12.in.us with user 19 :Timeout

   0: failure::backtrace::internal::InternalBacktrace::new
   1: <failure::backtrace::Backtrace as core::default::Default>::default
   2: headless_chrome::browser::transport::Transport::call_method_on_target
   3: headless_chrome::browser::tab::Tab::navigate_to
   4: rdr_prototype::utils::rdr_scheduler_ng
   5: rdr_prototype::main
   6: std::sys_common::backtrace::__rust_begin_short_backtrace
   7: std::rt::lang_start::{{closure}}
   8: core::ops::function::impls::<impl core::ops::function::FnOnce<A> for &F>::call_once
             at /rustc/8e21bd0633b8d970646ee6eb706c9e8acfad19af/library/core/src/ops/function.rs:265
      std::panicking::try::do_call
             at /rustc/8e21bd0633b8d970646ee6eb706c9e8acfad19af/library/std/src/panicking.rs:373
      std::panicking::try
             at /rustc/8e21bd0633b8d970646ee6eb706c9e8acfad19af/library/std/src/panicking.rs:337
      std::panic::catch_unwind
             at /rustc/8e21bd0633b8d970646ee6eb706c9e8acfad19af/library/std/src/panic.rs:394
      std::rt::lang_start_internal
             at /rustc/8e21bd0633b8d970646ee6eb706c9e8acfad19af/library/std/src/rt.rs:51
   9: main
  10: __libc_start_main
  11: _start

Time elapsed: 32
pivot 29
0 min, 29 second
User 19: milli: 103 url: "nytimes.com"
Time elapsed: 32
pivot 30
0 min, 30 second
No workload for second 30
Time elapsed: 32
pivot 31
0 min, 31 second
No workload for second 31
Time elapsed: 32
pivot 32
0 min, 32 second
No workload for second 32
Time elapsed: 32
pivot 33
0 min, 33 second
No workload for second 33
Time elapsed: 32
pivot 34
0 min, 34 second
No workload for second 34
Time elapsed: 32
pivot 35
0 min, 35 second
No workload for second 35
Time elapsed: 32
pivot 36
0 min, 36 second
User 87: milli: 578 url: "mail.google.com"
Time elapsed: 33
pivot 37
0 min, 37 second
No workload for second 37
Time elapsed: 33
pivot 38
0 min, 38 second
No workload for second 38
Time elapsed: 33
pivot 39
0 min, 39 second
User 0: milli: 107 url: "tags.bluekai.com"
User 19: milli: 139 url: "tw.dictionary.yahoo.com"
User 11: milli: 675 url: "google.com"
Time elapsed: 34
pivot 40
0 min, 40 second
User 19: milli: 175 url: "static.awempire.com"
User 0: milli: 441 url: "core.insightexpressai.com"
Time elapsed: 36
pivot 41
0 min, 41 second
User 87: milli: 682 url: "secure-us.imrworldwide.com"
Time elapsed: 36
pivot 42
0 min, 42 second
User 87: milli: 20 url: "google.com"
User 11: milli: 584 url: "nike.com"
Time elapsed: 37
pivot 43
0 min, 43 second
No workload for second 43
Time elapsed: 37
pivot 44
0 min, 44 second
User 62: milli: 284 url: "spreadsheets.google.com"
User 11: milli: 501 url: "google.com"
Time elapsed: 38
pivot 45
0 min, 45 second
User 56: milli: 398 url: "npr.org"
User 11: milli: 689 url: "stanford.edu"
Time elapsed: 39
pivot 46
0 min, 46 second
User 11: milli: 789 url: "parents.com"
Time elapsed: 39
pivot 47
0 min, 47 second
User 11: milli: 335 url: "ad.doubleclick.net"
User 62: milli: 336 url: "docs.google.com"
User 0: milli: 690 url: "penciloflight.deviantart.com"
Time elapsed: 41
pivot 48
0 min, 48 second
No workload for second 48
Time elapsed: 41
pivot 49
0 min, 49 second
User 11: milli: 559 url: "projectwonderful.com"
Time elapsed: 42
pivot 50
0 min, 50 second
No workload for second 50
Time elapsed: 42
pivot 51
0 min, 51 second
User 0: milli: 28 url: "deviantart.com"
User 11: milli: 439 url: "undergrad.stanford.edu"
Time elapsed: 43
pivot 52
0 min, 52 second
User 74: milli: 756 url: "media.trafficjunky.net"
Time elapsed: 43
pivot 53
0 min, 53 second
No workload for second 53
Time elapsed: 43
pivot 54
0 min, 54 second
User 62: milli: 139 url: "google.com"
Time elapsed: 44
pivot 55
0 min, 55 second
No workload for second 55
Time elapsed: 44
pivot 56
0 min, 56 second
No workload for second 56
Time elapsed: 44
pivot 57
0 min, 57 second
No workload for second 57
Time elapsed: 44
pivot 58
0 min, 58 second
No workload for second 58
Time elapsed: 44
pivot 59
0 min, 59 second
User 56: milli: 966 url: "ad.reduxmedia.com"
Time elapsed: 44
pivot 60
1 min, 0 second
User 19: milli: 0 url: "en.wikipedia.org"
User 62: milli: 155 url: "wunderground.com"
Time elapsed: 44
pivot 61
1 min, 1 second
User 19: milli: 809 url: "friends.myspace.com"
Time elapsed: 45
pivot 62
1 min, 2 second
No workload for second 62
Time elapsed: 45
pivot 63
1 min, 3 second
User 11: milli: 626 url: "indystar.com"
User 0: milli: 778 url: "nytimes.com"
Time elapsed: 45
pivot 64
1 min, 4 second
User 11: milli: 385 url: "nike.com"
User 56: milli: 579 url: "theinformaticsmoment2009.ning.com"
User 87: milli: 760 url: "gdx.mlb.com"
Time elapsed: 46
pivot 65
1 min, 5 second
User 19: milli: 57 url: "messaging.myspace.com"
Time elapsed: 46
pivot 66
1 min, 6 second
User 62: milli: 757 url: "cnn.com"
Time elapsed: 46
pivot 67
1 min, 7 second
No workload for second 67
Time elapsed: 46
pivot 68
1 min, 8 second
User 4: milli: 226 url: "google.com"
Time elapsed: 47
pivot 69
1 min, 9 second
User 56: milli: 551 url: "stumbleupon.com"
User 0: milli: 632 url: "slis.indiana.edu"
User 11: milli: 933 url: "deviantart.com"
Time elapsed: 48
pivot 70
1 min, 10 second
User 4: milli: 135 url: "43.wcmcs.net"
User browsing failed for url 43.wcmcs.net with user 4 :Timeout

   0: failure::backtrace::internal::InternalBacktrace::new
   1: <failure::backtrace::Backtrace as core::default::Default>::default
   2: headless_chrome::browser::transport::Transport::call_method_on_target
   3: headless_chrome::browser::tab::Tab::navigate_to
   4: rdr_prototype::utils::rdr_scheduler_ng
   5: rdr_prototype::main
   6: std::sys_common::backtrace::__rust_begin_short_backtrace
   7: std::rt::lang_start::{{closure}}
   8: core::ops::function::impls::<impl core::ops::function::FnOnce<A> for &F>::call_once
             at /rustc/8e21bd0633b8d970646ee6eb706c9e8acfad19af/library/core/src/ops/function.rs:265
      std::panicking::try::do_call
             at /rustc/8e21bd0633b8d970646ee6eb706c9e8acfad19af/library/std/src/panicking.rs:373
      std::panicking::try
             at /rustc/8e21bd0633b8d970646ee6eb706c9e8acfad19af/library/std/src/panicking.rs:337
      std::panic::catch_unwind
             at /rustc/8e21bd0633b8d970646ee6eb706c9e8acfad19af/library/std/src/panic.rs:394
      std::rt::lang_start_internal
             at /rustc/8e21bd0633b8d970646ee6eb706c9e8acfad19af/library/std/src/rt.rs:51
   9: main
  10: __libc_start_main
  11: _start

User 0: milli: 790 url: "cs.missouri.edu"
Time elapsed: 64
pivot 71
1 min, 11 second
User 56: milli: 146 url: "l-userpic.livejournal.com"
User 0: milli: 194 url: "slis.indiana.edu"
Time elapsed: 65
pivot 72
1 min, 12 second
No workload for second 72
Time elapsed: 65
pivot 73
1 min, 13 second
No workload for second 73
Time elapsed: 65
pivot 74
1 min, 14 second
User 0: milli: 185 url: "disneyworld.disney.go.com"
Time elapsed: 65
pivot 75
1 min, 15 second
User 11: milli: 287 url: "base.googlehosted.com"
Time elapsed: 65
pivot 76
1 min, 16 second
No workload for second 76
Time elapsed: 65
pivot 77
1 min, 17 second
No workload for second 77
Time elapsed: 65
pivot 78
1 min, 18 second
User 19: milli: 273 url: "10910239424.basketball.cbssports.com"
User 0: milli: 407 url: "cbssports.com"
Time elapsed: 67
pivot 79
1 min, 19 second
User 19: milli: 21 url: "google.com"
Time elapsed: 67
pivot 80
1 min, 20 second
User 19: milli: 286 url: "245.webim0213.webim.myspace.com"
Time elapsed: 67
pivot 81
1 min, 21 second
No workload for second 81
Time elapsed: 67
pivot 82
1 min, 22 second
No workload for second 82
Time elapsed: 67
pivot 83
1 min, 23 second
No workload for second 83
Time elapsed: 67
pivot 84
1 min, 24 second
User 62: milli: 175 url: "nba.com"
Time elapsed: 68
pivot 85
1 min, 25 second
No workload for second 85
Time elapsed: 68
pivot 86
1 min, 26 second
No workload for second 86
Time elapsed: 68
pivot 87
1 min, 27 second
User 0: milli: 236 url: "jessica-alba-pics.org"
User browsing failed for url jessica-alba-pics.org with user 0 :NavigationFailed { error_text: "net::ERR_NAME_NOT_RESOLVED" }

   0: failure::backtrace::internal::InternalBacktrace::new
   1: <failure::backtrace::Backtrace as core::default::Default>::default
   2: headless_chrome::browser::tab::Tab::navigate_to
   3: rdr_prototype::utils::rdr_scheduler_ng
   4: rdr_prototype::main
   5: std::sys_common::backtrace::__rust_begin_short_backtrace
   6: std::rt::lang_start::{{closure}}
   7: core::ops::function::impls::<impl core::ops::function::FnOnce<A> for &F>::call_once
             at /rustc/8e21bd0633b8d970646ee6eb706c9e8acfad19af/library/core/src/ops/function.rs:265
      std::panicking::try::do_call
             at /rustc/8e21bd0633b8d970646ee6eb706c9e8acfad19af/library/std/src/panicking.rs:373
      std::panicking::try
             at /rustc/8e21bd0633b8d970646ee6eb706c9e8acfad19af/library/std/src/panicking.rs:337
      std::panic::catch_unwind
             at /rustc/8e21bd0633b8d970646ee6eb706c9e8acfad19af/library/std/src/panic.rs:394
      std::rt::lang_start_internal
             at /rustc/8e21bd0633b8d970646ee6eb706c9e8acfad19af/library/std/src/rt.rs:51
   8: main
   9: __libc_start_main
  10: _start

Time elapsed: 68
pivot 88
1 min, 28 second
User 4: milli: 344 url: "bs.serving-sys.com"
Time elapsed: 68
pivot 89
1 min, 29 second
No workload for second 89
Time elapsed: 68
pivot 90
1 min, 30 second
No workload for second 90
Time elapsed: 68
pivot 91
1 min, 31 second
No workload for second 91
Time elapsed: 68
pivot 92
1 min, 32 second
No workload for second 92
Time elapsed: 68
pivot 93
1 min, 33 second
User 62: milli: 570 url: "google.com"
Time elapsed: 69
pivot 94
1 min, 34 second
User 19: milli: 254 url: "t.mookie1.com"
Time elapsed: 69
pivot 95
1 min, 35 second
User 4: milli: 589 url: "tesnexus.com"
Time elapsed: 69
pivot 96
1 min, 36 second
User 19: milli: 673 url: "photo.media.daum.net"
Time elapsed: 71
pivot 97
1 min, 37 second
No workload for second 97
Time elapsed: 71
pivot 98
1 min, 38 second
User 4: milli: 542 url: "dynamicads.g.doubleclick.net"
Time elapsed: 71
pivot 99
1 min, 39 second
No workload for second 99
Time elapsed: 71
pivot 100
1 min, 40 second
User 11: milli: 825 url: "loginsvc.cyworld.com"
Time elapsed: 73
pivot 101
1 min, 41 second
No workload for second 101
Time elapsed: 73
pivot 102
1 min, 42 second
User 19: milli: 12 url: "cbssports.com"
User 11: milli: 602 url: "s.xvideos.com"
Time elapsed: 74
pivot 103
1 min, 43 second
No workload for second 103
Time elapsed: 74
pivot 104
1 min, 44 second
User 62: milli: 753 url: "apple.com"
Time elapsed: 74
pivot 105
1 min, 45 second
No workload for second 105
Time elapsed: 74
pivot 106
1 min, 46 second
No workload for second 106
Time elapsed: 74
pivot 107
1 min, 47 second
No workload for second 107
Time elapsed: 74
pivot 108
1 min, 48 second
No workload for second 108
Time elapsed: 74
pivot 109
1 min, 49 second
User 11: milli: 920 url: "autoblog.com"
Time elapsed: 75
pivot 110
1 min, 50 second
No workload for second 110
Time elapsed: 75
pivot 111
1 min, 51 second
User 11: milli: 376 url: "stumbleupon.com"
Time elapsed: 76
pivot 112
1 min, 52 second
No workload for second 112
Time elapsed: 76
pivot 113
1 min, 53 second
No workload for second 113
Time elapsed: 76
pivot 114
1 min, 54 second
No workload for second 114
Time elapsed: 76
pivot 115
1 min, 55 second
No workload for second 115
Time elapsed: 76
pivot 116
1 min, 56 second
User 0: milli: 266 url: "ad.doubleclick.net"
Time elapsed: 76
pivot 117
1 min, 57 second
No workload for second 117
Time elapsed: 76
pivot 118
1 min, 58 second
User 11: milli: 302 url: "greyhound.com"
Time elapsed: 77
pivot 119
1 min, 59 second
No workload for second 119
Time elapsed: 77
pivot 120
2 min, 0 second
No workload for second 120
Time elapsed: 77
pivot 121
2 min, 1 second
User 56: milli: 640 url: "music.myspace.com"
Time elapsed: 77
pivot 122
2 min, 2 second
No workload for second 122
Time elapsed: 77
pivot 123
2 min, 3 second
No workload for second 123
Time elapsed: 77
pivot 124
2 min, 4 second
No workload for second 124
Time elapsed: 77
pivot 125
2 min, 5 second
User 4: milli: 325 url: "google.com"
Time elapsed: 78
pivot 126
2 min, 6 second
No workload for second 126
Time elapsed: 78
pivot 127
2 min, 7 second
No workload for second 127
Time elapsed: 78
pivot 128
2 min, 8 second
No workload for second 128
Time elapsed: 78
pivot 129
2 min, 9 second
No workload for second 129
Time elapsed: 78
pivot 130
2 min, 10 second
User 56: milli: 482 url: "gametrailers.com"
Time elapsed: 78
pivot 131
2 min, 11 second
No workload for second 131
Time elapsed: 78
pivot 132
2 min, 12 second
No workload for second 132
Time elapsed: 78
pivot 133
2 min, 13 second
User 0: milli: 56 url: "cs.missouri.edu"
Time elapsed: 79
pivot 134
2 min, 14 second
User 56: milli: 686 url: "s7.addthis.com"
Time elapsed: 79
pivot 135
2 min, 15 second
User 56: milli: 61 url: "google.com"
Time elapsed: 79
pivot 136
2 min, 16 second
No workload for second 136
Time elapsed: 79
pivot 137
2 min, 17 second
No workload for second 137
Time elapsed: 79
pivot 138
2 min, 18 second
User 56: milli: 542 url: "blog.naver.com"
Time elapsed: 80
pivot 139
2 min, 19 second
No workload for second 139
Time elapsed: 80
pivot 140
2 min, 20 second
No workload for second 140
Time elapsed: 80
pivot 141
2 min, 21 second
User 56: milli: 135 url: "office.microsoft.com"
Time elapsed: 81
pivot 142
2 min, 22 second
User 56: milli: 308 url: "bh.contextweb.com"
Time elapsed: 81
pivot 143
2 min, 23 second
No workload for second 143
Time elapsed: 81
pivot 144
2 min, 24 second
No workload for second 144
Time elapsed: 81
pivot 145
2 min, 25 second
User 19: milli: 114 url: "farfesh.com"
User 56: milli: 224 url: "stellasmagazine.com"
User 4: milli: 313 url: "881903.com"
Time elapsed: 87
pivot 146
2 min, 26 second
No workload for second 146
Time elapsed: 87
pivot 147
2 min, 27 second
No workload for second 147
Time elapsed: 87
pivot 148
2 min, 28 second
User 56: milli: 112 url: "view.atdmt.com"
User 4: milli: 327 url: "searchservice.myspace.com"
Time elapsed: 88
pivot 149
2 min, 29 second
User 19: milli: 753 url: "forums.metalsludge.tv"
Time elapsed: 88
pivot 150
2 min, 30 second
User 4: milli: 290 url: "thenyxie.livejournal.com"
Time elapsed: 90
pivot 151
2 min, 31 second
No workload for second 151
Time elapsed: 90
pivot 152
2 min, 32 second
User 19: milli: 278 url: "ad5.adtive.co.kr"
User browsing failed for url ad5.adtive.co.kr with user 19 :NavigationFailed { error_text: "net::ERR_NAME_NOT_RESOLVED" }

   0: failure::backtrace::internal::InternalBacktrace::new
   1: <failure::backtrace::Backtrace as core::default::Default>::default
   2: headless_chrome::browser::tab::Tab::navigate_to
   3: rdr_prototype::utils::rdr_scheduler_ng
   4: rdr_prototype::main
   5: std::sys_common::backtrace::__rust_begin_short_backtrace
   6: std::rt::lang_start::{{closure}}
   7: core::ops::function::impls::<impl core::ops::function::FnOnce<A> for &F>::call_once
             at /rustc/8e21bd0633b8d970646ee6eb706c9e8acfad19af/library/core/src/ops/function.rs:265
      std::panicking::try::do_call
             at /rustc/8e21bd0633b8d970646ee6eb706c9e8acfad19af/library/std/src/panicking.rs:373
      std::panicking::try
             at /rustc/8e21bd0633b8d970646ee6eb706c9e8acfad19af/library/std/src/panicking.rs:337
      std::panic::catch_unwind
             at /rustc/8e21bd0633b8d970646ee6eb706c9e8acfad19af/library/std/src/panic.rs:394
      std::rt::lang_start_internal
             at /rustc/8e21bd0633b8d970646ee6eb706c9e8acfad19af/library/std/src/rt.rs:51
   8: main
   9: __libc_start_main
  10: _start

Time elapsed: 90
pivot 153
2 min, 33 second
No workload for second 153
Time elapsed: 90
pivot 154
2 min, 34 second
No workload for second 154
Time elapsed: 90
pivot 155
2 min, 35 second
User 19: milli: 237 url: "google.com"
Time elapsed: 90
pivot 156
2 min, 36 second
No workload for second 156
Time elapsed: 90
pivot 157
2 min, 37 second
User 19: milli: 62 url: "forums.metalsludge.tv"
Time elapsed: 91
pivot 158
2 min, 38 second
User 0: milli: 243 url: "adparlor.com"
Time elapsed: 91
pivot 159
2 min, 39 second
No workload for second 159
Time elapsed: 91
pivot 160
2 min, 40 second
No workload for second 160
Time elapsed: 91
pivot 161
2 min, 41 second
No workload for second 161
Time elapsed: 91
pivot 162
2 min, 42 second
No workload for second 162
Time elapsed: 91
pivot 163
2 min, 43 second
No workload for second 163
Time elapsed: 91
pivot 164
2 min, 44 second
No workload for second 164
Time elapsed: 91
pivot 165
2 min, 45 second
No workload for second 165
Time elapsed: 91
pivot 166
2 min, 46 second
No workload for second 166
Time elapsed: 91
pivot 167
2 min, 47 second
No workload for second 167
Time elapsed: 91
pivot 168
2 min, 48 second
No workload for second 168
Time elapsed: 91
pivot 169
2 min, 49 second
User 4: milli: 789 url: "211.webim0116.webim.myspace.com"
Time elapsed: 91
pivot 170
2 min, 50 second
No workload for second 170
Time elapsed: 91
pivot 171
2 min, 51 second
No workload for second 171
Time elapsed: 91
pivot 172
2 min, 52 second
No workload for second 172
Time elapsed: 91
pivot 173
2 min, 53 second
No workload for second 173
Time elapsed: 91
pivot 174
2 min, 54 second
User 19: milli: 13 url: "l.yimg.com"
User 11: milli: 673 url: "autoblog.com"
Time elapsed: 93
pivot 175
2 min, 55 second
User 56: milli: 603 url: "wunderground.com"
Time elapsed: 94
pivot 176
2 min, 56 second
User 56: milli: 151 url: "indystar.com"
Time elapsed: 94
pivot 177
2 min, 57 second
User 19: milli: 306 url: "ttb2.aladdin.co.kr"
User 4: milli: 963 url: "postsecret.blogspot.com"
Time elapsed: 94
pivot 178
2 min, 58 second
User 4: milli: 834 url: "encyclopediadramatica.com"
User browsing failed for url encyclopediadramatica.com with user 4 :NavigationFailed { error_text: "net::ERR_NAME_NOT_RESOLVED" }

   0: failure::backtrace::internal::InternalBacktrace::new
   1: <failure::backtrace::Backtrace as core::default::Default>::default
   2: headless_chrome::browser::tab::Tab::navigate_to
   3: rdr_prototype::utils::rdr_scheduler_ng
   4: rdr_prototype::main
   5: std::sys_common::backtrace::__rust_begin_short_backtrace
   6: std::rt::lang_start::{{closure}}
   7: core::ops::function::impls::<impl core::ops::function::FnOnce<A> for &F>::call_once
             at /rustc/8e21bd0633b8d970646ee6eb706c9e8acfad19af/library/core/src/ops/function.rs:265
      std::panicking::try::do_call
             at /rustc/8e21bd0633b8d970646ee6eb706c9e8acfad19af/library/std/src/panicking.rs:373
      std::panicking::try
             at /rustc/8e21bd0633b8d970646ee6eb706c9e8acfad19af/library/std/src/panicking.rs:337
      std::panic::catch_unwind
             at /rustc/8e21bd0633b8d970646ee6eb706c9e8acfad19af/library/std/src/panic.rs:394
      std::rt::lang_start_internal
             at /rustc/8e21bd0633b8d970646ee6eb706c9e8acfad19af/library/std/src/rt.rs:51
   8: main
   9: __libc_start_main
  10: _start

Time elapsed: 95
pivot 179
2 min, 59 second
No workload for second 179
Time elapsed: 95
pivot 180
3 min, 0 second
No workload for second 180
Time elapsed: 95
pivot 181
3 min, 1 second
User 4: milli: 625 url: "f96jedi.com"
User browsing failed for url f96jedi.com with user 4 :NavigationFailed { error_text: "net::ERR_NAME_NOT_RESOLVED" }

   0: failure::backtrace::internal::InternalBacktrace::new
   1: <failure::backtrace::Backtrace as core::default::Default>::default
   2: headless_chrome::browser::tab::Tab::navigate_to
   3: rdr_prototype::utils::rdr_scheduler_ng
   4: rdr_prototype::main
   5: std::sys_common::backtrace::__rust_begin_short_backtrace
   6: std::rt::lang_start::{{closure}}
   7: core::ops::function::impls::<impl core::ops::function::FnOnce<A> for &F>::call_once
             at /rustc/8e21bd0633b8d970646ee6eb706c9e8acfad19af/library/core/src/ops/function.rs:265
      std::panicking::try::do_call
             at /rustc/8e21bd0633b8d970646ee6eb706c9e8acfad19af/library/std/src/panicking.rs:373
      std::panicking::try
             at /rustc/8e21bd0633b8d970646ee6eb706c9e8acfad19af/library/std/src/panicking.rs:337
      std::panic::catch_unwind
             at /rustc/8e21bd0633b8d970646ee6eb706c9e8acfad19af/library/std/src/panic.rs:394
      std::rt::lang_start_internal
             at /rustc/8e21bd0633b8d970646ee6eb706c9e8acfad19af/library/std/src/rt.rs:51
   8: main
   9: __libc_start_main
  10: _start

Time elapsed: 95
pivot 182
3 min, 2 second
No workload for second 182
Time elapsed: 95
pivot 183
3 min, 3 second
No workload for second 183
Time elapsed: 95
pivot 184
3 min, 4 second
No workload for second 184
Time elapsed: 95
pivot 185
3 min, 5 second
No workload for second 185
Time elapsed: 95
pivot 186
3 min, 6 second
No workload for second 186
Time elapsed: 95
pivot 187
3 min, 7 second
No workload for second 187
Time elapsed: 95
pivot 188
3 min, 8 second
No workload for second 188
Time elapsed: 95
pivot 189
3 min, 9 second
No workload for second 189
Time elapsed: 95
pivot 190
3 min, 10 second
User 19: milli: 108 url: "motors.shop.ebay.com"
Time elapsed: 96
pivot 191
3 min, 11 second
No workload for second 191
Time elapsed: 96
pivot 192
3 min, 12 second
No workload for second 192
Time elapsed: 96
pivot 193
3 min, 13 second
User 4: milli: 170 url: "vodguide.pps.tv"
Time elapsed: 98
pivot 194
3 min, 14 second
No workload for second 194
Time elapsed: 98
pivot 195
3 min, 15 second
No workload for second 195
Time elapsed: 98
pivot 196
3 min, 16 second
User 56: milli: 70 url: "hulu.com"
Time elapsed: 98
pivot 197
3 min, 17 second
No workload for second 197
Time elapsed: 98
pivot 198
3 min, 18 second
No workload for second 198
Time elapsed: 98
pivot 199
3 min, 19 second
User 4: milli: 509 url: "zillow.com"
Time elapsed: 99
pivot 200
3 min, 20 second
No workload for second 200
Time elapsed: 99
pivot 201
3 min, 21 second
No workload for second 201
Time elapsed: 99
pivot 202
3 min, 22 second
No workload for second 202
Time elapsed: 99
pivot 203
3 min, 23 second
User 62: milli: 989 url: "kidsmiracles.org"
Time elapsed: 99
pivot 204
3 min, 24 second
User 62: milli: 840 url: "google.com"
Time elapsed: 100
pivot 205
3 min, 25 second
No workload for second 205
Time elapsed: 100
pivot 206
3 min, 26 second
User 62: milli: 960 url: "nursingsociety.org"
Time elapsed: 100
pivot 207
3 min, 27 second
No workload for second 207
Time elapsed: 100
pivot 208
3 min, 28 second
No workload for second 208
Time elapsed: 100
pivot 209
3 min, 29 second
User 62: milli: 893 url: "881903.com"
Time elapsed: 104
pivot 210
3 min, 30 second
User 19: milli: 615 url: "55640.cim.meebo.com"
User browsing failed for url 55640.cim.meebo.com with user 19 :NavigationFailed { error_text: "net::ERR_NAME_NOT_RESOLVED" }

   0: failure::backtrace::internal::InternalBacktrace::new
   1: <failure::backtrace::Backtrace as core::default::Default>::default
   2: headless_chrome::browser::tab::Tab::navigate_to
   3: rdr_prototype::utils::rdr_scheduler_ng
   4: rdr_prototype::main
   5: std::sys_common::backtrace::__rust_begin_short_backtrace
   6: std::rt::lang_start::{{closure}}
   7: core::ops::function::impls::<impl core::ops::function::FnOnce<A> for &F>::call_once
             at /rustc/8e21bd0633b8d970646ee6eb706c9e8acfad19af/library/core/src/ops/function.rs:265
      std::panicking::try::do_call
             at /rustc/8e21bd0633b8d970646ee6eb706c9e8acfad19af/library/std/src/panicking.rs:373
      std::panicking::try
             at /rustc/8e21bd0633b8d970646ee6eb706c9e8acfad19af/library/std/src/panicking.rs:337
      std::panic::catch_unwind
             at /rustc/8e21bd0633b8d970646ee6eb706c9e8acfad19af/library/std/src/panic.rs:394
      std::rt::lang_start_internal
             at /rustc/8e21bd0633b8d970646ee6eb706c9e8acfad19af/library/std/src/rt.rs:51
   8: main
   9: __libc_start_main
  10: _start

Time elapsed: 104
pivot 211
3 min, 31 second
No workload for second 211
Time elapsed: 104
pivot 212
3 min, 32 second
User 62: milli: 451 url: "kidsmiracles.org"
Time elapsed: 104
pivot 213
3 min, 33 second
No workload for second 213
Time elapsed: 104
pivot 214
3 min, 34 second
No workload for second 214
Time elapsed: 104
pivot 215
3 min, 35 second
No workload for second 215
Time elapsed: 104
pivot 216
3 min, 36 second
User 19: milli: 422 url: "media.trafficjunky.net"
Time elapsed: 105
pivot 217
3 min, 37 second
User 4: milli: 350 url: "google.com"
Time elapsed: 105
pivot 218
3 min, 38 second
User 19: milli: 824 url: "pandora.com"
Time elapsed: 105
pivot 219
3 min, 39 second
User 62: milli: 819 url: "lezhin.com"
Time elapsed: 107
pivot 220
3 min, 40 second
User 4: milli: 664 url: "google.com"
Time elapsed: 108
pivot 221
3 min, 41 second
User 87: milli: 400 url: "jcmc.indiana.edu"
User 19: milli: 615 url: "news.google.com.tw"
Time elapsed: 109
pivot 222
3 min, 42 second
No workload for second 222
Time elapsed: 109
pivot 223
3 min, 43 second
No workload for second 223
Time elapsed: 109
pivot 224
3 min, 44 second
User 0: milli: 887 url: "waterjet.net"
Time elapsed: 109
pivot 225
3 min, 45 second
User 11: milli: 768 url: "bs.serving-sys.com"
Time elapsed: 109
pivot 226
3 min, 46 second
User 11: milli: 265 url: "399.webim0105.webim.myspace.com"
User 0: milli: 723 url: "ads.revsci.net"
Time elapsed: 110
pivot 227
3 min, 47 second
User 0: milli: 288 url: "zfile.co.kr"
User 11: milli: 736 url: "google.com"
RDR Tab timeout after the second try for hostname: "google.com" and user: 11
User 19: milli: 932 url: "192.webim0316.webim.myspace.com"
Time elapsed: 143
pivot 228
3 min, 48 second
No workload for second 228
Time elapsed: 143
pivot 229
3 min, 49 second
No workload for second 229
Time elapsed: 143
pivot 230
3 min, 50 second
No workload for second 230
Time elapsed: 143
pivot 231
3 min, 51 second
No workload for second 231
Time elapsed: 143
pivot 232
3 min, 52 second
No workload for second 232
Time elapsed: 143
pivot 233
3 min, 53 second
User 19: milli: 115 url: "secure-us.imrworldwide.com"
User 11: milli: 561 url: "papajackspizza.com"
RDR Tab timeout after the second try for hostname: "papajackspizza.com" and user: 11
User 0: milli: 733 url: "view.atdmt.com"
Time elapsed: 175
pivot 234
3 min, 54 second
User 19: milli: 528 url: "secure-us.imrworldwide.com"
RDR Tab timeout after the second try for hostname: "secure-us.imrworldwide.com" and user: 19
Time elapsed: 176
pivot 235
3 min, 55 second
User 11: milli: 708 url: "google.com"
RDR Tab timeout after the second try for hostname: "google.com" and user: 11
Time elapsed: 207
pivot 236
3 min, 56 second
User 11: milli: 286 url: "search.ebscohost.com"
RDR Tab timeout after the second try for hostname: "search.ebscohost.com" and user: 11
User 19: milli: 780 url: "teendestruction.com"
RDR Tab timeout after the second try for hostname: "teendestruction.com" and user: 19
Time elapsed: 239
pivot 237
3 min, 57 second
No workload for second 237
Time elapsed: 239
pivot 238
3 min, 58 second
User 19: milli: 75 url: "homeopathymalaysia.com"
RDR Tab timeout after the second try for hostname: "homeopathymalaysia.com" and user: 19
Time elapsed: 240
pivot 239
3 min, 59 second
No workload for second 239
Time elapsed: 240
pivot 240
4 min, 0 second
No workload for second 240
Time elapsed: 240
pivot 241
4 min, 1 second
No workload for second 241
Time elapsed: 240
pivot 242
4 min, 2 second
No workload for second 242
Time elapsed: 240
pivot 243
4 min, 3 second
No workload for second 243
Time elapsed: 240
pivot 244
4 min, 4 second
No workload for second 244
Time elapsed: 240
pivot 245
4 min, 5 second
User 4: milli: 431 url: "f96jedi.com"
RDR Tab timeout after the second try for hostname: "f96jedi.com" and user: 4
Time elapsed: 241
pivot 246
4 min, 6 second
User 87: milli: 121 url: "secure-us.imrworldwide.com"
User 4: milli: 290 url: "c31.statcounter.com"
RDR Tab timeout after the second try for hostname: "c31.statcounter.com" and user: 4
Time elapsed: 242
pivot 247
4 min, 7 second
No workload for second 247
Time elapsed: 242
pivot 248
4 min, 8 second
User 4: milli: 308 url: "g2.ykimg.com"
RDR Tab timeout after the second try for hostname: "g2.ykimg.com" and user: 4
User 62: milli: 923 url: "pixel-hk.pixelinteractivemedia.com"
Time elapsed: 243
pivot 249
4 min, 9 second
No workload for second 249
Time elapsed: 243
pivot 250
4 min, 10 second
No workload for second 250
Time elapsed: 243
pivot 251
4 min, 11 second
No workload for second 251
Time elapsed: 243
pivot 252
4 min, 12 second
No workload for second 252
Time elapsed: 243
pivot 253
4 min, 13 second
No workload for second 253
Time elapsed: 243
pivot 254
4 min, 14 second
No workload for second 254
Time elapsed: 243
pivot 255
4 min, 15 second
User 0: milli: 980 url: "bing.com"
Time elapsed: 244
pivot 256
4 min, 16 second
User 19: milli: 120 url: "tianya.cn"
RDR Tab timeout after the second try for hostname: "tianya.cn" and user: 19
Time elapsed: 245
pivot 257
4 min, 17 second
No workload for second 257
Time elapsed: 245
pivot 258
4 min, 18 second
No workload for second 258
Time elapsed: 245
pivot 259
4 min, 19 second
No workload for second 259
Time elapsed: 245
pivot 260
4 min, 20 second
User 11: milli: 576 url: "bing.com"
RDR Tab timeout after the second try for hostname: "bing.com" and user: 11
Time elapsed: 276
pivot 261
4 min, 21 second
User 0: milli: 119 url: "daum.net"
Time elapsed: 279
pivot 262
4 min, 22 second
No workload for second 262
Time elapsed: 279
pivot 263
4 min, 23 second
User 0: milli: 397 url: "www2.im.alisoft.com"
Time elapsed: 279
pivot 264
4 min, 24 second
User 0: milli: 583 url: "423.webim0213.webim.myspace.com"
Time elapsed: 280
pivot 265
4 min, 25 second
No workload for second 265
Time elapsed: 280
pivot 266
4 min, 26 second
User 62: milli: 697 url: "communistdanceparty.blogspot.com"
User 0: milli: 800 url: "im.alisoft.com"
User browsing failed for url im.alisoft.com with user 0 :Timeout

   0: failure::backtrace::internal::InternalBacktrace::new
   1: <failure::backtrace::Backtrace as core::default::Default>::default
   2: headless_chrome::browser::transport::Transport::call_method_on_target
   3: headless_chrome::browser::tab::Tab::navigate_to
   4: rdr_prototype::utils::rdr_scheduler_ng
   5: rdr_prototype::main
   6: std::sys_common::backtrace::__rust_begin_short_backtrace
   7: std::rt::lang_start::{{closure}}
   8: core::ops::function::impls::<impl core::ops::function::FnOnce<A> for &F>::call_once
             at /rustc/8e21bd0633b8d970646ee6eb706c9e8acfad19af/library/core/src/ops/function.rs:265
      std::panicking::try::do_call
             at /rustc/8e21bd0633b8d970646ee6eb706c9e8acfad19af/library/std/src/panicking.rs:373
      std::panicking::try
             at /rustc/8e21bd0633b8d970646ee6eb706c9e8acfad19af/library/std/src/panicking.rs:337
      std::panic::catch_unwind
             at /rustc/8e21bd0633b8d970646ee6eb706c9e8acfad19af/library/std/src/panic.rs:394
      std::rt::lang_start_internal
             at /rustc/8e21bd0633b8d970646ee6eb706c9e8acfad19af/library/std/src/rt.rs:51
   9: main
  10: __libc_start_main
  11: _start

Time elapsed: 295
pivot 267
4 min, 27 second
No workload for second 267
Time elapsed: 295
pivot 268
4 min, 28 second
No workload for second 268
Time elapsed: 295
pivot 269
4 min, 29 second
User 62: milli: 505 url: "google.com"
Time elapsed: 296
pivot 270
4 min, 30 second
User 19: milli: 456 url: "search.yahoo.com"
RDR Tab timeout after the second try for hostname: "search.yahoo.com" and user: 19
User 62: milli: 801 url: "slate.com"
Time elapsed: 297
pivot 271
4 min, 31 second
No workload for second 271
Time elapsed: 297
pivot 272
4 min, 32 second
No workload for second 272
Time elapsed: 297
pivot 273
4 min, 33 second
User 0: milli: 420 url: "gourmandia.com"
RDR Tab timeout after the second try for hostname: "gourmandia.com" and user: 0
Time elapsed: 328
pivot 274
4 min, 34 second
No workload for second 274
Time elapsed: 328
pivot 275
4 min, 35 second
No workload for second 275
Time elapsed: 328
pivot 276
4 min, 36 second
No workload for second 276
Time elapsed: 328
pivot 277
4 min, 37 second
No workload for second 277
Time elapsed: 328
pivot 278
4 min, 38 second
User 4: milli: 697 url: "view.atdmt.com"
RDR Tab timeout after the second try for hostname: "view.atdmt.com" and user: 4
Time elapsed: 329
pivot 279
4 min, 39 second
User 0: milli: 807 url: "dell.msn.com"
RDR Tab timeout after the second try for hostname: "dell.msn.com" and user: 0
Time elapsed: 360
pivot 280
4 min, 40 second
No workload for second 280
Time elapsed: 360
pivot 281
4 min, 41 second
No workload for second 281
Time elapsed: 360
pivot 282
4 min, 42 second
User 11: milli: 275 url: "waterjet.net"
RDR Tab timeout after the second try for hostname: "waterjet.net" and user: 11
Time elapsed: 391
pivot 283
4 min, 43 second
User 4: milli: 537 url: "217.16.18.213"
RDR Tab timeout after the second try for hostname: "217.16.18.213" and user: 4
Time elapsed: 392
pivot 284
4 min, 44 second
No workload for second 284
Time elapsed: 392
pivot 285
4 min, 45 second
No workload for second 285
Time elapsed: 392
pivot 286
4 min, 46 second
No workload for second 286
Time elapsed: 392
pivot 287
4 min, 47 second
User 4: milli: 424 url: "worldcuplove.com"
RDR Tab timeout after the second try for hostname: "worldcuplove.com" and user: 4
User 52: milli: 630 url: "waterjet.net"
User 0: milli: 663 url: "viewmorepics.myspace.com"
RDR Tab timeout after the second try for hostname: "viewmorepics.myspace.com" and user: 0
Time elapsed: 424
pivot 288
4 min, 48 second
No workload for second 288
Time elapsed: 424
pivot 289
4 min, 49 second
User 19: milli: 44 url: "teendestruction.com"
RDR Tab timeout after the second try for hostname: "teendestruction.com" and user: 19
User 0: milli: 271 url: "rpi.edu"
RDR Tab timeout after the second try for hostname: "rpi.edu" and user: 0
User 52: milli: 681 url: "ai.realmedia.com"
User browsing failed for url ai.realmedia.com with user 52 :NavigationFailed { error_text: "net::ERR_NAME_NOT_RESOLVED" }

   0: failure::backtrace::internal::InternalBacktrace::new
   1: <failure::backtrace::Backtrace as core::default::Default>::default
   2: headless_chrome::browser::tab::Tab::navigate_to
   3: rdr_prototype::utils::rdr_scheduler_ng
   4: rdr_prototype::main
   5: std::sys_common::backtrace::__rust_begin_short_backtrace
   6: std::rt::lang_start::{{closure}}
   7: core::ops::function::impls::<impl core::ops::function::FnOnce<A> for &F>::call_once
             at /rustc/8e21bd0633b8d970646ee6eb706c9e8acfad19af/library/core/src/ops/function.rs:265
      std::panicking::try::do_call
             at /rustc/8e21bd0633b8d970646ee6eb706c9e8acfad19af/library/std/src/panicking.rs:373
      std::panicking::try
             at /rustc/8e21bd0633b8d970646ee6eb706c9e8acfad19af/library/std/src/panicking.rs:337
      std::panic::catch_unwind
             at /rustc/8e21bd0633b8d970646ee6eb706c9e8acfad19af/library/std/src/panic.rs:394
      std::rt::lang_start_internal
             at /rustc/8e21bd0633b8d970646ee6eb706c9e8acfad19af/library/std/src/rt.rs:51
   8: main
   9: __libc_start_main
  10: _start

Time elapsed: 457
pivot 290
4 min, 50 second
User 4: milli: 126 url: "google.com"
RDR Tab timeout after the second try for hostname: "google.com" and user: 4
Time elapsed: 458
pivot 291
4 min, 51 second
No workload for second 291
Time elapsed: 458
pivot 292
4 min, 52 second
User 52: milli: 980 url: "cwtv.com"
Time elapsed: 459
pivot 293
4 min, 53 second
User 4: milli: 62 url: "bs.serving-sys.com"
RDR Tab timeout after the second try for hostname: "bs.serving-sys.com" and user: 4
User 52: milli: 185 url: "secure.newegg.com"
Time elapsed: 460
pivot 294
4 min, 54 second
No workload for second 294
Time elapsed: 460
pivot 295
4 min, 55 second
No workload for second 295
Time elapsed: 460
pivot 296
4 min, 56 second
User 87: milli: 676 url: "gravatar.com"
Time elapsed: 460
pivot 297
4 min, 57 second
User 87: milli: 24 url: "jones.ling.indiana.edu"
User browsing failed for url jones.ling.indiana.edu with user 87 :NavigationFailed { error_text: "net::ERR_NAME_NOT_RESOLVED" }

   0: failure::backtrace::internal::InternalBacktrace::new
   1: <failure::backtrace::Backtrace as core::default::Default>::default
   2: headless_chrome::browser::tab::Tab::navigate_to
   3: rdr_prototype::utils::rdr_scheduler_ng
   4: rdr_prototype::main
   5: std::sys_common::backtrace::__rust_begin_short_backtrace
   6: std::rt::lang_start::{{closure}}
   7: core::ops::function::impls::<impl core::ops::function::FnOnce<A> for &F>::call_once
             at /rustc/8e21bd0633b8d970646ee6eb706c9e8acfad19af/library/core/src/ops/function.rs:265
      std::panicking::try::do_call
             at /rustc/8e21bd0633b8d970646ee6eb706c9e8acfad19af/library/std/src/panicking.rs:373
      std::panicking::try
             at /rustc/8e21bd0633b8d970646ee6eb706c9e8acfad19af/library/std/src/panicking.rs:337
      std::panic::catch_unwind
             at /rustc/8e21bd0633b8d970646ee6eb706c9e8acfad19af/library/std/src/panic.rs:394
      std::rt::lang_start_internal
             at /rustc/8e21bd0633b8d970646ee6eb706c9e8acfad19af/library/std/src/rt.rs:51
   8: main
   9: __libc_start_main
  10: _start

Time elapsed: 461
pivot 298
4 min, 58 second
No workload for second 298
Time elapsed: 461
pivot 299
4 min, 59 second
No workload for second 299
Time elapsed: 461
pivot 300
5 min, 0 second
User 87: milli: 916 url: "aes.iupui.edu"
Time elapsed: 461
pivot 301
5 min, 1 second
User 87: milli: 774 url: "aes.iupui.edu"
Time elapsed: 461
pivot 302
5 min, 2 second
No workload for second 302
Time elapsed: 461
pivot 303
5 min, 3 second
No workload for second 303
Time elapsed: 461
pivot 304
5 min, 4 second
No workload for second 304
Time elapsed: 461
pivot 305
5 min, 5 second
User 87: milli: 550 url: "en.wikipedia.org"
Time elapsed: 461
pivot 306
5 min, 6 second
User 4: milli: 74 url: "v.giantrealm.com"
RDR Tab timeout after the second try for hostname: "v.giantrealm.com" and user: 4
User 52: milli: 783 url: "goldgenie.com"
Time elapsed: 463
pivot 307
5 min, 7 second
User 19: milli: 84 url: "teendestruction.com"
RDR Tab timeout after the second try for hostname: "teendestruction.com" and user: 19
User 4: milli: 103 url: "cbk1.google.com"
RDR Tab timeout after the second try for hostname: "cbk1.google.com" and user: 4
User 87: milli: 893 url: "google.com"
Time elapsed: 466
pivot 308
5 min, 8 second
No workload for second 308
Time elapsed: 466
pivot 309
5 min, 9 second
No workload for second 309
Time elapsed: 466
pivot 310
5 min, 10 second
No workload for second 310
Time elapsed: 466
pivot 311
5 min, 11 second
No workload for second 311
Time elapsed: 466
pivot 312
5 min, 12 second
No workload for second 312
Time elapsed: 466
pivot 313
5 min, 13 second
User 19: milli: 238 url: "nba.com"
RDR Tab timeout after the second try for hostname: "nba.com" and user: 19
User 0: milli: 704 url: "finance.google.com"
RDR Tab timeout after the second try for hostname: "finance.google.com" and user: 0
User 4: milli: 908 url: "ad.doubleclick.net"
RDR Tab timeout after the second try for hostname: "ad.doubleclick.net" and user: 4
Time elapsed: 499
pivot 314
5 min, 14 second
User 0: milli: 306 url: "motors.shop.ebay.com"
RDR Tab timeout after the second try for hostname: "motors.shop.ebay.com" and user: 0
Time elapsed: 530
pivot 315
5 min, 15 second
No workload for second 315
Time elapsed: 530
pivot 316
5 min, 16 second
User 19: milli: 193 url: "yahoo.com"
RDR Tab timeout after the second try for hostname: "yahoo.com" and user: 19
Time elapsed: 531
pivot 317
5 min, 17 second
User 19: milli: 103 url: "vimeo.com"
RDR Tab timeout after the second try for hostname: "vimeo.com" and user: 19
Time elapsed: 532
pivot 318
5 min, 18 second
User 74: milli: 45 url: "images.google.com"
User 11: milli: 153 url: "tour.naughtyamerica.com"
RDR Tab timeout after the second try for hostname: "tour.naughtyamerica.com" and user: 11
Time elapsed: 563
pivot 319
5 min, 19 second
User 11: milli: 106 url: "tvlinksdb.com"
RDR Tab timeout after the second try for hostname: "tvlinksdb.com" and user: 11
User 52: milli: 115 url: "google.com.vn"
Time elapsed: 594
pivot 320
5 min, 20 second
User 74: milli: 542 url: "img1.126.net"
User 0: milli: 692 url: "tyrashow.warnerbros.com"
RDR Tab timeout after the second try for hostname: "tyrashow.warnerbros.com" and user: 0
Time elapsed: 626
pivot 321
5 min, 21 second
User 4: milli: 276 url: "apps.facebook.com"
RDR Tab timeout after the second try for hostname: "apps.facebook.com" and user: 4
Time elapsed: 627
pivot 322
5 min, 22 second
User 74: milli: 472 url: "i.dell.com"
Time elapsed: 627
pivot 323
5 min, 23 second
User 0: milli: 873 url: "acs86.com"
RDR Tab timeout after the second try for hostname: "acs86.com" and user: 0
Time elapsed: 658
pivot 324
5 min, 24 second
User 74: milli: 219 url: "pics.livejournal.com"
User 4: milli: 662 url: "ad.doubleclick.net"
RDR Tab timeout after the second try for hostname: "ad.doubleclick.net" and user: 4
Time elapsed: 661
pivot 325
5 min, 25 second
User 74: milli: 525 url: "sports.163.com"
User 0: milli: 761 url: "cwtv.com"
RDR Tab timeout after the second try for hostname: "cwtv.com" and user: 0
Time elapsed: 693
pivot 326
5 min, 26 second
User 4: milli: 431 url: "thenyxie.livejournal.com"
RDR Tab timeout after the second try for hostname: "thenyxie.livejournal.com" and user: 4
Time elapsed: 694
pivot 327
5 min, 27 second
User 4: milli: 833 url: "dumpalink.com"
RDR Tab timeout after the second try for hostname: "dumpalink.com" and user: 4
Time elapsed: 695
pivot 328
5 min, 28 second
User 19: milli: 107 url: "pagead2.googlesyndication.com"
RDR Tab timeout after the second try for hostname: "pagead2.googlesyndication.com" and user: 19
Time elapsed: 696
pivot 329
5 min, 29 second
User 52: milli: 815 url: "secure.newegg.com"
Time elapsed: 696
pivot 330
5 min, 30 second
User 4: milli: 349 url: "screwattack.com"
RDR Tab timeout after the second try for hostname: "screwattack.com" and user: 4
Time elapsed: 697
pivot 331
5 min, 31 second
No workload for second 331
Time elapsed: 697
pivot 332
5 min, 32 second
User 4: milli: 772 url: "mail.sina.com.cn"
RDR Tab timeout after the second try for hostname: "mail.sina.com.cn" and user: 4
Time elapsed: 698
pivot 333
5 min, 33 second
User 52: milli: 673 url: "bing.com"
Time elapsed: 699
pivot 334
5 min, 34 second
No workload for second 334
Time elapsed: 699
pivot 335
5 min, 35 second
No workload for second 335
Time elapsed: 699
pivot 336
5 min, 36 second
User 4: milli: 720 url: "view.atdmt.com"
RDR Tab timeout after the second try for hostname: "view.atdmt.com" and user: 4
Time elapsed: 700
pivot 337
5 min, 37 second
User 56: milli: 26 url: "dailygalaxy.com"
Time elapsed: 700
pivot 338
5 min, 38 second
User 74: milli: 564 url: "xraex21.livejournal.com"
RDR Tab timeout after the second try for hostname: "xraex21.livejournal.com" and user: 74
Time elapsed: 731
pivot 339
5 min, 39 second
No workload for second 339
Time elapsed: 731
pivot 340
5 min, 40 second
No workload for second 340
Time elapsed: 731
pivot 341
5 min, 41 second
User 52: milli: 85 url: "secure.newegg.com"
Time elapsed: 731
pivot 342
5 min, 42 second
User 19: milli: 941 url: "google.com"
RDR Tab timeout after the second try for hostname: "google.com" and user: 19
Time elapsed: 732
pivot 343
5 min, 43 second
No workload for second 343
Time elapsed: 732
pivot 344
5 min, 44 second
User 4: milli: 98 url: "bs.serving-sys.com"
RDR Tab timeout after the second try for hostname: "bs.serving-sys.com" and user: 4
User 87: milli: 940 url: "stumbleupon.com"
Time elapsed: 734
pivot 345
5 min, 45 second
User 0: milli: 537 url: "vodguide.pps.tv"
RDR Tab timeout after the second try for hostname: "vodguide.pps.tv" and user: 0
Time elapsed: 765
pivot 346
5 min, 46 second
User 19: milli: 117 url: "gdx.mlb.com"
RDR Tab timeout after the second try for hostname: "gdx.mlb.com" and user: 19
User 0: milli: 482 url: "parents.com"
RDR Tab timeout after the second try for hostname: "parents.com" and user: 0
Time elapsed: 797
pivot 347
5 min, 47 second
User 19: milli: 865 url: "princebow.com"
RDR Tab timeout after the second try for hostname: "princebow.com" and user: 19
Time elapsed: 798
pivot 348
5 min, 48 second
User 0: milli: 800 url: "bs.serving-sys.com"
RDR Tab timeout after the second try for hostname: "bs.serving-sys.com" and user: 0
Time elapsed: 829
pivot 349
5 min, 49 second
No workload for second 349
Time elapsed: 829
pivot 350
5 min, 50 second
User 11: milli: 415 url: "colbertnation.com"
RDR Tab timeout after the second try for hostname: "colbertnation.com" and user: 11
User 19: milli: 449 url: "mlb.mlb.com"
RDR Tab timeout after the second try for hostname: "mlb.mlb.com" and user: 19
Time elapsed: 861
pivot 351
5 min, 51 second
No workload for second 351
Time elapsed: 861
pivot 352
5 min, 52 second
User 52: milli: 120 url: "secure.newegg.com"
Time elapsed: 861
pivot 353
5 min, 53 second
No workload for second 353
Time elapsed: 861
pivot 354
5 min, 54 second
User 4: milli: 554 url: "images.google.com"
RDR Tab timeout after the second try for hostname: "images.google.com" and user: 4
User 11: milli: 605 url: "google.com"
RDR Tab timeout after the second try for hostname: "google.com" and user: 11
Time elapsed: 893
pivot 355
5 min, 55 second
User 0: milli: 735 url: "ad.doubleclick.net"
RDR Tab timeout after the second try for hostname: "ad.doubleclick.net" and user: 0
Time elapsed: 924
pivot 356
5 min, 56 second
User 19: milli: 914 url: "urbanout-www.baynote.net"
RDR Tab timeout after the second try for hostname: "urbanout-www.baynote.net" and user: 19
Time elapsed: 925
pivot 357
5 min, 57 second
User 87: milli: 796 url: "112.webim0213.webim.myspace.com"
Time elapsed: 925
pivot 358
5 min, 58 second
No workload for second 358
Time elapsed: 925
pivot 359
5 min, 59 second
User 74: milli: 151 url: "dell.com"
RDR Tab timeout after the second try for hostname: "dell.com" and user: 74
Time elapsed: 956
pivot 360
6 min, 0 second
User 4: milli: 504 url: "bs.serving-sys.com"
RDR Tab timeout after the second try for hostname: "bs.serving-sys.com" and user: 4
User 11: milli: 676 url: "cpalock.com"
RDR Tab timeout after the second try for hostname: "cpalock.com" and user: 11
Time elapsed: 988
pivot 361
6 min, 1 second
No workload for second 361
Time elapsed: 988
pivot 362
6 min, 2 second
User 0: milli: 69 url: "antena3.ro"
RDR Tab timeout after the second try for hostname: "antena3.ro" and user: 0
User 4: milli: 608 url: "my.ebay.com"
RDR Tab timeout after the second try for hostname: "my.ebay.com" and user: 4
User 74: milli: 630 url: "cyworld.com"
RDR Tab timeout after the second try for hostname: "cyworld.com" and user: 74
Time elapsed: 1051
pivot 363
6 min, 3 second
User 4: milli: 789 url: "m1.2mdn.net"
RDR Tab timeout after the second try for hostname: "m1.2mdn.net" and user: 4
Time elapsed: 1052
pivot 364
6 min, 4 second
User 74: milli: 533 url: "w.cnzz.com"
