RDR Tab timeout after the second try for hostname: "google.com" and user: 11
RDR Tab timeout after the second try for hostname: "papajackspizza.com" and user: 11
RDR Tab timeout after the second try for hostname: "secure-us.imrworldwide.com" and user: 19
RDR Tab timeout after the second try for hostname: "google.com" and user: 11
RDR Tab timeout after the second try for hostname: "search.ebscohost.com" and user: 11
RDR Tab timeout after the second try for hostname: "teendestruction.com" and user: 19
RDR Tab timeout after the second try for hostname: "homeopathymalaysia.com" and user: 19
RDR Tab timeout after the second try for hostname: "f96jedi.com" and user: 4
RDR Tab timeout after the second try for hostname: "c31.statcounter.com" and user: 4
RDR Tab timeout after the second try for hostname: "g2.ykimg.com" and user: 4
RDR Tab timeout after the second try for hostname: "tianya.cn" and user: 19
RDR Tab timeout after the second try for hostname: "bing.com" and user: 11
RDR Tab timeout after the second try for hostname: "search.yahoo.com" and user: 19
RDR Tab timeout after the second try for hostname: "view.atdmt.com" and user: 4
RDR Tab timeout after the second try for hostname: "waterjet.net" and user: 11
RDR Tab timeout after the second try for hostname: "217.16.18.213" and user: 4
RDR Tab timeout after the second try for hostname: "worldcuplove.com" and user: 4
RDR Tab timeout after the second try for hostname: "teendestruction.com" and user: 19
RDR Tab timeout after the second try for hostname: "google.com" and user: 4
RDR Tab timeout after the second try for hostname: "bs.serving-sys.com" and user: 4
RDR Tab timeout after the second try for hostname: "v.giantrealm.com" and user: 4
RDR Tab timeout after the second try for hostname: "teendestruction.com" and user: 19
RDR Tab timeout after the second try for hostname: "cbk1.google.com" and user: 4
RDR Tab timeout after the second try for hostname: "nba.com" and user: 19
RDR Tab timeout after the second try for hostname: "finance.google.com" and user: 0
RDR Tab timeout after the second try for hostname: "ad.doubleclick.net" and user: 4
RDR Tab timeout after the second try for hostname: "motors.shop.ebay.com" and user: 0
RDR Tab timeout after the second try for hostname: "yahoo.com" and user: 19
RDR Tab timeout after the second try for hostname: "vimeo.com" and user: 19
RDR Tab timeout after the second try for hostname: "tour.naughtyamerica.com" and user: 11
RDR Tab timeout after the second try for hostname: "tvlinksdb.com" and user: 11
RDR Tab timeout after the second try for hostname: "tyrashow.warnerbros.com" and user: 0
RDR Tab timeout after the second try for hostname: "apps.facebook.com" and user: 4
RDR Tab timeout after the second try for hostname: "acs86.com" and user: 0
RDR Tab timeout after the second try for hostname: "ad.doubleclick.net" and user: 4
RDR Tab timeout after the second try for hostname: "cwtv.com" and user: 0
RDR Tab timeout after the second try for hostname: "thenyxie.livejournal.com" and user: 4
RDR Tab timeout after the second try for hostname: "dumpalink.com" and user: 4
RDR Tab timeout after the second try for hostname: "pagead2.googlesyndication.com" and user: 19
RDR Tab timeout after the second try for hostname: "screwattack.com" and user: 4
RDR Tab timeout after the second try for hostname: "mail.sina.com.cn" and user: 4
RDR Tab timeout after the second try for hostname: "view.atdmt.com" and user: 4
RDR Tab timeout after the second try for hostname: "xraex21.livejournal.com" and user: 74
RDR Tab timeout after the second try for hostname: "google.com" and user: 19
RDR Tab timeout after the second try for hostname: "bs.serving-sys.com" and user: 4
RDR Tab timeout after the second try for hostname: "vodguide.pps.tv" and user: 0
RDR Tab timeout after the second try for hostname: "gdx.mlb.com" and user: 19
RDR Tab timeout after the second try for hostname: "parents.com" and user: 0
RDR Tab timeout after the second try for hostname: "princebow.com" and user: 19
RDR Tab timeout after the second try for hostname: "bs.serving-sys.com" and user: 0
RDR Tab timeout after the second try for hostname: "colbertnation.com" and user: 11
RDR Tab timeout after the second try for hostname: "mlb.mlb.com" and user: 19
RDR Tab timeout after the second try for hostname: "images.google.com" and user: 4
RDR Tab timeout after the second try for hostname: "google.com" and user: 11
RDR Tab timeout after the second try for hostname: "ad.doubleclick.net" and user: 0
RDR Tab timeout after the second try for hostname: "urbanout-www.baynote.net" and user: 19
RDR Tab timeout after the second try for hostname: "dell.com" and user: 74
RDR Tab timeout after the second try for hostname: "bs.serving-sys.com" and user: 4
RDR Tab timeout after the second try for hostname: "cpalock.com" and user: 11
RDR Tab timeout after the second try for hostname: "antena3.ro" and user: 0
RDR Tab timeout after the second try for hostname: "my.ebay.com" and user: 4
RDR Tab timeout after the second try for hostname: "cyworld.com" and user: 74
RDR Tab timeout after the second try for hostname: "m1.2mdn.net" and user: 4
RDR Tab timeout after the second try for hostname: "w.cnzz.com" and user: 74
RDR Tab timeout after the second try for hostname: "nba.com" and user: 19
RDR Tab timeout after the second try for hostname: "pricegrabber.com" and user: 4
RDR Tab timeout after the second try for hostname: "sugardaddyforme.com" and user: 11
RDR Tab timeout after the second try for hostname: "amazon.com" and user: 4
RDR Tab timeout after the second try for hostname: "core.insightexpressai.com" and user: 11
RDR Tab timeout after the second try for hostname: "sugardaddyforme.com" and user: 11
RDR Tab timeout after the second try for hostname: "nd.edu" and user: 4
RDR Tab timeout after the second try for hostname: "pgatour.com" and user: 74
RDR Tab timeout after the second try for hostname: "chem.iupui.edu" and user: 11
RDR Tab timeout after the second try for hostname: "teendestruction.com" and user: 19
RDR Tab timeout after the second try for hostname: "gaiaonline.com" and user: 19
RDR Tab timeout after the second try for hostname: "drudgereport.com" and user: 4
RDR Tab timeout after the second try for hostname: "images.google.com" and user: 4
