No rand data for users 60
Fetch rand seed for num_of_users: 60, iter: 0.
rdr users: []
"rdr_pvn_workload.json"
Workload is generated
workload: {79: [], 67: [], 5: [], 15: [], 36: [], 47: [], 27: [], 107: [], 18: [], 12: [], 42: [], 24: [], 4: [], 35: [], 99: [], 2: [], 34: [], 112: [], 23: [], 86: [], 52: [], 81: [], 110: [], 113: [], 114: [], 124: [], 126: [], 16: [], 134: [], 142: [], 25: [], 33: [], 145: [], 149: [], 108: [], 150: [], 154: [], 9: [], 55: [], 109: [], 159: [], 162: [], 119: [], 168: [], 171: [], 30: [], 46: [], 122: [], 172: [], 22: [], 85: [], 115: [], 120: [], 13: [], 61: [], 111: [], 133: [], 163: [], 175: [], 41: [], 28: [], 57: [], 6: [], 74: [], 117: [], 128: [], 11: [], 1: [], 65: [], 71: [], 70: [], 75: [], 17: [], 131: [], 37: [], 137: [], 144: [], 174: [], 80: [], 178: [], 32: [], 129: [], 49: [], 173: [], 82: [], 177: [], 91: [], 98: [], 155: [], 138: [], 160: [], 164: [], 43: [], 93: [], 95: [], 161: [], 87: [], 130: [], 170: [], 105: [], 54: [], 136: [], 89: [], 165: [], 83: [], 50: [], 116: [], 77: [], 125: [], 76: [], 151: [], 14: [], 10: [], 94: [], 20: [], 103: [], 123: [], 64: [], 56: [], 121: [], 29: [], 167: [], 45: [], 59: [], 141: [], 31: [], 147: [], 8: [], 179: [], 101: [], 68: [], 51: [], 44: [], 106: [], 72: [], 158: [], 58: [], 39: [], 48: [], 102: [], 62: [], 21: [], 156: [], 38: [], 3: [], 92: [], 139: [], 118: [], 176: [], 90: [], 146: [], 152: [], 169: [], 19: [], 40: [], 104: [], 53: [], 73: [], 97: [], 69: [], 100: [], 127: [], 166: [], 96: [], 135: [], 63: [], 132: [], 148: [], 143: [], 153: [], 26: [], 140: [], 157: [], 60: [], 7: [], 66: [], 78: [], 88: [], 84: []}
60 browsers are created 
Timer started
Time elapsed: 0
0 min, 1 second
Time elapsed: 0
0 min, 2 second
Time elapsed: 0
0 min, 3 second
Time elapsed: 0
0 min, 4 second
Time elapsed: 0
0 min, 5 second
Time elapsed: 0
0 min, 6 second
Time elapsed: 0
0 min, 7 second
Time elapsed: 0
0 min, 8 second
Time elapsed: 0
0 min, 9 second
Time elapsed: 0
0 min, 10 second
Time elapsed: 0
0 min, 11 second
Time elapsed: 0
0 min, 12 second
Time elapsed: 0
0 min, 13 second
Time elapsed: 0
0 min, 14 second
Time elapsed: 0
0 min, 15 second
Time elapsed: 0
0 min, 16 second
Time elapsed: 0
0 min, 17 second
Time elapsed: 0
0 min, 18 second
Time elapsed: 0
0 min, 19 second
Time elapsed: 0
0 min, 20 second
Time elapsed: 0
0 min, 21 second
Time elapsed: 0
0 min, 22 second
Time elapsed: 0
0 min, 23 second
Time elapsed: 0
0 min, 24 second
Time elapsed: 0
0 min, 25 second
Time elapsed: 0
0 min, 26 second
Time elapsed: 0
0 min, 27 second
Time elapsed: 0
0 min, 28 second
Time elapsed: 0
0 min, 29 second
Time elapsed: 0
0 min, 30 second
Time elapsed: 0
0 min, 31 second
Time elapsed: 0
0 min, 32 second
Time elapsed: 0
0 min, 33 second
Time elapsed: 0
0 min, 34 second
Time elapsed: 0
0 min, 35 second
Time elapsed: 0
0 min, 36 second
Time elapsed: 0
0 min, 37 second
Time elapsed: 0
0 min, 38 second
Time elapsed: 0
0 min, 39 second
Time elapsed: 0
0 min, 40 second
Time elapsed: 0
0 min, 41 second
Time elapsed: 0
0 min, 42 second
Time elapsed: 0
0 min, 43 second
Time elapsed: 0
0 min, 44 second
Time elapsed: 0
0 min, 45 second
Time elapsed: 0
0 min, 46 second
Time elapsed: 0
0 min, 47 second
Time elapsed: 0
0 min, 48 second
Time elapsed: 0
0 min, 49 second
Time elapsed: 0
0 min, 50 second
Time elapsed: 0
0 min, 51 second
Time elapsed: 0
0 min, 52 second
Time elapsed: 0
0 min, 53 second
Time elapsed: 0
0 min, 54 second
Time elapsed: 0
0 min, 55 second
Time elapsed: 0
0 min, 56 second
Time elapsed: 0
0 min, 57 second
Time elapsed: 0
0 min, 58 second
Time elapsed: 0
0 min, 59 second
Time elapsed: 0
1 min, 0 second
Time elapsed: 0
1 min, 1 second
Time elapsed: 0
1 min, 2 second
Time elapsed: 0
1 min, 3 second
Time elapsed: 0
1 min, 4 second
Time elapsed: 0
1 min, 5 second
Time elapsed: 0
1 min, 6 second
Time elapsed: 0
1 min, 7 second
Time elapsed: 0
1 min, 8 second
Time elapsed: 0
1 min, 9 second
Time elapsed: 0
1 min, 10 second
Time elapsed: 0
1 min, 11 second
Time elapsed: 0
1 min, 12 second
Time elapsed: 0
1 min, 13 second
Time elapsed: 0
1 min, 14 second
Time elapsed: 0
1 min, 15 second
Time elapsed: 0
1 min, 16 second
Time elapsed: 0
1 min, 17 second
Time elapsed: 0
1 min, 18 second
Time elapsed: 0
1 min, 19 second
Time elapsed: 0
1 min, 20 second
Time elapsed: 0
1 min, 21 second
Time elapsed: 0
1 min, 22 second
Time elapsed: 0
1 min, 23 second
Time elapsed: 0
1 min, 24 second
Time elapsed: 0
1 min, 25 second
Time elapsed: 0
1 min, 26 second
Time elapsed: 0
1 min, 27 second
Time elapsed: 0
1 min, 28 second
Time elapsed: 0
1 min, 29 second
Time elapsed: 0
1 min, 30 second
Time elapsed: 0
1 min, 31 second
Time elapsed: 0
1 min, 32 second
Time elapsed: 0
1 min, 33 second
Time elapsed: 0
1 min, 34 second
Time elapsed: 0
1 min, 35 second
Time elapsed: 0
1 min, 36 second
Time elapsed: 0
1 min, 37 second
Time elapsed: 0
1 min, 38 second
Time elapsed: 0
1 min, 39 second
Time elapsed: 0
1 min, 40 second
Time elapsed: 0
1 min, 41 second
Time elapsed: 0
1 min, 42 second
Time elapsed: 0
1 min, 43 second
Time elapsed: 0
1 min, 44 second
Time elapsed: 0
1 min, 45 second
Time elapsed: 0
1 min, 46 second
Time elapsed: 0
1 min, 47 second
Time elapsed: 0
1 min, 48 second
Time elapsed: 0
1 min, 49 second
Time elapsed: 0
1 min, 50 second
Time elapsed: 0
1 min, 51 second
Time elapsed: 0
1 min, 52 second
Time elapsed: 0
1 min, 53 second
Time elapsed: 0
1 min, 54 second
Time elapsed: 0
1 min, 55 second
Time elapsed: 0
1 min, 56 second
Time elapsed: 0
1 min, 57 second
Time elapsed: 0
1 min, 58 second
Time elapsed: 0
1 min, 59 second
Time elapsed: 0
2 min, 0 second
Time elapsed: 0
2 min, 1 second
Time elapsed: 0
2 min, 2 second
Time elapsed: 0
2 min, 3 second
Time elapsed: 0
2 min, 4 second
Time elapsed: 0
2 min, 5 second
Time elapsed: 0
2 min, 6 second
Time elapsed: 0
2 min, 7 second
Time elapsed: 0
2 min, 8 second
Time elapsed: 0
2 min, 9 second
Time elapsed: 0
2 min, 10 second
Time elapsed: 0
2 min, 11 second
Time elapsed: 0
2 min, 12 second
Time elapsed: 0
2 min, 13 second
Time elapsed: 0
2 min, 14 second
Time elapsed: 0
2 min, 15 second
Time elapsed: 0
2 min, 16 second
Time elapsed: 0
2 min, 17 second
Time elapsed: 0
2 min, 18 second
Time elapsed: 0
2 min, 19 second
Time elapsed: 0
2 min, 20 second
Time elapsed: 0
2 min, 21 second
Time elapsed: 0
2 min, 22 second
Time elapsed: 0
2 min, 23 second
Time elapsed: 0
2 min, 24 second
Time elapsed: 0
2 min, 25 second
Time elapsed: 0
2 min, 26 second
Time elapsed: 0
2 min, 27 second
Time elapsed: 0
2 min, 28 second
Time elapsed: 0
2 min, 29 second
Time elapsed: 0
2 min, 30 second
Time elapsed: 0
2 min, 31 second
Time elapsed: 0
2 min, 32 second
Time elapsed: 0
2 min, 33 second
Time elapsed: 0
2 min, 34 second
Time elapsed: 0
2 min, 35 second
Time elapsed: 0
2 min, 36 second
Time elapsed: 0
2 min, 37 second
Time elapsed: 0
2 min, 38 second
Time elapsed: 0
2 min, 39 second
Time elapsed: 0
2 min, 40 second
Time elapsed: 0
2 min, 41 second
Time elapsed: 0
2 min, 42 second
Time elapsed: 0
2 min, 43 second
Time elapsed: 0
2 min, 44 second
Time elapsed: 0
2 min, 45 second
Time elapsed: 0
2 min, 46 second
Time elapsed: 0
2 min, 47 second
Time elapsed: 0
2 min, 48 second
Time elapsed: 0
2 min, 49 second
Time elapsed: 0
2 min, 50 second
Time elapsed: 0
2 min, 51 second
Time elapsed: 0
2 min, 52 second
Time elapsed: 0
2 min, 53 second
Time elapsed: 0
2 min, 54 second
Time elapsed: 0
2 min, 55 second
Time elapsed: 0
2 min, 56 second
Time elapsed: 0
2 min, 57 second
Time elapsed: 0
2 min, 58 second
Time elapsed: 0
2 min, 59 second
Time elapsed: 0
Metric: num_of_oks: 0, num_of_errs: 0, num_of_timeout: 0, num_of_closed: 0, num_of_visit: 0
Metric: Browsing Time: []

