Browsing: "pagead2.googlesyndication.com"
Browsing: "itouchmidi.com"
Browsing: "itouchmidi.com"
Browsing: "espn-www.baynote.net"
Browsing: "idsnews.com"
Browsing: "sidereel.com"
Browsing: "377.webim0126.webim.myspace.com"
Browsing: "rollingstone.com"
Browsing: "image.baidu.com"
Browsing: "tmz.com"
Browsing: "drudgereport.com"
Browsing: "image.baidu.com"
Browsing: "img.alimama.cn"
Browsing: "image.baidu.com"
Browsing: "nochelatina.com"
Browsing: "webmail.aol.com"
Browsing: "nochelatina.com"
Browsing: "askandyaboutclothes.com"
Browsing: "weather.com"
Browsing: "totaleclips.com"
Browsing: "popehat.com"
Browsing: "rivals.com"
Browsing: "askmen.com"
Browsing: "deviantart.com"
Browsing: "news.bbc.co.uk"
Browsing: "lezhin.com"
Browsing: "core.insightexpressai.com"
Browsing: "pandora.com"
Browsing: "130.webim0316.webim.myspace.com"
Browsing: "img03.taobaocdn.com"
Browsing: "core.insightexpressai.com"
Browsing: "media.trafficjunky.net"
Browsing: "yahoo.com"
Browsing: "switch.atdmt.com"
Browsing: "tech.yahoo.com"
Browsing: "nochelatina.com"
Browsing: "switch.atdmt.com"
Browsing: "c.brightcove.com"
Browsing: "disneyworld.disney.go.com"
Browsing: "nochelatina.com"
Browsing: "kongregate.com"
Browsing: "mail.google.com"
Browsing: "omnisport.tv"
Browsing: "indianapublicmedia.org"
Browsing: "sports.yahoo.com"
Browsing: "sports.espn.go.com"
Browsing: "us.adserver.yahoo.com"
Browsing: "media.trafficjunky.net"
Browsing: "nike.com"
Browsing: "pandora.com"
Browsing: "www-lib.iupui.edu"
Browsing: "picasaweb.google.com"
Browsing: "tianya.cn"
Browsing: "hk.yahoo.com"
Browsing: "deviantart.com"
Browsing: "cricinfo.com"
Browsing: "core.insightexpressai.com"
Browsing: "chinaenvironmentallaw.com"
Browsing: "t.mookie1.com"
Browsing: "digg.com"
Browsing: "southparkstudios.com"
Browsing: "cdn.optmd.com"
Browsing: "fivethirtyeight.com"
Browsing: "jjj.de"
Browsing: "espn-www.baynote.net"
Browsing: "weather.com"
Browsing: "newgrounds.com"
Browsing: "cfile270.uf.daum.net"
Browsing: "at.atwola.com"
Browsing: "at.amgdgt.com"
Browsing: "news3insider.com"
Browsing: "mangafox.com"
Browsing: "wordforge.net"
Browsing: "burstbeacon.com"
Browsing: "msnbc.msn.com"
Browsing: "m1.2mdn.net"
Browsing: "vodguide.pps.tv"
Browsing: "playlist.com"
Browsing: "lstat.youku.com"
Browsing: "welcome.mail.aol.com"
Browsing: "rottentomatoes.com"
Browsing: "deviantart.com"
Browsing: "sidereel.com"
Browsing: "ads.specificmedia.com"
Browsing: "image.baidu.com"
Browsing: "image.baidu.com"
Browsing: "secure-us.imrworldwide.com"
Browsing: "l-userpic.livejournal.com"
Browsing: "spike.com"
Browsing: "ew.com"
Browsing: "designbump.com"
Browsing: "ssrc.org"
Browsing: "idsnews.com"
Browsing: "gamespy.com"
Browsing: "image.baidu.com"
Browsing: "aol.com"
Browsing: "metacafe.com"
Browsing: "eyny.com"
Browsing: "kevinleopoldsenglishsyllabus.wikispaces.com"
Browsing: "sports.espn.go.com"
Browsing: "wellscenter.iupui.edu"
Browsing: "yahoo.com"
Browsing: "kr.insider.msg.yahoo.com"
Browsing: "jcmc.indiana.edu"
Browsing: "youtube-nocookie.com"
Browsing: "g2.ykimg.com"
Browsing: "my.yahoo.com"
Browsing: "swingstateproject.com"
Browsing: "gap.com"
Browsing: "ads.undertone.com"
Browsing: "yahoo.com"
Browsing: "colbertnation.com"
Browsing: "ella.slis.indiana.edu"
Browsing: "ec.atdmt.com"
Browsing: "nate.com"
Browsing: "switch.atdmt.com"
Browsing: "indianapublicmedia.org"
Browsing: "nochelatina.com"
Browsing: "gsy.or.kr"
Browsing: "lezhin.com"
Browsing: "godgame.com.tw"
Browsing: "profile.myspace.com"
Browsing: "kevinleopoldsenglishsyllabus.wikispaces.com"
Browsing: "sportsjournalism.org"
Browsing: "iea.org"
Browsing: "escapistmagazine.com"
Browsing: "image.baidu.com"
Browsing: "readred.com"
Browsing: "search.bbc.co.uk"
Browsing: "m1.2mdn.net"
Browsing: "searchservice.myspace.com"
Browsing: "veoh.com"
Browsing: "aolcdn.com"
Browsing: "aol.com"
Browsing: "dbzepisode.org"
Browsing: "movies.msn.com"
Browsing: "1188.com"
Browsing: "hi.baidu.com"
Browsing: "tvlistings.aol.com"
Browsing: "elpais.com"
Browsing: "c2.ac-images.myspacecdn.com"
Browsing: "log8.doubleverify.com"
Browsing: "mail.google.com"
Browsing: "new.facebook.com"
Browsing: "forevertony1.spaces.live.com"
Browsing: "bitsofwisdom.org"
Browsing: "imdb.com"
Browsing: "omnisport.tv"
Browsing: "pagead2.googlesyndication.com"
Browsing: "principiadiscordia.com"
Browsing: "yahoo.com"
Browsing: "npr.org"
Browsing: "ghost-trappers.com"
Browsing: "bigtennetwork.com"
Browsing: "switch.atdmt.com"
Browsing: "boston.com"
Browsing: "npr.org"
Browsing: "digg.com"
Browsing: "friends.myspace.com"
Browsing: "item.taobao.com"
Browsing: "baike.baidu.com"
Browsing: "my.yahoo.com"
Browsing: "blackplanet.com"
Browsing: "chicagotribune.com"
Browsing: "lowes.com"
Browsing: "bada.us"
Browsing: "i.cdn.turner.com"
Browsing: "ezinearticles.com"
Browsing: "godgame.com.tw"
Browsing: "gevalia.com"
Browsing: "new.facebook.com"
Browsing: "ihsaa.org"
Browsing: "microsoft.com"
Browsing: "globalgrind.com"
Browsing: "static.fmpub.net"
Browsing: "politico.com"
Browsing: "idsoftware.com"
Browsing: "image.baidu.com"
Browsing: "g-ecx.images-amazon.com"
Browsing: "pagead2.googlesyndication.com"
Browsing: "loginsvc.cyworld.com"
Browsing: "weather.com"
Browsing: "api.recaptcha.net"
Browsing: "finance.yahoo.com"
Browsing: "431.webim0068.webim.myspace.com"
Browsing: "uncrate.com"
Browsing: "trafficholder.com"
Browsing: "washingtontimes.com"
Browsing: "soccersuck.com"
Browsing: "dell.msn.com"
Browsing: "pricegrabber.com"
Browsing: "meebo.com"
Browsing: "dealsea.com"
Browsing: "nochelatina.com"
Browsing: "twitter.com"
Browsing: "watch-movies-online.tv"
Browsing: "whitepages.com"
Browsing: "yahoo.co.jp"
Browsing: "sports.espn.go.com"
Browsing: "king.com"
Browsing: "image.baidu.com"
Browsing: "home.renren.com"
Browsing: "news.aol.com"
Browsing: "harttweb.hartford.edu"
Browsing: "weather.com"
Browsing: "kr.insider.msg.yahoo.com"
Browsing: "afcyhf.com"
Browsing: "media.spicynodes.org"
Browsing: "mail.live.com"
Browsing: "kongregate.com"
Browsing: "image.baidu.com"
Browsing: "askpop.com"
Browsing: "nhl.com"
Browsing: "loginsvc.cyworld.com"
Browsing: "newegg.com"
Browsing: "my.yahoo.com"
Browsing: "cvs.com"
Browsing: "sandals.com"
Browsing: "huaren.us"
Browsing: "image.baidu.com"
Browsing: "442.webim0316.webim.myspace.com"
Browsing: "ads.specificmedia.com"
Browsing: "yahoo.com"
Browsing: "engr.iupui.edu"
Browsing: "image.baidu.com"
Browsing: "byfiles.storage.live.com"
Browsing: "normalog.com"
Browsing: "media.spicynodes.org"
Browsing: "digg.com"
Browsing: "huffingtonpost.com"
Browsing: "keyoki.livejournal.com"
Browsing: "dealighted.com"
Browsing: "profile.myspace.com"
Browsing: "youku.com"
Browsing: "freakingnews.com"
Browsing: "wesc.k12.in.us"
Browsing: "hz.mmstat.com"
Browsing: "image.baidu.com"
Browsing: "realclearpolitics.com"
Browsing: "mtv.com"
Browsing: "mangafox.com"
Browsing: "omnisport.tv"
Browsing: "mail.google.com"
Browsing: "pagead2.googlesyndication.com"
Browsing: "vimeo.com"
Browsing: "politico.com"
Browsing: "cbsnews.com"
Browsing: "slutload.com"
Browsing: "nate.com"
Browsing: "azlyrics.com"
Browsing: "deviantart.com"
Browsing: "c.brightcove.com"
Browsing: "marchingredcedar.blogspot.com"
Browsing: "584.adsina.allyes.com"
Browsing: "gevalia.com"
Browsing: "image.baidu.com"
Browsing: "tags.bluekai.com"
Browsing: "kdisk.co.kr"
Browsing: "shop.ebay.com"
Browsing: "ultimate-guitar.com"
Browsing: "burstbeacon.com"
Browsing: "match.com"
Browsing: "sports.yahoo.com"
Browsing: "otniga.blu.livefilestore.com"
Browsing: "picnik.com"
Browsing: "nhl.com"
Browsing: "yahoo.com"
Browsing: "veoh.com"
Browsing: "blogs.msdn.com"
Browsing: "nate.com"
Browsing: "tags.bluekai.com"
Browsing: "wwpartner.taobao.com"
Browsing: "google.co.in"
Browsing: "microsoft.com"
Browsing: "football.fantasysports.yahoo.com"
Browsing: "burstbeacon.com"
Browsing: "antiwar.com"
Browsing: "globalgrind.com"
Browsing: "veoh.com"
Browsing: "comingsoon.net"
Browsing: "finance.google.com"
Browsing: "home.live.com"
Browsing: "sportsjournalism.org"
Browsing: "secure-us.imrworldwide.com"
Browsing: "s.wsj.net"
Browsing: "boost.org"
Browsing: "drudgereport.com"
Browsing: "persiankitty.com"
Browsing: "mail.live.com"
Browsing: "aol.com"
Browsing: "static16.photo.sina.com.cn"
Browsing: "metacafe.com"
Browsing: "kxnet.com"
Browsing: "c.brightcove.com"
Browsing: "nate.com"
Browsing: "sex.com"
Browsing: "nochelatina.com"
Browsing: "ticketmaster.com"
Browsing: "cvscaremark.com"
Browsing: "messaging.myspace.com"
Browsing: "espn-www.baynote.net"
Browsing: "veoh.com"
Browsing: "worldofwarcraft.com"
Browsing: "king.com"
Browsing: "reviews.samsclub.com"
Browsing: "m1.2mdn.net"
Browsing: "secure-us.imrworldwide.com"
Browsing: "priceline.com"
Browsing: "linkedin.com"
Browsing: "sports.espn.go.com"
Browsing: "ask.com"
Browsing: "secure-us.imrworldwide.com"
Browsing: "buddhaweb.googlepages.com"
Browsing: "tashian.com"
Browsing: "news.tom.com"
Browsing: "mitbbs.com"
Browsing: "blog.sina.com.cn"
Browsing: "g2.ykimg.com"
Browsing: "ad.adtegrity.net"
Browsing: "hittheice.com"
Browsing: "deviantart.com"
Browsing: "pagead2.googlesyndication.com"
Browsing: "digg.com"
Browsing: "livejournal.com"
Browsing: "webmail.aol.com"
Browsing: "pagead2.googlesyndication.com"
Browsing: "southparkstudios.com"
Browsing: "videojug.com"
Browsing: "boost.org"
Browsing: "xinhuanet.com"
Browsing: "woot.com"
Browsing: "img.alimama.cn"
Browsing: "d13.zedo.com"
Browsing: "nuklearpower.com"
Browsing: "adszooks.com"
Browsing: "friends.myspace.com"
Browsing: "news.xinhuanet.com"
Browsing: "cartoon.media.daum.net"
Browsing: "i.cdn.turner.com"
Browsing: "cfile255.uf.daum.net"
Browsing: "watch-movies-online.tv"
Browsing: "static11.photo.sina.com.cn"
Browsing: "jcmc.indiana.edu"
Browsing: "adserver.adtechus.com"
Browsing: "ad.globalinteractive.com"
Browsing: "community.livejournal.com"
Browsing: "solutions.com"
Browsing: "ustream.tv"
Browsing: "harttweb.hartford.edu"
Browsing: "load.exelator.com"
Browsing: "fanfiction.net"
Browsing: "dygod.com"
Browsing: "yahoo.com"
Browsing: "secure-us.imrworldwide.com"
Browsing: "cnn.com"
Browsing: "mickeyhart.net"
Browsing: "aol.com"
Browsing: "fanfiction.net"
Browsing: "weather.yahoo.com"
Browsing: "careerbuilder.com"
Browsing: "secure-us.imrworldwide.com"
Browsing: "gsn.com"
Browsing: "ad.jp.doubleclick.net"
Browsing: "foxnews.com"
Browsing: "pagead2.googlesyndication.com"
Browsing: "tag.contextweb.com"
Browsing: "songs.pk"
Browsing: "screwattack.com"
Browsing: "4chan.org"
Browsing: "netflix.com"
Browsing: "friends.myspace.com"
Browsing: "math.iupui.edu"
Browsing: "audio-sjl-t2-1.pandora.com"
Browsing: "nz.answers.yahoo.com"
Browsing: "boost.org"
Browsing: "kbs.co.kr"
Browsing: "scores.espn.go.com"
Browsing: "pagead2.googlesyndication.com"
Browsing: "jcrew.com"
Browsing: "aol.com"
Browsing: "spreeblick.com"
Browsing: "espn-www.baynote.net"
Browsing: "c.brightcove.com"
Browsing: "boost.org"
Browsing: "ew.com"
Browsing: "kaixin001.com"
Browsing: "d4.sina.com.cn"
Browsing: "core.insightexpressai.com"
Browsing: "ads.specificmedia.com"
Browsing: "theonion.com"
Browsing: "ovidsp.tx.ovid.com"
Browsing: "hk.yahoo.com"
Browsing: "131.webim0018.webim.myspace.com"
Browsing: "deviantart.com"
Browsing: "c.adroll.com"
Browsing: "reviewcars.blogspot.com"
Browsing: "g2.ykimg.com"
Browsing: "gravatar.com"
Browsing: "aarinfantasy.com"
Browsing: "adultswim.com"
Browsing: "washingtonpost.com"
Browsing: "oah.org"
Browsing: "mysoju.com"
Browsing: "ads.pointroll.com"
Browsing: "cartoon.media.daum.net"
Browsing: "adserver.adtechus.com"
Browsing: "pornhub.com"
Browsing: "webmail.aol.com"
Browsing: "blinkx.com"
Browsing: "my.yahoo.com"
Browsing: "mail.live.com"
Browsing: "news.naver.com"
Browsing: "deviantart.com"
Browsing: "tw.yahoo.com"
Browsing: "rhapsody.com"
Browsing: "usweb.dotomi.com"
Browsing: "spike.com"
Browsing: "deviantart.com"
Browsing: "indianapublicmedia.org"
Browsing: "27494d3e1b041c40.users.storage.live.com"
Browsing: "guitarcenter.com"
Browsing: "youtube-nocookie.com"
Browsing: "new.facebook.com"
Browsing: "totalbeauty.com"
Browsing: "boost.org"
Browsing: "puma.vizu.com"
Browsing: "core.insightexpressai.com"
Browsing: "ad.reduxmedia.com"
Browsing: "quote.cnbc.com"
Browsing: "t.mookie1.com"
Browsing: "marcjohns.com"
Browsing: "sports-ak.espn.go.com"
Browsing: "chicagotribune.com"
Browsing: "cu-market.com.cn"
Browsing: "m1.2mdn.net"
Browsing: "learn.genetics.utah.edu"
Browsing: "investopedia.com"
Browsing: "compbio.iupui.edu"
Browsing: "woot.com"
Browsing: "news.aol.com"
Browsing: "hk.search.yahoo.com"
Browsing: "kongregate.com"
Browsing: "dailymotion.com"
Browsing: "daum.net"
Browsing: "streamate.com"
Browsing: "segye.com"
Browsing: "press.princeton.edu"
Browsing: "maudeny.com"
Browsing: "netv.sbs.co.kr"
Browsing: "ads.specificmedia.com"
Browsing: "pixel.invitemedia.com"
Browsing: "wenxuecity.com"
Browsing: "atpworldtour.com"
Browsing: "sidereel.com"
Browsing: "web4.c2.cyworld.com"
Browsing: "dvdvideosoft.com"
Browsing: "thefields.com"
Browsing: "renren.com"
Browsing: "mail.google.com"
Browsing: "tag.contextweb.com"
Browsing: "kdisk.co.kr"
Browsing: "web4.c2.cyworld.com"
Browsing: "idsnews.com"
Browsing: "web4.c2.cyworld.com"
Browsing: "44.adsina.allyes.com"
Browsing: "web4.c2.cyworld.com"
Browsing: "ad.ae.doubleclick.net"
Browsing: "message.tudou.com"
Browsing: "meta.wikimedia.org"
Browsing: "gsy.or.kr"
Browsing: "t.mookie1.com"
Browsing: "web4.c2.cyworld.com"
Browsing: "nate.com"
Browsing: "readred.com"
Browsing: "club.myce.com"
Browsing: "expedia.com"
Browsing: "netv.sbs.co.kr"
Browsing: "mikestools.com"
Browsing: "airbnb.com"
Browsing: "tcm.com"
Browsing: "biocrawler.com"
Browsing: "rivals.com"
Browsing: "segye.com"
Browsing: "rcws.eyereturn.com"
Browsing: "tags.bluekai.com"
Browsing: "pixel.invitemedia.com"
Browsing: "network.kitaramarketplace.com"
Browsing: "segye.com"
Browsing: "southwest.com"
Browsing: "modernhomemodernbaby.com"
Browsing: "blog.sina.com.cn"
Browsing: "swiss-miss.com"
Browsing: "math.iupui.edu"
Browsing: "news.teamxbox.com"
Browsing: "mitbbs.com"
Browsing: "mail.live.com"
Browsing: "482.webim0444.webim.myspace.com"
Browsing: "foxnews.us.intellitxt.com"
Browsing: "staff.lib.msu.edu"
Browsing: "expertfootball.com"
Browsing: "pagead2.googlesyndication.com"
Browsing: "heraldtimesonline.com"
Browsing: "adam4adam.com"
Browsing: "g2.ykimg.com"
Browsing: "pornhub.com"
Browsing: "sports.yahoo.com"
Browsing: "livejasmin.com"
Browsing: "woot.com"
Browsing: "www-slis.lib.indiana.edu"
Browsing: "sina.com.cn"
Browsing: "deviantart.com"
Browsing: "a.espncdn.com"
Browsing: "sina.com.cn"
Browsing: "woot.com"
Browsing: "teacherscount.org"
Browsing: "player.xmradio.com"
Browsing: "plurk.com"
Browsing: "deviantart.com"
Browsing: "sports.espn.go.com"
Browsing: "toolbar.google.com"
Browsing: "m1.2mdn.net"
Browsing: "rivals.com"
Browsing: "veoh.com"
Browsing: "metalsetlists.com"
Browsing: "justin.tv"
Browsing: "mail.google.com"
Browsing: "club.myce.com"
Browsing: "google.com.tw"
Browsing: "digg.com"
Browsing: "pgatour.com"
Browsing: "cfile92.uf.daum.net"
Browsing: "cdn.optmd.com"
Browsing: "my.ebay.com"
Browsing: "firth.com"
Browsing: "plurk.com"
Browsing: "360.webim0018.webim.myspace.com"
Browsing: "att.my.yahoo.com"
Browsing: "segye.com"
Browsing: "pages.ebay.com"
Browsing: "sendables.jibjab.com"
Browsing: "chem.iupui.edu"
Browsing: "indianapublicmedia.org"
Browsing: "phdcomics.com"
Browsing: "web4.c2.cyworld.com"
Browsing: "courses.bio.indiana.edu"
Browsing: "betacycling.blogspot.com"
Browsing: "blog.sina.com.cn"
Browsing: "pixel.rubiconproject.com"
Browsing: "weather.com"
Browsing: "secure-us.imrworldwide.com"
Browsing: "math.iupui.edu"
Browsing: "blog.daum.net"
Browsing: "boost.org"
Browsing: "webmail.aol.com"
Browsing: "adultfriendfinder.com"
Browsing: "sports.espn.go.com"
Browsing: "apps.renren.com"
Browsing: "renren.com"
Browsing: "gothamist.com"
Browsing: "aim.com"
Browsing: "cracked.com"
Browsing: "segye.com"
Browsing: "blastro.com"
Browsing: "blastro.com"
Browsing: "courses.bio.indiana.edu"
Browsing: "styleforum.net"
Browsing: "fls.doubleclick.net"
Browsing: "usatoday.com"
Browsing: "web4.c2.cyworld.com"
Browsing: "109.webim0366.webim.myspace.com"
Browsing: "ad.globalinteractive.com"
Browsing: "web4.c2.cyworld.com"
Browsing: "betacycling.blogspot.com"
Browsing: "lezhin.com"
Browsing: "deviantart.com"
Browsing: "sugardaddyforme.com"
Browsing: "rx8kl6yf4x.cs.serialssolutions.com"
Browsing: "core.insightexpressai.com"
Browsing: "new.facebook.com"
Browsing: "netflix.com"
Browsing: "buy.com"
Browsing: "mitbbs.com"
Browsing: "50.webim0156.webim.myspace.com"
Browsing: "jackson-rathbone.com"
Browsing: "hamline.edu"
Browsing: "cgi.cs.indiana.edu"
Browsing: "blogs.msdn.com"
Browsing: "curse.com"
Browsing: "oldnavy.gap.com"
Browsing: "370.webim0366.webim.myspace.com"
Browsing: "officedepot.com"
Browsing: "cnn.com"
Browsing: "chelseafc.com"
Browsing: "mysoju.com"
Browsing: "m1.2mdn.net"
Browsing: "projectwonderful.com"
Browsing: "keywordmax.com"
Browsing: "webmail.aol.com"
Browsing: "segye.com"
Browsing: "web4.c2.cyworld.com"
Browsing: "digg.com"
Browsing: "boston.com"
Browsing: "gsn.com"
Browsing: "support.xbox.com"
Browsing: "t.mookie1.com"
Browsing: "weather.com"
Browsing: "metalsetlists.com"
Browsing: "150.webim0366.webim.myspace.com"
Browsing: "careerbuilder.com"
Browsing: "tw.yahoo.com"
Browsing: "my.freeze.com"
Browsing: "ad.globalinteractive.com"
Browsing: "fandango.com"
Browsing: "881903.com"
Browsing: "home.myspace.com"
Browsing: "deviantart.com"
Browsing: "g2.ykimg.com"
Browsing: "oah.org"
Browsing: "southwest.com"
Browsing: "mail.google.com"
Browsing: "tw.yahoo.com"
Browsing: "godgame.com.tw"
Browsing: "metalsetlists.com"
Browsing: "action.media6degrees.com"
Browsing: "web4.c2.cyworld.com"
Browsing: "afcyhf.com"
Browsing: "messaging.myspace.com"
Browsing: "letsrun.com"
Browsing: "twitter.com"
Browsing: "byfiles.storage.msn.com"
Browsing: "phdcomics.com"
Browsing: "odmp.org"
Browsing: "weather.com"
Browsing: "kr.msn.com"
Browsing: "idsnews.com"
Browsing: "img.web.de"
Browsing: "m.espn.go.com"
Browsing: "blogs.myspace.com"
Browsing: "web4.c2.cyworld.com"
Browsing: "tyrashow.warnerbros.com"
Browsing: "support.xbox.com"
Browsing: "heraldtimesonline.com"
Browsing: "scholar.google.com"
Browsing: "adparlor.com"
Browsing: "my.freeze.com"
Browsing: "mail.google.com"
Browsing: "fls.doubleclick.net"
Browsing: "atpworldtour.com"
Browsing: "web4.c2.cyworld.com"
Browsing: "indystar.com"
Browsing: "math.iupui.edu"
Browsing: "pandora.com"
Browsing: "open-mpi.org"
Browsing: "renren.com"
Browsing: "kr.msn.com"
Browsing: "cnn.com"
Browsing: "adserv.impactengine.com"
Browsing: "nahse.org"
Browsing: "segye.com"
Browsing: "loginsvc.cyworld.com"
Browsing: "textsfromlastnight.com"
Browsing: "us.mg4.mail.yahoo.com"
Browsing: "kongregate.com"
Browsing: "pandora.com"
Browsing: "indianapublicmedia.org"
Browsing: "cvs.com"
Browsing: "blackplanet.com"
Browsing: "aes.iupui.edu"
Browsing: "colts.com"
Browsing: "toptvbytes.com"
Browsing: "cgi.ebay.com"
Browsing: "adready.com"
Browsing: "watch-movies-online.tv"
Browsing: "home.austarnet.com.au"
Browsing: "crunchyroll.com"
Browsing: "web.nutn.edu.tw"
Browsing: "missbimbo.com"
Browsing: "webmail.aol.com"
Browsing: "pubads.g.doubleclick.net"
Browsing: "godgame.com.tw"
Browsing: "web4.c2.cyworld.com"
Browsing: "web4.c2.cyworld.com"
Browsing: "452.webim0444.webim.myspace.com"
Browsing: "spike.com"
Browsing: "cnn.com"
Browsing: "sports.espn.go.com"
Browsing: "segye.com"
Browsing: "secure-us.imrworldwide.com"
Browsing: "lequipe.fr"
Browsing: "web4.c2.cyworld.com"
Browsing: "fandango.com"
Browsing: "mail.google.com"
Browsing: "rivals.yahoo.com"
Browsing: "tag.contextweb.com"
Browsing: "up.nytimes.com"
Browsing: "news.sohu.com"
Browsing: "mail.google.com"
Browsing: "secure-us.imrworldwide.com"
Browsing: "giveawayoftheday.com"
Browsing: "indianapublicmedia.org"
Browsing: "pixel.rubiconproject.com"
Browsing: "cid-eef99c11571b4d82.skydrive.live.com"
Browsing: "web4.c2.cyworld.com"
Browsing: "htc.com"
Browsing: "ad.turn.com"
Browsing: "newdaily.co.kr"
Browsing: "bal.blog.sina.com.cn"
Browsing: "adultfriendfinder.com"
Browsing: "webmail.aol.com"
Browsing: "en.wiktionary.org"
Browsing: "pagead2.googlesyndication.com"
Browsing: "allsearchit.com"
Browsing: "feeds.feedburner.com"
Browsing: "informit.com"
Browsing: "secure-us.imrworldwide.com"
Browsing: "t.mookie1.com"
Browsing: "hani.co.kr"
Browsing: "tags.kotaku.com"
Browsing: "daiwon.co.kr"
Browsing: "webmail.aol.com"
Browsing: "media.trafficjunky.net"
Browsing: "mangafox.com"
Browsing: "mchoralhealth.org"
Browsing: "scores.espn.go.com"
Browsing: "core.insightexpressai.com"
Browsing: "webmail.aol.com"
Browsing: "welcome.mail.aol.com"
Browsing: "web4.c2.cyworld.com"
Browsing: "netflix.com"
Browsing: "id.insider.msg.yahoo.com"
Browsing: "thefreedictionary.com"
Browsing: "neopets.com"
Browsing: "rhapsody.com"
Browsing: "hotwire.com"
Browsing: "nicekicks.com"
Browsing: "indianapublicmedia.org"
Browsing: "jstor.org"
Browsing: "messaging.myspace.com"
Browsing: "372.webim0419.webim.myspace.com"
Browsing: "forum.colts.com"
Browsing: "ad.globalinteractive.com"
Browsing: "twitter.com"
Browsing: "eonline.com"
Browsing: "news.tom.com"
Browsing: "secure-us.imrworldwide.com"
Browsing: "espn-www.baynote.net"
Browsing: "metacafe.com"
Browsing: "metalsetlists.com"
Browsing: "gamefaqs.com"
Browsing: "answers.dsw.com"
Browsing: "265.com"
Browsing: "merriam-webster.us.intellitxt.com"
Browsing: "stanford.edu"
Browsing: "wenxuecity.com"
Browsing: "datpiff.com"
Browsing: "marketwatch.com"
Browsing: "medicine.iu.edu"
Browsing: "secure-us.imrworldwide.com"
Browsing: "expressions.aim.com"
Browsing: "netflix.com"
Browsing: "wenxuecity.com"
Browsing: "metalsetlists.com"
Browsing: "imdb.com"
Browsing: "livejasmin.com"
Browsing: "i.cdn.turner.com"
Browsing: "pagead2.googlesyndication.com"
Browsing: "huffingtonpost.com"
Browsing: "fridayzone.org"
Browsing: "136.webim0358.webim.myspace.com"
Browsing: "taikeian.net"
Browsing: "ss.uk.ask.com"
Browsing: "yahoo.com"
Browsing: "pagead2.googlesyndication.com"
Browsing: "130.webim0316.webim.myspace.com"
Browsing: "pandora.com"
Browsing: "math.hmc.edu"
Browsing: "m1.2mdn.net"
Browsing: "foxnews.us.intellitxt.com"
Browsing: "bearpawboots.com"
Browsing: "zales.com"
Browsing: "netflix.com"
Browsing: "blogs.myspace.com"
Browsing: "yahoo.com"
Browsing: "mail.google.com"
Browsing: "mail.google.com"
Browsing: "spreadsheets.google.com"
Browsing: "bebo.com"
Browsing: "battlecreekenquirer.com"
Browsing: "wwar.storm8.com"
Browsing: "abercrombie.com"
Browsing: "readred.com"
Browsing: "ovidsp.tx.ovid.com.proxy.medlib.iupui.edu"
Browsing: "4info.com"
Browsing: "aolcdn.com"
Browsing: "switch.atdmt.com"
Browsing: "clickclickclick.com"
Browsing: "renren.com"
Browsing: "cgi.cs.indiana.edu"
Browsing: "lxkoru.blogspot.com"
Browsing: "t.mookie1.com"
Browsing: "ads.sina.com"
Browsing: "boost.org"
Browsing: "dict.cn"
Browsing: "vodguide.pps.tv"
Browsing: "cluster.adultadworld.com"
Browsing: "audio-sjl-t1-2.pandora.com"
Browsing: "broadband.espn.go.com"
Browsing: "cn.msn.com"
Browsing: "toolbar.google.com"
Browsing: "en.allexperts.com"
Browsing: "welcome.mail.aol.com"
Browsing: "home.myspace.com"
Browsing: "stationdata.wunderground.com"
Browsing: "visitlasvegas.com"
Browsing: "stationdata.wunderground.com"
Browsing: "381.webim0074.webim.myspace.com"
Browsing: "buy.com"
Browsing: "mystyle.com"
Browsing: "clickbangpop.com"
Browsing: "stationdata.wunderground.com"
Browsing: "proquest.safaribooksonline.com"
Browsing: "m1.2mdn.net"
Browsing: "letv.com"
Browsing: "cdn.royale.spongecell.com"
Browsing: "up.about.com"
Browsing: "picnik.com"
Browsing: "sidereel.com"
Browsing: "stationdata.wunderground.com"
Browsing: "cfile92.uf.daum.net"
Browsing: "fls.doubleclick.net"
Browsing: "masrawy.com"
Browsing: "vodguide.pps.tv"
Browsing: "stationdata.wunderground.com"
Browsing: "qq.com"
Browsing: "sendables.jibjab.com"
Browsing: "aes.iupui.edu"
Browsing: "msg.baidu.com"
Browsing: "idsnews.com"
Browsing: "woot.com"
Browsing: "gabrielkahane.com"
Browsing: "stationdata.wunderground.com"
Browsing: "new.facebook.com"
Browsing: "webmail.aol.com"
Browsing: "stationdata.wunderground.com"
Browsing: "nicekicks.com"
Browsing: "stationdata.wunderground.com"
Browsing: "cafe.naver.com"
Browsing: "htosports.com"
Browsing: "search.china.alibaba.com"
Browsing: "renren.com"
Browsing: "deviantart.com"
Browsing: "stationdata.wunderground.com"
Browsing: "assets.espn.go.com"
Browsing: "pagead2.googlesyndication.com"
Browsing: "boost.org"
Browsing: "core.insightexpressai.com"
Browsing: "www2.timesdispatch.com"
Browsing: "cgi.cs.indiana.edu"
Browsing: "primeoutlets.com"
Browsing: "pixel.rubiconproject.com"
Browsing: "stationdata.wunderground.com"
Browsing: "nike.com"
Browsing: "open-mpi.org"
Browsing: "stationdata.wunderground.com"
Browsing: "abercrombie.com"
Browsing: "slutload.com"
Browsing: "my.yahoo.com"
Browsing: "primeoutlets.com"
Browsing: "stationdata.wunderground.com"
Browsing: "hoosierdata.in.gov"
Browsing: "medleyads.com"
Browsing: "coolchaser.com"
Browsing: "bbs.sumisora.com"
Browsing: "apps.new.facebook.com"
Browsing: "tv.com"
Browsing: "stationdata.wunderground.com"
Browsing: "tv.com"
Browsing: "pinkpt.com"
Browsing: "stationdata.wunderground.com"
Browsing: "office.microsoft.com"
Browsing: "deviantart.com"
Browsing: "ws.amazon.com"
Browsing: "worldofwarcraft.com"
Browsing: "metalsetlists.com"
Browsing: "mail.google.com"
Browsing: "elpais.com"
Browsing: "ihsaa.org"
Browsing: "foto.radar.imgsmail.ru"
Browsing: "hanafos.com"
Browsing: "microsoft.com"
Browsing: "google.com.tw"
Browsing: "stationdata.wunderground.com"
Browsing: "boston.com"
Browsing: "sports.espn.go.com"
Browsing: "daiwon.co.kr"
Browsing: "video.baidu.com"
Browsing: "122.webim0265.webim.myspace.com"
Browsing: "stationdata.wunderground.com"
Browsing: "livejasmin.com"
Browsing: "stationdata.wunderground.com"
Browsing: "ws.amazon.com"
Browsing: "pixel.rubiconproject.com"
Browsing: "yahoo.com"
Browsing: "home.live.com"
Browsing: "viddler.com"
Browsing: "daiwon.co.kr"
Browsing: "nrg.co.il"
Browsing: "stationdata.wunderground.com"
Browsing: "medleyads.com"
Browsing: "htc.com"
Browsing: "burstbeacon.com"
Browsing: "ad.globalinteractive.com"
Browsing: "theacro.com"
Browsing: "bazbeaux.com"
Browsing: "nate.com"
Browsing: "indianapublicmedia.org"
Browsing: "gap.com"
Browsing: "rk.com"
Browsing: "stationdata.wunderground.com"
Browsing: "orbitz.com"
Browsing: "gravatar.com"
Browsing: "azlyrics.com"
Browsing: "iciba.com"
Browsing: "boost.org"
Browsing: "50.webim0156.webim.myspace.com"
Browsing: "aol.com"
Browsing: "stationdata.wunderground.com"
Browsing: "s7d2.scene7.com"
Browsing: "clickserve.cc-dt.com"
Browsing: "indianapublicmedia.org"
Browsing: "stationdata.wunderground.com"
Browsing: "disneymovieslist.com"
Browsing: "tags.bluekai.com"
Browsing: "vimeo.com"
Browsing: "b.scorecardresearch.com"
Browsing: "shuuemura-usa.com"
Browsing: "news.sina.com.cn"
Browsing: "politico.com"
Browsing: "130.webim0316.webim.myspace.com"
Browsing: "stationdata.wunderground.com"
Browsing: "ads.specificmedia.com"
Browsing: "stationdata.wunderground.com"
Browsing: "primeoutlets.com"
Browsing: "cracked.com"
Browsing: "solutions.com"
Browsing: "ts3.explicit.bing.net"
Browsing: "tianya.cn"
Browsing: "stationdata.wunderground.com"
Browsing: "cbs.com"
Browsing: "danawa.com"
Browsing: "bebo.com"
Browsing: "weather.com"
Browsing: "cfile268.uf.daum.net"
Browsing: "iv.doubleclick.net"
Browsing: "kr.news.yahoo.com"
Browsing: "toolbar.google.com"
Browsing: "stationdata.wunderground.com"
Browsing: "shuuemura-usa.com"
Browsing: "web.51.la"
Browsing: "mail.live.com"
Browsing: "stationdata.wunderground.com"
Browsing: "googleblog.blogspot.com"
Browsing: "mh2.manhunt.net"
Browsing: "broadband.espn.go.com"
Browsing: "bose.cn"
Browsing: "justin.tv"
Browsing: "idsnews.com"
Browsing: "video.google.com"
Browsing: "5173.com"
Browsing: "stationdata.wunderground.com"
Browsing: "cntf-cnxc.org"
Browsing: "npr.org"
Browsing: "stationdata.wunderground.com"
Browsing: "fls.doubleclick.net"
Browsing: "cache.baidu.com"
Browsing: "blogger.com"
Browsing: "mh2.manhunt.net"
Browsing: "sports.espn.go.com"
Browsing: "welcome.mail.aol.com"
Browsing: "boost.org"
Browsing: "idsnews.com"
Browsing: "stationdata.wunderground.com"
Browsing: "mh2.manhunt.net"
Browsing: "mh2.manhunt.net"
Browsing: "securereg3.prometric.com"
Browsing: "stationdata.wunderground.com"
Browsing: "media.trafficjunky.net"
Browsing: "stationdata.wunderground.com"
Browsing: "gsn.com"
Browsing: "mh2.manhunt.net"
Browsing: "core.insightexpressai.com"
Browsing: "stationdata.wunderground.com"
Browsing: "pagead2.googlesyndication.com"
Browsing: "us.mg4.mail.yahoo.com"
Browsing: "mh2.manhunt.net"
Browsing: "wwar.storm8.com"
Browsing: "stationdata.wunderground.com"
Browsing: "mh2.manhunt.net"
Browsing: "tags.bluekai.com"
Browsing: "whitepages.com"
Browsing: "gsy.or.kr"
Browsing: "stationdata.wunderground.com"
Browsing: "oldnavy.gap.com"
Browsing: "dealcatcher.com"
Browsing: "wenxuecity.com"
Browsing: "stationdata.wunderground.com"
Browsing: "mh2.manhunt.net"
Browsing: "store.corel.com"
Browsing: "apps.new.facebook.com"
Browsing: "gossiprocks.com"
Browsing: "stationdata.wunderground.com"
Browsing: "sports.espn.go.com"
Browsing: "pds112.cafe.daum.net"
Browsing: "ovguide.com"
Browsing: "stationdata.wunderground.com"
Browsing: "mail.google.com"
Browsing: "stationdata.wunderground.com"
Browsing: "home.myspace.com"
Browsing: "tieba.baidu.com"
Browsing: "health.bsd.uchicago.edu"
Browsing: "ad.reduxmedia.com"
Browsing: "mads.cbssports.com"
Browsing: "switch.atdmt.com"
Browsing: "stationdata.wunderground.com"
Browsing: "mh2.manhunt.net"
Browsing: "stationdata.wunderground.com"
Browsing: "venganza.org"
Browsing: "mh2.manhunt.net"
Browsing: "woot.com"
Browsing: "adready.com"
Browsing: "brandibelle.com"
Browsing: "digg.com"
Browsing: "stationdata.wunderground.com"
Browsing: "ad.naver.com"
Browsing: "ebay.com"
Browsing: "espn-www.baynote.net"
Browsing: "stat4.corp.56.com"
Browsing: "pagead2.googlesyndication.com"
Browsing: "fandango.com"
Browsing: "stationdata.wunderground.com"
Browsing: "renren.com"
Browsing: "stationdata.wunderground.com"
Browsing: "ad.reduxmedia.com"
Browsing: "eonline.com"
Browsing: "hp-laptop.aol.com"
Browsing: "theoatmeal.com"
Browsing: "secure-us.imrworldwide.com"
Browsing: "sportsseoul.com"
Browsing: "aol.com"
Browsing: "stationdata.wunderground.com"
Browsing: "nbc.com"
Browsing: "wesc.k12.in.us"
Browsing: "kugou.com"
Browsing: "sidereel.com"
Browsing: "digg.com"
Browsing: "stationdata.wunderground.com"
Browsing: "5173.com"
Browsing: "slirsredirect.search.aol.com"
Browsing: "stationdata.wunderground.com"
Browsing: "jjangfile.net"
Browsing: "rivals.yahoo.com"
Browsing: "addictinggames.com"
Browsing: "deviantart.com"
Browsing: "loginsvc.cyworld.com"
Browsing: "bada.us"
Browsing: "sports.espn.go.com"
Browsing: "stationdata.wunderground.com"
Browsing: "sports.espn.go.com"
Browsing: "usatoday.com"
Browsing: "msnbc.msn.com"
Browsing: "aol.com"
Browsing: "intellicast.com"
Browsing: "ads.undertone.com"
Browsing: "secure-us.imrworldwide.com"
Browsing: "adrive.com"
Browsing: "stationdata.wunderground.com"
Browsing: "expedia.com"
Browsing: "tags.kotaku.com"
Browsing: "blog.masslive.com"
Browsing: "wcext.target.com"
Browsing: "burstnet.com"
Browsing: "mh2.manhunt.net"
Browsing: "stationdata.wunderground.com"
Browsing: "pixel.rubiconproject.com"
Browsing: "stationdata.wunderground.com"
Browsing: "t.mookie1.com"
Browsing: "aes.iupui.edu"
Browsing: "elpais.com"
Browsing: "fls.doubleclick.net"
Browsing: "secure-us.imrworldwide.com"
Browsing: "merriam-webster.com"
Browsing: "mh2.manhunt.net"
Browsing: "stationdata.wunderground.com"
Browsing: "inven.co.kr"
Browsing: "cfile92.uf.daum.net"
Browsing: "youku.com"
Browsing: "stationdata.wunderground.com"
Browsing: "mh2.manhunt.net"
Browsing: "yahoo.com"
Browsing: "stationdata.wunderground.com"
Browsing: "cdni.llbean.com"
Browsing: "mh2.manhunt.net"
Browsing: "stationdata.wunderground.com"
Browsing: "angelfire.com"
Browsing: "cubics.com"
Browsing: "dict.cn"
Browsing: "viddler.com"
Browsing: "cn.adserver.yahoo.com"
Browsing: "stationdata.wunderground.com"
Browsing: "atpworldtour.com"
Browsing: "cn.msn.com"
Browsing: "tyrashow.warnerbros.com"
Browsing: "cbssports.com"
Browsing: "mtv.com"
Browsing: "6lyrics.com"
Browsing: "inven.co.kr"
Browsing: "stationdata.wunderground.com"
Browsing: "mh2.manhunt.net"
Browsing: "pa.yahoo.com"
Browsing: "xtube.com"
Browsing: "ts4.explicit.bing.net"
Browsing: "igmoon.com"
Browsing: "deviantart.com"
Browsing: "secure-us.imrworldwide.com"
Browsing: "image.baidu.com"
Browsing: "searchservice.myspace.com"
Browsing: "broadband.espn.go.com"
Browsing: "ads.predictad.com"
Browsing: "mitbbs.com"
Browsing: "yahoo.com"
Browsing: "item.taobao.com"
Browsing: "online.wsj.com"
Browsing: "reddit.com"
Browsing: "sports.yahoo.com"
Browsing: "friends.myspace.com"
Browsing: "aes.iupui.edu"
Browsing: "54.webim0366.webim.myspace.com"
Browsing: "image.baidu.com"
Browsing: "searchservice.myspace.com"
Browsing: "steepandcheap.com"
Browsing: "sportsseoul.com"
Browsing: "entertonement.com"
Browsing: "mail.google.com"
Browsing: "baike.baidu.com"
Browsing: "linkinghub.elsevier.com"
Browsing: "playforum.net"
Browsing: "mh2.manhunt.net"
Browsing: "centsports.com"
Browsing: "stationdata.wunderground.com"
Browsing: "cn.yahoo.com"
Browsing: "image.baidu.com"
Browsing: "espn-www.baynote.net"
Browsing: "media.trafficjunky.net"
Browsing: "swiss-miss.com"
Browsing: "m1.2mdn.net"
Browsing: "travelb.priceline.com"
Browsing: "cracked.com"
Browsing: "chat.aim.com"
Browsing: "picasaweb.google.com"
Browsing: "highschoolsports.net"
Browsing: "image.baidu.com"
Browsing: "drudgereport.com"
Browsing: "image.baidu.com"
Browsing: "loginsvc.cyworld.com"
Browsing: "282.webim0366.webim.myspace.com"
Browsing: "foxnews.us.intellitxt.com"
Browsing: "bio.indiana.edu"
Browsing: "searchservice.myspace.com"
Browsing: "sports.espn.go.com"
Browsing: "mp3.baidu.com"
Browsing: "deviantart.com"
Browsing: "core.insightexpressai.com"
Browsing: "mh2.manhunt.net"
Browsing: "secure-us.imrworldwide.com"
Browsing: "dealsea.com"
Browsing: "stationdata.wunderground.com"
Browsing: "patriotboy.blogspot.com"
Browsing: "idsnews.com"
Browsing: "stationdata.wunderground.com"
Browsing: "chat.aim.com"
Browsing: "urbanoutfitters.com"
Browsing: "mh2.manhunt.net"
Browsing: "deviantart.com"
Browsing: "baike.baidu.com"
Browsing: "hk.yahoo.com"
Browsing: "mh2.manhunt.net"
Browsing: "cbs.com"
Browsing: "stationdata.wunderground.com"
Browsing: "webmail.aol.com"
Browsing: "msnbc.msn.com"
Browsing: "letv.com"
Browsing: "image.baidu.com"
Browsing: "tags.bluekai.com"
Browsing: "pn1.adserver.yahoo.com"
Browsing: "stationdata.wunderground.com"
Browsing: "news.aol.com"
Browsing: "microsoft.com"
Browsing: "ovguide.com"
Browsing: "today.msnbc.msn.com"
Browsing: "mh2.manhunt.net"
Browsing: "gagalive.kr"
Browsing: "stationdata.wunderground.com"
Browsing: "bebo.com"
Browsing: "cafe.naver.com"
Browsing: "static.playfish.com"
Browsing: "globalgrind.com"
Browsing: "textsfromlastnight.com"
Browsing: "assets.espn.go.com"
Browsing: "t.mookie1.com"
Browsing: "140.webim0358.webim.myspace.com"
Browsing: "thechive.com"
Browsing: "wwar.storm8.com"
Browsing: "nate.com"
Browsing: "cbssports.com"
Browsing: "mh2.manhunt.net"
Browsing: "ncaafootball.fanhouse.com"
Browsing: "usmagazine.com"
Browsing: "justin.tv"
Browsing: "us.mg4.mail.yahoo.com"
Browsing: "loginsvc.cyworld.com"
Browsing: "bio.indiana.edu"
Browsing: "insomniacookies.com"
Browsing: "tom.com"
Browsing: "opendiary.com"
Browsing: "livejasmin.com"
Browsing: "stationdata.wunderground.com"
Browsing: "yahoo.com"
Browsing: "tw.search.bid.yahoo.com"
Browsing: "lacoste.com"
Browsing: "burstbeacon.com"
Browsing: "10902064121.baseball.cbssports.com"
Browsing: "nrg.co.il"
Browsing: "metacafe.com"
Browsing: "cakemanraven.com"
Browsing: "image.baidu.com"
Browsing: "ask.com"
Browsing: "livemint.com"
Browsing: "shortlonghairstyles.com"
Browsing: "tyrashow.warnerbros.com"
Browsing: "espn-www.baynote.net"
Browsing: "ads.specificmedia.com"
Browsing: "daiwon.co.kr"
Browsing: "stationdata.wunderground.com"
Browsing: "king.com"
Browsing: "mail.live.com"
Browsing: "veoh.com"
Browsing: "thechive.com"
Browsing: "deviantart.com"
Browsing: "lezhin.com"
Browsing: "web4.c2.cyworld.com"
Browsing: "daiwon.co.kr"
Browsing: "stanford.edu"
Browsing: "mh2.manhunt.net"
Browsing: "imdb.com"
Browsing: "baike.baidu.com"
Browsing: "nl.storm8.com"
Browsing: "stanford.edu"
Browsing: "deviantart.com"
Browsing: "fms.indiana.edu"
Browsing: "stationdata.wunderground.com"
Browsing: "reborn.wikia.com"
Browsing: "tw.bid.yahoo.com"
Browsing: "at.atwola.com"
Browsing: "s0.2mdn.net"
Browsing: "mh2.manhunt.net"
Browsing: "movies.yahoo.com"
Browsing: "cnn.com"
Browsing: "mitbbs.com"
Browsing: "digg.com"
Browsing: "footage.net"
Browsing: "rotoworld.com"
Browsing: "ad.reduxmedia.com"
Browsing: "espn-www.baynote.net"
Browsing: "mh2.manhunt.net"
Browsing: "t.mookie1.com"
Browsing: "deviantart.com"
Browsing: "livejournal.com"
Browsing: "pinkfloyd.co.uk"
Browsing: "daum.net"
Browsing: "mh2.manhunt.net"
Browsing: "switch.atdmt.com"
Browsing: "fms.indiana.edu"
Browsing: "livejasmin.com"
Browsing: "webmail.aol.com"
Browsing: "expert.ru"
Browsing: "191.webim0358.webim.myspace.com"
Browsing: "mh2.manhunt.net"
Browsing: "stationdata.wunderground.com"
Browsing: "sportsseoul.com"
Browsing: "mh2.manhunt.net"
Browsing: "ws.amazon.com"
Browsing: "ads.specificmedia.com"
Browsing: "drudgereport.com"
Browsing: "deviantart.com"
Browsing: "webmail.aol.com"
Browsing: "mh2.manhunt.net"
Browsing: "stationdata.wunderground.com"
Browsing: "metrolyrics.com"
Browsing: "deviantart.com"
Browsing: "infoworld.com"
Browsing: "mail.live.com"
Browsing: "117.webim0278.webim.myspace.com"
Browsing: "globalgrind.com"
Browsing: "g2.ykimg.com"
Browsing: "ask.com"
Browsing: "espn-www.baynote.net"
Browsing: "mh2.manhunt.net"
Browsing: "boost.org"
Browsing: "image.baidu.com"
Browsing: "lulu.com"
Browsing: "secure-us.imrworldwide.com"
Browsing: "wave3.com"
Browsing: "adrive.com"
Browsing: "jieumai.com"
Browsing: "vodguide.pps.tv"
Browsing: "mrd.mail.yahoo.com"
Browsing: "mail.google.com"
Browsing: "sidereel.com"
Browsing: "mh2.manhunt.net"
Browsing: "jieumai.com"
Browsing: "csse.monash.edu.au"
Browsing: "334.webim0444.webim.myspace.com"
Browsing: "stationdata.wunderground.com"
Browsing: "fmylife.com"
Browsing: "wordpress.com"
Browsing: "kr.msn.com"
Browsing: "pandora.com"
Browsing: "mh2.manhunt.net"
Browsing: "mail.google.com"
Browsing: "pagead2.googlesyndication.com"
Browsing: "image.baidu.com"
Browsing: "microsoft.com"
Browsing: "hornetfootball.org"
Browsing: "indianapolis.craigslist.org"
Browsing: "tw.linkspot.search.yahoo.com"
Browsing: "web4.c2.cyworld.com"
Browsing: "media.fastclick.net"
Browsing: "maudeny.com"
Browsing: "ad.amgdgt.com"
Browsing: "gravatar.com"
Browsing: "stationdata.wunderground.com"
Browsing: "blogs.msdn.com"
Browsing: "s131.cnzz.com"
Browsing: "mh2.manhunt.net"
Browsing: "athleta.gap.com"
Browsing: "businessmajors.about.com"
Browsing: "pagead2.googlesyndication.com"
Browsing: "counter10.sextracker.com"
Browsing: "media.trafficjunky.net"
Browsing: "mh2.manhunt.net"
Browsing: "stationdata.wunderground.com"
Browsing: "awesomewallpapers.wordpress.com"
Browsing: "redtube.com"
Browsing: "pixel.rubiconproject.com"
Browsing: "media.trafficjunky.net"
Browsing: "stationdata.wunderground.com"
Browsing: "photo.renren.com"
Browsing: "bauergriffinonline.com"
Browsing: "foxnews.com"
Browsing: "3.webim0126.webim.myspace.com"
Browsing: "images.search.yahoo.com"
Browsing: "weather.com"
Browsing: "livejournal.com"
Browsing: "support.microsoft.com"
Browsing: "verizonwireless.com"
Browsing: "video.msn.com"
Browsing: "investopedia.com"
Browsing: "sports.espn.go.com"
Browsing: "calm.indiana.edu"
Browsing: "ihsaa.org"
Browsing: "deviantart.com"
Browsing: "image.baidu.com"
Browsing: "action.mathtag.com"
Browsing: "huffingtonpost.com"
Browsing: "kotaku.com"
Browsing: "bio.indiana.edu"
Browsing: "image.baidu.com"
Browsing: "deviantart.com"
Browsing: "chookaboot.com"
Browsing: "c.brightcove.com"
Browsing: "wwar.storm8.com"
Browsing: "justin.tv"
Browsing: "orbitz.com"
Browsing: "tw.search.bid.yahoo.com"
Browsing: "persiankitty.com"
Browsing: "pixel.quantserve.com"
Browsing: "digg.com"
Browsing: "profile.myspace.com"
Browsing: "ws.amazon.com"
Browsing: "pornhost.com"
Browsing: "apps.renren.com"
Browsing: "disinfo.com"
Browsing: "stationdata.wunderground.com"
Browsing: "imgur.com"
Browsing: "battlecreekenquirer.com"
Browsing: "stationdata.wunderground.com"
Browsing: "ihsaa.org"
Browsing: "feeds.feedburner.com"
Browsing: "kellyskornerblog.com"
Browsing: "linkedin.com"
Browsing: "stationdata.wunderground.com"
Browsing: "picasaweb.google.com"
Browsing: "metrolyrics.com"
Browsing: "livejasmin.com"
Browsing: "comic.naver.com"
Browsing: "deviantart.com"
Browsing: "stationdata.wunderground.com"
Browsing: "tbskip.taobao.com"
Browsing: "collegehumor.com"
Browsing: "optimizedby.rmxads.com"
Browsing: "pandora.com"
Browsing: "finance.google.com"
Browsing: "c3.ac-images.myspacecdn.com"
Browsing: "h21.hani.co.kr"
Browsing: "s0.2mdn.net"
Browsing: "wisegeek.com"
Browsing: "ad.adtegrity.net"
Browsing: "xtube.com"
Browsing: "kellyskornerblog.com"
Browsing: "image.baidu.com"
Browsing: "slirsredirect.search.aol.com"
Browsing: "huffingtonpost.com"
Browsing: "oakley.com"
Browsing: "load.exelator.com"
Browsing: "305.webim0366.webim.myspace.com"
Browsing: "sports.yahoo.com"
Browsing: "digg.com"
Browsing: "livejasmin.com"
Browsing: "cbs.com"
Browsing: "image.baidu.com"
Browsing: "109.webim0074.webim.myspace.com"
Browsing: "tw.search.bid.yahoo.com"
Browsing: "studentuniverse.com"
Browsing: "secure.newegg.com"
Browsing: "qq.com"
Browsing: "cook.chem.indiana.edu"
Browsing: "image.baidu.com"
Browsing: "ilovelanguages.com"
Browsing: "uk.ask.com"
Browsing: "yahoo.com"
Browsing: "walmart.com"
Browsing: "marshillaudio.org"
Browsing: "core.videoegg.com"
Browsing: "ad.amgdgt.com"
Browsing: "bookmaker.com"
Browsing: "tw.search.bid.yahoo.com"
Browsing: "core.insightexpressai.com"
Browsing: "aol.com"
Browsing: "stationdata.wunderground.com"
Browsing: "microsoft.com"
Browsing: "stationdata.wunderground.com"
Browsing: "sealserver.trustwave.com"
Browsing: "tvtropes.org"
Browsing: "tieba.baidu.com"
Browsing: "acidcow.com"
Browsing: "stationdata.wunderground.com"
Browsing: "ad.adtegrity.net"
Browsing: "pagead2.googlesyndication.com"
Browsing: "feedads.g.doubleclick.net"
Browsing: "ar.voicefive.com"
Browsing: "tags.bluekai.com"
Browsing: "woot.com"
Browsing: "tv.msn.com"
Browsing: "chicagotribune.com"
Browsing: "ad.naver.com"
Browsing: "sports.espn.go.com"
Browsing: "myrice.com"
Browsing: "voting.bangbros.com"
Browsing: "reddit.com"
Browsing: "bossip.com"
Browsing: "draft.bestiaire.org"
Browsing: "home.myspace.com"
Browsing: "livejasmin.com"
Browsing: "domdex.com"
Browsing: "stationdata.wunderground.com"
Browsing: "eppley.org"
Browsing: "deviantart.com"
Browsing: "livejasmin.com"
Browsing: "media.ign.com"
Browsing: "endless.com"
Browsing: "quickmba.com"
Browsing: "cafe.naver.com"
Browsing: "imiclk.com"
Browsing: "onlinebizdirectory.com"
Browsing: "internationalprograms.wvu.edu"
Browsing: "my.tianya.cn"
Browsing: "news.aol.com"
Browsing: "ads.specificmedia.com"
Browsing: "twitter.com"
Browsing: "law.indiana.edu"
Browsing: "adultfriendfinder.com"
Browsing: "aes.iupui.edu"
Browsing: "core.insightexpressai.com"
Browsing: "daum.net"
Browsing: "bigcarrot.com"
Browsing: "espn-www.baynote.net"
Browsing: "csse.monash.edu.au"
Browsing: "aes.iupui.edu"
Browsing: "weather.com"
Browsing: "assets.espn.go.com"
Browsing: "newmoonmovie.org"
Browsing: "stationdata.wunderground.com"
Browsing: "api.bing.com"
Browsing: "netv.sbs.co.kr"
Browsing: "deviantart.com"
Browsing: "apartmentratings.com"
Browsing: "tag.contextweb.com"
Browsing: "kg6ek7cq2b.scholar.serialssolutions.com"
Browsing: "core.videoegg.com"
Browsing: "media.trafficjunky.net"
Browsing: "lifehacker.com"
Browsing: "wfiu.indiana.edu"
Browsing: "js.tudouui.com"
Browsing: "readred.com"
Browsing: "773.adsina.allyes.com"
Browsing: "spike.com"
Browsing: "deviantart.com"
Browsing: "results.freeze.com"
Browsing: "kongregate.com"
Browsing: "cs.iupui.edu"
Browsing: "stationdata.wunderground.com"
Browsing: "rivals.yahoo.com"
Browsing: "adultswim.com"
Browsing: "weather.com"
Browsing: "10910258100.basketball.cbssports.com"
Browsing: "150.webim0018.webim.myspace.com"
Browsing: "toptvbytes.com"
Browsing: "games.yahoo.com"
Browsing: "fandango.com"
Browsing: "tw.money.yahoo.com"
Browsing: "media.fastclick.net"
Browsing: "stationdata.wunderground.com"
Browsing: "southparkstudios.com"
Browsing: "twitter.com"
Browsing: "cbssports.com"
Browsing: "reviews.hsn.com"
Browsing: "thenorthface.com"
Browsing: "ec.atdmt.com"
Browsing: "ad.reduxmedia.com"
Browsing: "colbertnation.com"
Browsing: "deviantart.com"
Browsing: "283.webim0114.webim.myspace.com"
Browsing: "mtv.com"
Browsing: "tigernt.com"
Browsing: "askmen.com"
Browsing: "section.blog.naver.com"
Browsing: "ovidsp.tx.ovid.com"
Browsing: "anthem.com"
Browsing: "tw.search.bid.yahoo.com"
Browsing: "yahoo.com"
Browsing: "fms.indiana.edu"
Browsing: "elpais.com"
Browsing: "pipi.cn"
Browsing: "www2.im.alisoft.com"
Browsing: "friends.myspace.com"
Browsing: "wordpress.com"
Browsing: "indiana.rivals.com"
Browsing: "hanafos.com"
Browsing: "pagead2.googlesyndication.com"
Browsing: "digg.com"
Browsing: "feeds.feedburner.com"
Browsing: "mail.google.com"
Browsing: "tube8.com"
Browsing: "google.com.tw"
Browsing: "stationdata.wunderground.com"
Browsing: "bigblueinteractive.com"
Browsing: "chookaboot.com"
Browsing: "wesc.k12.in.us"
Browsing: "results.freeze.com"
Browsing: "veoh.com"
Browsing: "veoh.com"
Browsing: "news.naver.com"
Browsing: "mail.live.com"
Browsing: "iphone.dailymotion.com"
Browsing: "weather.com"
Browsing: "strangemaps.wordpress.com"
Browsing: "community.livejournal.com"
Browsing: "mail.google.com"
Browsing: "subeta.neolodge.com"
Browsing: "givealink.org"
Browsing: "netv.sbs.co.kr"
Browsing: "adready.com"
Browsing: "item.taobao.com"
Browsing: "woot.com"
Browsing: "samanyoluhaber.com"
Browsing: "fox.com"
Browsing: "draft.bestiaire.org"
Browsing: "nztv.prod.untd.com"
Browsing: "twitter.com"
Browsing: "s87.cnzz.com"
Browsing: "secure-us.imrworldwide.com"
Browsing: "stationdata.wunderground.com"
Browsing: "movies.msn.com"
Browsing: "bigblueinteractive.com"
Browsing: "djbooth.net"
Browsing: "pagead2.googlesyndication.com"
Browsing: "aes.iupui.edu"
Browsing: "t.mookie1.com"
Browsing: "tracking.searchmarketing.com"
Browsing: "news.aol.com"
Browsing: "newegg.com"
Browsing: "idsnews.com"
Browsing: "rivals.com"
Browsing: "sidereel.com"
Browsing: "stationdata.wunderground.com"
Browsing: "campusfood.com"
Browsing: "bio.indiana.edu"
Browsing: "g2.ykimg.com"
Browsing: "webmessenger.yahoo.com"
Browsing: "tuttomercatoweb.com"
Browsing: "p1.tcr71.tynt.com"
Browsing: "login.dotomi.com"
Browsing: "verizonwireless.com"
Browsing: "yoka.com"
Browsing: "byfiles.storage.msn.com"
Browsing: "panoramio.com"
Browsing: "aol.com"
Browsing: "web4.c2.cyworld.com"
Browsing: "deals.huaren.us"
Browsing: "piperlime.gap.com"
Browsing: "us.imdb.com"
Browsing: "goodyeartires.com"
Browsing: "stationdata.wunderground.com"
Browsing: "loginsvc.cyworld.com"
Browsing: "mail.live.com"
Browsing: "fls.doubleclick.net"
Browsing: "fmylife.com"
Browsing: "cyimg14.cyworld.nate.com"
Browsing: "stats.adultswim.com"
Browsing: "cnbc.com"
Browsing: "g2.ykimg.com"
Browsing: "elpais.com"
Browsing: "video.google.com"
Browsing: "nrg.co.il"
Browsing: "media.trafficjunky.net"
Browsing: "chess.com"
Browsing: "basicinstructions.net"
Browsing: "mail.google.com"
Browsing: "basicinstructions.net"
Browsing: "pubads.g.doubleclick.net"
Browsing: "games.yahoo.com"
Browsing: "mail.live.com"
Browsing: "hoosierdata.in.gov"
Browsing: "secure-us.imrworldwide.com"
Browsing: "gdata.youtube.com"
Browsing: "stationdata.wunderground.com"
Browsing: "guitarcenter.com"
Browsing: "digg.com"
Browsing: "ss.uk.ask.com"
Browsing: "aes.iupui.edu"
Browsing: "stationdata.wunderground.com"
Browsing: "ovidsp.tx.ovid.com.proxy.medlib.iupui.edu"
Browsing: "gazzetta.it"
Browsing: "slutload.com"
Browsing: "api-cdn.cnbc.com"
Browsing: "engr.iupui.edu"
Browsing: "tqlkg.com"
Browsing: "home.renren.com"
Browsing: "ar.voicefive.com"
Browsing: "helium.com"
Browsing: "stationdata.wunderground.com"
Browsing: "image2.pubmatic.com"
Browsing: "lj-toys.com"
Browsing: "sports.espn.go.com"
Browsing: "sports.yahoo.com"
Browsing: "stationdata.wunderground.com"
Browsing: "netv.sbs.co.kr"
Browsing: "ovidsp.tx.ovid.com"
Browsing: "tripadvisor.com"
Browsing: "scholar.google.com"
Browsing: "examiner.cleanprint.net"
Browsing: "secure-us.imrworldwide.com"
Browsing: "stationdata.wunderground.com"
Browsing: "mh2.manhunt.net"
Browsing: "chess.com"
Browsing: "mcwe.com"
Browsing: "hoosierdata.in.gov"
Browsing: "stationdata.wunderground.com"
Browsing: "cs.caltech.edu"
Browsing: "netv.sbs.co.kr"
Browsing: "twitter.com"
Browsing: "aol.com"
Browsing: "profiles.hitslink.com"
Browsing: "netv.sbs.co.kr"
Browsing: "stationdata.wunderground.com"
Browsing: "jobview.usajobs.gov"
Browsing: "deals.huaren.us"
Browsing: "funadvice.com"
Browsing: "gsy.or.kr"
Browsing: "stationdata.wunderground.com"
Browsing: "avatarsave.gaiaonline.com"
Browsing: "secure-us.imrworldwide.com"
Browsing: "spike.com"
Browsing: "stationdata.wunderground.com"
Browsing: "loginsvc.cyworld.com"
Browsing: "dealoz.com"
Browsing: "secure-us.imrworldwide.com"
Browsing: "deals.huaren.us"
Browsing: "rover.ebay.com"
Browsing: "media.trafficjunky.net"
Browsing: "nrg.co.il"
Browsing: "cpro.baidu.com"
Browsing: "sportsjournalism.org"
Browsing: "abc.go.com"
Browsing: "secure-us.imrworldwide.com"
Browsing: "rivals.com"
Browsing: "stationdata.wunderground.com"
Browsing: "livejasmin.com"
Browsing: "feedjit.com"
Browsing: "movies.msn.com"
Browsing: "toryburch.com"
Browsing: "new.facebook.com"
Browsing: "tv.com"
Browsing: "cheaptickets.com"
Browsing: "mh2.manhunt.net"
Browsing: "new.facebook.com"
Browsing: "weather.com"
Browsing: "globalgrind.com"
Browsing: "pgatour.com"
Browsing: "cfile92.uf.daum.net"
Browsing: "indiana.rivals.com"
Browsing: "rl.storm8.com"
Browsing: "nanowrimo.org"
Browsing: "usaid.gov"
Browsing: "hotornot.com"
Browsing: "media.trafficjunky.net"
Browsing: "livejasmin.com"
Browsing: "khm0.google.com"
Browsing: "mail.google.com"
Browsing: "zynga.com"
Browsing: "lonestarball.com"
Browsing: "loginsvc.cyworld.com"
Browsing: "beatthechip.blogspot.com"
Browsing: "bitbucket.org"
Browsing: "feeds.feedburner.com"
Browsing: "stationdata.wunderground.com"
Browsing: "imiclk.com"
Browsing: "stationdata.wunderground.com"
Browsing: "theberrics.com"
Browsing: "bogobogo.net"
Browsing: "clickclickclick.com"
Browsing: "my.opera.com"
Browsing: "cast.ra.icast.cn"
Browsing: "nfl.com"
Browsing: "adserver.adtechus.com"
Browsing: "490.webim0097.webim.myspace.com"
Browsing: "stationdata.wunderground.com"
Browsing: "askmen.com"
Browsing: "feeds.feedburner.com"
Browsing: "byfiles.storage.live.com"
Browsing: "ec.atdmt.com"
Browsing: "secure-us.imrworldwide.com"
Browsing: "sports.espn.go.com"
Browsing: "stationdata.wunderground.com"
Browsing: "loginsvc.cyworld.com"
Browsing: "boost.org"
Browsing: "rl.storm8.com"
Browsing: "link.ed.wwe.com"
Browsing: "styleforum.net"
Browsing: "loginsvc.cyworld.com"
Browsing: "stationdata.wunderground.com"
Browsing: "rivals.yahoo.com"
Browsing: "video.google.co.jp"
Browsing: "awin1.com"
Browsing: "stationdata.wunderground.com"
Browsing: "secure-us.imrworldwide.com"
Browsing: "playboy.com"
Browsing: "stationdata.wunderground.com"
Browsing: "yahoo.com"
Browsing: "gazzetta.it"
Browsing: "nate.com"
Browsing: "comingsoon.net"
Browsing: "surfthechannel.com"
Browsing: "switch.atdmt.com"
Browsing: "stationdata.wunderground.com"
Browsing: "pn2.adserver.yahoo.com"
Browsing: "woot.com"
Browsing: "jcmc.indiana.edu"
Browsing: "chat.aim.com"
Browsing: "mystyle.com"
Browsing: "switch.atdmt.com"
Browsing: "stationdata.wunderground.com"
Browsing: "tieba.baidu.com"
Browsing: "media.fastclick.net"
Browsing: "zimbio.com"
Browsing: "comingsoon.net"
Browsing: "rl.storm8.com"
Browsing: "reg.youdao.com"
Browsing: "netv.sbs.co.kr"
Browsing: "find.galegroup.com.proxy.ulib.iupui.edu"
Browsing: "stationdata.wunderground.com"
Browsing: "espn-www.baynote.net"
Browsing: "blogs.msdn.com"
Browsing: "us.adserver.yahoo.com"
Browsing: "datpiff.com"
Browsing: "daum.net"
Browsing: "adobe.com"
Browsing: "cnbc.com"
Browsing: "espn-www.baynote.net"
Browsing: "stationdata.wunderground.com"
Browsing: "news.msnbc.us.intellitxt.com"
Browsing: "fox.com"
Browsing: "searchservice.myspace.com"
Browsing: "livejasmin.com"
Browsing: "cafe.naver.com"
Browsing: "cnbc.com"
Browsing: "stationdata.wunderground.com"
Browsing: "global.theknot.com"
Browsing: "ads.undertone.com"
Browsing: "10910258100.basketball.cbssports.com"
Browsing: "stationdata.wunderground.com"
Browsing: "127.webim0060.webim.myspace.com"
Browsing: "rhapsody.com"
Browsing: "chess.com"
Browsing: "mail.google.com"
Browsing: "mail.google.com"
Browsing: "mail.google.com"
Browsing: "phdcomics.com"
Browsing: "merriam-webster.com"
Browsing: "weather.com"
Browsing: "fox.com"
Browsing: "metacafe.com"
Browsing: "c1img.cyworld.co.kr"
Browsing: "azlyrics.com"
Browsing: "stationdata.wunderground.com"
Browsing: "mystyle.com"
Browsing: "368.webim0105.webim.myspace.com"
Browsing: "projectwonderful.com"
Browsing: "home.myspace.com"
Browsing: "montefiore.org"
Browsing: "jstor.org"
Browsing: "tattooblog.org"
Browsing: "idsnews.com"
Browsing: "docs.google.com"
Browsing: "perezhilton.com"
Browsing: "searchservice.myspace.com"
Browsing: "adultfriendfinder.com"
Browsing: "ad.103092804.com"
Browsing: "camstudio.org"
Browsing: "theonion.com"
Browsing: "dickssportinggoods.com"
Browsing: "movies.msn.com"
Browsing: "mail.google.com"
Browsing: "cnbc.com"
Browsing: "geriscreations.blogspot.com"
Browsing: "majorspoilers.com"
Browsing: "s43.cnzz.com"
Browsing: "336.webim0405.webim.myspace.com"
Browsing: "core.insightexpressai.com"
Browsing: "jstor.org"
Browsing: "expressions.aim.com"
Browsing: "pc.duowan.com"
Browsing: "ads.imgur.com"
Browsing: "collegehumor.com"
Browsing: "390.webim0116.webim.myspace.com"
Browsing: "collegepartyhouse.com"
Browsing: "idsnews.com"
Browsing: "ricstultz.com"
Browsing: "secure-us.imrworldwide.com"
Browsing: "cbs.com"
Browsing: "ads.imgur.com"
Browsing: "netv.sbs.co.kr"
Browsing: "video.msn.com"
Browsing: "vodguide.pps.tv"
Browsing: "mail.live.com"
Browsing: "stationdata.wunderground.com"
Browsing: "music.myspace.com"
Browsing: "mail.google.com"
Browsing: "google.co.in"
Browsing: "loginsvc.cyworld.com"
Browsing: "stationdata.wunderground.com"
Browsing: "hk.yahoo.com"
Browsing: "comedycentral.com"
Browsing: "fls.doubleclick.net"
Browsing: "niagara.comedycentral.com"
Browsing: "300avi.com"
Browsing: "gmx.net"
Browsing: "stationdata.wunderground.com"
Browsing: "friends.myspace.com"
Browsing: "stationdata.wunderground.com"
Browsing: "pixel.quantserve.com"
Browsing: "mail.google.com"
Browsing: "thelimited.com"
Browsing: "vodguide.pps.tv"
Browsing: "careers.montefiore.org"
Browsing: "adparlor.com"
Browsing: "egotastic.com"
Browsing: "youku.com"
Browsing: "talkgadget.google.com"
Browsing: "yahoo.com"
Browsing: "addictinggames.com"
Browsing: "357.webim0018.webim.myspace.com"
Browsing: "adready.com"
Browsing: "ws.amazon.com"
Browsing: "imgur.com"
Browsing: "tiffany.com"
Browsing: "hp.ivillage.com"
Browsing: "m1.2mdn.net"
Browsing: "ad.globalinteractive.com"
Browsing: "burstbeacon.com"
Browsing: "aolcdn.com"
Browsing: "pandora.com"
Browsing: "broadband.espn.go.com"
Browsing: "indiana.rivals.com"
Browsing: "deals.huaren.us"
Browsing: "mediabistro.com"
Browsing: "467.webim0318.webim.myspace.com"
Browsing: "rock103.com"
Browsing: "tours.playboy.com"
Browsing: "pornhub.com"
Browsing: "stationdata.wunderground.com"
Browsing: "deviantart.com"
Browsing: "zynga.com"
Browsing: "tags.bluekai.com"
Browsing: "askmen.com"
Browsing: "stationdata.wunderground.com"
Browsing: "lenovo.com"
Browsing: "dealsea.com"
Browsing: "huaren.us"
Browsing: "49erswebzone.com"
Browsing: "nate.com"
Browsing: "g-ecx.images-amazon.com"
Browsing: "txt.go.sohu.com"
Browsing: "hrtsd52ldr.happykidsday.com"
Browsing: "blizzard.com"
Browsing: "a.espncdn.com"
Browsing: "product.dangdang.com"
Browsing: "bitsofwisdom.org"
Browsing: "stationdata.wunderground.com"
Browsing: "adultfriendfinder.com"
Browsing: "i.dell.com"
Browsing: "vodguide.pps.tv"
Browsing: "srx.ebaymotors.ebayrtm.com"
Browsing: "youjizz.com"
Browsing: "sugg.search.yahoo.com"
Browsing: "boost.org"
Browsing: "picnik.com"
Browsing: "idsnews.com"
Browsing: "srx.main.ebayrtm.com"
Browsing: "loginsvc.cyworld.com"
Browsing: "g2.ykimg.com"
Browsing: "colbertnation.com"
Browsing: "priceline.com"
Browsing: "ads.specificmedia.com"
Browsing: "stationdata.wunderground.com"
Browsing: "sports.espn.go.com"
Browsing: "yahoo.com"
Browsing: "tags.bluekai.com"
Browsing: "wave3.com"
Browsing: "stationdata.wunderground.com"
Browsing: "kongregate.com"
Browsing: "theinformaticsmoment2009.ning.com"
Browsing: "mangafox.com"
Browsing: "mitbbs.com"
Browsing: "tienganh.com.vn"
Browsing: "news.search.yahoo.com"
Browsing: "stationdata.wunderground.com"
Browsing: "connect.facebook.com"
Browsing: "4shared.com"
Browsing: "stationdata.wunderground.com"
Browsing: "ads.specificmedia.com"
Browsing: "profile.myspace.com"
Browsing: "pbs.org"
Browsing: "trafficholder.com"
Browsing: "youjizz.com"
Browsing: "boost.org"
Browsing: "secure-us.imrworldwide.com"
Browsing: "thechive.com"
Browsing: "static.fmpub.net"
Browsing: "eprice.com.hk"
Browsing: "netv.sbs.co.kr"
Browsing: "dickies.com"
Browsing: "bitbucket.org"
Browsing: "kongregate.com"
Browsing: "indianapublicmedia.org"
Browsing: "support.t-mobile.com"
Browsing: "muslimvoices.org"
Browsing: "casttv.com"
Browsing: "netv.sbs.co.kr"
Browsing: "idsnews.com"
Browsing: "digg.com"
Browsing: "nate.com"
Browsing: "nate.com"
Browsing: "sports.espn.go.com"
