Workload is generated
50 browsers are created 

0 min, 1 second

0 min, 2 second

0 min, 3 second

0 min, 4 second

0 min, 5 second

0 min, 6 second

0 min, 7 second

0 min, 8 second

0 min, 9 second

0 min, 10 second

0 min, 11 second

0 min, 12 second

Browsing: "aim.search.aol.com"


0 min, 13 second

0 min, 14 second

Browsing: "wikipedia.org"


0 min, 15 second

Browsing: "mapquest.com"


0 min, 16 second

0 min, 17 second

0 min, 18 second

0 min, 19 second

0 min, 20 second

0 min, 21 second

Browsing: "search.netscape.com"


0 min, 22 second

0 min, 23 second

Browsing: "blogs.technet.com"


0 min, 24 second

0 min, 25 second

0 min, 26 second

0 min, 27 second

0 min, 28 second

0 min, 29 second

0 min, 30 second

0 min, 31 second

0 min, 32 second

0 min, 33 second

0 min, 34 second

0 min, 35 second

0 min, 36 second

0 min, 37 second

0 min, 38 second

0 min, 39 second

0 min, 40 second

0 min, 41 second

Browsing: "en.wikipedia.org"


Browsing: "in.gov"


0 min, 42 second

0 min, 43 second

0 min, 44 second

0 min, 45 second

0 min, 46 second

0 min, 47 second

0 min, 48 second

0 min, 49 second

0 min, 50 second

0 min, 51 second

0 min, 52 second

0 min, 53 second

0 min, 54 second

0 min, 55 second

0 min, 56 second

0 min, 57 second

0 min, 58 second

0 min, 59 second

1 min, 0 second

1 min, 1 second

Browsing: "pandora.com"


1 min, 2 second

1 min, 3 second

1 min, 4 second

1 min, 5 second

1 min, 6 second

1 min, 7 second

Browsing: "switch.atdmt.com"


1 min, 8 second

1 min, 9 second

Browsing: "indianapublicmedia.org"


1 min, 10 second

1 min, 11 second

1 min, 12 second

1 min, 13 second

Browsing: "wunderground.com"


1 min, 14 second

Browsing: "nike.com"


1 min, 15 second

Browsing: "picasaweb.google.com"

