lovine.com
penciloflight.deviantart.com
lovine.com
im.storm8.com
pagead2.googlesyndication.com
lovine.com
parents.com
lovine.com
google.com
itouchmidi.com
video-stats.video.google.com
lovine.com
s7ondemand1.scene7.com
itouchmidi.com
bs.serving-sys.com
lovine.com
desktopfw.weather.com
imx.comedycentral.com
gn.naver.com
espn-www.baynote.net
bing.com
cfile193.uf.daum.net
mylifeisaverage.com
aim.search.aol.com
m.www.yahoo.com
deviantart.com
wired.com
ad.doubleclick.net
desktopfw.weather.com
nba.com
graphics.ocsn.com
wikipedia.org
mapquest.com
google.com
ebates.com
ad-g.doubleclick.net
s7.addthis.com
images.google.com
desktopfw.weather.com
apple.com
google.com
desktopfw.weather.com
view.atdmt.com
people.com
hulu.com
ad.doubleclick.net
mt1.google.com
teendestruction.com
lovine.com
idsnews.com
desktopfw.weather.com
video-stats.video.google.com
s.xvideos.com
search.netscape.com
apps.facebook.com
traileraddict.com
motors.shop.ebay.com
informaworld.com
google.com
desktopfw.weather.com
blogs.technet.com
chronicle.com
rs.mail.ru
electronicdesign.com
beacon.securestudies.com
blog.naver.com
g1.ykimg.com
alumni.indiana.edu
go.daum.net
stumbleupon.com
desktopfw.weather.com
desktopfw.weather.com
webmail.aol.com
nbcsports.msnbc.com
web.ebscohost.com
mylifeisaverage.com
desktopfw.weather.com
msn.com
search.ebscohost.com
teendestruction.com
lovine.com
traileraddict.com
vip.51.la
view.atdmt.com
video-stats.video.google.com
farfesh.com
google.com
cyworld.com
desktopfw.weather.com
gamespot.com
grad2b.com
amazon.com
search.yahoo.com
news.yahoo.com
google.com
nexplore.com
desktopfw.weather.com
psychonet.co.uk
google.com
uesp.net
gaiaonline.com
gametrailers.com
nursingsociety.org
optimized-by.rubiconproject.com
cafe427.daum.net
desktopfw.weather.com
google.com
lovine.com
movie.tudou.com
uesp.net
images.google.com
ad.doubleclick.net
quotationspage.com
desktopfw.weather.com
google.com
apps.facebook.com
tumblr.com
desktopfw.weather.com
apps.facebook.com
ads.revsci.net
informatics.indiana.edu
lovine.com
bs.serving-sys.com
bing.com
kr.yahoo.com
blog.naver.com
video-stats.video.google.com
indiana.edu
desktopfw.weather.com
cell.com
mail.yahoo.com
desktopfw.weather.com
idsnews.com
view.atdmt.com
bs.serving-sys.com
sidereel.com
en.wikipedia.org
gourmandia.com
in.gov
dealslist.com
tag.contextweb.com
google.com
desktopfw.weather.com
apple.com
wikia-ads.wikia.com
bankofamerica.com
desktopfw.weather.com
apple.com
basketball.fantasysports.yahoo.com
waterjet.net
penciloflight.deviantart.com
desktopfw.weather.com
video-stats.video.google.com
xvideos.com
api.tinypic.com
ncbi.nlm.nih.gov
wretch.cc
pogo.com
nike.com
6park.com
s7.addthis.com
bs.serving-sys.com
bs.serving-sys.com
cs.indiana.edu
v.youku.com
fable.wikia.com
gametrailers.com
google.com
ib.adnxs.com
bing.com
waterjet.net
mail.yahoo.com
sports.sina.com.cn
google.com
informatics.indiana.edu
video-stats.video.google.com
viewmorepics.myspace.com
bing.com
vip.51.la
146.webim0068.webim.myspace.com
trumba.com
slis.indiana.edu
llbean.com
asdfjeoura.football.cbssports.com
m.www.yahoo.com
desktopfw.weather.com
377.webim0126.webim.myspace.com
desktopfw.weather.com
web.ebscohost.com
view.atdmt.com
player.cdn.targetspot.com
apple.com
desktopfw.weather.com
nytimes.com
tudou.com
penciloflight.deviantart.com
rollingstone.com
video-stats.video.google.com
flickr.com
grad2b.com
parents.com
image.baidu.com
waterjet.net
tmz.com
video-stats.video.google.com
lg15.com
static.twitter.com
reuters.com
images.google.com
drudgereport.com
google.com
image.baidu.com
bing.com
google.com
informatics.indiana.edu
desktopfw.weather.com
nytimes.com
search.msn.com
search.ebscohost.com
image.baidu.com
nochelatina.com
l.yimg.com
webmail.aol.com
desktopfw.weather.com
nochelatina.com
askandyaboutclothes.com
mediafire.com
google.com
weather.com
popehat.com
game3.pogo.com
video-stats.video.google.com
rivals.com
lovine.com
bs.serving-sys.com
askmen.com
google.com
deviantart.com
news.bbc.co.uk
video-stats.video.google.com
search.yahoo.com
lezhin.com
core.insightexpressai.com
desktopfw.weather.com
amazon.com
pn1.adserver.yahoo.com
pandora.com
bing.com
130.webim0316.webim.myspace.com
apple.com
img03.taobaocdn.com
lg15.com
pfp.sina.com.cn
gdx.mlb.com
images.google.com
core.insightexpressai.com
media.trafficjunky.net
2pm.jype.com
pogo.com
footytube.com
penciloflight.deviantart.com
parents.com
lovine.com
yahoo.com
target.com
switch.atdmt.com
engadget.com
tap.rubiconproject.com
bing.com
xanga.com
tech.yahoo.com
hulu.com
nytimes.com
informatics.indiana.edu
bs.serving-sys.com
google.com
google.com
target.com
ads.revsci.net
media.trafficjunky.net
bs.serving-sys.com
nochelatina.com
2pm.jype.com
desktopfw.weather.com
penciloflight.deviantart.com
c13.zedo.com
nytimes.com
google.com
google.com
apple.com
pn2.adserver.yahoo.com
people.com
switch.atdmt.com
video-stats.video.google.com
desktopfw.weather.com
c.brightcove.com
disneyworld.disney.go.com
nochelatina.com
search.conduit.com
flickr.com
video-stats.video.google.com
kongregate.com
m.www.yahoo.com
web.ebscohost.com
mail.google.com
ib.adnxs.com
google.com
omnisport.tv
desktopfw.weather.com
indianapublicmedia.org
waterjet.net
google.cn
sports.yahoo.com
sports.espn.go.com
m.www.yahoo.com
mail.yahoo.com
bmwusa.com
kr.yahoo.com
desktopfw.weather.com
google.com
ad.doubleclick.net
apple.com
blog.naver.com
desktopfw.weather.com
google.ca
bs.serving-sys.com
us.adserver.yahoo.com
s.xvideos.com
wunderground.com
desktopfw.weather.com
health.msnbc.us.intellitxt.com
google.com
desktopfw.weather.com
media.trafficjunky.net
content.usatoday.com
video-stats.video.google.com
blackplanet.com
desktopfw.weather.com
nike.com
video-stats.video.google.com
mlb.mlb.com
mail.yahoo.com
pandora.com
www-lib.iupui.edu
picasaweb.google.com
desktopfw.weather.com
google.com
tianya.cn
google.cn
target.com
hk.yahoo.com
deviantart.com
desktopfw.weather.com
lovine.com
search.yahoo.com
google.com
hulu.com
gn.naver.com
google.com
waterjet.net
cricinfo.com
google.com
core.insightexpressai.com
chinaenvironmentallaw.com
t.mookie1.com
desktopfw.weather.com
digg.com
southparkstudios.com
informatics.indiana.edu
desktopfw.weather.com
images.google.com
desktopfw.weather.com
pn2.adserver.yahoo.com
cdn.optmd.com
google.com
fivethirtyeight.com
jjj.de
espn-www.baynote.net
weather.com
video-stats.video.google.com
newgrounds.com
cfile270.uf.daum.net
at.atwola.com
apps.facebook.com
penciloflight.deviantart.com
news3insider.com
desktopfw.weather.com
aol.com
video-stats.video.google.com
mangafox.com
wordforge.net
burstbeacon.com
msnbc.msn.com
m1.2mdn.net
m.www.yahoo.com
informatics.indiana.edu
vodguide.pps.tv
mt0.google.com
desktopfw.weather.com
desktopfw.weather.com
google.com
search.yahoo.com
cs.iupui.edu
desktopfw.weather.com
playlist.com
lstat.youku.com
welcome.mail.aol.com
google.com
hulu.com
rottentomatoes.com
deviantart.com
desktopfw.weather.com
desktopfw.weather.com
search.yahoo.com
sidereel.com
desktopfw.weather.com
amazon.com
ads.specificmedia.com
image.baidu.com
desktopfw.weather.com
blogs.technet.com
image.baidu.com
secure-us.imrworldwide.com
video-stats.video.google.com
apple.com
l-userpic.livejournal.com
google.com
desktopfw.weather.com
apps.facebook.com
spike.com
ew.com
designbump.com
bing.com
ssrc.org
idsnews.com
search.yahoo.com
ad.doubleclick.net
gamespy.com
image.baidu.com
aol.com
metacafe.com
eyny.com
deviantart.com
kevinleopoldsenglishsyllabus.wikispaces.com
sports.espn.go.com
bs.serving-sys.com
wellscenter.iupui.edu
yahoo.com
desktopfw.weather.com
view.atdmt.com
bing.com
google.com
jcmc.indiana.edu
youtube-nocookie.com
stumbleupon.com
google.com
g2.ykimg.com
desktopfw.weather.com
video-stats.video.google.com
desktopfw.weather.com
my.yahoo.com
nba.com
mlb.mlb.com
google.com
news.yahoo.com
swingstateproject.com
gap.com
s.xvideos.com
desktopfw.weather.com
ads.undertone.com
yahoo.com
colbertnation.com
aol.com
veoh.com
ella.slis.indiana.edu
ec.atdmt.com
search.yahoo.com
stumbleupon.com
nytimes.com
google.com
collegehumor.com
nate.com
target.com
video-stats.video.google.com
google.com
teendestruction.com
bankofamerica.com
gdx.mlb.com
linkinghub.elsevier.com
google.com
bs.serving-sys.com
video-stats.video.google.com
google.com
desktopfw.weather.com
video-stats.video.google.com
switch.atdmt.com
msn.com
switch.atdmt.com
indianapublicmedia.org
google.com
stumbleupon.com
google.com
video-stats.video.google.com
google.com
video-stats.video.google.com
rustykestrel.livejournal.com
view.atdmt.com
google.com
nochelatina.com
gsy.or.kr
lezhin.com
godgame.com.tw
ad.doubleclick.net
profile.myspace.com
google.com
desktopfw.weather.com
kevinleopoldsenglishsyllabus.wikispaces.com
nbcsports.msnbc.com
iea.org
viewmorepics.myspace.com
video-stats.video.google.com
desktopfw.weather.com
gdx.mlb.com
escapistmagazine.com
image.baidu.com
readred.com
desktopfw.weather.com
desktopfw.weather.com
search.bbc.co.uk
bs.serving-sys.com
desktopfw.weather.com
google.com
m1.2mdn.net
searchservice.myspace.com
desktopfw.weather.com
google.com
veoh.com
bing.com
aolcdn.com
aol.com
dbzepisode.org
google.com
google.com
movies.msn.com
stumbleupon.com
apple.com
1188.com
hi.baidu.com
teendestruction.com
tvlistings.aol.com
elpais.com
google.com
google.com
c2.ac-images.myspacecdn.com
content.usatoday.com
nytimes.com
mail.google.com
new.facebook.com
forevertony1.spaces.live.com
bitsofwisdom.org
burstbeacon.com
video-stats.video.google.com
google.com
imdb.com
omnisport.tv
desktopfw.weather.com
pagead2.googlesyndication.com
waterjet.net
principiadiscordia.com
yahoo.com
player.cdn.targetspot.com
bs.serving-sys.com
desktopfw.weather.com
npr.org
cs.indiana.edu
bigtennetwork.com
apps.facebook.com
desktopfw.weather.com
switch.atdmt.com
boston.com
desktopfw.weather.com
search.yahoo.com
deviantart.com
video-stats.video.google.com
npr.org
desktopfw.weather.com
web.ebscohost.com
video-stats.video.google.com
desktopfw.weather.com
t.mookie1.com
digg.com
images.google.com
friends.myspace.com
item.taobao.com
google.com
baike.baidu.com
deviantart.com
google.com
target.com
teendestruction.com
my.yahoo.com
blackplanet.com
chicagotribune.com
target.com
lowes.com
bada.us
i.cdn.turner.com
ad-g.doubleclick.net
apple.com
ezinearticles.com
desktopfw.weather.com
godgame.com.tw
bs.serving-sys.com
bankofamerica.com
gevalia.com
new.facebook.com
ihsaa.org
nytimes.com
microsoft.com
globalgrind.com
static.fmpub.net
bs.serving-sys.com
loginsvc.cyworld.com
politico.com
idsoftware.com
image.baidu.com
nba.com
google.com
g-ecx.images-amazon.com
nba.com
video-stats.video.google.com
pagead2.googlesyndication.com
loginsvc.cyworld.com
weather.com
api.recaptcha.net
bs.serving-sys.com
finance.yahoo.com
google.com
vkontakte.ru
431.webim0068.webim.myspace.com
uncrate.com
google.com
trafficholder.com
washingtontimes.com
video-stats.video.google.com
nytimes.com
soccersuck.com
dell.msn.com
pricegrabber.com
google.com
meebo.com
desktopfw.weather.com
dealsea.com
search.ebscohost.com
video-stats.video.google.com
nochelatina.com
twitter.com
google.com
viewmorepics.myspace.com
watch-movies-online.tv
desktopfw.weather.com
whitepages.com
yahoo.co.jp
236.webim0423.webim.myspace.com
sports.espn.go.com
bs.serving-sys.com
desktopfw.weather.com
king.com
image.baidu.com
bp.specificclick.net
home.renren.com
informatics.indiana.edu
news.aol.com
harttweb.hartford.edu
msn.com
weather.com
afcyhf.com
media.spicynodes.org
mail.live.com
kongregate.com
ledsmagazine.com
football.fantasysports.yahoo.com
whitepages.com
google.com
google.com
image.baidu.com
askpop.com
nhl.com
loginsvc.cyworld.com
newegg.com
amazon.com
teendestruction.com
my.yahoo.com
google.com
desktopfw.weather.com
desktopfw.weather.com
cvs.com
sandals.com
google.cn
huaren.us
image.baidu.com
442.webim0316.webim.myspace.com
nytimes.com
apple.com
ads.specificmedia.com
google.com
yahoo.com
penciloflight.deviantart.com
google.com
informatics.indiana.edu
engr.iupui.edu
image.baidu.com
byfiles.storage.live.com
normalog.com
ad.doubleclick.net
google.com
google.com
optimized-by.rubiconproject.com
media.spicynodes.org
google.com
digg.com
google.com
huffingtonpost.com
view.atdmt.com
desktopfw.weather.com
keyoki.livejournal.com
google.com
desktopfw.weather.com
abduzeedo.com
waterjet.net
desktopfw.weather.com
dealighted.com
v.youku.com
google.com
nba.com
profile.myspace.com
youku.com
freakingnews.com
video-stats.video.google.com
gdx.mlb.com
google.com
waterjet.net
wesc.k12.in.us
movie.tudou.com
mylifeisaverage.com
image.baidu.com
xvideos.com
realclearpolitics.com
mtv.com
mangafox.com
mail.yahoo.com
omnisport.tv
informatics.indiana.edu
images.google.com
target.com
nba.com
mail.google.com
pagead2.googlesyndication.com
vimeo.com
politico.com
google.com
cbsnews.com
desktopfw.weather.com
slutload.com
nate.com
waterjet.net
azlyrics.com
deviantart.com
bs.serving-sys.com
google.com
ad.doubleclick.net
dealsea.com
c.brightcove.com
nba.com
marchingredcedar.blogspot.com
gevalia.com
image.baidu.com
desktopfw.weather.com
tags.bluekai.com
video-stats.video.google.com
kdisk.co.kr
video-stats.video.google.com
bs.serving-sys.com
google.com
google.com
desktopfw.weather.com
shop.ebay.com
bs.serving-sys.com
google.com
video-stats.video.google.com
ultimate-guitar.com
burstbeacon.com
match.com
sports.yahoo.com
otniga.blu.livefilestore.com
picnik.com
teendestruction.com
nhl.com
apple.com
view.atdmt.com
waterjet.net
yahoo.com
google.com
veoh.com
bankofamerica.com
penciloflight.deviantart.com
livejasmin.com
blogs.msdn.com
nate.com
pogo.com
tags.bluekai.com
wwpartner.taobao.com
google.co.in
informatics.indiana.edu
microsoft.com
ad.adtegrity.net
football.fantasysports.yahoo.com
burstbeacon.com
v.youku.com
google.ca
antiwar.com
globalgrind.com
desktopfw.weather.com
nbcsports.msnbc.com
m1.2mdn.net
bs.serving-sys.com
veoh.com
comingsoon.net
finance.google.com
home.live.com
secure-us.imrworldwide.com
s.wsj.net
boost.org
drudgereport.com
persiankitty.com
penciloflight.deviantart.com
mail.live.com
aol.com
static16.photo.sina.com.cn
metacafe.com
apple.com
kxnet.com
c.brightcove.com
nate.com
sex.com
nochelatina.com
apps.facebook.com
ticketmaster.com
mail.yahoo.com
messaging.myspace.com
espn-www.baynote.net
lg15.com
veoh.com
desktopfw.weather.com
google.com
worldofwarcraft.com
king.com
target.com
nytimes.com
desktopfw.weather.com
apple.com
m1.2mdn.net
secure-us.imrworldwide.com
parents.com
priceline.com
linkedin.com
sports.espn.go.com
google.com
ask.com
amazon.com
secure-us.imrworldwide.com
buddhaweb.googlepages.com
view.atdmt.com
penciloflight.deviantart.com
tashian.com
blowatlife.blogspot.com
news.tom.com
viewmorepics.myspace.com
mitbbs.com
blog.sina.com.cn
google.cn
google.com
g2.ykimg.com
ad.adtegrity.net
hittheice.com
desktopfw.weather.com
deviantart.com
pagead2.googlesyndication.com
digg.com
livejournal.com
webmail.aol.com
mail.live.com
m.www.yahoo.com
pagead2.googlesyndication.com
southparkstudios.com
parents.com
videojug.com
video-stats.video.google.com
messaging.myspace.com
boost.org
stumbleupon.com
xinhuanet.com
woot.com
d13.zedo.com
aol.com
verizonwireless.com
nuklearpower.com
adszooks.com
nba.com
ncbi.nlm.nih.gov
friends.myspace.com
static.twitter.com
search.yahoo.com
news.xinhuanet.com
cartoon.media.daum.net
bs.serving-sys.com
i.cdn.turner.com
www3.interscience.wiley.com.proxy.medlib.iupui.edu
cfile255.uf.daum.net
watch-movies-online.tv
static11.photo.sina.com.cn
video-stats.video.google.com
images.google.com
images.google.com
jcmc.indiana.edu
adserver.adtechus.com
desktopfw.weather.com
google.com
v.youku.com
bs.serving-sys.com
ad.globalinteractive.com
kr.yahoo.com
community.livejournal.com
desktopfw.weather.com
msn.com
google.com
google.com
viewmorepics.myspace.com
home.live.com
solutions.com
ustream.tv
harttweb.hartford.edu
desktopfw.weather.com
fanfiction.net
amazon.com
images.google.com
dygod.com
yahoo.com
cyworld.com
secure-us.imrworldwide.com
cnn.com
mickeyhart.net
google.com
bs.serving-sys.com
aol.com
bmwusa.com
stumbleupon.com
google.com
fanfiction.net
weather.yahoo.com
careerbuilder.com
desktopfw.weather.com
secure-us.imrworldwide.com
search.yahoo.com
teendestruction.com
desktopfw.weather.com
gsn.com
ad.jp.doubleclick.net
foxnews.com
nba.com
cell.com
pagead2.googlesyndication.com
tag.contextweb.com
google.com
gourmandia.com
songs.pk
screwattack.com
desktopfw.weather.com
desktopfw.weather.com
4chan.org
netflix.com
desktopfw.weather.com
friends.myspace.com
veoh.com
desktopfw.weather.com
bs.serving-sys.com
math.iupui.edu
en.wikipedia.org
wired.com
desktopfw.weather.com
nz.answers.yahoo.com
boost.org
kbs.co.kr
scores.espn.go.com
pagead2.googlesyndication.com
bs.serving-sys.com
google.com
video-stats.video.google.com
jcrew.com
images.google.com
basketball.fantasysports.yahoo.com
aol.com
spreeblick.com
espn-www.baynote.net
news.yahoo.com
espn-www.baynote.net
desktopfw.weather.com
en.wikipedia.org
mlb.mlb.com
c.brightcove.com
boost.org
ew.com
kaixin001.com
d4.sina.com.cn
target.com
player.cdn.targetspot.com
core.insightexpressai.com
video-stats.video.google.com
ads.specificmedia.com
theonion.com
hulu.com
apps.facebook.com
mitbbs.com
desktopfw.weather.com
ovidsp.tx.ovid.com
ib.adnxs.com
hk.yahoo.com
131.webim0018.webim.myspace.com
deviantart.com
target.com
desktopfw.weather.com
bs.serving-sys.com
ezday.co.kr
teendestruction.com
video-stats.video.google.com
c.adroll.com
video-stats.video.google.com
reviewcars.blogspot.com
g2.ykimg.com
gravatar.com
desktopfw.weather.com
adultswim.com
stumbleupon.com
washingtonpost.com
nexplore.com
google.com
nba.com
oah.org
img07.taobaocdn.com
t.mookie1.com
desktopfw.weather.com
cyworld.com
nba.com
cyworld.com
cartoon.media.daum.net
adserver.adtechus.com
242.webim0366.webim.myspace.com
google.com
nytimes.com
video-stats.video.google.com
pornhub.com
google.com
ad.doubleclick.net
webmail.aol.com
image.baidu.com
my.yahoo.com
search.yahoo.com
mail.yahoo.com
desktopfw.weather.com
xvideos.com
mail.live.com
news.naver.com
deviantart.com
tw.yahoo.com
waterjet.net
www3.interscience.wiley.com.proxy.medlib.iupui.edu
rhapsody.com
google.com
google.com
spike.com
deviantart.com
indianapublicmedia.org
bing.com
desktopfw.weather.com
desktopfw.weather.com
27494d3e1b041c40.users.storage.live.com
images.google.com
guitarcenter.com
youtube-nocookie.com
nbcsports.msnbc.com
google.com
search.yahoo.com
video-stats.video.google.com
flickr.com
google.com
teendestruction.com
new.facebook.com
desktopfw.weather.com
google.com
totalbeauty.com
google.com
gn.naver.com
search.ebscohost.com
google.com
boost.org
desktopfw.weather.com
core.insightexpressai.com
ad.reduxmedia.com
google.com
mlb.mlb.com
hulu.com
teendestruction.com
google.com
google.com
quote.cnbc.com
t.mookie1.com
bs.serving-sys.com
teendestruction.com
marcjohns.com
sports-ak.espn.go.com
chicagotribune.com
google.com
google.com
ad.doubleclick.net
video-stats.video.google.com
video-stats.video.google.com
wired.com
cu-market.com.cn
waterjet.net
google.com
desktopfw.weather.com
ads.revsci.net
m1.2mdn.net
tudou.com
learn.genetics.utah.edu
investopedia.com
penciloflight.deviantart.com
video-stats.video.google.com
video-stats.video.google.com
desktopfw.weather.com
google.com
woot.com
news.aol.com
hk.search.yahoo.com
video-stats.video.google.com
ib.adnxs.com
amazon.com
google.com
kongregate.com
google.com
cwtv.com
desktopfw.weather.com
google.com
google.com
dailymotion.com
search.yahoo.com
search.yahoo.com
daum.net
mlb.mlb.com
streamate.com
google.com
desktopfw.weather.com
nytimes.com
bing.com
segye.com
press.princeton.edu
ads.specificmedia.com
pixel.invitemedia.com
wenxuecity.com
atpworldtour.com
sidereel.com
desktopfw.weather.com
web4.c2.cyworld.com
dvdvideosoft.com
google.com
google.com
video-stats.video.google.com
cyworld.com
desktopfw.weather.com
thefields.com
target.com
google.com
renren.com
mail.google.com
tag.contextweb.com
kdisk.co.kr
ad.naver.com
msn.com
msn.com
target.com
web4.c2.cyworld.com
idsnews.com
search.ebscohost.com
web4.c2.cyworld.com
44.adsina.allyes.com
web4.c2.cyworld.com
google.com
ad.ae.doubleclick.net
message.tudou.com
video-stats.video.google.com
meta.wikimedia.org
desktopfw.weather.com
informatics.indiana.edu
gsy.or.kr
t.mookie1.com
video-stats.video.google.com
att.my.yahoo.com
desktopfw.weather.com
ad.globalinteractive.com
desktopfw.weather.com
bing.com
web4.c2.cyworld.com
nate.com
readred.com
club.myce.com
expedia.com
video-stats.video.google.com
mikestools.com
google.com
airbnb.com
ad-g.doubleclick.net
tcm.com
biocrawler.com
google.com
wretch.cc
desktopfw.weather.com
desktopfw.weather.com
rivals.com
segye.com
rcws.eyereturn.com
waterjet.net
tags.bluekai.com
pixel.invitemedia.com
network.kitaramarketplace.com
segye.com
desktopfw.weather.com
southwest.com
blog.naver.com
modernhomemodernbaby.com
google.com
video-stats.video.google.com
blog.sina.com.cn
bing.com
swiss-miss.com
desktopfw.weather.com
math.iupui.edu
news.teamxbox.com
mitbbs.com
video-stats.video.google.com
mail.live.com
482.webim0444.webim.myspace.com
foxnews.us.intellitxt.com
staff.lib.msu.edu
hulu.com
video-stats.video.google.com
expertfootball.com
pagead2.googlesyndication.com
bs.serving-sys.com
core.insightexpressai.com
adam4adam.com
gn.naver.com
g2.ykimg.com
google.cn
informatics.indiana.edu
vip.51.la
video-stats.video.google.com
pornhub.com
amazon.com
teendestruction.com
sports.yahoo.com
livejasmin.com
191.webim0358.webim.myspace.com
office.microsoft.com
woot.com
desktopfw.weather.com
desktopfw.weather.com
xvideos.com
search.yahoo.com
l.yimg.com
ib.adnxs.com
desktopfw.weather.com
mail.live.com
penciloflight.deviantart.com
sina.com.cn
desktopfw.weather.com
view.atdmt.com
deviantart.com
desktopfw.weather.com
a.espncdn.com
sina.com.cn
nytimes.com
woot.com
teacherscount.org
player.xmradio.com
video-stats.video.google.com
plurk.com
deviantart.com
sports.espn.go.com
video-stats.video.google.com
toolbar.google.com
m1.2mdn.net
rivals.com
veoh.com
bs.serving-sys.com
mail.google.com
club.myce.com
google.com.tw
target.com
nytimes.com
google.com
video-stats.video.google.com
digg.com
desktopfw.weather.com
bs.serving-sys.com
target.com
google.com
google.com
pgatour.com
cfile92.uf.daum.net
video-stats.video.google.com
cdn.optmd.com
video-stats.video.google.com
my.ebay.com
firth.com
plurk.com
360.webim0018.webim.myspace.com
att.my.yahoo.com
segye.com
pages.ebay.com
sendables.jibjab.com
video-stats.video.google.com
chem.iupui.edu
google.com
indianapublicmedia.org
nursingsociety.org
stumbleupon.com
vimeo.com
desktopfw.weather.com
wunderground.com
trumba.com
search.yahoo.com
phdcomics.com
web4.c2.cyworld.com
desktopfw.weather.com
google.com
google.com
google.com
video-stats.video.google.com
google.com
desktopfw.weather.com
web4.c2.cyworld.com
google.com
gdx.mlb.com
desktopfw.weather.com
betacycling.blogspot.com
cafe427.daum.net
blog.sina.com.cn
pixel.rubiconproject.com
weather.com
video-stats.video.google.com
secure-us.imrworldwide.com
bing.com
sendables.jibjab.com
support.xbox.com
math.iupui.edu
target.com
blog.daum.net
bs.serving-sys.com
boost.org
webmail.aol.com
amazon.com
ashleymadison.com
images.google.com
google.com
adultfriendfinder.com
sports.espn.go.com
apps.renren.com
renren.com
gothamist.com
aim.com
cracked.com
msn.com
stumbleupon.com
google.com
tbs.com
desktopfw.weather.com
mt1.google.com
video-stats.video.google.com
segye.com
desktopfw.weather.com
target.com
desktopfw.weather.com
google.com
ads.revsci.net
styleforum.net
desktopfw.weather.com
llbean.com
google.com
teendestruction.com
fls.doubleclick.net
desktopfw.weather.com
usatoday.com
teendestruction.com
web4.c2.cyworld.com
109.webim0366.webim.myspace.com
apple.com
google.com
ad.globalinteractive.com
web4.c2.cyworld.com
viewmorepics.myspace.com
google.com
google.com
betacycling.blogspot.com
bs.serving-sys.com
lezhin.com
google.com
deviantart.com
sugardaddyforme.com
google.com
timesofindia.indiatimes.com
teendestruction.com
video-stats.video.google.com
ebaumsworld.com
rx8kl6yf4x.cs.serialssolutions.com
core.insightexpressai.com
desktopfw.weather.com
desktopfw.weather.com
images.google.com
google.com
new.facebook.com
waterjet.net
video-stats.video.google.com
mylifeisaverage.com
netflix.com
buy.com
google.com
google.com
penciloflight.deviantart.com
viewmorepics.myspace.com
mitbbs.com
cell.com
50.webim0156.webim.myspace.com
desktopfw.weather.com
jackson-rathbone.com
hamline.edu
cgi.cs.indiana.edu
bs.serving-sys.com
desktopfw.weather.com
viewmorepics.myspace.com
video-stats.video.google.com
msn.com
blogs.msdn.com
curse.com
bs.serving-sys.com
google.com
oldnavy.gap.com
google.com
infotrac.galegroup.com.proxy.ulib.iupui.edu
370.webim0366.webim.myspace.com
officedepot.com
cnn.com
nursingsociety.org
chelseafc.com
google.com
cook.chem.indiana.edu
politico.com
m1.2mdn.net
informatics.indiana.edu
tap.rubiconproject.com
projectwonderful.com
keywordmax.com
webmail.aol.com
segye.com
bs.serving-sys.com
desktopfw.weather.com
web4.c2.cyworld.com
digg.com
boston.com
gsn.com
desktopfw.weather.com
support.xbox.com
t.mookie1.com
target.com
weather.com
ad.doubleclick.net
150.webim0366.webim.myspace.com
mlb.mlb.com
careerbuilder.com
tw.yahoo.com
video-stats.video.google.com
my.freeze.com
ad.globalinteractive.com
view.atdmt.com
fandango.com
video-stats.video.google.com
bing.com
881903.com
bing.com
home.myspace.com
google.com
deviantart.com
g2.ykimg.com
oah.org
southwest.com
slickdeals.net
mail.google.com
video-stats.video.google.com
tw.yahoo.com
desktopfw.weather.com
godgame.com.tw
cubics.com
penciloflight.deviantart.com
desktopfw.weather.com
bs.serving-sys.com
desktopfw.weather.com
action.media6degrees.com
web4.c2.cyworld.com
afcyhf.com
google.com
messaging.myspace.com
google.com
bs.serving-sys.com
letsrun.com
ad.doubleclick.net
desktopfw.weather.com
bing.com
desktopfw.weather.com
desktopfw.weather.com
desktopfw.weather.com
google.com
twitter.com
byfiles.storage.msn.com
bs.serving-sys.com
video-stats.video.google.com
google.com
video-stats.video.google.com
desktopfw.weather.com
uesp.net
mt1.google.com
phdcomics.com
desktopfw.weather.com
odmp.org
s.xvideos.com
nba.com
desktopfw.weather.com
ad.doubleclick.net
video-stats.video.google.com
weather.com
kr.msn.com
viewmorepics.myspace.com
idsnews.com
l.yimg.com
img.web.de
341.webim0416.webim.myspace.com
google.com
m.espn.go.com
blogs.myspace.com
images.google.com
ad.doubleclick.net
google.com
web4.c2.cyworld.com
target.com
tyrashow.warnerbros.com
support.xbox.com
video-stats.video.google.com
cell.com
scholar.google.com
bs.serving-sys.com
adparlor.com
google.com
teendestruction.com
video-stats.video.google.com
google.com
vip.51.la
video-stats.video.google.com
ads.revsci.net
my.freeze.com
mail.google.com
fls.doubleclick.net
video-stats.video.google.com
atpworldtour.com
search.yahoo.com
people.com
web4.c2.cyworld.com
parents.com
pops.freeze.com
indystar.com
math.iupui.edu
pandora.com
desktopfw.weather.com
open-mpi.org
faithlutheranbloomington.org
desktopfw.weather.com
web.ebscohost.com
target.com
en.wikipedia.org
google.com
mlb.mlb.com
renren.com
bs.serving-sys.com
kr.msn.com
cnn.com
adserv.impactengine.com
video-stats.video.google.com
desktopfw.weather.com
google.com
nahse.org
segye.com
loginsvc.cyworld.com
desktopfw.weather.com
textsfromlastnight.com
us.mg4.mail.yahoo.com
kongregate.com
gdx.mlb.com
desktopfw.weather.com
informatics.indiana.edu
desktopfw.weather.com
pandora.com
desktopfw.weather.com
desktopfw.weather.com
target.com
indianapublicmedia.org
nba.com
askmen.com
secure-us.imrworldwide.com
nbcsports.msnbc.com
bing.com
cvs.com
people.com
stumbleupon.com
ads.revsci.net
blackplanet.com
aes.iupui.edu
google.com
webmail.aol.com
colts.com
toptvbytes.com
cgi.ebay.com
google.com
images.google.com
bmwusa.com
google.com
adready.com
google.com
watch-movies-online.tv
home.austarnet.com.au
crunchyroll.com
desktopfw.weather.com
web.nutn.edu.tw
desktopfw.weather.com
video-stats.video.google.com
webmail.aol.com
desktopfw.weather.com
movie.tudou.com
pubads.g.doubleclick.net
desktopfw.weather.com
target.com
godgame.com.tw
video-stats.video.google.com
waterjet.net
web4.c2.cyworld.com
google.com
pgatour.com
google.com
web4.c2.cyworld.com
452.webim0444.webim.myspace.com
spike.com
cnn.com
desktopfw.weather.com
video-stats.video.google.com
wunderground.com
sports.espn.go.com
google.com
mylifeisaverage.com
desktopfw.weather.com
segye.com
secure-us.imrworldwide.com
lequipe.fr
view.atdmt.com
web4.c2.cyworld.com
penciloflight.deviantart.com
desktopfw.weather.com
fandango.com
mail.google.com
waterjet.net
rivals.yahoo.com
stumbleupon.com
desktopfw.weather.com
google.com
target.com
ad.doubleclick.net
tag.contextweb.com
up.nytimes.com
mail.google.com
desktopfw.weather.com
video-stats.video.google.com
bing.com
secure-us.imrworldwide.com
giveawayoftheday.com
indianapublicmedia.org
pixel.rubiconproject.com
xvideos.com
tudou.com
google.com
home.myspace.com
video-stats.video.google.com
cid-eef99c11571b4d82.skydrive.live.com
web4.c2.cyworld.com
teendestruction.com
htc.com
ad.turn.com
google.com
newdaily.co.kr
penciloflight.deviantart.com
godgame.com.tw
gaiaonline.com
desktopfw.weather.com
desktopfw.weather.com
target.com
desktopfw.weather.com
search.yahoo.com
desktopfw.weather.com
ad.doubleclick.net
stumbleupon.com
desktopfw.weather.com
desktopfw.weather.com
waterjet.net
adultfriendfinder.com
webmail.aol.com
desktopfw.weather.com
en.wiktionary.org
apps.facebook.com
pagead2.googlesyndication.com
video-stats.video.google.com
google.com
cs.indiana.edu
daiwon.co.kr
desktopfw.weather.com
google.com
v.youku.com
allsearchit.com
google.com
feeds.feedburner.com
video-stats.video.google.com
google.com
informit.com
secure-us.imrworldwide.com
t.mookie1.com
video-stats.video.google.com
hani.co.kr
viewmorepics.myspace.com
desktopfw.weather.com
google.com
nba.com
google.com
video-stats.video.google.com
dailymotion.com
google.com
tags.kotaku.com
bs.serving-sys.com
daiwon.co.kr
webmail.aol.com
video-stats.video.google.com
media.trafficjunky.net
target.com
ad.doubleclick.net
blog.naver.com
mangafox.com
mchoralhealth.org
scores.espn.go.com
desktopfw.weather.com
core.insightexpressai.com
blog.naver.com
desktopfw.weather.com
webmail.aol.com
bs.serving-sys.com
welcome.mail.aol.com
web4.c2.cyworld.com
nytimes.com
netflix.com
video-stats.video.google.com
ad.doubleclick.net
neopets.com
rhapsody.com
hotwire.com
informatics.indiana.edu
freeones.com
nicekicks.com
indianapublicmedia.org
jstor.org
apps.facebook.com
messaging.myspace.com
372.webim0419.webim.myspace.com
forum.colts.com
ad.globalinteractive.com
gourmandia.com
twitter.com
desktopfw.weather.com
eonline.com
google.com
stumbleupon.com
news.tom.com
secure-us.imrworldwide.com
ad.doubleclick.net
cafe427.daum.net
v.youku.com
espn-www.baynote.net
metacafe.com
gamefaqs.com
mail.yahoo.com
answers.dsw.com
xvideos.com
concreteloop.com
desktopfw.weather.com
265.com
cell.com
search.yahoo.com
msn.com
merriam-webster.us.intellitxt.com
objects.tremormedia.com
stanford.edu
stumbleupon.com
wenxuecity.com
datpiff.com
marketwatch.com
desktopfw.weather.com
hulu.com
viewmorepics.myspace.com
desktopfw.weather.com
ad-g.doubleclick.net
medicine.iu.edu
secure-us.imrworldwide.com
hulu.com
google.com
gametrailers.com
apple.com
xvideos.com
ad.doubleclick.net
expressions.aim.com
netflix.com
google.com
wenxuecity.com
stumbleupon.com
imdb.com
livejasmin.com
i.cdn.turner.com
desktopfw.weather.com
pagead2.googlesyndication.com
huffingtonpost.com
google.com
google.com
desktopfw.weather.com
fridayzone.org
136.webim0358.webim.myspace.com
view.atdmt.com
taikeian.net
ss.uk.ask.com
hulu.com
c.brightcove.com
target.com
cafe427.daum.net
informatics.indiana.edu
apple.com
video-stats.video.google.com
yahoo.com
pagead2.googlesyndication.com
130.webim0316.webim.myspace.com
desktopfw.weather.com
livejasmin.com
deviantart.com
google.com
pandora.com
google.com
nbcsports.msnbc.com
math.hmc.edu
target.com
m1.2mdn.net
video-stats.video.google.com
foxnews.us.intellitxt.com
google.com
view.atdmt.com
nanowrimo.org
s.xvideos.com
bearpawboots.com
zales.com
apple.com
google.com
netflix.com
ncbi.nlm.nih.gov
images.google.com
google.com
s7.addthis.com
trumba.com
blogs.myspace.com
google.com
yahoo.com
mail.google.com
tattooinchicago.blogspot.com
mail.google.com
waterjet.net
spreadsheets.google.com
bebo.com
battlecreekenquirer.com
desktopfw.weather.com
wwar.storm8.com
abercrombie.com
desktopfw.weather.com
secure-us.imrworldwide.com
lequipe.fr
gaiaonline.com
desktopfw.weather.com
readred.com
ovidsp.tx.ovid.com.proxy.medlib.iupui.edu
desktopfw.weather.com
4info.com
aolcdn.com
ncbi.nlm.nih.gov
switch.atdmt.com
secure-us.imrworldwide.com
clickclickclick.com
msn.com
renren.com
ad-g.doubleclick.net
cgi.cs.indiana.edu
blog.naver.com
lxkoru.blogspot.com
t.mookie1.com
ncbi.nlm.nih.gov
desktopfw.weather.com
ads.sina.com
boost.org
google.com
dict.cn
vodguide.pps.tv
cluster.adultadworld.com
google.com
broadband.espn.go.com
cn.msn.com
video-stats.video.google.com
video-stats.video.google.com
ad.doubleclick.net
ib.adnxs.com
bs.serving-sys.com
mediafire.com
toolbar.google.com
loginsvc.cyworld.com
google.com
en.allexperts.com
ad.doubleclick.net
video-stats.video.google.com
stumbleupon.com
welcome.mail.aol.com
google.com
home.myspace.com
ad.doubleclick.net
sports.sina.com.cn
cell.com
ad.doubleclick.net
stationdata.wunderground.com
video-stats.video.google.com
i.cdn.turner.com
visitlasvegas.com
desktopfw.weather.com
apple.com
teendestruction.com
stationdata.wunderground.com
381.webim0074.webim.myspace.com
livejasmin.com
google.com
video-stats.video.google.com
buy.com
bs.serving-sys.com
mystyle.com
clickbangpop.com
stationdata.wunderground.com
proquest.safaribooksonline.com
desktopfw.weather.com
m1.2mdn.net
gaiaonline.com
cyworld.com
letv.com
cdn.royale.spongecell.com
up.about.com
optimized-by.rubiconproject.com
picnik.com
sidereel.com
cdn0.mobwarsapp.com
nba.com
stationdata.wunderground.com
desktopfw.weather.com
cfile92.uf.daum.net
fls.doubleclick.net
masrawy.com
penciloflight.deviantart.com
vodguide.pps.tv
sports.sina.com.cn
stationdata.wunderground.com
qq.com
video-stats.video.google.com
spike.com
sendables.jibjab.com
aes.iupui.edu
msg.baidu.com
idsnews.com
woot.com
google.com
gabrielkahane.com
stationdata.wunderground.com
new.facebook.com
google.com
webmail.aol.com
teendestruction.com
player.cdn.targetspot.com
bs.serving-sys.com
desktopfw.weather.com
stationdata.wunderground.com
desktopfw.weather.com
desktopfw.weather.com
nicekicks.com
stationdata.wunderground.com
cafe.naver.com
desktopfw.weather.com
wretch.cc
desktopfw.weather.com
uesp.net
bing.com
target.com
htosports.com
hulu.com
search.china.alibaba.com
renren.com
deviantart.com
video-stats.video.google.com
hulu.com
google.com
stationdata.wunderground.com
stumbleupon.com
google.com
fox.com
penciloflight.deviantart.com
desktopfw.weather.com
assets.espn.go.com
pagead2.googlesyndication.com
apps.facebook.com
boost.org
video-stats.video.google.com
google.com
core.insightexpressai.com
www2.timesdispatch.com
desktopfw.weather.com
cgi.cs.indiana.edu
primeoutlets.com
pixel.rubiconproject.com
search.yahoo.com
stationdata.wunderground.com
video-stats.video.google.com
google.com
ad.doubleclick.net
video-stats.video.google.com
desktopfw.weather.com
nike.com
cwtv.com
desktopfw.weather.com
google.com
open-mpi.org
stationdata.wunderground.com
abercrombie.com
stumbleupon.com
msn.com
google.com.tw
slutload.com
my.yahoo.com
primeoutlets.com
stumbleupon.com
stationdata.wunderground.com
hoosierdata.in.gov
video-stats.video.google.com
uesp.net
medleyads.com
desktopfw.weather.com
hulu.com
teendestruction.com
coolchaser.com
bbs.sumisora.com
tv.com
stationdata.wunderground.com
tv.com
pinkpt.com
google.com
target.com
stationdata.wunderground.com
office.microsoft.com
deviantart.com
ws.amazon.com
desktopfw.weather.com
google.com
worldofwarcraft.com
google.com
desktopfw.weather.com
video-stats.video.google.com
mail.google.com
elpais.com
ihsaa.org
foto.radar.imgsmail.ru
desktopfw.weather.com
microsoft.com
google.com.tw
ad-g.doubleclick.net
stationdata.wunderground.com
boston.com
penciloflight.deviantart.com
mlb.mlb.com
sports.espn.go.com
daiwon.co.kr
video.baidu.com
teendestruction.com
122.webim0265.webim.myspace.com
google.com
stationdata.wunderground.com
livejasmin.com
nytimes.com
stationdata.wunderground.com
ws.amazon.com
pixel.rubiconproject.com
cafe427.daum.net
viewmorepics.myspace.com
google.cn
cs.indiana.edu
yahoo.com
home.live.com
t.mookie1.com
desktopfw.weather.com
viddler.com
google.com
ib.adnxs.com
daiwon.co.kr
en.wikipedia.org
stumbleupon.com
nrg.co.il
stationdata.wunderground.com
apps.facebook.com
medleyads.com
htc.com
burstbeacon.com
penciloflight.deviantart.com
ad.globalinteractive.com
nba.com
metrics.impactengine.com
c.brightcove.com
bazbeaux.com
nate.com
indianapublicmedia.org
gap.com
rk.com
stationdata.wunderground.com
google.com
google.com
ad.doubleclick.net
orbitz.com
bs.serving-sys.com
bing.com
media.trafficjunky.net
gravatar.com
wunderground.com
azlyrics.com
iciba.com
bing.com
boost.org
50.webim0156.webim.myspace.com
desktopfw.weather.com
aol.com
teendestruction.com
stationdata.wunderground.com
s7d2.scene7.com
clickserve.cc-dt.com
desktopfw.weather.com
indianapublicmedia.org
stationdata.wunderground.com
disneymovieslist.com
tags.bluekai.com
video-stats.video.google.com
vimeo.com
b.scorecardresearch.com
z100.com
bankofamerica.com
news.sina.com.cn
teendestruction.com
google.com
desktopfw.weather.com
politico.com
teendestruction.com
130.webim0316.webim.myspace.com
tag.contextweb.com
video-stats.video.google.com
stationdata.wunderground.com
google.com
video-stats.video.google.com
ads.specificmedia.com
stationdata.wunderground.com
primeoutlets.com
cracked.com
solutions.com
google.com
desktopfw.weather.com
viewmorepics.myspace.com
video-stats.video.google.com
teendestruction.com
ts3.explicit.bing.net
tianya.cn
google.com
desktopfw.weather.com
stationdata.wunderground.com
bs.serving-sys.com
bs.serving-sys.com
bs.serving-sys.com
cbs.com
primeoutlets.com
google.com
danawa.com
bebo.com
google.com
google.com
google.com
weather.com
desktopfw.weather.com
espn-www.baynote.net
cfile268.uf.daum.net
iv.doubleclick.net
video-stats.video.google.com
kr.news.yahoo.com
toolbar.google.com
desktopfw.weather.com
stationdata.wunderground.com
sp.fastclick.net
desktopfw.weather.com
web.51.la
mail.live.com
stationdata.wunderground.com
desktopfw.weather.com
google.com
googleblog.blogspot.com
broadband.espn.go.com
bose.cn
stationdata.wunderground.com
idsnews.com
video.google.com
5173.com
video-stats.video.google.com
slis.indiana.edu
images.google.com
viewmorepics.myspace.com
stationdata.wunderground.com
cntf-cnxc.org
npr.org
bs.serving-sys.com
desktopfw.weather.com
images.google.com
people.com
stationdata.wunderground.com
apple.com
fls.doubleclick.net
blogger.com
sports.espn.go.com
welcome.mail.aol.com
boost.org
idsnews.com
video-stats.video.google.com
desktopfw.weather.com
stationdata.wunderground.com
shopbop.com
weather.com
google.com
images.google.com
securereg3.prometric.com
video-stats.video.google.com
stationdata.wunderground.com
media.trafficjunky.net
waterjet.net
stationdata.wunderground.com
blog.naver.com
desktopfw.weather.com
gsn.com
m.www.yahoo.com
core.insightexpressai.com
desktopfw.weather.com
stationdata.wunderground.com
pagead2.googlesyndication.com
bs.serving-sys.com
us.mg4.mail.yahoo.com
video-stats.video.google.com
adserver.adtechus.com
wwar.storm8.com
stationdata.wunderground.com
bs.serving-sys.com
teendestruction.com
desktopfw.weather.com
tags.bluekai.com
whitepages.com
en.wikipedia.org
gsy.or.kr
waterjet.net
desktopfw.weather.com
msn.com
stationdata.wunderground.com
video-stats.video.google.com
google.com
desktopfw.weather.com
oldnavy.gap.com
desktopfw.weather.com
google.com
dealcatcher.com
google.com
wenxuecity.com
apple.com
stationdata.wunderground.com
store.corel.com
cs.indiana.edu
google.com.tw
cartoon.media.daum.net
nursingsociety.org
google.com
gossiprocks.com
video-stats.video.google.com
stationdata.wunderground.com
bs.serving-sys.com
desktopfw.weather.com
m1.2mdn.net
google.com
sports.espn.go.com
pds112.cafe.daum.net
s7.addthis.com
ovguide.com
desktopfw.weather.com
stationdata.wunderground.com
cafe427.daum.net
mail.yahoo.com
mail.google.com
penciloflight.deviantart.com
desktopfw.weather.com
stationdata.wunderground.com
cyworld.com
home.myspace.com
tieba.baidu.com
desktopfw.weather.com
desktopfw.weather.com
health.bsd.uchicago.edu
ad.reduxmedia.com
switch.atdmt.com
msn.com
gametrailers.com
stationdata.wunderground.com
stumbleupon.com
waterjet.net
stationdata.wunderground.com
bs.serving-sys.com
desktopfw.weather.com
gourmandia.com
venganza.org
bing.com
woot.com
adready.com
brandibelle.com
digg.com
stationdata.wunderground.com
waterjet.net
primeoutlets.com
ad.naver.com
ebay.com
espn-www.baynote.net
video-stats.video.google.com
video-stats.video.google.com
pagead2.googlesyndication.com
uesp.net
fandango.com
stationdata.wunderground.com
renren.com
stationdata.wunderground.com
ad.reduxmedia.com
eonline.com
ncbi.nlm.nih.gov
google.com
hp-laptop.aol.com
theoatmeal.com
gateway.com
desktopfw.weather.com
secure-us.imrworldwide.com
sportsseoul.com
desktopfw.weather.com
aol.com
desktopfw.weather.com
video-stats.video.google.com
stationdata.wunderground.com
nbc.com
wesc.k12.in.us
kugou.com
sidereel.com
digg.com
stationdata.wunderground.com
desktopfw.weather.com
5173.com
slirsredirect.search.aol.com
stationdata.wunderground.com
jjangfile.net
rivals.yahoo.com
addictinggames.com
deviantart.com
target.com
desktopfw.weather.com
loginsvc.cyworld.com
bing.com
bada.us
sports.espn.go.com
nba.com
stationdata.wunderground.com
sports.espn.go.com
video-stats.video.google.com
game3.pogo.com
usatoday.com
search.yahoo.com
marthastewart.com
msnbc.msn.com
aol.com
bs.serving-sys.com
intellicast.com
view.atdmt.com
ads.undertone.com
secure-us.imrworldwide.com
adrive.com
stationdata.wunderground.com
stationdata.wunderground.com
expedia.com
web.ebscohost.com
tags.kotaku.com
video-stats.video.google.com
bs.serving-sys.com
blog.masslive.com
wcext.target.com
burstnet.com
teendestruction.com
timesofindia.indiatimes.com
nanowrimo.org
search.yahoo.com
stationdata.wunderground.com
google.com
bs.serving-sys.com
pixel.rubiconproject.com
stationdata.wunderground.com
t.mookie1.com
aes.iupui.edu
elpais.com
fls.doubleclick.net
m.www.yahoo.com
view.atdmt.com
secure-us.imrworldwide.com
merriam-webster.com
stationdata.wunderground.com
inven.co.kr
cfile92.uf.daum.net
ad.doubleclick.net
bs.serving-sys.com
sports.sina.com.cn
youku.com
stationdata.wunderground.com
yahoo.com
google.com
desktopfw.weather.com
video-stats.video.google.com
bs.serving-sys.com
stationdata.wunderground.com
cdni.llbean.com
desktopfw.weather.com
mlb.mlb.com
google.com
video-stats.video.google.com
google.com
desktopfw.weather.com
video-stats.video.google.com
stationdata.wunderground.com
angelfire.com
cubics.com
dict.cn
viddler.com
cn.adserver.yahoo.com
ib.adnxs.com
stationdata.wunderground.com
google.com
desktopfw.weather.com
penciloflight.deviantart.com
atpworldtour.com
cn.msn.com
tyrashow.warnerbros.com
target.com
google.com
cbssports.com
mtv.com
desktopfw.weather.com
6lyrics.com
desktopfw.weather.com
inven.co.kr
amazon.com
video-stats.video.google.com
stationdata.wunderground.com
google.com
target.com
g1.ykimg.com
apple.com
pa.yahoo.com
xtube.com
view.atdmt.com
ts4.explicit.bing.net
google.com
video-stats.video.google.com
target.com
igmoon.com
deviantart.com
desktopfw.weather.com
hulu.com
video-stats.video.google.com
informatics.indiana.edu
search.yahoo.com
apple.com
secure-us.imrworldwide.com
image.baidu.com
searchservice.myspace.com
search.ebscohost.com
broadband.espn.go.com
google.com
mail.yahoo.com
ads.predictad.com
video-stats.video.google.com
gdx.mlb.com
trumba.com
mitbbs.com
nytimes.com
yahoo.com
item.taobao.com
go.daum.net
online.wsj.com
reddit.com
ad.doubleclick.net
sports.yahoo.com
desktopfw.weather.com
friends.myspace.com
aes.iupui.edu
apple.com
54.webim0366.webim.myspace.com
desktopfw.weather.com
s7.addthis.com
video-stats.video.google.com
image.baidu.com
desktopfw.weather.com
searchservice.myspace.com
desktopfw.weather.com
steepandcheap.com
sportsseoul.com
bs.serving-sys.com
images.vodone.com
home.renren.com
mail.google.com
baike.baidu.com
desktopfw.weather.com
desktopfw.weather.com
linkinghub.elsevier.com
playforum.net
viewmorepics.myspace.com
target.com
stumbleupon.com
centsports.com
desktopfw.weather.com
districtlines.com
stationdata.wunderground.com
view.atdmt.com
cn.yahoo.com
nba.com
media.trafficjunky.net
image.baidu.com
espn-www.baynote.net
media.trafficjunky.net
swiss-miss.com
google.com
m1.2mdn.net
tieba.baidu.com
desktopfw.weather.com
desktopfw.weather.com
travelb.priceline.com
cracked.com
chat.aim.com
picasaweb.google.com
image.baidu.com
drudgereport.com
search.ebscohost.com
image.baidu.com
google.com
cbs.com
loginsvc.cyworld.com
282.webim0366.webim.myspace.com
teendestruction.com
foxnews.us.intellitxt.com
google.com
google.com
penciloflight.deviantart.com
bio.indiana.edu
searchservice.myspace.com
sports.espn.go.com
mp3.baidu.com
ib.adnxs.com
deviantart.com
core.insightexpressai.com
secure-us.imrworldwide.com
video-stats.video.google.com
google.com
dealsea.com
stationdata.wunderground.com
patriotboy.blogspot.com
idsnews.com
google.com
ad.globalinteractive.com
yahoo.com
msn.com
v.youku.com
stationdata.wunderground.com
video-stats.video.google.com
chat.aim.com
urbanoutfitters.com
google.com
desktopfw.weather.com
deviantart.com
baike.baidu.com
hk.yahoo.com
google.com
google.com
ad.doubleclick.net
search.yahoo.com
parents.com
desktopfw.weather.com
desktopfw.weather.com
cbs.com
nbcsports.msnbc.com
stationdata.wunderground.com
webmail.aol.com
msnbc.msn.com
google.com
ib.adnxs.com
desktopfw.weather.com
letv.com
google.com
image.baidu.com
tags.bluekai.com
pn1.adserver.yahoo.com
manhunt.net
amazon.com
stationdata.wunderground.com
news.aol.com
sports.yahoo.com
microsoft.com
ovguide.com
desktopfw.weather.com
google.com
today.msnbc.msn.com
search.yahoo.com
gagalive.kr
stationdata.wunderground.com
bebo.com
cafe.naver.com
teendestruction.com
video-stats.video.google.com
google.com
static.playfish.com
globalgrind.com
google.com
textsfromlastnight.com
assets.espn.go.com
t.mookie1.com
desktopfw.weather.com
140.webim0358.webim.myspace.com
cs.indiana.edu
google.cn
waterjet.net
thechive.com
wwar.storm8.com
nate.com
cbssports.com
ncaafootball.fanhouse.com
google.com
usmagazine.com
informatics.indiana.edu
images.vodone.com
cyworld.com
us.mg4.mail.yahoo.com
loginsvc.cyworld.com
google.com
bs.serving-sys.com
images.google.com
bio.indiana.edu
insomniacookies.com
tom.com
opendiary.com
apple.com
msn.com
apple.com
aolcdn.com
livejasmin.com
stationdata.wunderground.com
yahoo.com
tw.search.bid.yahoo.com
video-stats.video.google.com
target.com
video-stats.video.google.com
s7.addthis.com
desktopfw.weather.com
tags.kotaku.com
core.insightexpressai.com
deviantart.com
lacoste.com
burstbeacon.com
10902064121.baseball.cbssports.com
nrg.co.il
metacafe.com
cakemanraven.com
apps.facebook.com
image.baidu.com
google.com
ask.com
livemint.com
shortlonghairstyles.com
tyrashow.warnerbros.com
nba.com
espn-www.baynote.net
ads.specificmedia.com
daiwon.co.kr
stationdata.wunderground.com
video-stats.video.google.com
king.com
bs.serving-sys.com
mail.live.com
veoh.com
thechive.com
deviantart.com
desktopfw.weather.com
lezhin.com
bs.serving-sys.com
player.cdn.targetspot.com
image.baidu.com
bs.serving-sys.com
gizmodo.com
mail.google.com
web4.c2.cyworld.com
daiwon.co.kr
images.google.com
stanford.edu
penciloflight.deviantart.com
apple.com
imdb.com
search.ebscohost.com
baike.baidu.com
desktopfw.weather.com
nl.storm8.com
stumbleupon.com
viewmorepics.myspace.com
engadget.com
stanford.edu
deviantart.com
fms.indiana.edu
stationdata.wunderground.com
reborn.wikia.com
bing.com
bankofamerica.com
tw.bid.yahoo.com
en.wikipedia.org
at.atwola.com
google.ca
s0.2mdn.net
movies.yahoo.com
cnn.com
m1.2mdn.net
msn.com
mitbbs.com
digg.com
footage.net
rotoworld.com
en.wikipedia.org
ad.reduxmedia.com
bing.com
video-stats.video.google.com
desktopfw.weather.com
penciloflight.deviantart.com
espn-www.baynote.net
video-stats.video.google.com
ad.doubleclick.net
desktopfw.weather.com
t.mookie1.com
deviantart.com
livejournal.com
desktopfw.weather.com
gametrailers.com
desktopfw.weather.com
video-stats.video.google.com
desktopfw.weather.com
desktopfw.weather.com
daum.net
desktopfw.weather.com
penciloflight.deviantart.com
video-stats.video.google.com
desktopfw.weather.com
switch.atdmt.com
srx.main.ebayrtm.com
view.atdmt.com
fms.indiana.edu
livejasmin.com
ad.doubleclick.net
nytimes.com
webmail.aol.com
expert.ru
gn.naver.com
191.webim0358.webim.myspace.com
video-stats.video.google.com
bs.serving-sys.com
stationdata.wunderground.com
google.com
sportsseoul.com
bs.serving-sys.com
ws.amazon.com
ads.specificmedia.com
drudgereport.com
bs.serving-sys.com
google.com
deviantart.com
webmail.aol.com
stationdata.wunderground.com
metrolyrics.com
cyworld.com
m.www.yahoo.com
blog.naver.com
deviantart.com
infoworld.com
mail.live.com
video-stats.video.google.com
117.webim0278.webim.myspace.com
desktopfw.weather.com
desktopfw.weather.com
google.com
globalgrind.com
uesp.net
g2.ykimg.com
video-stats.video.google.com
ask.com
desktopfw.weather.com
cyworld.com
bankofamerica.com
desktopfw.weather.com
google.com
espn-www.baynote.net
view.atdmt.com
ad.doubleclick.net
boost.org
image.baidu.com
blog.naver.com
google.com
lulu.com
secure-us.imrworldwide.com
teendestruction.com
wave3.com
google.com
video-stats.video.google.com
adrive.com
google.com
jieumai.com
myfreepaysite.com
desktopfw.weather.com
vodguide.pps.tv
google.com
wretch.cc
mrd.mail.yahoo.com
mail.google.com
xvideos.com
sidereel.com
bs.serving-sys.com
jieumai.com
video-stats.video.google.com
csse.monash.edu.au
desktopfw.weather.com
334.webim0444.webim.myspace.com
stationdata.wunderground.com
nba.com
fmylife.com
wordpress.com
kr.msn.com
pandora.com
bankofamerica.com
news.yahoo.com
perezhilton.com
video-stats.video.google.com
google.com
video-stats.video.google.com
search.yahoo.com
nm.newegg.com
bs.serving-sys.com
penciloflight.deviantart.com
target.com
mail.google.com
bs.serving-sys.com
ad.doubleclick.net
pagead2.googlesyndication.com
image.baidu.com
microsoft.com
hornetfootball.org
indianapolis.craigslist.org
ad.doubleclick.net
video-stats.video.google.com
tw.linkspot.search.yahoo.com
mail.yahoo.com
google.com
viewmorepics.myspace.com
web4.c2.cyworld.com
media.fastclick.net
google.com
ad.amgdgt.com
gravatar.com
movie.tudou.com
stationdata.wunderground.com
blogs.msdn.com
s131.cnzz.com
athleta.gap.com
engadget.com
businessmajors.about.com
pagead2.googlesyndication.com
bs.serving-sys.com
mail.yahoo.com
counter10.sextracker.com
media.trafficjunky.net
ad.doubleclick.net
stationdata.wunderground.com
desktopfw.weather.com
awesomewallpapers.wordpress.com
video-stats.video.google.com
go.daum.net
desktopfw.weather.com
stumbleupon.com
redtube.com
pixel.rubiconproject.com
stationdata.wunderground.com
hotgaylist.com
media.trafficjunky.net
desktopfw.weather.com
google.com
video-stats.video.google.com
stationdata.wunderground.com
viewmorepics.myspace.com
nba.com
search.yahoo.com
photo.renren.com
bauergriffinonline.com
game3.pogo.com
foxnews.com
amazon.com
modules.nike.com
apple.com
3.webim0126.webim.myspace.com
gourmandia.com
l.yimg.com
images.search.yahoo.com
weather.com
livejournal.com
desktopfw.weather.com
support.microsoft.com
verizonwireless.com
video.msn.com
investopedia.com
google.com
sports.espn.go.com
calm.indiana.edu
ihsaa.org
video-stats.video.google.com
hotgaylist.com
google.com
deviantart.com
ib.adnxs.com
stumbleupon.com
image.baidu.com
gn.naver.com
action.mathtag.com
cyworld.com
huffingtonpost.com
kotaku.com
desktopfw.weather.com
google.com
bio.indiana.edu
image.baidu.com
deviantart.com
google.com
chookaboot.com
target.com
c.brightcove.com
wwar.storm8.com
apps.facebook.com
google.ca
video-stats.video.google.com
slis.indiana.edu
orbitz.com
tw.search.bid.yahoo.com
persiankitty.com
pixel.quantserve.com
digg.com
desktopfw.weather.com
penciloflight.deviantart.com
profile.myspace.com
ws.amazon.com
pornhost.com
informatics.indiana.edu
google.com
ad.doubleclick.net
apps.renren.com
disinfo.com
stationdata.wunderground.com
digg.com
google.com
video-stats.video.google.com
battlecreekenquirer.com
stationdata.wunderground.com
video-stats.video.google.com
ihsaa.org
msn.com
feeds.feedburner.com
cs.indiana.edu
law.indiana.edu
finance.google.com
kellyskornerblog.com
linkedin.com
stationdata.wunderground.com
picasaweb.google.com
metrolyrics.com
livejasmin.com
comic.naver.com
deviantart.com
video-stats.video.google.com
stumbleupon.com
informatics.indiana.edu
google.com
google.com
bing.com
stationdata.wunderground.com
google.ca
tbskip.taobao.com
collegehumor.com
google.com
stumbleupon.com
optimizedby.rmxads.com
pandora.com
video-stats.video.google.com
finance.google.com
c3.ac-images.myspacecdn.com
player.cdn.targetspot.com
video-stats.video.google.com
desktopfw.weather.com
h21.hani.co.kr
s0.2mdn.net
google.com
wisegeek.com
ad.adtegrity.net
xtube.com
bs.serving-sys.com
kellyskornerblog.com
image.baidu.com
slirsredirect.search.aol.com
huffingtonpost.com
oakley.com
profile.myspace.com
insomniacookies.com
305.webim0366.webim.myspace.com
sports.yahoo.com
digg.com
livejasmin.com
cbs.com
image.baidu.com
109.webim0074.webim.myspace.com
apps.facebook.com
pornhub.com
desktopfw.weather.com
tw.search.bid.yahoo.com
studentuniverse.com
static.twitter.com
secure.newegg.com
qq.com
apple.com
cook.chem.indiana.edu
image.baidu.com
ilovelanguages.com
desktopfw.weather.com
google.com
uk.ask.com
yahoo.com
walmart.com
desktopfw.weather.com
marshillaudio.org
apple.com
desktopfw.weather.com
search.yahoo.com
core.videoegg.com
ad.doubleclick.net
ad.amgdgt.com
bookmaker.com
en.wikipedia.org
static.twitter.com
stumbleupon.com
gourmandia.com
rhapsody.com
stumbleupon.com
bs.serving-sys.com
desktopfw.weather.com
desktopfw.weather.com
tw.search.bid.yahoo.com
core.insightexpressai.com
aol.com
ad.doubleclick.net
stationdata.wunderground.com
desktopfw.weather.com
google.com
google.com
nba.com
waterjet.net
informatics.indiana.edu
microsoft.com
target.com
stationdata.wunderground.com
sealserver.trustwave.com
tvtropes.org
tieba.baidu.com
acidcow.com
video-stats.video.google.com
mail.yahoo.com
video-stats.video.google.com
desktopfw.weather.com
google.com
stationdata.wunderground.com
ad.adtegrity.net
hulu.com
pagead2.googlesyndication.com
desktopfw.weather.com
teendestruction.com
ads.revsci.net
feedads.g.doubleclick.net
ar.voicefive.com
tags.bluekai.com
woot.com
video-stats.video.google.com
rivals.yahoo.com
tv.msn.com
chicagotribune.com
ad.naver.com
sports.espn.go.com
myrice.com
blackplanet.com
voting.bangbros.com
reddit.com
bossip.com
desktopfw.weather.com
draft.bestiaire.org
video-stats.video.google.com
gaiaonline.com
msn.com
bing.com
m.www.yahoo.com
video-stats.video.google.com
home.myspace.com
video-stats.video.google.com
video-stats.video.google.com
google.com
video-stats.video.google.com
desktopfw.weather.com
lxkoru.blogspot.com
livejasmin.com
domdex.com
target.com
ad.doubleclick.net
stationdata.wunderground.com
google.com
waterjet.net
search.yahoo.com
eppley.org
google.com
deviantart.com
desktopfw.weather.com
livejasmin.com
media.ign.com
wretch.cc
video-stats.video.google.com
desktopfw.weather.com
bs.serving-sys.com
bing.com
endless.com
desktopfw.weather.com
quickmba.com
cafe.naver.com
onlinebizdirectory.com
aol.com
bs.serving-sys.com
bs.serving-sys.com
desktopfw.weather.com
target.com
stumbleupon.com
internationalprograms.wvu.edu
my.tianya.cn
secure-us.imrworldwide.com
sports.espn.go.com
google.com
web4.c2.cyworld.com
news.aol.com
xvideos.com
ads.specificmedia.com
twitter.com
desktopfw.weather.com
teendestruction.com
google.com
law.indiana.edu
bing.com
google.com
adultfriendfinder.com
google.com
msn.com
aes.iupui.edu
bs.serving-sys.com
desktopfw.weather.com
search.yahoo.com
ads.revsci.net
video-stats.video.google.com
core.insightexpressai.com
desktopfw.weather.com
gn.naver.com
daum.net
search.yahoo.com
bigcarrot.com
penciloflight.deviantart.com
stationdata.wunderground.com
google.com
espn-www.baynote.net
google.com
web.ebscohost.com
csse.monash.edu.au
aes.iupui.edu
weather.com
blog.naver.com
blog.naver.com
images.google.com
assets.espn.go.com
google.com
desktopfw.weather.com
newmoonmovie.org
desktopfw.weather.com
stationdata.wunderground.com
apple.com
google.com
video-stats.video.google.com
target.com
api.bing.com
google.com
penciloflight.deviantart.com
deviantart.com
apartmentratings.com
google.com
tag.contextweb.com
search.ebscohost.com
kg6ek7cq2b.scholar.serialssolutions.com
core.videoegg.com
bs.serving-sys.com
media.trafficjunky.net
viewmorepics.myspace.com
desktopfw.weather.com
desktopfw.weather.com
wunderground.com
lifehacker.com
google.com
bs.serving-sys.com
view.atdmt.com
video-stats.video.google.com
desktopfw.weather.com
wfiu.indiana.edu
readred.com
773.adsina.allyes.com
spike.com
weather.com
starbucks.com
deviantart.com
results.freeze.com
penciloflight.deviantart.com
video-stats.video.google.com
images.google.com
google.com
idsnews.com
yahoo.com
bs.serving-sys.com
desktopfw.weather.com
ad.doubleclick.net
images.google.com
view.atdmt.com
apple.com
kongregate.com
desktopfw.weather.com
cs.iupui.edu
stationdata.wunderground.com
rivals.yahoo.com
adultswim.com
weather.com
desktopfw.weather.com
10910258100.basketball.cbssports.com
150.webim0018.webim.myspace.com
toptvbytes.com
video-stats.video.google.com
games.yahoo.com
google.com
fandango.com
video-stats.video.google.com
tw.money.yahoo.com
media.fastclick.net
bing.com
bs.serving-sys.com
stationdata.wunderground.com
southparkstudios.com
twitter.com
cbssports.com
s7.addthis.com
reviews.hsn.com
video-stats.video.google.com
target.com
thenorthface.com
search.yahoo.com
ec.atdmt.com
ad.reduxmedia.com
colbertnation.com
google.com
deviantart.com
mail.yahoo.com
283.webim0114.webim.myspace.com
video.google.com
apps.facebook.com
aol.com
teendestruction.com
mtv.com
tigernt.com
en.wikipedia.org
askmen.com
google.com
pogo.com
section.blog.naver.com
ad-g.doubleclick.net
ovidsp.tx.ovid.com
target.com
video-stats.video.google.com
stumbleupon.com
anthem.com
tw.search.bid.yahoo.com
yahoo.com
mediafire.com
video-stats.video.google.com
fms.indiana.edu
bs.serving-sys.com
apps.facebook.com
elpais.com
gdx.mlb.com
aol.com
burstbeacon.com
bing.com
nbcsports.msnbc.com
gaiaonline.com
pipi.cn
desktopfw.weather.com
desktopfw.weather.com
www2.im.alisoft.com
desktopfw.weather.com
google.com
hulu.com
friends.myspace.com
informatics.indiana.edu
wordpress.com
indiana.rivals.com
viewmorepics.myspace.com
google.com
google.com
blog.naver.com
apple.com
pagead2.googlesyndication.com
player.cdn.targetspot.com
digg.com
feeds.feedburner.com
mail.google.com
mail.yahoo.com
video-stats.video.google.com
desktopfw.weather.com
bing.com
tube8.com
google.com.tw
stationdata.wunderground.com
desktopfw.weather.com
bigblueinteractive.com
desktopfw.weather.com
mt1.google.com
target.com
chookaboot.com
wesc.k12.in.us
en.wikipedia.org
results.freeze.com
veoh.com
secure.newegg.com
video-stats.video.google.com
veoh.com
news.naver.com
mail.live.com
v.youku.com
iphone.dailymotion.com
weather.com
video-stats.video.google.com
bing.com
pipi.cn
desktopfw.weather.com
strangemaps.wordpress.com
mlb.mlb.com
msn.com
desktopfw.weather.com
msn.com
community.livejournal.com
mail.google.com
waterjet.net
view.atdmt.com
subeta.neolodge.com
images.google.com
givealink.org
google.com
target.com
adready.com
item.taobao.com
woot.com
desktopfw.weather.com
samanyoluhaber.com
fox.com
draft.bestiaire.org
waterjet.net
video-stats.video.google.com
penciloflight.deviantart.com
nztv.prod.untd.com
twitter.com
s87.cnzz.com
desktopfw.weather.com
desktopfw.weather.com
bs.serving-sys.com
google.com
mail.yahoo.com
m.www.yahoo.com
msn.com
secure-us.imrworldwide.com
target.com
desktopfw.weather.com
stationdata.wunderground.com
apple.com
mail.yahoo.com
movies.msn.com
gametrailers.com
video-stats.video.google.com
bigblueinteractive.com
djbooth.net
desktopfw.weather.com
pagead2.googlesyndication.com
aes.iupui.edu
t.mookie1.com
apps.facebook.com
stationdata.wunderground.com
desktopfw.weather.com
tracking.searchmarketing.com
news.aol.com
newegg.com
idsnews.com
desktopfw.weather.com
rivals.com
sidereel.com
google.com
desktopfw.weather.com
video-stats.video.google.com
google.com
google.com
desktopfw.weather.com
stumbleupon.com
bs.serving-sys.com
fb.softfeeder.com
stationdata.wunderground.com
google.com
video-stats.video.google.com
mlb.mlb.com
bio.indiana.edu
bs.serving-sys.com
penciloflight.deviantart.com
g2.ykimg.com
webmessenger.yahoo.com
tuttomercatoweb.com
p1.tcr71.tynt.com
login.dotomi.com
bs.serving-sys.com
verizonwireless.com
yoka.com
bs.serving-sys.com
byfiles.storage.msn.com
panoramio.com
view.atdmt.com
parents.com
msn.com
aol.com
google.com
web4.c2.cyworld.com
deals.huaren.us
desktopfw.weather.com
piperlime.gap.com
desktopfw.weather.com
us.imdb.com
video-stats.video.google.com
desktopfw.weather.com
teendestruction.com
video-stats.video.google.com
waterjet.net
slis.indiana.edu
goodyeartires.com
desktopfw.weather.com
ads.revsci.net
apps.facebook.com
slis.indiana.edu
amazon.com
stationdata.wunderground.com
loginsvc.cyworld.com
mail.live.com
blog.naver.com
fls.doubleclick.net
fmylife.com
cyimg14.cyworld.nate.com
desktopfw.weather.com
nba.com
ad.doubleclick.net
msn.com
stats.adultswim.com
cnbc.com
teendestruction.com
g2.ykimg.com
elpais.com
video.google.com
nrg.co.il
target.com
media.trafficjunky.net
chess.com
video-stats.video.google.com
google.com
chronicle.com
asdfjeoura.football.cbssports.com
basicinstructions.net
mail.google.com
desktopfw.weather.com
basicinstructions.net
pubads.g.doubleclick.net
games.yahoo.com
bing.com
mail.live.com
hoosierdata.in.gov
secure-us.imrworldwide.com
gdata.youtube.com
desktopfw.weather.com
google.com
stationdata.wunderground.com
nba.com
google.com.tw
apps.facebook.com
guitarcenter.com
digg.com
google.com
desktopfw.weather.com
ss.uk.ask.com
google.com
google.com
mail.yahoo.com
video-stats.video.google.com
aes.iupui.edu
stationdata.wunderground.com
ovidsp.tx.ovid.com.proxy.medlib.iupui.edu
gazzetta.it
slutload.com
api-cdn.cnbc.com
video-stats.video.google.com
engr.iupui.edu
tqlkg.com
parents.com
home.renren.com
ar.voicefive.com
helium.com
cs.indiana.edu
stationdata.wunderground.com
image2.pubmatic.com
bs.serving-sys.com
google.com
desktopfw.weather.com
nbcsports.msnbc.com
lj-toys.com
sports.espn.go.com
chronicle.com
sports.yahoo.com
stationdata.wunderground.com
cbssports.com
ovidsp.tx.ovid.com
tripadvisor.com
stumbleupon.com
ad.doubleclick.net
desktopfw.weather.com
scholar.google.com
bing.com
examiner.cleanprint.net
images.google.com
secure-us.imrworldwide.com
desktopfw.weather.com
ad.doubleclick.net
stationdata.wunderground.com
desktopfw.weather.com
chess.com
mcwe.com
hoosierdata.in.gov
google.com
stationdata.wunderground.com
view.atdmt.com
cs.caltech.edu
desktopfw.weather.com
desktopfw.weather.com
nba.com
twitter.com
aol.com
profiles.hitslink.com
google.com
ovguide.com
stationdata.wunderground.com
google.com
jobview.usajobs.gov
deals.huaren.us
funadvice.com
informatics.indiana.edu
bs.serving-sys.com
gsy.or.kr
stationdata.wunderground.com
teendestruction.com
avatarsave.gaiaonline.com
secure-us.imrworldwide.com
screwattack.com
burstnet.com
mapquest.com
spike.com
msn.com
stationdata.wunderground.com
pogo.com
loginsvc.cyworld.com
dealoz.com
secure-us.imrworldwide.com
deals.huaren.us
rover.ebay.com
video-stats.video.google.com
nba.com
target.com
google.com
teendestruction.com
media.trafficjunky.net
blog.naver.com
video-stats.video.google.com
taiwankiss.com
nrg.co.il
cpro.baidu.com
abc.go.com
stationdata.wunderground.com
hulu.com
secure-us.imrworldwide.com
desktopfw.weather.com
ib.adnxs.com
desktopfw.weather.com
gametrailers.com
desktopfw.weather.com
ad.doubleclick.net
rivals.com
stationdata.wunderground.com
digbysblog.blogspot.com
livejasmin.com
teendestruction.com
mylifeisaverage.com
feedjit.com
video-stats.video.google.com
search.ebscohost.com
google.com
informatics.indiana.edu
google.com
movies.msn.com
toryburch.com
google.com
new.facebook.com
search.yahoo.com
en.wikipedia.org
desktopfw.weather.com
tv.com
video-stats.video.google.com
cheaptickets.com
new.facebook.com
weather.com
desktopfw.weather.com
globalgrind.com
pgatour.com
xvideos.com
wunderground.com
player.cdn.targetspot.com
cfile92.uf.daum.net
nba.com
search.ebscohost.com
video-stats.video.google.com
stationdata.wunderground.com
indiana.rivals.com
rl.storm8.com
nanowrimo.org
search.yahoo.com
blog.naver.com
usaid.gov
hotornot.com
google.com
media.trafficjunky.net
google.com
livejasmin.com
desktopfw.weather.com
blogs.technet.com
khm0.google.com
video-stats.video.google.com
mail.google.com
zynga.com
google.com
desktopfw.weather.com
lonestarball.com
loginsvc.cyworld.com
beatthechip.blogspot.com
google.com
desktopfw.weather.com
watch-movies-online.tv
bitbucket.org
feeds.feedburner.com
stationdata.wunderground.com
search.yahoo.com
deviantart.com
google.com
teendestruction.com
google.com
tumblr.com
stationdata.wunderground.com
theberrics.com
t.mookie1.com
search.yahoo.com
teendestruction.com
bogobogo.net
clickclickclick.com
desktopfw.weather.com
penciloflight.deviantart.com
google.com
bing.com
blogs.technet.com
video-stats.video.google.com
target.com
my.opera.com
cast.ra.icast.cn
livejasmin.com
ameblo.jp
nfl.com
adserver.adtechus.com
google.com
490.webim0097.webim.myspace.com
desktopfw.weather.com
stationdata.wunderground.com
askmen.com
google.com
feeds.feedburner.com
google.com
google.com
google.com
google.com
video-stats.video.google.com
byfiles.storage.live.com
ec.atdmt.com
indystar.com
google.com
secure-us.imrworldwide.com
google.com
sports.espn.go.com
stationdata.wunderground.com
loginsvc.cyworld.com
boost.org
google.com
rl.storm8.com
teendestruction.com
link.ed.wwe.com
desktopfw.weather.com
styleforum.net
loginsvc.cyworld.com
im.storm8.com
bs.serving-sys.com
desktopfw.weather.com
nytimes.com
stationdata.wunderground.com
rivals.yahoo.com
desktopfw.weather.com
video.google.co.jp
awin1.com
target.com
google.com
desktopfw.weather.com
stationdata.wunderground.com
secure-us.imrworldwide.com
google.com
playboy.com
bs.serving-sys.com
stationdata.wunderground.com
yahoo.com
gazzetta.it
nate.com
comingsoon.net
target.com
switch.atdmt.com
stationdata.wunderground.com
pn2.adserver.yahoo.com
woot.com
m.www.yahoo.com
google.com
hulu.com
jcmc.indiana.edu
chat.aim.com
teendestruction.com
view.atdmt.com
persiankitty.com
viewmorepics.myspace.com
desktopfw.weather.com
view.atdmt.com
mystyle.com
ad.doubleclick.net
video-stats.video.google.com
switch.atdmt.com
tag.contextweb.com
amazon.com
stationdata.wunderground.com
tieba.baidu.com
cell.com
google.com
media.fastclick.net
google.com
zimbio.com
penciloflight.deviantart.com
ad.doubleclick.net
desktopfw.weather.com
comingsoon.net
rl.storm8.com
reg.youdao.com
bs.serving-sys.com
desktopfw.weather.com
search.yahoo.com
bs.serving-sys.com
find.galegroup.com.proxy.ulib.iupui.edu
google.com
player.cdn.targetspot.com
bs.serving-sys.com
msn.com
images.google.com
stationdata.wunderground.com
espn-www.baynote.net
dickies.com
google.com
xvideos.com
blogs.msdn.com
us.adserver.yahoo.com
datpiff.com
daum.net
adobe.com
desktopfw.weather.com
cnbc.com
waterjet.net
espn-www.baynote.net
stationdata.wunderground.com
news.msnbc.us.intellitxt.com
fox.com
desktopfw.weather.com
searchservice.myspace.com
livejasmin.com
nba.com
en.wikipedia.org
desktopfw.weather.com
google.com
hulu.com
ncbi.nlm.nih.gov
desktopfw.weather.com
msn.com
cafe.naver.com
cnbc.com
ad.doubleclick.net
target.com
penciloflight.deviantart.com
footlocker.com
stationdata.wunderground.com
examiner.com
stationdata.wunderground.com
ib.adnxs.com
view.atdmt.com
google.com
global.theknot.com
desktopfw.weather.com
ads.undertone.com
10910258100.basketball.cbssports.com
adam4adam.com
stationdata.wunderground.com
127.webim0060.webim.myspace.com
informatics.indiana.edu
rhapsody.com
flickr.com
chess.com
mail.google.com
desktopfw.weather.com
apple.com
c.brightcove.com
mail.google.com
mail.google.com
phdcomics.com
blog.naver.com
merriam-webster.com
weather.com
fox.com
news.yahoo.com
desktopfw.weather.com
video-stats.video.google.com
apple.com
metacafe.com
c1img.cyworld.co.kr
azlyrics.com
stationdata.wunderground.com
mystyle.com
v.youku.com
informatics.indiana.edu
368.webim0105.webim.myspace.com
desktopfw.weather.com
projectwonderful.com
home.myspace.com
montefiore.org
jstor.org
google.com
tattooblog.org
idsnews.com
s.xvideos.com
bing.com
docs.google.com
loginsvc.cyworld.com
google.com
perezhilton.com
searchservice.myspace.com
adultfriendfinder.com
ad.103092804.com
desktopfw.weather.com
camstudio.org
teendestruction.com
us.mg4.mail.yahoo.com
theonion.com
google.com
movies.msn.com
mail.google.com
google.com
cnbc.com
geriscreations.blogspot.com
majorspoilers.com
bmwusa.com
s43.cnzz.com
336.webim0405.webim.myspace.com
desktopfw.weather.com
s.xvideos.com
core.insightexpressai.com
bs.serving-sys.com
bs.serving-sys.com
desktopfw.weather.com
jstor.org
bs.serving-sys.com
expressions.aim.com
mail.yahoo.com
html.atm.youku.com
google.com
google.com
ads.imgur.com
video-stats.video.google.com
bing.com
google.com
collegehumor.com
390.webim0116.webim.myspace.com
nursingsociety.org
api.choicestream.com
video-stats.video.google.com
bs.serving-sys.com
collegepartyhouse.com
bs.serving-sys.com
idsnews.com
ricstultz.com
secure-us.imrworldwide.com
cbs.com
ads.imgur.com
desktopfw.weather.com
video.msn.com
vodguide.pps.tv
mail.live.com
stationdata.wunderground.com
music.myspace.com
m.www.yahoo.com
mail.google.com
google.co.in
loginsvc.cyworld.com
bs.serving-sys.com
bs.serving-sys.com
stationdata.wunderground.com
parents.com
slis.indiana.edu
hk.yahoo.com
gn.naver.com
penciloflight.deviantart.com
desktopfw.weather.com
mlb.mlb.com
comedycentral.com
bing.com
google.com
core.insightexpressai.com
fls.doubleclick.net
niagara.comedycentral.com
bs.serving-sys.com
300avi.com
gmx.net
stationdata.wunderground.com
desktopfw.weather.com
amazon.com
friends.myspace.com
google.com
artanddesign.wvu.edu
stationdata.wunderground.com
pixel.quantserve.com
mail.google.com
ads.revsci.net
google.com
apps.facebook.com
ad.doubleclick.net
desktopfw.weather.com
informatics.indiana.edu
vodguide.pps.tv
careers.montefiore.org
adparlor.com
egotastic.com
youku.com
mail.yahoo.com
google.com
google.com
nba.com
desktopfw.weather.com
talkgadget.google.com
target.com
teendestruction.com
yahoo.com
s7.addthis.com
addictinggames.com
video-stats.video.google.com
357.webim0018.webim.myspace.com
adready.com
ws.amazon.com
desktopfw.weather.com
nursingsociety.org
amazon.com
calm.indiana.edu
photo.net
tiffany.com
desktopfw.weather.com
hp.ivillage.com
m1.2mdn.net
ad.globalinteractive.com
burstbeacon.com
bing.com
aolcdn.com
pandora.com
broadband.espn.go.com
indiana.rivals.com
en.wikipedia.org
search.yahoo.com
nursingsociety.org
ad.doubleclick.net
deals.huaren.us
mediabistro.com
467.webim0318.webim.myspace.com
desktopfw.weather.com
rock103.com
tours.playboy.com
tianya.cn
pornhub.com
stationdata.wunderground.com
deviantart.com
desktopfw.weather.com
zynga.com
m.www.yahoo.com
google.cn
basketball.fantasysports.yahoo.com
tags.bluekai.com
target.com
askmen.com
stationdata.wunderground.com
lenovo.com
dealsea.com
huaren.us
49erswebzone.com
google.com
sports.espn.go.com
nate.com
g-ecx.images-amazon.com
txt.go.sohu.com
bs.serving-sys.com
indiana.edu
hrtsd52ldr.happykidsday.com
google.com
blizzard.com
google.com
google.com
merriam-webster.com
stationdata.wunderground.com
a.espncdn.com
product.dangdang.com
video-stats.video.google.com
bitsofwisdom.org
stationdata.wunderground.com
apple.com
adultfriendfinder.com
i.dell.com
vodguide.pps.tv
tudou.com
srx.ebaymotors.ebayrtm.com
optimized-by.rubiconproject.com
google.com
google.com
youjizz.com
teendestruction.com
uk.ask.com
target.com
sugg.search.yahoo.com
boost.org
xvideos.com
picnik.com
idsnews.com
srx.main.ebayrtm.com
google.com
search.yahoo.com
loginsvc.cyworld.com
g2.ykimg.com
fls.doubleclick.net
colbertnation.com
video-stats.video.google.com
view.atdmt.com
priceline.com
video-stats.video.google.com
ads.specificmedia.com
stationdata.wunderground.com
informatics.indiana.edu
file.fetion.chinacache.net
sports.espn.go.com
desktopfw.weather.com
people.com
yahoo.com
tags.bluekai.com
wave3.com
stationdata.wunderground.com
kongregate.com
theinformaticsmoment2009.ning.com
mangafox.com
mitbbs.com
target.com
news.search.yahoo.com
search.yahoo.com
stationdata.wunderground.com
stationdata.wunderground.com
motors.shop.ebay.com
connect.facebook.com
images.google.com
4shared.com
gn.naver.com
stationdata.wunderground.com
ads.specificmedia.com
profile.myspace.com
pbs.org
trafficholder.com
youjizz.com
boost.org
google.com
s7.addthis.com
secure-us.imrworldwide.com
thechive.com
static.fmpub.net
eprice.com.hk
video-stats.video.google.com
google.com
nba.com
news.yahoo.com
dickies.com
bitbucket.org
kongregate.com
indianapublicmedia.org
desktopfw.weather.com
support.t-mobile.com
muslimvoices.org
casttv.com
msn.com
desktopfw.weather.com
stationdata.wunderground.com
idsnews.com
desktopfw.weather.com
msn.com
digg.com
nate.com
rl.storm8.com
nappturality.com
collegehumor.com
theonion.com
nate.com
waterjet.net
desktopfw.weather.com
sports.espn.go.com
