Workload is generated
100 browsers are created 
test "penciloflight.deviantart.com"
test "im.storm8.com"
test "pagead2.googlesyndication.com"
test "parents.com"
test "a367.yahoofs.com"
test "amch.questionmarket.com"
test "itouchmidi.com"
test "amch.questionmarket.com"
test "diligogames.com"
test "hcr.com"
test "s7ondemand1.scene7.com"
test "sesamestats.com"
test "lovine.com"
test "desktopfw.weather.com"
test "w"
test "naver.com"
test "education.iupui.edu"
test "d.tradex.openx.com"
test "cfile193.uf.daum.net"
test "naver.com"
test "thumb.brandreachsys.com"
test "mylifeisaverage.com"
test "ads.brazzers.com"
test "aim.search.aol.com"
test "wired.com"
test "ads.adultadvertising.net"
test "ad.doubleclick.net"
test "global.thenest.com"
test "land.naver.com"
test "nba.com"
test "baidu.com"
test "video.od.visiblemeasures.com"
test "graphics.ocsn.com"
test "mapquest.com"
test "search-srv.freechal.plusbar.net"
test "google.com"
test "ebates.com"
test "ads.adultadvertising.net"
test "s7.addthis.com"
test "images.google.com"
test "desktopfw.weather.com"
test "youtube.com"
test "kd.iu.edu"
test "ro-co1.exp.msn.com"
test "rooksaves.us"
test "a367.yahoofs.com"
test "hv3.webstat.com"
test "rss.livesearchapps.com"
test "view.atdmt.com"
test "womenofyoutube.mevio.com"
test "ad.doubleclick.net"
test "kr.sports.yahoo.com"
test "idsnews.com"
test "desktopfw.weather.com"
test "kr.sports.yahoo.com"
test "s.xvideos.com"
test "search.netscape.com"
test "apps.facebook.com"
test "ads.brazzers.com"
test "sn112w.snt112.mail.live.com"
test "traileraddict.com"
test "xjjh.com"
test "ads.brazzers.com"
test "ad.yieldmanager.com"
test "music.indiana.edu"
test "desktopfw.weather.com"
test "blogs.technet.com"
test "youtube.com"
test "chronicle.com"
test "thumb.brandreachsys.com"
test "electronicdesign.com"
test "beacon.securestudies.com"
test "d.tradex.openx.com"
test "admachine.farfesh.com"
test "blog.naver.com"
test "g1.ykimg.com"
test "alumni.indiana.edu"
test "talenthunter.com"
test "kr.sports.yahoo.com"
test "go.daum.net"
test "d.tradex.openx.com"
test "stumbleupon.com"
test "ads.brazzers.com"
test "desktopfw.weather.com"
test "desktopfw.weather.com"
test "bbs.20jh.net"
test "nbcsports.msnbc.com"
test "autocomplete.hk.search.yahoo.com"
test "kr.sports.yahoo.com"
test "br.fling.com"
test "mylifeisaverage.com"
test "d.tradex.openx.com"
test "thumb.brandreachsys.com"
test "desktopfw.weather.com"
test "hcr.com"
test "d.tradex.openx.com"
test "ads.adultadvertising.net"
test "traileraddict.com"
test "ads.adultadvertising.net"
test "ad.yieldmanager.com"
test "myspace.com"
test "farfesh.com"
test "google.com"
test "cyworld.com"
test "desktopfw.weather.com"
test "kr.sports.yahoo.com"
test "sesamestats.com"
test "gamespot.com"
test "grad2b.com"
test "product.pcauto.com.cn"
test "ads.adultadvertising.net"
test "hcr.com"
test "search.yahoo.com"
test "news.yahoo.com"
test "youtube.com"
test "google.com"
test "kr.sports.yahoo.com"
test "geobanner.adultfriendfinder.com"
test "ads.adultadvertising.net"
test "img.4chan.org"
test "espn.go.com"
test "nexplore.com"
test "sesamestats.com"
test "news.msn.co.kr"
test "desktopfw.weather.com"
test "gaiaonline.com"
test "gametrailers.com"
test "hv3.webstat.com"
test "nursingsociety.org"
test "hcr.com"
test "ads.adultadvertising.net"
test "cafe427.daum.net"
test "desktopfw.weather.com"
test "google.com"
test "rockyou.com"
test "lovine.com"
test "facebook.com"
test "msn13.nasads.com"
test "uesp.net"
test "images.google.com"
test "ad.doubleclick.net"
test "quotationspage.com"
test "womenofyoutube.mevio.com"
test "srv2.wa.marketingsolutions.yahoo.com"
test "desktopfw.weather.com"
test "fe.brandreachsys.com"
test "google.com"
test "focusbaiduafp.allyes.com"
test "ads.brazzers.com"
test "bl-psy-appsrv.ads.iu.edu"
test "desktopfw.weather.com"
test "apps.facebook.com"
test "ads.revsci.net"
test "world66.com"
test "informatics.indiana.edu"
test "hv3.webstat.com"
test "ad.insightexpressai.com"
test "ads.brazzers.com"
test "kr.yahoo.com"
test "blog.naver.com"
test "video-stats.video.google.com"
test "a367.yahoofs.com"
test "talenthunter.com"
test "view.atdmt.com"
test "a367.yahoofs.com"
test "ads.adultadvertising.net"
test "msn.foxsports.com"
test "en.wikipedia.org"
test "gourmandia.com"
test "in.gov"
test "ent.6park.com"
test "kr.sports.yahoo.com"
test "youtube.com"
test "desktopfw.weather.com"
test "soccernet.espn.go.com"
test "apple.com"
test "a1.interclick.com"
test "news.cnet.com"
test "kr.sports.yahoo.com"
test "wikia-ads.wikia.com"
test "a367.yahoofs.com"
test "apple.com"
test "myspace.com"
test "basketball.fantasysports.yahoo.com"
test "womenofyoutube.mevio.com"
test "waterjet.net"
test "desktopfw.weather.com"
test "video-stats.video.google.com"
test "ads.adultadvertising.net"
test "xvideos.com"
test "api.tinypic.com"
test "farm.game.playfish.com"
test "ads.adultadvertising.net"
test "l.qq.com"
test "bs.serving-sys.com"
test "cs.indiana.edu"
test "v.youku.com"
test "youtube.com"
test "cdn.eyewonder.com"
test "ad.yieldmanager.com"
test "ib.adnxs.com"
test "bing.com"
test "waterjet.net"
test "d.tradex.openx.com"
test "mail.yahoo.com"
test "informatics.indiana.edu"
test "video-stats.video.google.com"
test "viewmorepics.myspace.com"
test "mediaservices.myspace.com"
test "ads.adultadvertising.net"
test "ads.adultadvertising.net"
test "womenofyoutube.mevio.com"
test "146.webim0068.webim.myspace.com"
test "cyimg26.cyworld.com"
test "winter.metacafe.com"
test "trumba.com"
test "slis.indiana.edu"
test "kr.sports.yahoo.com"
test "hi.csdn.net"
test "womenofyoutube.mevio.com"
test "srv2.wa.marketingsolutions.yahoo.com"
test "facebook.com"
test "377.webim0126.webim.myspace.com"
test "facebook.com"
test "ads.adultadvertising.net"
test "web.ebscohost.com"
test "view.atdmt.com"
test "kr.sports.yahoo.com"
test "player.cdn.targetspot.com"
test "apple.com"
test "desktopfw.weather.com"
test "news3.xinhuanet.com"
test "a367.yahoofs.com"
test "womenofyoutube.mevio.com"
test "ads.adultadvertising.net"
test "penciloflight.deviantart.com"
test "amch.questionmarket.com"
test "kr.sports.yahoo.com"
test "a367.yahoofs.com"
test "rollingstone.com"
test "dataandsearch.org"
test "ggrind.adbureau.net"
test "grad2b.com"
test "parents.com"
test "mediaservices.myspace.com"
test "kr.sports.yahoo.com"
test "ads.adultadvertising.net"
test "s.ytimg.com"
test "waterjet.net"
test "tmz.com"
test "static.twitter.com"
test "ad.yieldmanager.com"
test "reuters.com"
test "images.google.com"
test "drudgereport.com"
test "google.com"
test "maps.google.com"
test "a367.yahoofs.com"
test "cache.trafficmp.com"
test "ads.adultadvertising.net"
test "image.baidu.com"
test "ads.adultadvertising.net"
test "bing.com"
test "ads.adultadvertising.net"
test "facebook.com"
test "nytimes.com"
test "sesamestats.com"
test "search.msn.com"
test "kr.sports.yahoo.com"
test "a367.yahoofs.com"
test "ads.adultadvertising.net"
test "l.yimg.com"
test "facebook.com"
test "anymobileanytime.sprint.com"
test "webmail.aol.com"
test "insider.msg.yahoo.com"
test "thumb.brandreachsys.com"
test "desktopfw.weather.com"
test "askandyaboutclothes.com"
test "kr.sports.yahoo.com"
test "ads.adultadvertising.net"
test "mediafire.com"
test "google.com"
test "weather.com"
test "facebook.com"
test "facebook.com"
test "totaleclips.com"
test "brightcove.vo.llnwd.net"
test "lovine.com"
test "server.cpmstar.com"
test "bs.serving-sys.com"
test "ads.adultadvertising.net"
test "ad.insightexpressai.com"
test "askmen.com"
test "cash.cmtrax.com"
test "ad.yieldmanager.com"
test "news.bbc.co.uk"
test "video-stats.video.google.com"
test "andrewsullivan.theatlantic.com"
test "search.yahoo.com"
test "lezhin.com"
test "core.insightexpressai.com"
test "pandora.com"
test "bing.com"
test "stoo.asiae.co.kr"
test "kr.sports.yahoo.com"
test "youtube.com"
test "youtube.com"
test "130.webim0316.webim.myspace.com"
test "ad.insightexpressai.com"
test "apple.com"
test "images.google.com"
test "delb.opt.fimserve.com"
test "core.insightexpressai.com"
test "arienh4.net.nyud.net"
test "ads.adultadvertising.net"
test "media.trafficjunky.net"
test "a367.yahoofs.com"
test "xjjh.com"
test "parents.com"
test "ad.yieldmanager.com"
test "lovine.com"
test "msn.foxsports.com"
test "yahoo.com"
test "switch.atdmt.com"
test "engadget.com"
test "tap.rubiconproject.com"
test "hv3.webstat.com"
test "bing.com"
test "xanga.com"
test "tech.yahoo.com"
test "hulu.com"
test "nytimes.com"
test "hcr.com"
test "informatics.indiana.edu"
test "amch.questionmarket.com"
test "bs.serving-sys.com"
test "google.com"
test "google.com"
test "target.com"
test "kr.sports.yahoo.com"
test "arienh4.net.nyud.net"
test "bs.serving-sys.com"
test "ent.6park.com"
test "nochelatina.com"
test "2pm.jype.com"
test "desktopfw.weather.com"
test "kr.sports.yahoo.com"
test "penciloflight.deviantart.com"
test "ads.adultadvertising.net"
test "c13.zedo.com"
test "people.com"
test "switch.atdmt.com"
test "video-stats.video.google.com"
test "hv3.webstat.com"
test "desktopfw.weather.com"
test "c.brightcove.com"
test "ad.yieldmanager.com"
test "ads.brazzers.com"
test "kr.sports.yahoo.com"
test "cafe.daum.net"
test "video-stats.video.google.com"
test "kongregate.com"
test "m.www.yahoo.com"
test "tehparadox.com"
test "web.ebscohost.com"
test "mail.google.com"
test "lookup.avatars.yahoo.com"
test "facebook.com"
test "lists.boost.org"
test "google.com"
test "kr.sports.yahoo.com"
test "omnisport.tv"
test "arienh4.net.nyud.net"
test "desktopfw.weather.com"
test "ads.adultadvertising.net"
test "indianapublicmedia.org"
test "hv3.webstat.com"
test "womenofyoutube.mevio.com"
test "twitpic.com"
test "cgi.4chan.org"
test "ads.adultadvertising.net"
test "bengals.com"
test "bmwusa.com"
test "ad.yieldmanager.com"
test "facebook.com"
test "hcr.com"
test "d.tradex.openx.com"
test "resultsz.com"
test "womenofyoutube.mevio.com"
test "ad.doubleclick.net"
test "ads.adultadvertising.net"
test "apple.com"
test "ads.adultadvertising.net"
test "d.tradex.openx.com"
test "google.ca"
test "focusbaiduafp.allyes.com"
test "bs.serving-sys.com"
test "us.adserver.yahoo.com"
test "kr.sports.yahoo.com"
test "s.xvideos.com"
test "msn.foxsports.com"
test "wunderground.com"
test "ads.adultadvertising.net"
test "desktopfw.weather.com"
test "br.fling.com"
test "facebook.com"
test "sesamestats.com"
test "tvpot.daum.net"
test "health.msnbc.us.intellitxt.com"
test "google.com"
test "desktopfw.weather.com"
test "desktopfw.weather.com"
test "msn.foxsports.com"
test "d.tradex.openx.com"
test "nike.com"
test "ads.adultadvertising.net"
test "video-stats.video.google.com"
test "mlb.mlb.com"
test "sesamestats.com"
test "arienh4.net.nyud.net"
test "mail.yahoo.com"
test "education.iupui.edu"
test "picasaweb.google.com"
test "kr.sports.yahoo.com"
test "ad.yieldmanager.com"
test "desktopfw.weather.com"
test "ads.tw.adsonar.com"
test "google.com"
test "facebook.com"
test "youtube.com"
test "arienh4.net.nyud.net"
test "target.com"
test "d.tradex.openx.com"
test "hk.yahoo.com"
test "cdn.channel.aol.com"
test "ads.adultadvertising.net"
test "bbs.20jh.net"
test "ent.6park.com"
test "lovine.com"
test "cyimg23.cyworld.com"
test "search.yahoo.com"
test "anymobileanytime.sprint.com"
test "hulu.com"
test "kr.sports.yahoo.com"
test "gn.naver.com"
test "ads.adultadvertising.net"
test "google.com"
test "facebook.com"
test "d.tradex.openx.com"
test "facebook.com"
test "ads.tw.adsonar.com"
test "bengals.com"
test "images-life.news.tom.com"
test "chinaenvironmentallaw.com"
test "t.mookie1.com"
test "ad.insightexpressai.com"
test "d.tradex.openx.com"
test "desktopfw.weather.com"
test "hcr.com"
test "hcr.com"
test "facebook.com"
test "hcr.com"
test "bbs.20jh.net"
test "ads.adultadvertising.net"
test "d.tradex.openx.com"
test "delivery.trafficjunky.net"
test "ro-co1.exp.msn.com"
test "desktopfw.weather.com"
test "arienh4.net.nyud.net"
test "cdn.optmd.com"
test "womenofyoutube.mevio.com"
test "google.com"
test "arienh4.net.nyud.net"
test "d.tradex.openx.com"
test "fivethirtyeight.com"
test "ads.adultadvertising.net"
test "jjj.de"
test "weather.com"
test "bbs.20jh.net"
test "kr.sports.yahoo.com"
test "video-stats.video.google.com"
test "newgrounds.com"
test "womenofyoutube.mevio.com"
test "hv3.webstat.com"
test "video-stats.video.google.com"
test "ad.yieldmanager.com"
test "ads.adultadvertising.net"
test "ytaahg.vo.llnwd.net"
test "infosfinding.com"
test "c20.statcounter.com"
test "burstbeacon.com"
test "msnbc.msn.com"
test "m1.2mdn.net"
test "youtube.com"
test "m.www.yahoo.com"
test "informatics.indiana.edu"
test "hcr.com"
test "sportsillustrated.cnn.com"
test "d.tradex.openx.com"
test "myspace.com"
test "baidu.com"
test "xjjh.com"
test "lyrics007.com"
test "desktopfw.weather.com"
test "arienh4.net.nyud.net"
test "google.com"
test "msn.foxsports.com"
test "desktopfw.weather.com"
test "ads.adultadvertising.net"
test "hcr.com"
test "facebook.com"
test "playlist.com"
test "rottentomatoes.com"
test "deviantart.com"
test "desktopfw.weather.com"
test "desktopfw.weather.com"
test "d.tradex.openx.com"
test "search.yahoo.com"
test "sidereel.com"
test "desktopfw.weather.com"
test "xjjh.com"
test "ads.brazzers.com"
test "ads.adultadvertising.net"
test "youtube.com"
test "ads.adultadvertising.net"
test "focusbaiduafp.allyes.com"
test "image.baidu.com"
test "secure-us.imrworldwide.com"
test "kr.sports.yahoo.com"
test "hv3.webstat.com"
test "video-stats.video.google.com"
test "ads.adultadvertising.net"
test "designbump.com"
test "msn.foxsports.com"
test "d.tradex.openx.com"
test "bing.com"
test "ads.adultadvertising.net"
test "kr.sports.yahoo.com"
test "facebook.com"
test "search.yahoo.com"
test "youtube.com"
test "ad.doubleclick.net"
test "gamespy.com"
test "espn.go.com"
test "image.baidu.com"
test "aol.com"
test "xo.nate.com"
test "metacafe.com"
test "kevinleopoldsenglishsyllabus.wikispaces.com"
test "iro.ragnarokonline.com"
test "sports.espn.go.com"
test "bs.serving-sys.com"
test "ads.adultadvertising.net"
test "wellscenter.iupui.edu"
test "kr.sports.yahoo.com"
test "yahoo.com"
test "banners.getiton.com"
test "ad.yieldmanager.com"
test "view.atdmt.com"
test "sa.uusee.com"
test "kr.sports.yahoo.com"
test "bing.com"
test "google.com"
test "minihp.cyworld.com"
test "ads.brazzers.com"
test "xjjh.com"
test "sesamestats.com"
test "ad.adlegend.com"
test "focusbaiduafp.allyes.com"
test "youtube-nocookie.com"
test "i1.ytimg.com"
test "hcr.com"
test "d.tradex.openx.com"
test "api.msappspace.com"
test "kr.sports.yahoo.com"
test "ads.adultadvertising.net"
test "stumbleupon.com"
test "msn.foxsports.com"
test "sesamestats.com"
test "hv3.webstat.com"
test "arienh4.net.nyud.net"
test "my.yahoo.com"
test "ad.yieldmanager.com"
test "video.od.visiblemeasures.com"
test "nba.com"
test "womenofyoutube.mevio.com"
test "mlb.mlb.com"
test "music.indiana.edu"
test "hcr.com"
test "club.cyworld.com"
test "facebook.com"
test "hcr.com"
test "gap.com"
test "arienh4.net.nyud.net"
test "s.xvideos.com"
test "br.fling.com"
test "banners.getiton.com"
test "ella.slis.indiana.edu"
test "xp.trafficmp.com"
test "ec.atdmt.com"
test "search.yahoo.com"
test "stumbleupon.com"
test "ads.brazzers.com"
test "nytimes.com"
test "nate.com"
test "target.com"
test "video-stats.video.google.com"
test "google.com"
test "banners.getiton.com"
test "ads.adultadvertising.net"
test "google.com"
test "ads.brazzers.com"
test "bs.serving-sys.com"
test "womenofyoutube.mevio.com"
test "video-stats.video.google.com"
test "google.com"
test "msn.com"
test "thumb.brandreachsys.com"
test "bid.openx.net"
test "myyearbook.com"
test "switch.atdmt.com"
test "kr.sports.yahoo.com"
test "d.tradex.openx.com"
test "indianapublicmedia.org"
test "amch.questionmarket.com"
test "api.oscar.aol.com"
test "stumbleupon.com"
test "ads.adultadvertising.net"
test "d.tradex.openx.com"
test "ads.cnn.com"
test "womenofyoutube.mevio.com"
test "womenofyoutube.mevio.com"
test "kr.sports.yahoo.com"
test "bbs.20jh.net"
test "google.com"
test "facebook.com"
test "sesamestats.com"
test "fe.brandreachsys.com"
test "ads.brazzers.com"
test "google.com"
test "ads.adultadvertising.net"
test "nochelatina.com"
test "gsy.or.kr"
test "womenofyoutube.mevio.com"
test "lezhin.com"
test "hv3.webstat.com"
test "kevinleopoldsenglishsyllabus.wikispaces.com"
test "ro-co1.exp.msn.com"
test "arienh4.net.nyud.net"
test "sesamestats.com"
test "nbcsports.msnbc.com"
test "viewmorepics.myspace.com"
test "video-stats.video.google.com"
test "desktopfw.weather.com"
test "a367.yahoofs.com"
test "thesaurus.reference.com"
test "gdx.mlb.com"
test "escapistmagazine.com"
test "d.tradex.openx.com"
test "image.baidu.com"
test "readred.com"
test "desktopfw.weather.com"
test "desktopfw.weather.com"
test "youtube.com"
test "cache.trafficmp.com"
test "xjjh.com"
test "google.com"
test "kr.sports.yahoo.com"
test "ad.yieldmanager.com"
test "m1.2mdn.net"
test "delivery.trafficjunky.net"
test "ads.brazzers.com"
test "sesamestats.com"
test "veoh.com"
test "bing.com"
test "youtube.com"
test "banners.getiton.com"
test "aolcdn.com"
test "ads.vs.com"
test "aol.com"
test "myspace.com"
test "1188.com"
test "ads.adultadvertising.net"
test "hi.baidu.com"
test "toolbar.wibiya.com"
test "teendestruction.com"
test "tvlistings.aol.com"
test "sesamestats.com"
test "elpais.com"
test "hv3.webstat.com"
test "cocotiers.aionsource.com"
test "ad.yieldmanager.com"
test "c2.ac-images.myspacecdn.com"
test "content.usatoday.com"
test "log8.doubleverify.com"
test "nytimes.com"
test "mail.google.com"
test "new.facebook.com"
test "google.com"
test "imdb.com"
test "omnisport.tv"
test "desktopfw.weather.com"
test "pagead2.googlesyndication.com"
test "waterjet.net"
test "hcr.com"
test "hv3.webstat.com"
test "npr.org"
test "ghost-trappers.com"
test "chem.indiana.edu"
test "dataandsearch.org"
test "cs.indiana.edu"
test "thesaurus.reference.com"
test "youtube.com"
test "msn.foxsports.com"
test "desktopfw.weather.com"
test "kr.dictionary.search.yahoo.com"
test "switch.atdmt.com"
test "ads.adultadvertising.net"
test "demr.opt.fimserve.com"
test "chem.indiana.edu"
test "video-stats.video.google.com"
test "lookup.avatars.yahoo.com"
test "npr.org"
test "desktopfw.weather.com"
test "xjjh.com"
test "d.tradex.openx.com"
test "digg.com"
test "ad.insightexpressai.com"
test "images.google.com"
test "friends.myspace.com"
test "widget.chipin.com"
test "meded.iusm.iu.edu"
test "d.tradex.openx.com"
test "image.wapi.wetpaint.com"
test "banners.getiton.com"
test "sesamestats.com"
test "my.yahoo.com"
test "blackplanet.com"
test "chicagotribune.com"
test "target.com"
test "facebook.com"
test "apple.com"
test "ads.brazzers.com"
test "ezinearticles.com"
test "lingoes.cn"
test "facebook.com"
test "gevalia.com"
test "new.facebook.com"
test "ihsaa.org"
test "nytimes.com"
test "ads.adultadvertising.net"
test "microsoft.com"
test "politico.com"
test "hv3.webstat.com"
test "ads.adultadvertising.net"
test "idsoftware.com"
test "image.baidu.com"
test "video-stats.video.google.com"
test "hcr.com"
test "ads.adultadvertising.net"
test "pagead2.googlesyndication.com"
test "hv3.webstat.com"
test "loginsvc.cyworld.com"
test "weather.com"
test "br.fling.com"
test "hcr.com"
test "431.webim0068.webim.myspace.com"
test "anmgpvpw.vp.video.l.google.com"
test "ad.yieldmanager.com"
test "uncrate.com"
test "arienh4.net.nyud.net"
test "arienh4.net.nyud.net"
test "google.com"
test "hv3.webstat.com"
test "washingtontimes.com"
test "music.indiana.edu"
test "facebook.com"
test "hcr.com"
test "d.tradex.openx.com"
test "video-stats.video.google.com"
test "ads.brazzers.com"
test "dell.msn.com"
test "frenchlick.casinobonusplay.com"
test "graphics.fansonly.com"
test "comment2.tom.com"
test "pricegrabber.com"
test "espn.go.com"
test "google.com"
test "thumb.brandreachsys.com"
test "dealsea.com"
test "search.ebscohost.com"
test "d.tradex.openx.com"
test "user.5173.com"
test "focusbaiduafp.allyes.com"
test "cdn4.specificclick.net"
test "hv3.webstat.com"
test "facebook.com"
test "video-stats.video.google.com"
test "facebook.com"
test "whos.amung.us"
test "nochelatina.com"
test "twitter.com"
test "google.com"
test "viewmorepics.myspace.com"
test "hcr.com"
test "watch-movies-online.tv"
test "yahoo.ytsa.net"
test "desktopfw.weather.com"
test "sports.espn.go.com"
test "bs.serving-sys.com"
test "desktopfw.weather.com"
test "facebook.com"
test "myyearbook.com"
test "king.com"
test "womenofyoutube.mevio.com"
test "home.renren.com"
test "womenofyoutube.mevio.com"
test "informatics.indiana.edu"
test "news.aol.com"
test "ads.brazzers.com"
test "harttweb.hartford.edu"
test "ilovecheating.com"
test "cache.trafficmp.com"
test "kr.insider.msg.yahoo.com"
test "afcyhf.com"
test "fpsgameservers.com"
test "idcs.interclick.com"
test "ads.brazzers.com"
test "ad.yieldmanager.com"
test "google.com"
test "google.com"
test "demr.opt.fimserve.com"
test "image.baidu.com"
test "womenofyoutube.mevio.com"
test "d.tradex.openx.com"
test "askpop.com"
test "nhl.com"
test "loginsvc.cyworld.com"
test "blog.go2.tw"
test "newegg.com"
test "ads.brazzers.com"
test "espn.go.com"
test "b179.cnzz.com"
test "naver.com"
test "d.tradex.openx.com"
test "my.yahoo.com"
test "d.tradex.openx.com"
test "youtube.com"
test "hcr.com"
test "google.com"
test "desktopfw.weather.com"
test "huaren.us"
test "facebook.com"
test "facebook.com"
test "brightcove.vo.llnwd.net"
test "image.baidu.com"
test "google.com"
test "yahoo.com"
test "penciloflight.deviantart.com"
test "womenofyoutube.mevio.com"
test "imeem.com"
test "google.com"
test "informatics.indiana.edu"
test "engr.iupui.edu"
test "ads.huaren.us"
test "image.baidu.com"
test "byfiles.storage.live.com"
test "normalog.com"
test "d.tradex.openx.com"
test "facebook.com"
test "bid.openx.net"
test "google.com"
test "hv3.webstat.com"
test "optimized-by.rubiconproject.com"
test "media.spicynodes.org"
test "hcr.com"
test "hv3.webstat.com"
test "google.com"
test "google.com"
test "huffingtonpost.com"
test "view.atdmt.com"
test "desktopfw.weather.com"
test "d.tradex.openx.com"
test "dealighted.com"
test "v.youku.com"
test "ads.brazzers.com"
test "google.com"
test "nba.com"
test "profile.myspace.com"
test "youku.com"
test "freakingnews.com"
test "amch.questionmarket.com"
test "anymobileanytime.sprint.com"
test "seri.org"
test "youtube.com"
test "wesc.k12.in.us"
test "movie.tudou.com"
test "mylifeisaverage.com"
test "blog.yam.com"
test "omnisport.tv"
test "informatics.indiana.edu"
test "d.tradex.openx.com"
test "images.google.com"
test "target.com"
test "c.microsoft.com"
test "sesamestats.com"
test "autou.vodone.cn"
test "cbsnews.com"
test "desktopfw.weather.com"
test "vimg21.yoqoo.com"
test "a367.yahoofs.com"
test "graphics.fansonly.com"
test "slutload.com"
test "afe.specificclick.net"
test "nate.com"
test "cdn4.specificclick.net"
test "c.brightcove.com"
test "graphics.fansonly.com"
test "ads.brazzers.com"
test "xjjh.com"
test "nba.com"
test "ad.inven.co.kr"
test "ad.scanmedios.com"
test "demr.opt.fimserve.com"
test "cdn.blinkx.com"
test "facebook.com"
test "ad.inven.co.kr"
test "gevalia.com"
test "facebook.com"
test "image.baidu.com"
test "hcr.com"
test "hcr.com"
test "wenxue6.com"
test "desktopfw.weather.com"
test "hv3.webstat.com"
test "tags.bluekai.com"
test "facebook.com"
test "google.com"
test "google.com"
test "d.tradex.openx.com"
test "desktopfw.weather.com"
test "shop.ebay.com"
test "bs.serving-sys.com"
test "ads.vrx.adbrite.com"
test "graphics.fansonly.com"
test "google.com"
test "wall.cws.api.sina.com.cn"
test "portal.acm.org"
test "burstbeacon.com"
test "match.com"
test "sports.yahoo.com"
test "otniga.blu.livefilestore.com"
test "picnik.com"
test "kr.sports.yahoo.com"
test "teendestruction.com"
test "youtube.com"
test "nhl.com"
test "blogs.msdn.com"
test "nate.com"
test "ads.brazzers.com"
test "ads.brazzers.com"
test "pogo.com"
test "tags.bluekai.com"
test "facebook.com"
test "hcr.com"
test "womenofyoutube.mevio.com"
test "football.fantasysports.yahoo.com"
test "burstbeacon.com"
test "v.youku.com"
test "google.ca"
test "d.tradex.openx.com"
test "arienh4.net.nyud.net"
test "antiwar.com"
test "hv3.webstat.com"
test "youtube.com"
test "arienh4.net.nyud.net"
test "hcr.com"
test "ad.inven.co.kr"
test "a367.yahoofs.com"
test "facebook.com"
test "bs.serving-sys.com"
test "post.news.tom.com"
test "finance.google.com"
test "user.qzone.qq.com"
test "d.tradex.openx.com"
test "home.live.com"
test "xjjh.com"
test "sportsjournalism.org"
test "secure-us.imrworldwide.com"
test "ad.yieldmanager.com"
test "isdspeed.qq.com"
test "video.od.visiblemeasures.com"
test "facebook.com"
test "mail.live.com"
test "aol.com"
test "promos.fling.com"
test "arienh4.net.nyud.net"
test "hv3.webstat.com"
test "static16.photo.sina.com.cn"
test "metacafe.com"
test "youtube.com"
test "nochelatina.com"
test "ad.inven.co.kr"
test "facebook.com"
test "ad.yieldmanager.com"
test "apps.facebook.com"
test "ytaahg.vo.llnwd.net"
test "ticketmaster.com"
test "www2.clutchfans.net"
test "youtube.com"
test "espn-www.baynote.net"
test "ads.brazzers.com"
test "ad.yieldmanager.com"
test "lg15.com"
test "veoh.com"
test "desktopfw.weather.com"
test "reviews.samsclub.com"
test "desktopfw.weather.com"
test "apple.com"
test "education.iupui.edu"
test "arienh4.net.nyud.net"
test "parents.com"
test "ads.brazzers.com"
test "sn111w.snt111.mail.live.com"
test "priceline.com"
test "espn.go.com"
test "auth.ulib.iupui.edu"
test "google.com"
test "a367.yahoofs.com"
test "ask.com"
test "sn111w.snt111.mail.live.com"
test "amazon.com"
test "secure-us.imrworldwide.com"
test "espn.go.com"
test "buddhaweb.googlepages.com"
test "ad.inven.co.kr"
test "news.tom.com"
test "ad.yieldmanager.com"
test "viewmorepics.myspace.com"
test "mitbbs.com"
test "dalealplay.com"
test "bn.ct.kz"
test "g2.ykimg.com"
test "ad.adtegrity.net"
test "d.tradex.openx.com"
test "hittheice.com"
test "desktopfw.weather.com"
test "hcr.com"
test "deviantart.com"
test "digg.com"
test "hcr.com"
test "hcr.com"
test "livejournal.com"
test "webmail.aol.com"
test "facebook.com"
test "thumb.brandreachsys.com"
test "pagead2.googlesyndication.com"
test "a1.interclick.com"
test "ad.yieldmanager.com"
test "facebook.com"
test "sesamestats.com"
test "boost.org"
test "hv3.webstat.com"
test "hcr.com"
test "social.bidsystem.com"
test "associatedcontent.com"
test "arienh4.net.nyud.net"
test "sesamestats.com"
test "d.tradex.openx.com"
test "stumbleupon.com"
test "xinhuanet.com"
test "woot.com"
test "nuklearpower.com"
test "adszooks.com"
test "hv3.webstat.com"
test "ads.brazzers.com"
test "nba.com"
test "ncbi.nlm.nih.gov"
test "hcr.com"
test "friends.myspace.com"
test "server2.webgozar.com"
test "anmgpvpw.vp.video.l.google.com"
test "youtube.com"
test "hv3.webstat.com"
test "search.yahoo.com"
test "news.xinhuanet.com"
test "content.openforum.com"
test "cartoon.media.daum.net"
test "bs.serving-sys.com"
test "baidu.com"
test "ktown.koreadaily.com"
test "womenofyoutube.mevio.com"
test "cfile255.uf.daum.net"
test "click2.5j.com"
test "watch-movies-online.tv"
test "static11.photo.sina.com.cn"
test "video-stats.video.google.com"
test "msn.foxsports.com"
test "msn.yoka.com"
test "desktopfw.weather.com"
test "google.com"
test "ads.brazzers.com"
test "v.youku.com"
test "bs.serving-sys.com"
test "ad.globalinteractive.com"
test "kr.yahoo.com"
test "bio.net"
test "www418.megavideo.com"
test "community.livejournal.com"
test "ads.brazzers.com"
test "hcr.com"
test "desktopfw.weather.com"
test "msn.com"
test "banners.getiton.com"
test "solutions.com"
test "womenofyoutube.mevio.com"
test "facebook.com"
test "arienh4.net.nyud.net"
test "youtube.com"
test "flybase.net"
test "womenofyoutube.mevio.com"
test "ustream.tv"
test "harttweb.hartford.edu"
test "load.exelator.com"
test "imeem.com"
test "msn.foxsports.com"
test "fanfiction.net"
test "amazon.com"
test "open.compassion-intl.com"
test "images.google.com"
test "arienh4.net.nyud.net"
test "dygod.com"
test "freehentaiporn.net"
test "yahoo.com"
test "womenofyoutube.mevio.com"
test "bio.net"
test "horoscope.findyourfate.com"
test "arienh4.net.nyud.net"
test "mickeyhart.net"
test "google.com"
test "bs.serving-sys.com"
test "fanfiction.net"
test "takmobile.info"
test "ad.yieldmanager.com"
test "cgi.4chan.org"
test "weather.yahoo.com"
test "ad.yieldmanager.com"
test "arienh4.net.nyud.net"
test "desktopfw.weather.com"
test "arienh4.net.nyud.net"
test "secure-us.imrworldwide.com"
test "youtube.com"
test "search.yahoo.com"
test "teendestruction.com"
test "desktopfw.weather.com"
test "foxnews.com"
test "nba.com"
test "arienh4.net.nyud.net"
test "delb.opt.fimserve.com"
test "cell.com"
test "pagead2.googlesyndication.com"
test "google.com"
test "hv3.webstat.com"
test "ad.yieldmanager.com"
test "ads.brazzers.com"
test "gourmandia.com"
test "arienh4.net.nyud.net"
test "banners.adultfriendfinder.com"
test "songs.pk"
test "youtube.com"
test "screwattack.com"
test "desktopfw.weather.com"
test "4chan.org"
test "netflix.com"
test "d.tradex.openx.com"
test "desktopfw.weather.com"
test "bs.serving-sys.com"
test "arienh4.net.nyud.net"
test "math.iupui.edu"
test "en.wikipedia.org"
test "facebook.com"
test "xjjh.com"
test "nz.answers.yahoo.com"
test "boost.org"
test "jcrew.com"
test "images.google.com"
test "basketball.fantasysports.yahoo.com"
test "aol.com"
test "focusbaiduafp.allyes.com"
test "farm.game.playfish.com"
test "spreeblick.com"
test "espn-www.baynote.net"
test "kr.sports.yahoo.com"
test "desktopfw.weather.com"
test "en.wikipedia.org"
test "player.targetspot.com"
test "mlb.mlb.com"
test "c.brightcove.com"
test "womenofyoutube.mevio.com"
test "kaixin001.com"
test "womenofyoutube.mevio.com"
test "d4.sina.com.cn"
test "target.com"
test "player.cdn.targetspot.com"
test "core.insightexpressai.com"
test "video-stats.video.google.com"
test "ad.adperium.com"
test "desktopfw.weather.com"
test "fe.brandreachsys.com"
test "ovidsp.tx.ovid.com"
test "hcr.com"
test "accessmylibrary.com"
test "video.od.visiblemeasures.com"
test "ib.adnxs.com"
test "hk.yahoo.com"
test "ads.brazzers.com"
test "hcr.com"
test "video.od.visiblemeasures.com"
test "xjjh.com"
test "131.webim0018.webim.myspace.com"
test "teendestruction.com"
test "video-stats.video.google.com"
test "c.adroll.com"
test "tracking2.vindicosuite.com"
test "xp.trafficmp.com"
test "ad.ezday.co.kr"
test "video-stats.video.google.com"
test "womenofyoutube.mevio.com"
test "hv3.webstat.com"
test "aa.lgv.facdn.com"
test "ad.yieldmanager.com"
test "arienh4.net.nyud.net"
test "hv3.webstat.com"
test "chem.indiana.edu"
test "aarinfantasy.com"
test "kr.sports.yahoo.com"
test "c17.statcounter.com"
test "desktopfw.weather.com"
test "stumbleupon.com"
test "washingtonpost.com"
test "sesamestats.com"
test "nexplore.com"
test "d.tradex.openx.com"
test "google.com"
test "facebook.com"
test "desktopfw.weather.com"
test "art.o.aolcdn.com"
test "cyworld.com"
test "iurecsports.org"
test "d.tradex.openx.com"
test "ads.pointroll.com"
test "hcr.com"
test "ad.yieldmanager.com"
test "womenofyoutube.mevio.com"
test "arienh4.net.nyud.net"
test "ads.brazzers.com"
test "d.tradex.openx.com"
test "facebook.com"
test "video-stats.video.google.com"
test "pornhub.com"
test "google.com"
test "d.tradex.openx.com"
test "dataandsearch.org"
test "js.wretch.yahoo.net"
test "ads.brazzers.com"
test "womenofyoutube.mevio.com"
test "my.yahoo.com"
test "search.yahoo.com"
test "minihp.cyworld.com"
test "mail.yahoo.com"
test "desktopfw.weather.com"
test "d.tradex.openx.com"
test "arienh4.net.nyud.net"
test "rhapsody.com"
test "synapse.cs.iupui.edu"
test "hv3.webstat.com"
test "usweb.dotomi.com"
test "youtube.com"
test "google.com"
test "www2.music-tags.com"
test "222.202.96.162"
test "youtube.com"
test "deviantart.com"
test "indianapublicmedia.org"
test "sesamestats.com"
test "guitarcenter.com"
test "comments.cnbc.com"
test "youtube-nocookie.com"
test "nbcsports.msnbc.com"
test "ads.brazzers.com"
test "google.com"
test "context3.kanoodle.com"
test "ad.insightexpressai.com"
test "fe.br"
test "google.com"
test "d.tradex.openx.com"
test "womenofyoutube.mevio.com"
test "msn.foxsports.com"
test "ads.brazzers.com"
test "67.213.222.2"
test "ad.inven.co.kr"
test "google.com"
test "gateway.isiknowledge.com"
test "totalbeauty.com"
test "google.com"
test "espn.vad.go.com"
test "gn.naver.com"
test "hv3.webstat.com"
test "puma.vizu.com"
test "core.insightexpressai.com"
test "ad.inven.co.kr"
test "ad.reduxmedia.com"
test "google.com"
test "so.tudou.com"
test "d.tradex.openx.com"
test "miboard.miclub.com"
test "google.com"
test "ads.brazzers.com"
test "d.tradex.openx.com"
test "youtube.com"
test "bs.serving-sys.com"
test "chem.indiana.edu"
test "teendestruction.com"
test "marcjohns.com"
test "sports-ak.espn.go.com"
test "arienh4.net.nyud.net"
test "jagtag.iupui.edu"
test "chicagotribune.com"
test "video-stats.video.google.com"
test "springerlink.com"
test "d.tradex.openx.com"
test "d.tradex.openx.com"
test "video-stats.video.google.com"
test "wired.com"
test "cu-market.com.cn"
test "google.com"
test "desktopfw.weather.com"
test "ads.revsci.net"
test "m1.2mdn.net"
test "tudou.com"
test "ads.brazzers.com"
test "d.tradex.openx.com"
test "learn.genetics.utah.edu"
test "investopedia.com"
test "stat.talk.renren.com"
test "video.od.visiblemeasures.com"
test "video-stats.video.google.com"
test "womenofyoutube.mevio.com"
test "compbio.iupui.edu"
test "womenofyoutube.mevio.com"
test "woot.com"
test "news.aol.com"
test "myyearbook.com"
test "ads.brazzers.com"
test "womenofyoutube.mevio.com"
test "womenofyoutube.mevio.com"
test "ads.brazzers.com"
test "hv3.webstat.com"
test "womenofyoutube.mevio.com"
test "youtube.com"
test "ib.adnxs.com"
test "amazon.com"
test "google.com"
test "static.addtoany.com"
test "ads.brazzers.com"
test "hv3.webstat.com"
test "dataandsearch.org"
test "facebook.com"
test "focusbaiduafp.allyes.com"
test "desktopfw.weather.com"
test "fe.br"
test "fastflip.googlelabs.com"
test "hv3.webstat.com"
test "google.com"
test "dailymotion.com"
test "search.yahoo.com"
test "xjjh.com"
test "d.tradex.openx.com"
test "d.tradex.openx.com"
test "search2.seri.org"
test "kr.sports.yahoo.com"
test "imeem.com"
test "desktopfw.weather.com"
test "nytimes.com"
test "460.cim.meebo.com"
test "springerlink.com"
test "netv.sbs.co.kr"
test "youtube.com"
test "ads.specificmedia.com"
test "pixel.invitemedia.com"
test "msn.foxsports.com"
test "bbc.co.uk"
test "wenxuecity.com"
test "d.tradex.openx.com"
test "atpworldtour.com"
test "sidereel.com"
test "msn.foxsports.com"
test "d.tradex.openx.com"
test "desktopfw.weather.com"
test "megaupload.com"
test "video-stats.video.google.com"
test "cyworld.com"
test "desktopfw.weather.com"
test "thefields.com"
test "target.com"
test "google.com"
test "xo.nate.com"
test "womenofyoutube.mevio.com"
test "msn.com"
test "msn.com"
test "arienh4.net.nyud.net"
test "assoc-amazon.com"
test "hv3.webstat.com"
test "ads.brazzers.com"
test "creatives.livejasmin.com"
test "target.com"
test "a367.yahoofs.com"
test "ad.insightexpressai.com"
test "web4.c2.cyworld.com"
test "leadback.advertising.com"
test "youtube.com"
test "44.adsina.allyes.com"
test "womenofyoutube.mevio.com"
test "mevio.com"
test "web4.c2.cyworld.com"
test "google.com"
test "ad.ae.doubleclick.net"
test "message.tudou.com"
test "video-stats.video.google.com"
test "clipmarks.com"
test "meta.wikimedia.org"
test "desktopfw.weather.com"
test "youtube.com"
test "tw.nicovideo.jp"
test "informatics.indiana.edu"
test "hkclient.uusee.com"
test "focusbaiduafp.allyes.com"
test "desktopfw.weather.com"
test "ad.yieldmanager.com"
test "bing.com"
test "web4.c2.cyworld.com"
test "nate.com"
test "asprov.search.yahoo.co.jp"
test "womenofyoutube.mevio.com"
test "spitefulcritic.com"
test "hv3.webstat.com"
test "isdspeed.qq.com"
test "club.myce.com"
test "xjjh.com"
test "expedia.com"
test "womenofyoutube.mevio.com"
test "video-stats.video.google.com"
test "netv.sbs.co.kr"
test "mikestools.com"
test "a367.yahoofs.com"
test "myspace.com"
test "biocrawler.com"
test "facebook.com"
test "google.com"
test "wretch.cc"
test "desktopfw.weather.com"
test "desktopfw.weather.com"
test "rivals.com"
test "kr.sports.yahoo.com"
test "youtube.com"
test "hcr.com"
test "d.tradex.openx.com"
test "segye.com"
test "rcws.eyereturn.com"
test "waterjet.net"
test "post.news.tom.com"
test "facebook.com"
test "tags.bluekai.com"
test "pixel.invitemedia.com"
test "womenofyoutube.mevio.com"
test "mediaservices.myspace.com"
test "network.kitaramarketplace.com"
test "freeze.quizengine.com"
test "desktopfw.weather.com"
test "southwest.com"
test "blog.naver.com"
test "facebook.com"
test "arienh4.net.nyud.net"
test "modernhomemodernbaby.com"
test "google.com"
test "blog.sina.com.cn"
test "bing.com"
test "sesamestats.com"
test "swiss-miss.com"
test "desktopfw.weather.com"
test "math.iupui.edu"
test "staff.lib.msu.edu"
test "womenofyoutube.mevio.com"
test "sesamestats.com"
test "travel.ian.com"
test "hulu.com"
test "video-stats.video.google.com"
test "onemanga.com"
test "adam4adam.com"
test "gn.naver.com"
test "sesamestats.com"
test "a166.cnzz.com"
test "g2.ykimg.com"
test "google.cn"
test "amazon.com"
test "banners.getiton.com"
test "teendestruction.com"
test "ads.brazzers.com"
test "sports.yahoo.com"
test "livejasmin.com"
test "woot.com"
test "demr.opt.fimserve.com"
test "facebook.com"
test "desktopfw.weather.com"
test "tn-skr2.smilevideo.jp"
test "l.yimg.com"
test "ad.yieldm"
test "ads.brazzers.com"
test "www-slis.lib.indiana.edu"
test "youtube.com"
test "facebook.com"
test "d.tradex.openx.com"
test "ad.yieldmanager.com"
test "ditu.google.cn"
test "penciloflight.deviantart.com"
test "sina.com.cn"
test "desktopfw.weather.com"
test "wpi.renren.com"
test "view.atdmt.com"
test "deviantart.com"
test "a367.yahoofs.com"
test "googleads.g.doubleclick.net"
test "sesamestats.com"
test "woot.com"
test "youtube.com"
test "teacherscount.org"
test "hv3.webstat.com"
test "player.xmradio.com"
test "play.mgoon.com"
test "sports.espn.go.com"
test "video-stats.video.google.com"
test "toolbar.google.com"
test "m1.2mdn.net"
test "rivals.com"
test "static.addtoany.com"
test "onemanga.com"
test "58.83.135.205"
test "d.tradex.openx.com"
test "br.fling.com"
test "d.tradex.openx.com"
test "target.com"
test "digg.com"
test "banners.getiton.com"
test "amch.questionmarket.com"
test "desktopfw.weather.com"
test "ad.yieldmanager.com"
test "d.tradex.openx.com"
test "hv3.webstat.com"
test "bs.serving-sys.com"
test "target.com"
test "amch.questionmarket.com"
test "video-stats.video.google.com"
test "cdn.optmd.com"
test "minihp.cyworld.com"
test "video-stats.video.google.com"
test "d.tradex.openx.com"
test "att.my.yahoo.com"
test "gw.masan.ac.kr"
test "d.tradex.openx.com"
test "video-stats.video.google.com"
test "chem.iupui.edu"
test "ad.yieldmanager.com"
test "espn.go.com"
test "ad.yieldmanager.com"
test "desktopfw.weather.com"
test "desktopfw.weather.com"
test "facebook.com"
test "ads.brazzers.com"
test "mediaservices.myspace.com"
test "wwwq33.megaupload.com"
test "google.com"
test "google.com"
test "jagtag.iupui.edu"
test "d.tradex.openx.com"
test "desktopfw.weather.com"
test "web4.c2.cyworld.com"
test "sesamestats.com"
test "facebook.com"
test "graphics.fansonly.com"
test "d.tradex.openx.com"
test "google.com"
test "courses.bio.indiana.edu"
test "d.tradex.openx.com"
test "ads.brazzers.com"
test "blog.sina.com.cn"
test "d.tradex.openx.com"
test "pixel.rubiconproject.com"
test "auth.ulib.iupui.edu"
test "hcr.com"
test "weather.com"
test "receive2.tubemogul.com"
test "video-stats.video.google.com"
test "a367.yahoofs.com"
test "0.channel12.facebook.com"
test "music.qq.com"
test "math.iupui.edu"
test "d.tradex.openx.com"
test "target.com"
test "blog.daum.net"
test "bs.serving-sys.com"
test "leadback.advertising.com"
test "boost.org"
test "ad.yieldmanager.com"
test "youtube.com"
test "images.google.com"
test "google.com"
test "adultfriendfinder.com"
test "img.4chan.org"
test "sports.espn.go.com"
test "cracked.com"
test "msn.com"
test "arienh4.net.nyud.net"
test "stumbleupon.com"
test "mt1.google.com"
test "video-stats.video.google.com"
test "segye.com"
test "kr.sports.yahoo.com"
test "bid.openx.net"
test "fe.br"
test "ad.insightexpressai.com"
test "d.tradex.openx.com"
test "desktopfw.weather.com"
test "books.google.com"
test "d.tradex.openx.com"
test "ads.revsci.net"
test "styleforum.net"
test "youtube.com"
test "arienh4.net.nyud.net"
test "srv2.wa.marketingsolutions.yahoo.com"
test "desktopfw.weather.com"
test "myspace.com"
test "cvshealthresources.com"
test "a367.yahoofs.com"
test "llbean.com"
test "fls.doubleclick.net"
test "lawschool.westlaw.com"
test "d.tradex.openx.com"
test "desktopfw.weather.com"
test "usatoday.com"
test "banners.getiton.com"
test "youtube.com"
test "teendestruction.com"
test "hv3.webstat.com"
test "facebook.com"
test "google.com"
test "ad.globalinteractive.com"
test "d.tradex.openx.com"
test "sesamestats.com"
test "web4.c2.cyworld.com"
test "ads.brazzers.com"
test "ads.brazzers.com"
test "ro-co1.exp.msn.com"
test "google.com"
test "betacycling.blogspot.com"
test "a367.yahoofs.com"
test "bs.serving-sys.com"
test "lezhin.com"
test "google.com"
test "hv3.webstat.com"
test "hv3.webstat.com"
test "rx8kl6yf4x.cs.serialssolutions.com"
test "embedded.garena.com"
test "google.com"
test "new.facebook.com"
test "bbs.20jh.net"
test "waterjet.net"
test "flybase.org"
test "d.tradex.openx.com"
test "video-stats.video.google.com"
test "mylifeisaverage.com"
test "ads.clicksor.com"
test "d.tradex.openx.com"
test "d.tradex.openx.com"
test "womenofyoutube.mevio.com"
test "youtube.com"
test "d.tradex.openx.com"
test "ads.brazzers.com"
test "penciloflight.deviantart.com"
test "viewmorepics.myspace.com"
test "50.webim0156.webim.myspace.com"
test "msn13.nasads.com"
test "desktopfw.weather.com"
test "magazine.wired.com"
test "amch.questionmarket.com"
test "d.tradex.openx.com"
test "afe.specificclick.net"
test "jackson-rathbone.com"
test "hamline.edu"
test "arienh4.net.nyud.net"
test "arienh4.net.nyud.net"
test "msn.com"
test "blogs.msdn.com"
test "by114w.bay114.mail.live.com"
test "curse.com"
test "hcr.com"
test "370.webim0366.webim.myspace.com"
test "officedepot.com"
test "watch-movies.net.in"
test "cnn.com"
test "nursingsociety.org"
test "sesamestats.com"
test "mysoju.com"
test "m1.2mdn.net"
test "d.tradex.openx.com"
test "youtube.com"
test "video.od.visiblemeasures.com"
test "informatics.indiana.edu"
test "tap.rubiconproject.com"
test "projectwonderful.com"
test "imgcache.qq.com"
test "d.tradex.openx.com"
test "bbs.20jh.net"
test "segye.com"
test "bs.serving-sys.com"
test "desktopfw.weather.com"
test "d.tradex.openx.com"
test "i1.ytimg.com"
test "support.xbox.com"
test "t.mookie1.com"
test "target.com"
test "weather.com"
test "minihp.cyworld.com"
test "208.88.226.75"
test "metalsetlists.com"
test "94.75.237.65"
test "ad.doubleclick.net"
test "srv2.wa.marketingsolutions.yahoo.com"
test "150.webim0366.webim.myspace.com"
test "view.atdmt.com"
test "fandango.com"
test "video-stats.video.google.com"
test "beacon.videoegg.com"
test "bing.com"
test "ad.yieldmanager.com"
test "d.tradex.openx.com"
test "imeem.com"
test "bid.openx.net"
test "881903.com"
test "deviantart.com"
test "g2.ykimg.com"
test "oah.org"
test "facebook.com"
test "youtube.com"
test "mail.google.com"
test "xjjh.com"
test "video-stats.video.google.com"
test "tw.yahoo.com"
test "desktopfw.weather.com"
test "godgame.com.tw"
test "heepo.com"
test "facebook.com"
test "d.tradex.openx.com"
test "p.opt.fimserve.com"
test "arienh4.net.nyud.net"
test "metalsetlists.com"
test "d.tradex.openx.com"
test "desktopfw.weather.com"
test "youtube.com"
test "music.indiana.edu"
test "bs.serving-sys.com"
test "womenofyoutube.mevio.com"
test "cdn.eyewonder.com"
test "hv3.webstat.com"
test "d.tradex.openx.com"
test "desktopfw.weather.com"
test "action.media6degrees.com"
test "ulib.iupui.edu"
test "55643.cim.meebo.com"
test "web4.c2.cyworld.com"
test "facebook.com"
test "bs.serving-sys.com"
test "letsrun.com"
test "ad.doubleclick.net"
test "youtube.com"
test "desktopfw.weather.com"
test "adk.funshion.com"
test "d.tradex.openx.com"
test "user.qzone.qq.com"
test "twitter.com"
test "facebook.com"
test "youtube.com"
test "a.analytics.yahoo.com"
test "video-stats.video.google.com"
test "thebodyshop-usa.com"
test "womenofyoutube.mevio.com"
test "ads.brazzers.com"
test "desktopfw.weather.com"
test "75.126.76.218"
test "googleads.g.doubleclick.net"
test "s16.sitemeter.com"
test "d.tradex.openx.com"
test "uesp.net"
test "d.tradex.openx.com"
test "phdcomics.com"
test "desktopfw.weather.com"
test "womenofyoutube.mevio.com"
test "tw.nicovideo.jp"
test "odmp.org"
test "indianarunner.informe.com"
test "focusbaiduafp.allyes.com"
test "ads.brazzers.com"
test "s.xvideos.com"
test "ad.doubleclick.net"
test "video-stats.video.google.com"
test "web.lightningcast.net"
test "weather.com"
test "kr.msn.com"
test "viewmorepics.myspace.com"
test "d.tradex.openx.com"
test "ads.brazzers.com"
test "hv3.webstat.com"
test "freehentaiporn.net"
test "google.com"
test "web4.c2.cyworld.com"
test "kuaile.dict.cn"
test "minihp.cyworld.com"
test "target.com"
test "tyrashow.warnerbros.com"
test "support.xbox.com"
test "ads.brazzers.com"
test "scholar.google.com"
test "bid.openx.net"
test "arienh4.net.nyud.net"
test "bs.serving-sys.com"
test "youtube.com"
test "kr.sports.yahoo.com"
test "google.com"
test "vip.51.la"
test "hcr.com"
test "msn.foxsports.com"
test "video-stats.video.google.com"
test "womenofyoutube.mevio.com"
test "womenofyoutube.mevio.com"
test "hv3.webstat.com"
test "ads.revsci.net"
test "my.freeze.com"
test "hv3.webstat.com"
test "ww.smashits.com"
test "meded.iusm.iu.edu"
test "atpworldtour.com"
test "search.yahoo.com"
test "talenthunter.com"
test "facebook.com"
test "indystar.com"
test "xjjh.com"
test "math.iupui.edu"
test "pandora.com"
test "wwwq33.megaupload.com"
test "web.ebscohost.com"
test "target.com"
test "en.wikipedia.org"
test "facebook.com"
test "ad.yieldmanager.com"
test "google.com"
test "mlb.mlb.com"
test "mergentonline.com"
test "renren.com"
test "d.tradex.openx.com"
test "adserv.impactengine.com"
test "kr.sports.yahoo.com"
test "arienh4.net.nyud.net"
test "video-stats.video.google.com"
test "desktopfw.weather.com"
test "arienh4.net.nyud.net"
test "google.com"
test "nahse.org"
test "segye.com"
test "d.tradex.openx.com"
test "loginsvc.cyworld.com"
test "textsfromlastnight.com"
test "youtube.com"
test "facebook.com"
test "mail2.nate.com"
test "youtube.com"
test "us.mg4.mail.yahoo.com"
test "kongregate.com"
test "recommend.xunlei.com"
test "d.tradex.openx.com"
test "arienh4.net.nyud.net"
test "tracking.performgroup.com"
test "pb.diyhard.co.kr"
test "informatics.indiana.edu"
test "d.tradex.openx.com"
test "kr.sports.yahoo.com"
test "thumb.brandreachsys.com"
test "d.tradex.openx.com"
test "desktopfw.weather.com"
test "focusbaiduafp.allyes.com"
test "ads.brazzers.com"
test "ad.insightexpressai.com"
test "desktopfw.weather.com"
test "desktopfw.weather.com"
test "0.channel12.facebook.com"
test "topics.cnn.com"
test "target.com"
test "d.tradex.openx.com"
test "indianapublicmedia.org"
test "pageview.gomtv.com"
test "d.tradex.openx.com"
test "kr.sports.yahoo.com"
test "hcr.com"
test "womenofyoutube.mevio.com"
test "shoppingbox.partner.leguide.com"
test "nbcsports.msnbc.com"
test "thumb.brandreachsys.com"
test "social.bidsystem.com"
test "stumbleupon.com"
test "ads.brazzers.com"
test "ads.revsci.net"
test "btownmenus.com"
test "blackplanet.com"
test "colts.com"
test "maps.google.com"
test "toptvbytes.com"
test "cgi.ebay.com"
test "amsv2.daum.net"
test "google.com"
test "log.ationnet.com"
test "youtube.com"
test "images.google.com"
test "hv3.webstat.com"
test "bmwusa.com"
test "ad.yieldmanager.com"
test "facebook.com"
test "facebook.com"
test "adready.com"
test "google.com"
test "watch-movies-online.tv"
test "xp.trafficmp.com"
test "kr.sports.yahoo.com"
test "arienh4.net.nyud.net"
test "ads.brazzers.com"
test "inkido.indiana.edu"
test "web.nutn.edu.tw"
test "youtube.com"
test "ad.admediaprovider.com"
test "servedby.advertising.com"
test "desktopfw.weather.com"
test "video-stats.video.google.com"
test "d.tradex.openx.com"
test "hv3.webstat.com"
test "d.tradex.openx.com"
test "d.tradex.openx.com"
test "msn.foxsports.com"
test "news.chinatimes.com"
test "webmail.aol.com"
test "desktopfw.weather.com"
test "thumb.brandreachsys.com"
test "d.tradex.openx.com"
test "d.tradex.openx.com"
test "exp.gomtv.com"
test "movie.tudou.com"
test "d.tradex.openx.com"
test "d.tradex.openx.com"
test "pubads.g.doubleclick.net"
test "ad.inven.co.kr"
test "d.tradex.openx.com"
test "d.tradex.openx.com"
test "youtube.com"
test "hcr.com"
test "ro-co1.exp.msn.com"
test "web4.c2.cyworld.com"
test "ads.brazzers.com"
test "app.photo.qq.com"
test "cnn.com"
test "bid.openx.net"
test "desktopfw.weather.com"
test "kr.sports.yahoo.com"
test "search.ovguide.com"
test "video-stats.video.google.com"
test "test.psych.iupui.edu"
test "wunderground.com"
test "sports.espn.go.com"
test "syndication.mmismm.com"
test "d.tradex.openx.com"
test "d.tradex.openx.com"
test "kr.sports.yahoo.com"
test "hcr.com"
test "altfarm.mediaplex.com"
test "d.tradex.openx.com"
test "ads.brazzers.com"
test "secure-us.imrworldwide.com"
test "hv3.webstat.com"
test "d.tradex.openx.com"
test "fandango.com"
test "mail.google.com"
test "bid.openx.net"
test "waterjet.net"
test "rivals.yahoo.com"
test "kr.sports.yahoo.com"
test "ads.brazzers.com"
test "d.tradex.openx.com"
test "d.tradex.openx.com"
test "tag.contextweb.com"
test "focusbaiduafp.allyes.com"
test "hv3.webstat.com"
test "thebananablog.com"
test "up.nytimes.com"
test "srv2.wa.marketingsolutions.yahoo.com"
test "static.addtoany.com"
test "imeem.com"
test "anmgpvpw.vp.video.l.google.com"
test "sexyfreetoons.com"
test "secure-us.imrworldwide.com"
test "giveawayoftheday.com"
test "facebook.com"
test "indianapublicmedia.org"
test "hcr.com"
test "video-stats.video.google.com"
test "d.tradex.openx.com"
test "cid-eef99c11571b4d82.skydrive.live.com"
test "bbs.20jh.net"
test "libtool.ulib.iupui.edu"
test "anymobileanytime.sprint.com"
test "web4.c2.cyworld.com"
test "teendestruction.com"
test "gaiaonline.com"
test "facebook.com"
test "kr.sports.yahoo.com"
test "desktopfw.weather.com"
test "mail2.nate.com"
test "desktopfw.weather.com"
test "target.com"
test "desktopfw.weather.com"
test "anmgpvpw.vp.video.l.google.com"
test "d.tradex.openx.com"
test "espn.go.com"
test "stumbleupon.com"
test "desktopfw.weather.com"
test "d.tradex.openx.com"
test "reviews.thenorthface.com"
test "desktopfw.weather.com"
test "waterjet.net"
test "d.tradex.openx.com"
test "pagead2.googlesyndication.com"
test "sesamestats.com"
test "hv3.webstat.com"
test "hcr.com"
test "208.88.226.75"
test "thumb.brandreachsys.com"
test "desktopfw.weather.com"
test "google.com"
test "v.youku.com"
test "allsearchit.com"
test "video-stats.video.google.com"
test "google.com"
test "ads.espn.adsonar.com"
test "informit.com"
test "secure-us.imrworldwide.com"
test "t.mookie1.com"
test "d.tradex.openx.com"
test "kr.sports.yahoo.com"
test "d.tradex.openx.com"
test "arienh4.net.nyud.net"
test "facebook.com"
test "video-stats.video.google.com"
test "ad.yieldmanager.com"
test "espn.go.com"
test "ro-co1.exp.msn.com"
test "google.com"
test "womenofyoutube.mevio.com"
test "facebook.com"
test "nba.com"
test "google.com"
test "womenofyoutube.mevio.com"
test "hv3.webstat.com"
test "hv3.webstat.com"
test "google.com"
test "tags.kotaku.com"
test "bs.serving-sys.com"
test "sesamestats.com"
test "daiwon.co.kr"
test "sesamestats.com"
test "webmail.aol.com"
test "video-stats.video.google.com"
test "msn13.nasads.com"
test "ad.doubleclick.net"
test "kr.sports.yahoo.com"
test "blog.naver.com"
test "d.tradex.openx.com"
test "mangafox.com"
test "facebook.com"
test "desktopfw.weather.com"
test "webmail.aol.com"
test "bs.serving-sys.com"
test "hv3.webstat.com"
test "d.tradex.openx.com"
test "welcome.mail.aol.com"
test "web4.c2.cyworld.com"
test "nytimes.com"
test "kr.sports.yahoo.com"
test "a367.yahoofs.com"
test "netflix.com"
test "arienh4.net.nyud.net"
test "ad.doubleclick.net"
test "neopets.com"
test "ulib.iupui.edu"
test "messages.myyearbook.com"
test "youtube.com"
test "youtube.com"
test "wwwq33.megaupload.com"
test "rhapsody.com"
test "cgi.4chan.org"
test "blogs.medicine.iu.edu"
test "hotwire.com"
test "nicekicks.com"
test "indianapublicmedia.org"
test "jstor.org"
test "d.tradex.openx.com"
test "apps.facebook.com"
test "messaging.myspace.com"
test "d.tradex.openx.com"
test "facebook.com"
test "372.webim0419.webim.myspace.com"
test "forum.colts.com"
test "d.tradex.openx.com"
test "msn.foxsports.com"
test "d.tradex.openx.com"
test "kr.sports.yahoo.com"
test "kr.sports.yahoo.com"
test "arienh4.net.nyud.net"
test "d.tradex.openx.com"
test "nanmola.com"
test "twitter.com"
test "desktopfw.weather.com"
test "eonline.com"
test "inkido.indiana.edu"
test "secure-us.imrworldwide.com"
test "womenofyoutube.mevio.com"
test "mediaservices.myspace.com"
test "facebook.com"
test "d.tradex.openx.com"
test "ad.doubleclick.net"
test "a367.yahoofs.com"
test "cafe427.daum.net"
test "sesamestats.com"
test "hcr.com"
test "bbs.20jh.net"
test "metacafe.com"
test "metalsetlists.com"
test "d.tradex.openx.com"
test "d.tradex.openx.com"
test "gamefaqs.com"
test "kr.sports.yahoo.com"
test "mail.yahoo.com"
test "msn.foxsports.com"
test "answers.dsw.com"
test "hcr.com"
test "dataandsearch.org"
test "d.tradex.openx.com"
test "desktopfw.weather.com"
test "ro-co1.exp.msn.com"
test "265.com"
test "espn.go.com"
test "d.tradex.openx.com"
test "cell.com"
test "d.tradex.openx.com"
test "kr.sports.yahoo.com"
test "static.addtoany.com"
test "stanford.edu"
test "stumbleupon.com"
test "kr.sports.yahoo.com"
test "kr.sports.yahoo.com"
test "d.tradex.openx.com"
test "wenxuecity.com"
test "datpiff.com"
test "marketwatch.com"
test "desktopfw.weather.com"
test "mergentonline.com"
test "xjjh.com"
test "viewmorepics.myspace.com"
test "thumb.brandreachsys.com"
test "ad-g.doubleclick.net"
test "hv3.webstat.com"
test "kr.sports.yahoo.com"
test "d.tradex.openx.com"
test "medicine.iu.edu"
test "imeem.com"
test "kr.sports.yahoo.com"
test "kr.sports.yahoo.com"
test "msn.foxsports.com"
test "sesamestats.com"
test "apple.com"
test "anymobileanytime.sprint.com"
test "cdn.eyewonder.com"
test "arienh4.net.nyud.net"
test "d.tradex.openx.com"
test "jitapu.com"
test "rockyou.com"
test "wenxuecity.com"
test "metalsetlists.com"
test "stumbleupon.com"
test "imdb.com"
test "livejasmin.com"
test "msn.foxsports.com"
test "kr.sports.yahoo.com"
test "desktopfw.weather.com"
test "kr.sports.yahoo.com"
test "fridayzone.org"
test "sesamestats.com"
test "bbs.20jh.net"
test "target.com"
test "cafe427.daum.net"
test "informatics.indiana.edu"
test "facebook.com"
test "apple.com"
test "jefffsbeardboard.yuku.com"
test "test.psych.iupui.edu"
test "pagead2.googlesyndication.com"
test "ads.brazzers.com"
test "kr.sports.yahoo.com"
test "130.webim0316.webim.myspace.com"
test "cmps.somrapi.com"
test "kr.sports.yahoo.com"
test "d.tradex.openx.com"
test "go.cpmadvisors.com"
test "kr.sports.yahoo.com"
test "d.tradex.openx.com"
test "hv3.webstat.com"
test "bookohionow.com"
test "youtube.com"
test "a1.interclick.com"
test "kr.sports.yahoo.com"
test "google.com"
test "facebook.com"
test "pandora.com"
test "google.com"
test "nbcsports.msnbc.com"
test "lawschool.westlaw.com"
test "web.lightningcast.net"
test "mediaservices.myspace.com"
test "math.hmc.edu"
test "youtube.com"
test "womenofyoutube.mevio.com"
test "ads.brazzers.com"
test "m1.2mdn.net"
test "kr.sports.yahoo.com"
test "kr.sports.yahoo.com"
test "video-stats.video.google.com"
test "d.tradex.openx.com"
test "arienh4.net.nyud.net"
test "kr.sports.yahoo.com"
test "kr.sports.yahoo.com"
test "resultsz.com"
test "kr.sports.yahoo.com"
test "google.com"
test "hcr.com"
test "kr.sports.yahoo.com"
test "arienh4.net.nyud.net"
test "avno1.com"
test "arienh4.net.nyud.net"
test "netflix.com"
test "ncbi.nlm.nih.gov"
test "home.kelley.iupui.edu"
test "images.adam4adam.com"
test "kr.sports.yahoo.com"
test "coop.crwdcntrl.net"
test "sesamestats.com"
test "kr.sports.yahoo.com"
test "youtube.com"
test "libtool.ulib.iupui.edu"
test "xjjh.com"
test "d.tradex.openx.com"
test "xo.nate.com"
test "kr.sports.yahoo.com"
test "mail.google.com"
test "waterjet.net"
test "bk.pps.tv"
test "spreadsheets.google.com"
test "bebo.com"
test "battlecreekenquirer.com"
test "ads.brazzers.com"
test "gaiaonline.com"
test "desktopfw.weather.com"
test "bbs.20jh.net"
test "hv3.webstat.com"
test "hv3.webstat.com"
test "womenofyoutube.mevio.com"
test "kr.sports.yahoo.com"
test "opt.indiana.edu"
test "daren4.store.qq.com"
test "desktopfw.weather.com"
test "kr.sports.yahoo.com"
test "4info.com"
test "leadback.advertising.com"
test "aolcdn.com"
test "kr.sports.yahoo.com"
test "kr.sports.yahoo.com"
test "tcla.mmismm.com"
test "a367.yahoofs.com"
test "clickclickclick.com"
test "msn.com"
test "renren.com"
test "d.tradex.openx.com"
test "kr.sports.yahoo.com"
test "hv3.webstat.com"
test "hv3.webstat.com"
test "hcr.com"
test "ad-g.doubleclick.net"
test "kr.sports.yahoo.com"
test "web.wenxuecity.com"
test "lxkoru.blogspot.com"
test "t.mookie1.com"
test "kr.sports.yahoo.com"
test "ncbi.nlm.nih.gov"
test "desktopfw.weather.com"
test "vodguide.pps.tv"
test "web.qq.com"
test "cluster.adultadworld.com"
test "fb.hf.fminutes.us"
test "a1.twimg.com"
test "audio-sjl-t1-2.pandora.com"
test "ad.yieldmanager.com"
test "google.com"
test "broadband.espn.go.com"
test "cn.msn.com"
test "video-stats.video.google.com"
test "a1.interclick.com"
test "bs.serving-sys.com"
test "social.bidsystem.com"
test "ads.brazzers.com"
test "myaccountinglab.com"
test "thumb.brandreachsys.com"
test "hv3.webstat.com"
test "d.tradex.openx.com"
test "pinkpt.com.woopra-ns.com"
test "kr.sports.yahoo.com"
test "en.allexperts.com"
test "gxplugin.com"
test "ad.doubleclick.net"
test "ads.brazzers.com"
test "d.tradex.openx.com"
test "video-stats.video.google.com"
test "kr.sports.yahoo.com"
test "kr.sports.yahoo.com"
test "stumbleupon.com"
test "womenofyoutube.mevio.com"
test "sports.sina.com.cn"
test "cell.com"
test "kr.sports.yahoo.com"
test "arienh4.net.nyud.net"
test "kr.sports.yahoo.com"
test "ad.doubleclick.net"
test "co101w.col101.mail.live.com"
test "hcr.com"
test "d.tradex.openx.com"
test "visitlasvegas.com"
test "d.tradex.openx.com"
test "desktopfw.weather.com"
test "kr.sports.yahoo.com"
test "demr.opt.fimserve.com"
test "amsv2.daum.net"
test "apple.com"
test "a367.yahoofs.com"
test "hv3.webstat.com"
test "teendestruction.com"
test "stationdata.wunderground.com"
test "video-stats.video.google.com"
test "arienh4.net.nyud.net"
test "youtube.com"
test "arienh4.net.nyud.net"
test "buy.com"
test "d.tradex.openx.com"
test "e2.hompee.com"
test "clickbangpop.com"
test "hcr.com"
test "stationdata.wunderground.com"
test "cheminfo.informatics.indiana.edu"
test "proquest.safaribooksonline.com"
test "focusbaiduafp.allyes.com"
test "xjjh.com"
test "facebook.com"
test "arienh4.net.nyud.net"
test "d.tradex.openx.com"
test "nba.com"
test "stationdata.wunderground.com"
test "arienh4.net.nyud.net"
test "kr.sports.yahoo.com"
test "desktopfw.weather.com"
test "cfile92.uf.daum.net"
test "kr.sports.yahoo.com"
test "penciloflight.deviantart.com"
test "cdn.picnik.com"
test "d.tradex.openx.com"
test "vodguide.pps.tv"
test "kr.sports.yahoo.com"
test "sports.sina.com.cn"
test "youtube.com"
test "sendables.jibjab.com"
test "aes.iupui.edu"
test "facebook.com"
test "msg.baidu.com"
test "idsnews.com"
test "woot.com"
test "srv2.wa.marketingsolutions.yahoo.com"
test "google.com"
test "kr.sports.yahoo.com"
test "d.tradex.openx.com"
test "web.lightningcast.net"
test "kr.sports.yahoo.com"
test "google.com"
test "arienh4.net.nyud.net"
test "creatives.livejasmin.com"
test "d.tradex.openx.com"
test "facebook.com"
test "webmail.aol.com"
test "teendestruction.com"
test "sesamestats.com"
test "player.cdn.targetspot.com"
test "bs.serving-sys.com"
test "d.tradex.openx.com"
test "ads.brazzers.com"
test "youtube.com"
test "desktopfw.weather.com"
test "nicekicks.com"
test "stationdata.wunderground.com"
test "sesamestats.com"
test "cafe.naver.com"
test "msn.foxsports.com"
test "bing.com"
test "womenofyoutube.mevio.com"
test "facebook.com"
test "target.com"
test "d.tradex.openx.com"
test "htosports.com"
test "hulu.com"
test "xo.nate.com"
test "ads.brazzers.com"
test "google.com"
test "beta.abc.go.com"
test "stationdata.wunderground.com"
test "flybase.bio.indiana.edu"
test "penciloflight.deviantart.com"
test "hcr.com"
test "desktopfw.weather.com"
test "youtube.com"
test "kr.sports.yahoo.com"
test "amch.questionmarket.com"
test "assets.espn.go.com"
test "kr.sports.yahoo.com"
test "kr.sports.yahoo.com"
test "pagead2.googlesyndication.com"
test "d.tradex.openx.com"
test "megavideo.com"
test "womenofyoutube.mevio.com"
test "ad.yieldmanager.com"
test "espn.vad.go.com"
test "google.com"
test "core.insightexpressai.com"
test "kr.sports.yahoo.com"
test "facebook.com"
test "hcr.com"
test "d.tradex.openx.com"
test "pixel.rubiconproject.com"
test "facebook.com"
test "youtube.com"
test "naver.com"
test "kr.sports.yahoo.com"
test "search.yahoo.com"
test "indylaw.indiana.edu"
test "stationdata.wunderground.com"
test "video-stats.video.google.com"
test "womenofyoutube.mevio.com"
test "google.com"
test "facebook.com"
test "youtube.com"
test "womenofyoutube.mevio.com"
test "hv3.webstat.com"
test "womenofyoutube.mevio.com"
test "desktopfw.weather.com"
test "google.com"
test "sesamestats.com"
test "searchjob.chinahr.com"
test "sesamestats.com"
test "ads.brazzers.com"
test "kr.sports.yahoo.com"
test "hcr.com"
test "kr.sports.yahoo.com"
test "ent.6park.com"
test "s.ytimg.com"
test "stationdata.wunderground.com"
test "hoosierdata.in.gov"
test "video-stats.video.google.com"
test "ads.brazzers.com"
test "uesp.net"
test "medleyads.com"
test "news.google.com"
test "teendestruction.com"
test "kr.sports.yahoo.com"
test "coolchaser.com"
test "msn.foxsports.com"
test "kr.sports.yahoo.com"
test "bbs.sumisora.com"
test "hcr.com"
test "apps.new.facebook.com"
test "kr.sports.yahoo.com"
test "ads.bluelithium.com"
test "tv.com"
test "firstsearch.oclc.org"
test "stationdata.wunderground.com"
test "arienh4.net.nyud.net"
test "office.microsoft.com"
test "deviantart.com"
test "kr.sports.yahoo.com"
test "kr.sports.yahoo.com"
test "ws.amazon.com"
test "desktopfw.weather.com"
test "ent.qq.com"
test "google.com"
test "worldofwarcraft.com"
test "ad.yieldmanager.com"
test "mail.google.com"
test "elpais.com"
test "arienh4.net.nyud.net"
test "ihsaa.org"
test "googleads.g.doubleclick.net"
test "youtube.com"
test "facebook.com"
test "log.incruit.com"
test "foto.radar.imgsmail.ru"
test "imeem.com"
test "desktopfw.weather.com"
test "hanafos.com"
test "d.tradex.openx.com"
test "googleads.g.doubleclick.net"
test "stationdata.wunderground.com"
test "kr.sports.yahoo.com"
test "cdn4.specificclick.net"
test "boston.com"
test "penciloflight.deviantart.com"
test "mlb.mlb.com"
test "ad.adserverplus.com"
test "sports.espn.go.com"
test "bbs.20jh.net"
test "ad.admediaprovider.com"
test "daiwon.co.kr"
test "platform.ak.fbcdn.net"
test "122.webim0265.webim.myspace.com"
test "assoc-amazon.com"
test "arienh4.net.nyud.net"
test "srv2.wa.marketingsolutions.yahoo.com"
test "sesamestats.com"
test "nytimes.com"
test "stationdata.wunderground.com"
test "ads.brazzers.com"
test "ws.amazon.com"
test "pixel.rubiconproject.com"
test "ad.yieldmanager.com"
test "cafe427.daum.net"
test "music.indiana.edu"
test "ko-kr.albnalyac.altools.com"
test "viewmorepics.myspace.com"
test "philanthropy.iupui.edu"
test "google.cn"
test "cs.indiana.edu"
test "yahoo.com"
test "desktopfw.weather.com"
test "thumb.brandreachsys.com"
test "viddler.com"
test "google.com"
test "ib.adnxs.com"
test "daiwon.co.kr"
test "googleads.g.doubleclick.net"
test "ads.brazzers.com"
test "medleyads.com"
test "htc.com"
test "d.tradex.openx.com"
test "kr.sports.yahoo.com"
test "bid.openx.net"
test "flybase.org"
test "burstbeacon.com"
test "googleads.g.doubleclick.net"
test "penciloflight.deviantart.com"
test "imgvmark.kbs.co.kr"
test "bazbeaux.com"
test "womenofyoutube.mevio.com"
test "nate.com"
test "indianapublicmedia.org"
test "gap.com"
test "rk.com"
test "stationdata.wunderground.com"
test "google.com"
test "google.com"
test "ko-kr.albnalyac.altools.com"
test "ad.doubleclick.net"
test "a1.interclick.com"
test "wwwq33.megaupload.com"
test "kr.sports.yahoo.com"
test "gravatar.com"
test "hv3.webstat.com"
test "wunderground.com"
test "azlyrics.com"
test "iciba.com"
test "bing.com"
test "streak.espn.go.com"
test "kr.sports.yahoo.com"
test "boost.org"
test "50.webim0156.webim.myspace.com"
test "hv3.webstat.com"
test "teendestruction.com"
test "d.tradex.openx.com"
test "a166.cnzz.com"
test "srv2.wa.marketingsolutions.yahoo.com"
test "d.tradex.openx.com"
test "stationdata.wunderground.com"
test "s7d2.scene7.com"
test "womenofyoutube.mevio.com"
test "hv3.webstat.com"
test "search.azlyrics.com"
test "clickserve.cc-dt.com"
test "auth.ulib.iupui.edu"
test "indianapublicmedia.org"
test "rockyou.com"
test "stationdata.wunderground.com"
test "disneymovieslist.com"
test "tags.bluekai.com"
test "ad.yieldmanager.com"
test "js.wretch.yahoo.net"
test "video-stats.video.google.com"
test "kr.sports.yahoo.com"
test "shuuemura-usa.com"
test "fffocus.cn"
test "bankofamerica.com"
test "womenofyoutube.mevio.com"
test "news.sina.com.cn"
test "youtube.com"
test "471.cim.meebo.com"
test "adserving.cpxinteractive.com"
test "video-stats.video.google.com"
test "publish.vx.roo.com"
test "ytaahg.vo.llnwd.net"
test "stationdata.wunderground.com"
test "google.com"
test "ad.admediaprovider.com"
test "ej1.leadback.advertising.com"
test "manolith.com"
test "video-stats.video.google.com"
test "arienh4.net.nyud.net"
test "ad.yieldmanager.com"
test "kr.sports.yahoo.com"
test "hv3.webstat.com"
test "ads.specificmedia.com"
test "stationdata.wunderground.com"
test "primeoutlets.com"
test "cracked.com"
test "hcr.com"
test "d.tradex.openx.com"
test "kr.sports.yahoo.com"
test "solutions.com"
test "google.com"
test "desktopfw.weather.com"
test "youtube.com"
test "kr.sports.yahoo.com"
test "banners.getiton.com"
test "hcr.com"
test "news.google.com"
test "teendestruction.com"
test "hv3.webstat.com"
test "ts3.explicit.bing.net"
test "tianya.cn"
test "youtube.com"
test "arienh4.net.nyud.net"
test "facebook.com"
test "google.com"
test "kr.sports.yahoo.com"
test "danawa.com"
test "bebo.com"
test "cfile268.uf.daum.net"
test "iv.doubleclick.net"
test "ninjavideo.net"
test "ulib.iupui.edu"
test "video-stats.video.google.com"
test "kr.news.yahoo.com"
test "toolbar.google.com"
test "desktopfw.weather.com"
test "gw.masan.ac.kr"
test "kr.sports.yahoo.com"
test "mevio.com"
test "desktopfw.weather.com"
test "kr.sports.yahoo.com"
test "shuuemura-usa.com"
test "web.51.la"
test "dutchregiments.org"
test "youtube.com"
test "471.cim.meebo.com"
test "mail.live.com"
test "stationdata.wunderground.com"
test "ads.brazzers.com"
test "googleblog.blogspot.com"
test "mh2.manhunt.net"
test "ad.yieldmanager.com"
test "broadband.espn.go.com"
test "bose.cn"
test "womenofyoutube.mevio.com"
test "goto.www.iciba.com"
test "youtube.com"
test "ads.adultadvertising.net"
test "idsnews.com"
test "kr.sports.yahoo.com"
test "video.google.com"
test "5173.com"
test "video-stats.video.google.com"
test "slis.indiana.edu"
test "facebook.com"
test "facebook.com"
test "banners.getiton.com"
test "images.google.com"
test "viewmorepics.myspace.com"
test "471.cim.meebo.com"
test "bs.serving-sys.com"
test "kr.sports.yahoo.com"
test "womenofyoutube.mevio.com"
test "desktopfw.weather.com"
test "kr.sports.yahoo.com"
test "images.google.com"
test "people.com"
test "stationdata.wunderground.com"
test "apple.com"
test "fls.doubleclick.net"
test "cache.baidu.com"
test "creatives.livejasmin.com"
test "sesamestats.com"
test "blogger.com"
test "welcome.mail.aol.com"
test "boost.org"
test "idsnews.com"
test "go"
test "anymobileanytime.sprint.com"
test "lookup.avatars.yahoo.com"
test "sesamestats.com"
test "video-stats.video.google.com"
test "hcr.com"
test "ads.brazzers.com"
test "banners.getiton.com"
test "google.com"
test "images.google.com"
test "kr.sports.yahoo.com"
test "kr.sports.yahoo.com"
test "d.tradex.openx.com"
test "ads.brazzers.com"
test "bbs.20jh.net"
test "471.cim.meebo.com"
test "core.insightexpressai.com"
test "kr.sports.yahoo.com"
test "desktopfw.weather.com"
test "forums.somethingawful.com"
test "stationdata.wunderground.com"
test "pagead2.googlesyndication.com"
test "bs.serving-sys.com"
test "ad.yieldmanager.com"
test "us.mg4.mail.yahoo.com"
test "hv3.webstat.com"
test "mh2.manhunt.net"
test "video-stats.video.google.com"
test "wwar.storm8.com"
test "stationdata.wunderground.com"
test "googleads.g.doubleclick.net"
test "bs.serving-sys.com"
test "kr.sports.yahoo.com"
test "teendestruction.com"
test "cyimg.cyworld.com"
test "desktopfw.weather.com"
test "mh2.manhunt.net"
test "facebook.com"
test "tags.bluekai.com"
test "ad.yieldmanager.com"
test "whitepages.com"
test "desktopfw.weather.com"
test "msn.com"
test "stationdata.wunderground.com"
test "75.126.76.218"
test "amch.questionmarket.com"
test "kr.sports.yahoo.com"
test "video-stats.video.google.com"
test "anymobileanytime.sprint.com"
test "music.search.cyworld.com"
test "google.com"
test "arienh4.net.nyud.net"
test "dealcatcher.com"
test "bbs.20jh.net"
test "ad.yieldmanager.com"
test "kr.sports.yahoo.com"
test "exploringorigins.org"
test "static.addtoany.com"
test "ads.adultadvertising.net"
test "google.com"
test "wenxuecity.com"
test "womenofyoutube.mevio.com"
test "nursingsociety.org"
test "google.com"
test "ads.brazzers.com"
test "arienh4.net.nyud.net"
test "stats.indiana.edu"
test "sesamestats.com"
test "google.com"
test "kr.sports.yahoo.com"
test "sports.espn.go.com"
test "a367.yahoofs.com"
test "pds112.cafe.daum.net"
test "hv3.webstat.com"
test "arienh4.net.nyud.net"
test "cafe427.daum.net"
test "kr.sports.yahoo.com"
test "mail.yahoo.com"
test "mail.google.com"
test "ads.brazzers.com"
test "penciloflight.deviantart.com"
test "conv.opt.fimserve.com"
test "desktopfw.weather.com"
test "stationdata.wunderground.com"
test "sac.cs.iupui.edu"
test "banners.getiton.com"
test "s.ytimg.com"
test "health.bsd.uchicago.edu"
test "youtube.com"
test "womenofyoutube.mevio.com"
test "ad.reduxmedia.com"
test "hcr.com"
test "hv3.webstat.com"
test "msn.foxsports.com"
test "hv3.webstat.com"
test "facebook.com"
test "mads.cbssports.com"
test "ads.veldev.net"
test "flybase.org"
test "stumbleupon.com"
test "kr.sports.yahoo.com"
test "waterjet.net"
test "mh2.manhunt.net"
test "bbs.20jh.net"
test "venganza.org"
test "bing.com"
test "mh2.manhunt.net"
test "arienh4.net.nyud.net"
test "woot.com"
test "msn13.nasads.com"
test "adready.com"
test "facebook.com"
test "399.cim.meebo.com"
test "brandibelle.com"
test "digg.com"
test "stats.indiana.edu"
test "sesamestats.com"
test "ad.naver.com"
test "sesamestats.com"
test "ebay.com"
test "espn-www.baynote.net"
test "video-stats.video.google.com"
test "kr.sports.yahoo.com"
test "video-stats.video.google.com"
test "stat4.corp.56.com"
test "msn.foxsports.com"
test "stationdata.wunderground.com"
test "foodbuzz.com"
test "399.cim.meebo.com"
test "googleads.g.doubleclick.net"
test "kr.sports.yahoo.com"
test "ad.reduxmedia.com"
test "secure-us.imrworldwide.com"
test "sportsseoul.com"
test "desktopfw.weather.com"
test "aol.com"
test "0.channel12.facebook.com"
test "desktopfw.weather.com"
test "video-stats.video.google.com"
test "stationdata.wunderground.com"
test "thumb.brandreachsys.com"
test "ad.yieldmanager.com"
test "digg.com"
test "stationdata.wunderground.com"
test "hv3.webstat.com"
test "d.tradex.openx.com"
test "banners.getiton.com"
test "msn.foxsports.com"
test "stationdata.wunderground.com"
test "banners.getiton.com"
test "hcr.com"
test "jjangfile.net"
test "rivals.yahoo.com"
test "addictinggames.com"
test "399.cim.meebo.com"
test "ad.admediaprovider.com"
test "deviantart.com"
test "womenofyoutube.mevio.com"
test "ad.yieldmanager.com"
test "by114w.bay114.mail.live.com"
test "loginsvc.cyworld.com"
test "myspace.com"
test "kr.sports.yahoo.com"
test "womenofyoutube.mevio.com"
test "bing.com"
test "msnbc.msn.com"
test "aol.com"
test "bs.serving-sys.com"
test "intellicast.com"
test "view.atdmt.com"
test "player.targetspot.com"
test "ads.undertone.com"
test "web.wenxuecity.com"
test "stationdata.wunderground.com"
test "expedia.com"
test "web.ebscohost.com"
test "mail.goog"
test "tags.kotaku.com"
test "load.tubemogul.com"
test "video-stats.video.google.com"
test "bs.serving-sys.com"
test "blog.masslive.com"
test "youtube.com"
test "bs.serving-sys.com"
test "hv3.webstat.com"
test "library.music.indiana.edu"
test "womenofyoutube.mevio.com"
test "pixel.rubiconproject.com"
test "fancast.com"
test "stationdata.wunderground.com"
test "t.mookie1.com"
test "secure-us.imrworldwide.com"
test "baidu.com"
test "xjjh.com"
test "kr.sports.yahoo.com"
test "auth.ulib.iupui.edu"
test "br.fling.com"
test "merriam-webster.com"
test "ad.doubleclick.net"
test "bs.serving-sys.com"
test "sports.sina.com.cn"
test "youku.com"
test "megavideo.com"
test "womenofyoutube.mevio.com"
test "stationdata.wunderground.com"
test "mh2.manhunt.net"
test "stationdata.wunderground.com"
test "cdni.llbean.com"
test "desktopfw.weather.com"
test "news.google.com"
test "mlb.mlb.com"
test "facebook.com"
test "hv3.webstat.com"
test "banners.getiton.com"
test "google.com"
test "video-stats.video.google.com"
test "happycampus.cn"
test "mh2.manhunt.net"
test "banners.getiton.com"
test "stationdata.wunderground.com"
test "arienh4.net.nyud.net"
test "wwwq33.megaupload.com"
test "angelfire.com"
test "hcr.com"
test "ruliweb2.empas.com"
test "hv3.webstat.com"
test "cubics.com"
test "ads.brazzers.com"
test "poll.hanafos.com"
test "talenthunter.com"
test "arienh4.net.nyud.net"
test "talenthunter.com"
test "amch.questionmarket.com"
test "a367.yahoofs.com"
test "womenofyoutube.mevio.com"
test "ads.adultadvertising.net"
test "ib.adnxs.com"
test "imgcache.qq.com"
test "stationdata.wunderground.com"
test "google.com"
test "w"
test "desktopfw.weather.com"
test "penciloflight.deviantart.com"
test "sesamestats.com"
test "bcp.crwdcntrl.net"
test "ad.yieldmanager.com"
test "cbssports.com"
test "mtv.com"
test "womenofyoutube.mevio.com"
test "desktopfw.weather.com"
test "kr.sports.yahoo.com"
test "g1.ykimg.com"
test "mh2.manhunt.net"
test "a367.yahoofs.com"
test "apple.com"
test "pa.yahoo.com"
test "commcenter.mchsi.com"
test "a367.yahoofs.com"
test "desktopfw.weather.com"
test "secure-us.imrworldwide.com"
test "image.baidu.com"
test "searchservice.myspace.com"
test "search.ebscohost.com"
test "broadband.espn.go.com"
test "sesamestats.com"
test "mitbbs.com"
test "kr.sports.yahoo.com"
test "nytimes.com"
test "yahoo.com"
test "item.taobao.com"
test "go.daum.net"
test "online.wsj.com"
test "reddit.com"
test "desktopfw.weather.com"
test "ads.brazzers.com"
test "friends.myspace.com"
test "aes.iupui.edu"
test "cancer.iu.edu"
test "thm-a01.yimg.com"
test "mbd.scout.com"
test "womenofyoutube.mevio.com"
test "ads.brazzers.com"
test "s7.addthis.com"
test "focusbaiduafp.allyes.com"
test "video-stats.video.google.com"
test "image.baidu.com"
test "desktopfw.weather.com"
test "library.music.indiana.edu"
test "msn.foxsports.com"
test "xp.trafficmp.com"
test "womenofyoutube.mevio.com"
test "searchservice.myspace.com"
test "bbs.20jh.net"
test "ad.z5x.net"
test "d.tradex.openx.com"
test "womenofyoutube.mevio.com"
test "msn.foxsports.com"
test "msn.foxsports.com"
test "commcenter.mchsi.com"
test "mail.google.com"
test "hcr.com"
test "hv3.webstat.com"
test "msn.foxsports.com"
test "womenofyoutube.mevio.com"
test "viewmorepics.myspace.com"
test "target.com"
test "insider.msg.yahoo.com"
test "graphics.fansonly.com"
test "c.microsoft.com"
test "a367.yahoofs.com"
test "arienh4.net.nyud.net"
test "ads.adultadvertising.net"
test "stationdata.wunderground.com"
test "image.baidu.com"
test "espn-www.baynote.net"
test "media.trafficjunky.net"
test "facebook.com"
test "kr.sports.yahoo.com"
test "swiss-miss.com"
test "a367.yahoofs.com"
test "travelb.priceline.com"
test "cracked.com"
test "ads.brazzers.com"
test "chat.aim.com"
test "picasaweb.google.com"
test "highschoolsports.net"
test "youtube.com"
test "ro-co1.exp.msn.com"
test "loginsvc.cyworld.com"
test "bk.pps.tv"
test "282.webim0366.webim.myspace.com"
test "qlogo4.store.qq.com"
test "teendestruction.com"
test "foxnews.us.intellitxt.com"
test "friarforum.com"
test "google.com"
test "facebook.com"
test "msn.foxsports.com"
test "searchservice.myspace.com"
test "sports.espn.go.com"
test "auth.ulib.iupui.edu"
test "flybase.org"
test "wwwq33.megaupload.com"
test "searchjob.chinahr.com"
test "mp3.baidu.com"
test "youtube.com"
test "dealsea.com"
test "banners.getiton.com"
test "stationdata.wunderground.com"
test "camadegato.globo.com"
test "br.fling.com"
test "patriotboy.blogspot.com"
test "arienh4.net.nyud.net"
test "creatives.livejasmin.com"
test "sesamestats.com"
test "http300.edge.ru4.com"
test "v.youku.com"
test "womenofyoutube.mevio.com"
test "d.tradex.openx.com"
test "stationdata.wunderground.com"
test "addirector.vindicosuite.com"
test "ox-ads.widgetbucks.com"
test "d.tradex.openx.com"
test "video-stats.video.google.com"
test "chat.aim.com"
test "server.iad.liveperson.net"
test "urbanoutfitters.com"
test "baike.baidu.com"
test "cid-bf0558ddd1bdc627.photos.live.com"
test "d.tradex.openx.com"
test "arienh4.net.nyud.net"
test "wowarmory.com"
test "hk.yahoo.com"
test "hv3.webstat.com"
test "google.com"
test "anmgpvpw.vp.video.l.google.com"
test "kr.sports.yahoo.com"
test "l.qq.com"
test "arienh4.net.nyud.net"
test "sesamestats.com"
test "desktopfw.weather.com"
test "cbs.com"
test "board.deathvalleydriver.com"
test "static.addtoany.com"
test "nbcsports.msnbc.com"
test "google.com"
test "ib.adnxs.com"
test "desktopfw.weather.com"
test "ads.brazzers.com"
test "d.tradex.openx.com"
test "letv.com"
test "google.com"
test "bbs.20jh.net"
test "ads.brazzers.com"
test "d.tradex.openx.com"
test "womenofyoutube.mevio.com"
test "amazon.com"
test "kr.sports.yahoo.com"
test "talenthunter.com"
test "stationdata.wunderground.com"
test "d.tradex.openx.com"
test "kr.sports.yahoo.com"
test "microsoft.com"
test "ovguide.com"
test "ro-co1.exp.msn.com"
test "desktopfw.weather.com"
test "gagalive.kr"
test "stationdata.wunderground.com"
test "hcr.com"
test "youtube.com"
test "wwwq33.megaupload.com"
test "google.com"
test "static.playfish.com"
test "globalgrind.com"
test "assets.espn.go.com"
test "t.mookie1.com"
test "banners.getiton.com"
test "desktopfw.weather.com"
test "cbssports.com"
test "hcr.com"
test "arienh4.net.nyud.net"
test "news3.xinhuanet.com"
test "mh2.manhunt.net"
test "srv2.wa.marketingsolutions.yahoo.com"
test "arienh4.net.nyud.net"
test "ncaafootball.fanhouse.com"
test "kr.sports.yahoo.com"
test "cyimg.cyworld.com"
test "facebook.com"
test "xjjh.com"
test "justin.tv"
test "us.mg4.mail.yahoo.com"
test "womenofyoutube.mevio.com"
test "loginsvc.cyworld.com"
test "google.com"
test "bs.serving-sys.com"
test "ads.brazzers.com"
test "tpc.googlesyndication.com"
test "ad.bnmla.com"
test "sesamestats.com"
test "opendiary.com"
test "tw.netsh.com"
test "kr.sports.yahoo.com"
test "kr.sports.yahoo.com"
test "livejasmin.com"
test "stationdata.wunderground.com"
test "yahoo.com"
test "creatives.livejasmin.com"
test "tw.search.bid.yahoo.com"
test "sesamestats.com"
test "video-stats.video.google.com"
test "ads.bluelithium.com"
test "player.targetspot.com"
test "lacoste.com"
test "burstbeacon.com"
test "facebook.com"
test "ads.brazzers.com"
test "10902064121.baseball.cbssports.com"
test "arienh4.net.nyud.net"
test "nrg.co.il"
test "kr.sports.yahoo.com"
test "demr.opt.fimserve.com"
test "cakemanraven.com"
test "ads.brazzers.com"
test "arienh4.net.nyud.net"
test "sesamestats.com"
test "apps.facebook.com"
test "image.baidu.com"
test "co111w.col111.mail.live.com"
test "womenofyoutube.mevio.com"
test "google.com"
test "livemint.com"
test "ads.brazzers.com"
test "ad.inven.co.kr"
test "shortlonghairstyles.com"
test "tyrashow.warnerbros.com"
test "womenofyoutube.mevio.com"
test "nba.com"
test "bbs.20jh.net"
test "espn-www.baynote.net"
test "ad.yieldmanager.com"
test "arienh4.net.nyud.net"
test "mail.live.com"
test "dataandsearch.org"
test "a367.yahoofs.com"
test "d.tradex.openx.com"
test "veoh.com"
test "ads.brazzers.com"
test "hcr.com"
test "facebook.com"
test "471.cim.meebo.com"
test "thechive.com"
test "btownmenus.com"
test "deviantart.com"
test "desktopfw.weather.com"
test "0.channel12.facebook.com"
test "top100teenmodels.com"
test "tpc.googlesyndication.com"
test "msn.foxsports.com"
test "web4.c2.cyworld.com"
test "kr.sports.yahoo.com"
test "daiwon.co.kr"
test "arienh4.net.nyud.net"
test "images.google.com"
test "cdn4.specificclick.net"
test "stanford.edu"
test "womenofyoutube.mevio.com"
test "mh2.manhunt.net"
test "espn.go.com"
test "penciloflight.deviantart.com"
test "ptlogin2.qq.com"
test "imdb.com"
test "search.ebscohost.com"
test "kr.sports.yahoo.com"
test "youtube.com"
test "minihp.cyworld.com"
test "baike.baidu.com"
test "comtechlab.iupui.edu"
test "youtube.com"
test "desktopfw.weather.com"
test "tw.netsh.com"
test "viewmorepics.myspace.com"
test "womenofyoutube.mevio.com"
test "engadget.com"
test "ads.brazzers.com"
test "stanford.edu"
test "deviantart.com"
test "t8.rstatic.xunlei.com"
test "fms.indiana.edu"
test "stationdata.wunderground.com"
test "ads.brazzers.com"
test "tw.bid.yahoo.com"
test "kelley.iu.edu"
test "en.wikipedia.org"
test "at.atwola.com"
test "facebook.com"
test "0.channel34.facebook.com"
test "arienh4.net.nyud.net"
test "msn.com"
test "msn.foxsports.com"
test "stoo.asiae.co.kr"
test "client.web.aol.com"
test "mitbbs.com"
test "kr.sports.yahoo.com"
test "hv3.webstat.com"
test "autou.vodone.cn"
test "xjjh.com"
test "tvshack.net"
test "d.tradex.openx.com"
test "youtube.com"
test "flybase.org"
test "footage.net"
test "en.wikipedia.org"
test "ad.reduxmedia.com"
test "d.tradex.openx.com"
test "bing.com"
test "video-stats.video.google.com"
test "desktopfw.weather.com"
test "penciloflight.deviantart.com"
test "animegalleries.net"
test "horoscopes.astrology.com"
test "espn-www.baynote.net"
test "kr.sports.yahoo.com"
test "wwwq33.megaupload.com"
test "video-stats.video.google.com"
test "ads.vrx.adbrite.com"
test "t.mookie1.com"
test "deviantart.com"
test "livejournal.com"
test "desktopfw.weather.com"
test "gametrailers.com"
test "womenofyoutube.mevio.com"
test "desktopfw.weather.com"
test "daum.net"
test "kr.sports.yahoo.com"
test "youtube.com"
test "arienh4.net.nyud.net"
test "baidu.com"
test "espn.go.com"
test "mh2.manhunt.net"
test "diligogames.com"
test "desktopfw.weather.com"
test "banners.getiton.com"
test "facebook.com"
test "arienh4.net.nyud.net"
test "view.atdmt.com"
test "fms.indiana.edu"
test "livejasmin.com"
test "ad.doubleclick.net"
test "nytimes.com"
test "webmail.aol.com"
test "ads.brazzers.com"
