Workload is generated
100 browsers are created 
"penciloflight.deviantart.com"
"im.storm8.com"
"pagead2.googlesyndication.com"
"parents.com"
"a367.yahoofs.com"
"amch.questionmarket.com"
"itouchmidi.com"
"amch.questionmarket.com"
"diligogames.com"
"hcr.com"
"s7ondemand1.scene7.com"
"sesamestats.com"
"lovine.com"
"desktopfw.weather.com"
"w"
"naver.com"
"education.iupui.edu"
"d.tradex.openx.com"
"cfile193.uf.daum.net"
"naver.com"
"thumb.brandreachsys.com"
"mylifeisaverage.com"
"ads.brazzers.com"
"aim.search.aol.com"
"wired.com"
"ads.adultadvertising.net"
"ad.doubleclick.net"
"global.thenest.com"
"land.naver.com"
"nba.com"
"baidu.com"
"video.od.visiblemeasures.com"
"graphics.ocsn.com"
"mapquest.com"
"search-srv.freechal.plusbar.net"
"google.com"
"ebates.com"
"ads.adultadvertising.net"
"s7.addthis.com"
"images.google.com"
"desktopfw.weather.com"
"youtube.com"
"kd.iu.edu"
"ro-co1.exp.msn.com"
"rooksaves.us"
"a367.yahoofs.com"
"hv3.webstat.com"
"rss.livesearchapps.com"
"view.atdmt.com"
"womenofyoutube.mevio.com"
"ad.doubleclick.net"
"kr.sports.yahoo.com"
"idsnews.com"
"desktopfw.weather.com"
"kr.sports.yahoo.com"
"s.xvideos.com"
"search.netscape.com"
"apps.facebook.com"
"ads.brazzers.com"
"sn112w.snt112.mail.live.com"
"traileraddict.com"
"xjjh.com"
"ads.brazzers.com"
"ad.yieldmanager.com"
"music.indiana.edu"
"desktopfw.weather.com"
"blogs.technet.com"
"youtube.com"
"chronicle.com"
"thumb.brandreachsys.com"
"electronicdesign.com"
"beacon.securestudies.com"
"d.tradex.openx.com"
"admachine.farfesh.com"
"blog.naver.com"
"g1.ykimg.com"
"alumni.indiana.edu"
"talenthunter.com"
"kr.sports.yahoo.com"
"go.daum.net"
"d.tradex.openx.com"
"stumbleupon.com"
"ads.brazzers.com"
"desktopfw.weather.com"
"desktopfw.weather.com"
"bbs.20jh.net"
"nbcsports.msnbc.com"
"autocomplete.hk.search.yahoo.com"
"kr.sports.yahoo.com"
"br.fling.com"
"mylifeisaverage.com"
"d.tradex.openx.com"
"thumb.brandreachsys.com"
"desktopfw.weather.com"
"hcr.com"
"d.tradex.openx.com"
"ads.adultadvertising.net"
"traileraddict.com"
"ads.adultadvertising.net"
"ad.yieldmanager.com"
"myspace.com"
"farfesh.com"
"google.com"
"cyworld.com"
"desktopfw.weather.com"
"kr.sports.yahoo.com"
"sesamestats.com"
"gamespot.com"
"grad2b.com"
"product.pcauto.com.cn"
"ads.adultadvertising.net"
"hcr.com"
"search.yahoo.com"
"news.yahoo.com"
"youtube.com"
"google.com"
"kr.sports.yahoo.com"
"geobanner.adultfriendfinder.com"
"ads.adultadvertising.net"
"img.4chan.org"
"espn.go.com"
"nexplore.com"
"sesamestats.com"
"news.msn.co.kr"
"desktopfw.weather.com"
"gaiaonline.com"
"gametrailers.com"
"hv3.webstat.com"
"nursingsociety.org"
"hcr.com"
"ads.adultadvertising.net"
"cafe427.daum.net"
"desktopfw.weather.com"
"google.com"
"rockyou.com"
"lovine.com"
"facebook.com"
"msn13.nasads.com"
"uesp.net"
"images.google.com"
"ad.doubleclick.net"
"quotationspage.com"
"womenofyoutube.mevio.com"
"srv2.wa.marketingsolutions.yahoo.com"
"desktopfw.weather.com"
"fe.brandreachsys.com"
"google.com"
"focusbaiduafp.allyes.com"
"ads.brazzers.com"
"bl-psy-appsrv.ads.iu.edu"
"desktopfw.weather.com"
"apps.facebook.com"
"ads.revsci.net"
"world66.com"
"informatics.indiana.edu"
"hv3.webstat.com"
"ad.insightexpressai.com"
"ads.brazzers.com"
"kr.yahoo.com"
"blog.naver.com"
"video-stats.video.google.com"
"a367.yahoofs.com"
"talenthunter.com"
"view.atdmt.com"
"a367.yahoofs.com"
"ads.adultadvertising.net"
"msn.foxsports.com"
"en.wikipedia.org"
"gourmandia.com"
"in.gov"
"ent.6park.com"
"kr.sports.yahoo.com"
"youtube.com"
"desktopfw.weather.com"
"soccernet.espn.go.com"
"apple.com"
"a1.interclick.com"
"news.cnet.com"
"kr.sports.yahoo.com"
"wikia-ads.wikia.com"
"a367.yahoofs.com"
"apple.com"
"myspace.com"
"basketball.fantasysports.yahoo.com"
"womenofyoutube.mevio.com"
"waterjet.net"
"desktopfw.weather.com"
"video-stats.video.google.com"
"ads.adultadvertising.net"
"xvideos.com"
"api.tinypic.com"
"farm.game.playfish.com"
"ads.adultadvertising.net"
"l.qq.com"
"bs.serving-sys.com"
"cs.indiana.edu"
"v.youku.com"
"youtube.com"
"cdn.eyewonder.com"
"ad.yieldmanager.com"
"ib.adnxs.com"
"bing.com"
"waterjet.net"
"d.tradex.openx.com"
"mail.yahoo.com"
"informatics.indiana.edu"
"video-stats.video.google.com"
"viewmorepics.myspace.com"
"mediaservices.myspace.com"
"ads.adultadvertising.net"
"ads.adultadvertising.net"
"womenofyoutube.mevio.com"
"146.webim0068.webim.myspace.com"
"cyimg26.cyworld.com"
"winter.metacafe.com"
"trumba.com"
"slis.indiana.edu"
"kr.sports.yahoo.com"
"hi.csdn.net"
"womenofyoutube.mevio.com"
"srv2.wa.marketingsolutions.yahoo.com"
"facebook.com"
"377.webim0126.webim.myspace.com"
"facebook.com"
"ads.adultadvertising.net"
"web.ebscohost.com"
"view.atdmt.com"
"kr.sports.yahoo.com"
"player.cdn.targetspot.com"
"apple.com"
"desktopfw.weather.com"
"news3.xinhuanet.com"
"a367.yahoofs.com"
"womenofyoutube.mevio.com"
"ads.adultadvertising.net"
"penciloflight.deviantart.com"
"amch.questionmarket.com"
"kr.sports.yahoo.com"
"a367.yahoofs.com"
"rollingstone.com"
"dataandsearch.org"
"ggrind.adbureau.net"
"grad2b.com"
"parents.com"
"mediaservices.myspace.com"
"kr.sports.yahoo.com"
"ads.adultadvertising.net"
"s.ytimg.com"
"waterjet.net"
"tmz.com"
"static.twitter.com"
"ad.yieldmanager.com"
"reuters.com"
"images.google.com"
"drudgereport.com"
"google.com"
"maps.google.com"
"a367.yahoofs.com"
"cache.trafficmp.com"
"ads.adultadvertising.net"
"image.baidu.com"
"ads.adultadvertising.net"
"bing.com"
"ads.adultadvertising.net"
"facebook.com"
"nytimes.com"
"sesamestats.com"
"search.msn.com"
"kr.sports.yahoo.com"
"a367.yahoofs.com"
"ads.adultadvertising.net"
"l.yimg.com"
"facebook.com"
"anymobileanytime.sprint.com"
"webmail.aol.com"
"insider.msg.yahoo.com"
"thumb.brandreachsys.com"
"desktopfw.weather.com"
"askandyaboutclothes.com"
"kr.sports.yahoo.com"
"ads.adultadvertising.net"
"mediafire.com"
"google.com"
"weather.com"
"facebook.com"
"facebook.com"
"totaleclips.com"
"brightcove.vo.llnwd.net"
"lovine.com"
"server.cpmstar.com"
"bs.serving-sys.com"
"ads.adultadvertising.net"
"ad.insightexpressai.com"
"askmen.com"
"cash.cmtrax.com"
"ad.yieldmanager.com"
"news.bbc.co.uk"
"video-stats.video.google.com"
"andrewsullivan.theatlantic.com"
"search.yahoo.com"
"lezhin.com"
"core.insightexpressai.com"
"pandora.com"
"bing.com"
"stoo.asiae.co.kr"
"kr.sports.yahoo.com"
"youtube.com"
"youtube.com"
"130.webim0316.webim.myspace.com"
"ad.insightexpressai.com"
"apple.com"
"images.google.com"
"delb.opt.fimserve.com"
"core.insightexpressai.com"
"arienh4.net.nyud.net"
"ads.adultadvertising.net"
"media.trafficjunky.net"
"a367.yahoofs.com"
"xjjh.com"
"parents.com"
"ad.yieldmanager.com"
"lovine.com"
"msn.foxsports.com"
"yahoo.com"
"switch.atdmt.com"
"engadget.com"
"tap.rubiconproject.com"
"hv3.webstat.com"
"bing.com"
"xanga.com"
"tech.yahoo.com"
"hulu.com"
"nytimes.com"
"hcr.com"
"informatics.indiana.edu"
"amch.questionmarket.com"
"bs.serving-sys.com"
"google.com"
"google.com"
"target.com"
"kr.sports.yahoo.com"
"arienh4.net.nyud.net"
"bs.serving-sys.com"
"ent.6park.com"
"nochelatina.com"
"2pm.jype.com"
"desktopfw.weather.com"
"kr.sports.yahoo.com"
"penciloflight.deviantart.com"
"ads.adultadvertising.net"
"c13.zedo.com"
"people.com"
"switch.atdmt.com"
"video-stats.video.google.com"
"hv3.webstat.com"
"desktopfw.weather.com"
"c.brightcove.com"
"ad.yieldmanager.com"
"ads.brazzers.com"
"kr.sports.yahoo.com"
"cafe.daum.net"
"video-stats.video.google.com"
"kongregate.com"
"m.www.yahoo.com"
"tehparadox.com"
"web.ebscohost.com"
"mail.google.com"
"lookup.avatars.yahoo.com"
"facebook.com"
"lists.boost.org"
"google.com"
"kr.sports.yahoo.com"
"omnisport.tv"
"arienh4.net.nyud.net"
"desktopfw.weather.com"
"ads.adultadvertising.net"
"indianapublicmedia.org"
"hv3.webstat.com"
"womenofyoutube.mevio.com"
"twitpic.com"
"cgi.4chan.org"
"ads.adultadvertising.net"
"bengals.com"
"bmwusa.com"
"ad.yieldmanager.com"
"facebook.com"
"hcr.com"
"d.tradex.openx.com"
"resultsz.com"
"womenofyoutube.mevio.com"
"ad.doubleclick.net"
"ads.adultadvertising.net"
"apple.com"
"ads.adultadvertising.net"
"d.tradex.openx.com"
"google.ca"
"focusbaiduafp.allyes.com"
"bs.serving-sys.com"
"us.adserver.yahoo.com"
"kr.sports.yahoo.com"
"s.xvideos.com"
"msn.foxsports.com"
"wunderground.com"
"ads.adultadvertising.net"
"desktopfw.weather.com"
"br.fling.com"
"facebook.com"
"sesamestats.com"
"tvpot.daum.net"
"health.msnbc.us.intellitxt.com"
"google.com"
"desktopfw.weather.com"
"desktopfw.weather.com"
"msn.foxsports.com"
"d.tradex.openx.com"
"nike.com"
"ads.adultadvertising.net"
"video-stats.video.google.com"
"mlb.mlb.com"
"sesamestats.com"
"arienh4.net.nyud.net"
"mail.yahoo.com"
"education.iupui.edu"
"picasaweb.google.com"
"kr.sports.yahoo.com"
"ad.yieldmanager.com"
"desktopfw.weather.com"
"ads.tw.adsonar.com"
"google.com"
"facebook.com"
"youtube.com"
"arienh4.net.nyud.net"
"target.com"
"d.tradex.openx.com"
"hk.yahoo.com"
"cdn.channel.aol.com"
"ads.adultadvertising.net"
"bbs.20jh.net"
"ent.6park.com"
"lovine.com"
"cyimg23.cyworld.com"
"search.yahoo.com"
"anymobileanytime.sprint.com"
"hulu.com"
"kr.sports.yahoo.com"
"gn.naver.com"
"ads.adultadvertising.net"
"google.com"
"facebook.com"
"d.tradex.openx.com"
"facebook.com"
"ads.tw.adsonar.com"
"bengals.com"
"images-life.news.tom.com"
"chinaenvironmentallaw.com"
"t.mookie1.com"
"ad.insightexpressai.com"
"d.tradex.openx.com"
"desktopfw.weather.com"
"hcr.com"
"hcr.com"
"facebook.com"
"hcr.com"
"bbs.20jh.net"
"ads.adultadvertising.net"
"d.tradex.openx.com"
"delivery.trafficjunky.net"
"ro-co1.exp.msn.com"
"desktopfw.weather.com"
"arienh4.net.nyud.net"
"cdn.optmd.com"
"womenofyoutube.mevio.com"
"google.com"
"arienh4.net.nyud.net"
"d.tradex.openx.com"
"fivethirtyeight.com"
"ads.adultadvertising.net"
"jjj.de"
"weather.com"
"bbs.20jh.net"
"kr.sports.yahoo.com"
"video-stats.video.google.com"
"newgrounds.com"
"womenofyoutube.mevio.com"
"hv3.webstat.com"
"video-stats.video.google.com"
"ad.yieldmanager.com"
"ads.adultadvertising.net"
"ytaahg.vo.llnwd.net"
"infosfinding.com"
"c20.statcounter.com"
"burstbeacon.com"
"msnbc.msn.com"
"m1.2mdn.net"
"youtube.com"
"m.www.yahoo.com"
"informatics.indiana.edu"
"hcr.com"
"sportsillustrated.cnn.com"
"d.tradex.openx.com"
"myspace.com"
"baidu.com"
"xjjh.com"
"lyrics007.com"
"desktopfw.weather.com"
"arienh4.net.nyud.net"
"google.com"
"msn.foxsports.com"
"desktopfw.weather.com"
"ads.adultadvertising.net"
"hcr.com"
"facebook.com"
"playlist.com"
"rottentomatoes.com"
"deviantart.com"
"desktopfw.weather.com"
"desktopfw.weather.com"
"d.tradex.openx.com"
"search.yahoo.com"
"sidereel.com"
"desktopfw.weather.com"
"xjjh.com"
"ads.brazzers.com"
"ads.adultadvertising.net"
"youtube.com"
"ads.adultadvertising.net"
"focusbaiduafp.allyes.com"
"image.baidu.com"
"secure-us.imrworldwide.com"
"kr.sports.yahoo.com"
"hv3.webstat.com"
"video-stats.video.google.com"
"ads.adultadvertising.net"
"designbump.com"
"msn.foxsports.com"
"d.tradex.openx.com"
"bing.com"
"ads.adultadvertising.net"
"kr.sports.yahoo.com"
"facebook.com"
"search.yahoo.com"
"youtube.com"
"ad.doubleclick.net"
"gamespy.com"
"espn.go.com"
"image.baidu.com"
"aol.com"
"xo.nate.com"
"metacafe.com"
"kevinleopoldsenglishsyllabus.wikispaces.com"
"iro.ragnarokonline.com"
"sports.espn.go.com"
"bs.serving-sys.com"
"ads.adultadvertising.net"
"wellscenter.iupui.edu"
"kr.sports.yahoo.com"
"yahoo.com"
"banners.getiton.com"
"ad.yieldmanager.com"
"view.atdmt.com"
"sa.uusee.com"
"kr.sports.yahoo.com"
"bing.com"
"google.com"
"minihp.cyworld.com"
"ads.brazzers.com"
"xjjh.com"
"sesamestats.com"
"ad.adlegend.com"
"focusbaiduafp.allyes.com"
"youtube-nocookie.com"
"i1.ytimg.com"
"hcr.com"
"d.tradex.openx.com"
"api.msappspace.com"
"kr.sports.yahoo.com"
"ads.adultadvertising.net"
"stumbleupon.com"
"msn.foxsports.com"
"sesamestats.com"
"hv3.webstat.com"
"arienh4.net.nyud.net"
"my.yahoo.com"
"ad.yieldmanager.com"
"video.od.visiblemeasures.com"
"nba.com"
"womenofyoutube.mevio.com"
"mlb.mlb.com"
"music.indiana.edu"
"hcr.com"
"club.cyworld.com"
"facebook.com"
"hcr.com"
"gap.com"
"arienh4.net.nyud.net"
"s.xvideos.com"
"br.fling.com"
"banners.getiton.com"
"ella.slis.indiana.edu"
"xp.trafficmp.com"
"ec.atdmt.com"
"search.yahoo.com"
"stumbleupon.com"
"ads.brazzers.com"
"nytimes.com"
"nate.com"
"target.com"
"video-stats.video.google.com"
"google.com"
"banners.getiton.com"
"ads.adultadvertising.net"
"google.com"
"ads.brazzers.com"
"bs.serving-sys.com"
"womenofyoutube.mevio.com"
"video-stats.video.google.com"
"google.com"
"msn.com"
"thumb.brandreachsys.com"
"bid.openx.net"
"myyearbook.com"
"switch.atdmt.com"
"kr.sports.yahoo.com"
"d.tradex.openx.com"
"indianapublicmedia.org"
"amch.questionmarket.com"
"api.oscar.aol.com"
"stumbleupon.com"
"ads.adultadvertising.net"
"d.tradex.openx.com"
"ads.cnn.com"
"womenofyoutube.mevio.com"
"womenofyoutube.mevio.com"
"kr.sports.yahoo.com"
"bbs.20jh.net"
"google.com"
"facebook.com"
"sesamestats.com"
"fe.brandreachsys.com"
"ads.brazzers.com"
"google.com"
"ads.adultadvertising.net"
"nochelatina.com"
"gsy.or.kr"
"womenofyoutube.mevio.com"
"lezhin.com"
"hv3.webstat.com"
"kevinleopoldsenglishsyllabus.wikispaces.com"
"ro-co1.exp.msn.com"
"arienh4.net.nyud.net"
"sesamestats.com"
"nbcsports.msnbc.com"
"viewmorepics.myspace.com"
"video-stats.video.google.com"
"desktopfw.weather.com"
"a367.yahoofs.com"
"thesaurus.reference.com"
"gdx.mlb.com"
"escapistmagazine.com"
"d.tradex.openx.com"
"image.baidu.com"
"readred.com"
"desktopfw.weather.com"
"desktopfw.weather.com"
"youtube.com"
"cache.trafficmp.com"
"xjjh.com"
"google.com"
"kr.sports.yahoo.com"
"ad.yieldmanager.com"
"m1.2mdn.net"
"delivery.trafficjunky.net"
"ads.brazzers.com"
"sesamestats.com"
"veoh.com"
"bing.com"
"youtube.com"
"banners.getiton.com"
"aolcdn.com"
"ads.vs.com"
"aol.com"
"myspace.com"
"1188.com"
"ads.adultadvertising.net"
"hi.baidu.com"
"toolbar.wibiya.com"
"teendestruction.com"
"tvlistings.aol.com"
"sesamestats.com"
"elpais.com"
"hv3.webstat.com"
"cocotiers.aionsource.com"
"ad.yieldmanager.com"
"c2.ac-images.myspacecdn.com"
"content.usatoday.com"
"log8.doubleverify.com"
"nytimes.com"
"mail.google.com"
"new.facebook.com"
"google.com"
"imdb.com"
"omnisport.tv"
"desktopfw.weather.com"
"pagead2.googlesyndication.com"
"waterjet.net"
"hcr.com"
"hv3.webstat.com"
"npr.org"
"ghost-trappers.com"
"chem.indiana.edu"
"dataandsearch.org"
"cs.indiana.edu"
"thesaurus.reference.com"
"youtube.com"
"msn.foxsports.com"
"desktopfw.weather.com"
"kr.dictionary.search.yahoo.com"
"switch.atdmt.com"
"ads.adultadvertising.net"
"demr.opt.fimserve.com"
"chem.indiana.edu"
"video-stats.video.google.com"
"lookup.avatars.yahoo.com"
"npr.org"
"desktopfw.weather.com"
"xjjh.com"
"d.tradex.openx.com"
"digg.com"
"ad.insightexpressai.com"
"images.google.com"
"friends.myspace.com"
"widget.chipin.com"
"meded.iusm.iu.edu"
"d.tradex.openx.com"
"image.wapi.wetpaint.com"
"banners.getiton.com"
"sesamestats.com"
"my.yahoo.com"
"blackplanet.com"
"chicagotribune.com"
"target.com"
"facebook.com"
"apple.com"
"ads.brazzers.com"
"ezinearticles.com"
"lingoes.cn"
"facebook.com"
"gevalia.com"
"new.facebook.com"
"ihsaa.org"
"nytimes.com"
"ads.adultadvertising.net"
"microsoft.com"
"politico.com"
"hv3.webstat.com"
"ads.adultadvertising.net"
"idsoftware.com"
"image.baidu.com"
"video-stats.video.google.com"
"hcr.com"
"ads.adultadvertising.net"
"pagead2.googlesyndication.com"
"hv3.webstat.com"
"loginsvc.cyworld.com"
"weather.com"
"br.fling.com"
"hcr.com"
"431.webim0068.webim.myspace.com"
"anmgpvpw.vp.video.l.google.com"
"ad.yieldmanager.com"
"uncrate.com"
"arienh4.net.nyud.net"
"arienh4.net.nyud.net"
"google.com"
"hv3.webstat.com"
"washingtontimes.com"
"music.indiana.edu"
"facebook.com"
"hcr.com"
"d.tradex.openx.com"
"video-stats.video.google.com"
"ads.brazzers.com"
"dell.msn.com"
"frenchlick.casinobonusplay.com"
"graphics.fansonly.com"
"comment2.tom.com"
"pricegrabber.com"
"espn.go.com"
"google.com"
"thumb.brandreachsys.com"
"dealsea.com"
"search.ebscohost.com"
"d.tradex.openx.com"
"user.5173.com"
"focusbaiduafp.allyes.com"
"cdn4.specificclick.net"
"hv3.webstat.com"
"facebook.com"
"video-stats.video.google.com"
"facebook.com"
"whos.amung.us"
"nochelatina.com"
"twitter.com"
"google.com"
"viewmorepics.myspace.com"
"hcr.com"
"watch-movies-online.tv"
"yahoo.ytsa.net"
"desktopfw.weather.com"
"sports.espn.go.com"
"bs.serving-sys.com"
"desktopfw.weather.com"
"facebook.com"
"myyearbook.com"
"king.com"
"womenofyoutube.mevio.com"
"home.renren.com"
"womenofyoutube.mevio.com"
"informatics.indiana.edu"
"news.aol.com"
"ads.brazzers.com"
"harttweb.hartford.edu"
"ilovecheating.com"
"cache.trafficmp.com"
"kr.insider.msg.yahoo.com"
"afcyhf.com"
"fpsgameservers.com"
"idcs.interclick.com"
"ads.brazzers.com"
"ad.yieldmanager.com"
"google.com"
"google.com"
"demr.opt.fimserve.com"
"image.baidu.com"
"womenofyoutube.mevio.com"
"d.tradex.openx.com"
"askpop.com"
"nhl.com"
"loginsvc.cyworld.com"
"blog.go2.tw"
"newegg.com"
"ads.brazzers.com"
"espn.go.com"
"b179.cnzz.com"
"naver.com"
"d.tradex.openx.com"
"my.yahoo.com"
"d.tradex.openx.com"
"youtube.com"
"hcr.com"
"google.com"
"desktopfw.weather.com"
"huaren.us"
"facebook.com"
"facebook.com"
"brightcove.vo.llnwd.net"
"image.baidu.com"
"google.com"
"yahoo.com"
"penciloflight.deviantart.com"
"womenofyoutube.mevio.com"
"imeem.com"
"google.com"
"informatics.indiana.edu"
"engr.iupui.edu"
"ads.huaren.us"
"image.baidu.com"
"byfiles.storage.live.com"
"normalog.com"
"d.tradex.openx.com"
"facebook.com"
"bid.openx.net"
"google.com"
"hv3.webstat.com"
"optimized-by.rubiconproject.com"
"media.spicynodes.org"
"hcr.com"
"hv3.webstat.com"
"google.com"
"google.com"
"huffingtonpost.com"
"view.atdmt.com"
"desktopfw.weather.com"
"d.tradex.openx.com"
"dealighted.com"
"v.youku.com"
"ads.brazzers.com"
"google.com"
"nba.com"
"profile.myspace.com"
"youku.com"
"freakingnews.com"
"amch.questionmarket.com"
"anymobileanytime.sprint.com"
"seri.org"
"youtube.com"
"wesc.k12.in.us"
"movie.tudou.com"
"mylifeisaverage.com"
"blog.yam.com"
"omnisport.tv"
"informatics.indiana.edu"
"d.tradex.openx.com"
"images.google.com"
"target.com"
"c.microsoft.com"
"sesamestats.com"
"autou.vodone.cn"
"cbsnews.com"
"desktopfw.weather.com"
"vimg21.yoqoo.com"
"a367.yahoofs.com"
"graphics.fansonly.com"
"slutload.com"
"afe.specificclick.net"
"nate.com"
"cdn4.specificclick.net"
"c.brightcove.com"
"graphics.fansonly.com"
"ads.brazzers.com"
"xjjh.com"
"nba.com"
"ad.inven.co.kr"
"ad.scanmedios.com"
"demr.opt.fimserve.com"
"cdn.blinkx.com"
"facebook.com"
"ad.inven.co.kr"
"gevalia.com"
"facebook.com"
"image.baidu.com"
"hcr.com"
"hcr.com"
"wenxue6.com"
"desktopfw.weather.com"
"hv3.webstat.com"
"tags.bluekai.com"
"facebook.com"
"google.com"
"google.com"
"d.tradex.openx.com"
"desktopfw.weather.com"
"shop.ebay.com"
"bs.serving-sys.com"
"ads.vrx.adbrite.com"
"graphics.fansonly.com"
"google.com"
"wall.cws.api.sina.com.cn"
"portal.acm.org"
"burstbeacon.com"
"match.com"
"sports.yahoo.com"
"otniga.blu.livefilestore.com"
"picnik.com"
"kr.sports.yahoo.com"
"teendestruction.com"
"youtube.com"
"nhl.com"
"blogs.msdn.com"
"nate.com"
"ads.brazzers.com"
"ads.brazzers.com"
"pogo.com"
"tags.bluekai.com"
"facebook.com"
"hcr.com"
"womenofyoutube.mevio.com"
"football.fantasysports.yahoo.com"
"burstbeacon.com"
"v.youku.com"
"google.ca"
"d.tradex.openx.com"
"arienh4.net.nyud.net"
"antiwar.com"
"hv3.webstat.com"
"youtube.com"
"arienh4.net.nyud.net"
"hcr.com"
"ad.inven.co.kr"
"a367.yahoofs.com"
"facebook.com"
"bs.serving-sys.com"
"post.news.tom.com"
"finance.google.com"
"user.qzone.qq.com"
"d.tradex.openx.com"
"home.live.com"
"xjjh.com"
"sportsjournalism.org"
"secure-us.imrworldwide.com"
"ad.yieldmanager.com"
"isdspeed.qq.com"
"video.od.visiblemeasures.com"
"facebook.com"
"mail.live.com"
"aol.com"
"promos.fling.com"
"arienh4.net.nyud.net"
"hv3.webstat.com"
"static16.photo.sina.com.cn"
"metacafe.com"
"youtube.com"
"nochelatina.com"
"ad.inven.co.kr"
"facebook.com"
"ad.yieldmanager.com"
"apps.facebook.com"
"ytaahg.vo.llnwd.net"
"ticketmaster.com"
"www2.clutchfans.net"
"youtube.com"
"espn-www.baynote.net"
"ads.brazzers.com"
"ad.yieldmanager.com"
"lg15.com"
"veoh.com"
"desktopfw.weather.com"
"reviews.samsclub.com"
"desktopfw.weather.com"
"apple.com"
"education.iupui.edu"
"arienh4.net.nyud.net"
"parents.com"
"ads.brazzers.com"
"sn111w.snt111.mail.live.com"
"priceline.com"
"espn.go.com"
"auth.ulib.iupui.edu"
"google.com"
"a367.yahoofs.com"
"ask.com"
"sn111w.snt111.mail.live.com"
"amazon.com"
"secure-us.imrworldwide.com"
"espn.go.com"
"buddhaweb.googlepages.com"
"ad.inven.co.kr"
"news.tom.com"
"ad.yieldmanager.com"
"viewmorepics.myspace.com"
"mitbbs.com"
"dalealplay.com"
"bn.ct.kz"
"g2.ykimg.com"
"ad.adtegrity.net"
"d.tradex.openx.com"
"hittheice.com"
"desktopfw.weather.com"
"hcr.com"
"deviantart.com"
"digg.com"
"hcr.com"
"hcr.com"
"livejournal.com"
"webmail.aol.com"
"facebook.com"
"thumb.brandreachsys.com"
"pagead2.googlesyndication.com"
"a1.interclick.com"
"ad.yieldmanager.com"
"facebook.com"
"sesamestats.com"
"boost.org"
"hv3.webstat.com"
"hcr.com"
"social.bidsystem.com"
"associatedcontent.com"
"arienh4.net.nyud.net"
"sesamestats.com"
"d.tradex.openx.com"
"stumbleupon.com"
"xinhuanet.com"
"woot.com"
"nuklearpower.com"
"adszooks.com"
"hv3.webstat.com"
"ads.brazzers.com"
"nba.com"
"ncbi.nlm.nih.gov"
"hcr.com"
"friends.myspace.com"
"server2.webgozar.com"
"anmgpvpw.vp.video.l.google.com"
"youtube.com"
"hv3.webstat.com"
"search.yahoo.com"
"news.xinhuanet.com"
"content.openforum.com"
"cartoon.media.daum.net"
"bs.serving-sys.com"
"baidu.com"
"ktown.koreadaily.com"
"womenofyoutube.mevio.com"
"cfile255.uf.daum.net"
"click2.5j.com"
"watch-movies-online.tv"
"static11.photo.sina.com.cn"
"video-stats.video.google.com"
"msn.foxsports.com"
"msn.yoka.com"
"desktopfw.weather.com"
"google.com"
"ads.brazzers.com"
"v.youku.com"
"bs.serving-sys.com"
"ad.globalinteractive.com"
"kr.yahoo.com"
"bio.net"
"www418.megavideo.com"
"community.livejournal.com"
"ads.brazzers.com"
"hcr.com"
"desktopfw.weather.com"
"msn.com"
"banners.getiton.com"
"solutions.com"
"womenofyoutube.mevio.com"
"facebook.com"
"arienh4.net.nyud.net"
"youtube.com"
"flybase.net"
"womenofyoutube.mevio.com"
"ustream.tv"
"harttweb.hartford.edu"
"load.exelator.com"
"imeem.com"
"msn.foxsports.com"
"fanfiction.net"
"amazon.com"
"open.compassion-intl.com"
"images.google.com"
"arienh4.net.nyud.net"
"dygod.com"
"freehentaiporn.net"
"yahoo.com"
"womenofyoutube.mevio.com"
"bio.net"
"horoscope.findyourfate.com"
"arienh4.net.nyud.net"
"mickeyhart.net"
"google.com"
"bs.serving-sys.com"
"fanfiction.net"
"takmobile.info"
"ad.yieldmanager.com"
"cgi.4chan.org"
"weather.yahoo.com"
"ad.yieldmanager.com"
"arienh4.net.nyud.net"
"desktopfw.weather.com"
"arienh4.net.nyud.net"
"secure-us.imrworldwide.com"
"youtube.com"
"search.yahoo.com"
"teendestruction.com"
"desktopfw.weather.com"
"foxnews.com"
"nba.com"
"arienh4.net.nyud.net"
"delb.opt.fimserve.com"
"cell.com"
"pagead2.googlesyndication.com"
"google.com"
"hv3.webstat.com"
"ad.yieldmanager.com"
"ads.brazzers.com"
"gourmandia.com"
"arienh4.net.nyud.net"
"banners.adultfriendfinder.com"
"songs.pk"
"youtube.com"
"screwattack.com"
"desktopfw.weather.com"
"4chan.org"
"netflix.com"
"d.tradex.openx.com"
"desktopfw.weather.com"
"bs.serving-sys.com"
"arienh4.net.nyud.net"
"math.iupui.edu"
"en.wikipedia.org"
"facebook.com"
"xjjh.com"
"nz.answers.yahoo.com"
"boost.org"
"jcrew.com"
"images.google.com"
"basketball.fantasysports.yahoo.com"
"aol.com"
"focusbaiduafp.allyes.com"
"farm.game.playfish.com"
"spreeblick.com"
"espn-www.baynote.net"
"kr.sports.yahoo.com"
"desktopfw.weather.com"
"en.wikipedia.org"
"player.targetspot.com"
"mlb.mlb.com"
"c.brightcove.com"
"womenofyoutube.mevio.com"
"kaixin001.com"
"womenofyoutube.mevio.com"
"d4.sina.com.cn"
"target.com"
"player.cdn.targetspot.com"
"core.insightexpressai.com"
"video-stats.video.google.com"
"ad.adperium.com"
"desktopfw.weather.com"
"fe.brandreachsys.com"
"ovidsp.tx.ovid.com"
"hcr.com"
"accessmylibrary.com"
"video.od.visiblemeasures.com"
"ib.adnxs.com"
"hk.yahoo.com"
"ads.brazzers.com"
"hcr.com"
"video.od.visiblemeasures.com"
"xjjh.com"
"131.webim0018.webim.myspace.com"
"teendestruction.com"
"video-stats.video.google.com"
"c.adroll.com"
"tracking2.vindicosuite.com"
"xp.trafficmp.com"
"ad.ezday.co.kr"
"video-stats.video.google.com"
"womenofyoutube.mevio.com"
"hv3.webstat.com"
"aa.lgv.facdn.com"
"ad.yieldmanager.com"
"arienh4.net.nyud.net"
"hv3.webstat.com"
"chem.indiana.edu"
"aarinfantasy.com"
"kr.sports.yahoo.com"
"c17.statcounter.com"
"desktopfw.weather.com"
"stumbleupon.com"
"washingtonpost.com"
"sesamestats.com"
"nexplore.com"
"d.tradex.openx.com"
"google.com"
"facebook.com"
"desktopfw.weather.com"
"art.o.aolcdn.com"
"cyworld.com"
"iurecsports.org"
"d.tradex.openx.com"
"ads.pointroll.com"
"hcr.com"
"ad.yieldmanager.com"
"womenofyoutube.mevio.com"
"arienh4.net.nyud.net"
"ads.brazzers.com"
"d.tradex.openx.com"
"facebook.com"
"video-stats.video.google.com"
"pornhub.com"
"google.com"
"d.tradex.openx.com"
"dataandsearch.org"
"js.wretch.yahoo.net"
"ads.brazzers.com"
"womenofyoutube.mevio.com"
"my.yahoo.com"
"search.yahoo.com"
"minihp.cyworld.com"
"mail.yahoo.com"
"desktopfw.weather.com"
"d.tradex.openx.com"
"arienh4.net.nyud.net"
"rhapsody.com"
"synapse.cs.iupui.edu"
"hv3.webstat.com"
"usweb.dotomi.com"
"youtube.com"
"google.com"
"www2.music-tags.com"
"222.202.96.162"
"youtube.com"
"deviantart.com"
"indianapublicmedia.org"
"sesamestats.com"
"guitarcenter.com"
"comments.cnbc.com"
"youtube-nocookie.com"
"nbcsports.msnbc.com"
"ads.brazzers.com"
"google.com"
"context3.kanoodle.com"
"ad.insightexpressai.com"
"fe.br"
"google.com"
"d.tradex.openx.com"
"womenofyoutube.mevio.com"
"msn.foxsports.com"
"ads.brazzers.com"
"67.213.222.2"
"ad.inven.co.kr"
"google.com"
"gateway.isiknowledge.com"
"totalbeauty.com"
"google.com"
"espn.vad.go.com"
"gn.naver.com"
"hv3.webstat.com"
"puma.vizu.com"
"core.insightexpressai.com"
"ad.inven.co.kr"
"ad.reduxmedia.com"
"google.com"
"so.tudou.com"
"d.tradex.openx.com"
"miboard.miclub.com"
"google.com"
"ads.brazzers.com"
"d.tradex.openx.com"
"youtube.com"
"bs.serving-sys.com"
"chem.indiana.edu"
"teendestruction.com"
"marcjohns.com"
"sports-ak.espn.go.com"
"arienh4.net.nyud.net"
"jagtag.iupui.edu"
"chicagotribune.com"
"video-stats.video.google.com"
"springerlink.com"
"d.tradex.openx.com"
"d.tradex.openx.com"
"video-stats.video.google.com"
"wired.com"
"cu-market.com.cn"
"google.com"
"desktopfw.weather.com"
"ads.revsci.net"
"m1.2mdn.net"
"tudou.com"
"ads.brazzers.com"
"d.tradex.openx.com"
"learn.genetics.utah.edu"
"investopedia.com"
"stat.talk.renren.com"
"video.od.visiblemeasures.com"
"video-stats.video.google.com"
"womenofyoutube.mevio.com"
"compbio.iupui.edu"
"womenofyoutube.mevio.com"
"woot.com"
"news.aol.com"
"myyearbook.com"
"ads.brazzers.com"
"womenofyoutube.mevio.com"
"womenofyoutube.mevio.com"
"ads.brazzers.com"
"hv3.webstat.com"
"womenofyoutube.mevio.com"
"youtube.com"
"ib.adnxs.com"
"amazon.com"
"google.com"
"static.addtoany.com"
"ads.brazzers.com"
"hv3.webstat.com"
"dataandsearch.org"
"facebook.com"
"focusbaiduafp.allyes.com"
"desktopfw.weather.com"
"fe.br"
"fastflip.googlelabs.com"
"hv3.webstat.com"
"google.com"
"dailymotion.com"
"search.yahoo.com"
"xjjh.com"
"d.tradex.openx.com"
"d.tradex.openx.com"
"search2.seri.org"
"kr.sports.yahoo.com"
"imeem.com"
"desktopfw.weather.com"
"nytimes.com"
"460.cim.meebo.com"
"springerlink.com"
"netv.sbs.co.kr"
"youtube.com"
"ads.specificmedia.com"
"pixel.invitemedia.com"
"msn.foxsports.com"
"bbc.co.uk"
"wenxuecity.com"
"d.tradex.openx.com"
"atpworldtour.com"
"sidereel.com"
"msn.foxsports.com"
"d.tradex.openx.com"
"desktopfw.weather.com"
"megaupload.com"
"video-stats.video.google.com"
"cyworld.com"
"desktopfw.weather.com"
"thefields.com"
"target.com"
"google.com"
"xo.nate.com"
"womenofyoutube.mevio.com"
"msn.com"
"msn.com"
"arienh4.net.nyud.net"
"assoc-amazon.com"
"hv3.webstat.com"
"ads.brazzers.com"
"creatives.livejasmin.com"
"target.com"
"a367.yahoofs.com"
"ad.insightexpressai.com"
"web4.c2.cyworld.com"
"leadback.advertising.com"
"youtube.com"
"44.adsina.allyes.com"
"womenofyoutube.mevio.com"
"mevio.com"
"web4.c2.cyworld.com"
"google.com"
"ad.ae.doubleclick.net"
"message.tudou.com"
"video-stats.video.google.com"
"clipmarks.com"
"meta.wikimedia.org"
"desktopfw.weather.com"
"youtube.com"
"tw.nicovideo.jp"
"informatics.indiana.edu"
"hkclient.uusee.com"
"focusbaiduafp.allyes.com"
"desktopfw.weather.com"
"ad.yieldmanager.com"
"bing.com"
"web4.c2.cyworld.com"
"nate.com"
"asprov.search.yahoo.co.jp"
"womenofyoutube.mevio.com"
"spitefulcritic.com"
"hv3.webstat.com"
"isdspeed.qq.com"
"club.myce.com"
"xjjh.com"
"expedia.com"
"womenofyoutube.mevio.com"
"video-stats.video.google.com"
"netv.sbs.co.kr"
"mikestools.com"
"a367.yahoofs.com"
"myspace.com"
"biocrawler.com"
"facebook.com"
"google.com"
"wretch.cc"
"desktopfw.weather.com"
"desktopfw.weather.com"
"rivals.com"
"kr.sports.yahoo.com"
"youtube.com"
"hcr.com"
"d.tradex.openx.com"
"segye.com"
"rcws.eyereturn.com"
"waterjet.net"
"post.news.tom.com"
"facebook.com"
"tags.bluekai.com"
"pixel.invitemedia.com"
"womenofyoutube.mevio.com"
"mediaservices.myspace.com"
"network.kitaramarketplace.com"
"freeze.quizengine.com"
"desktopfw.weather.com"
"southwest.com"
"blog.naver.com"
"facebook.com"
"arienh4.net.nyud.net"
"modernhomemodernbaby.com"
"google.com"
"blog.sina.com.cn"
"bing.com"
"sesamestats.com"
"swiss-miss.com"
"desktopfw.weather.com"
"math.iupui.edu"
"staff.lib.msu.edu"
"womenofyoutube.mevio.com"
"sesamestats.com"
"travel.ian.com"
"hulu.com"
"video-stats.video.google.com"
"onemanga.com"
"adam4adam.com"
"gn.naver.com"
"sesamestats.com"
"a166.cnzz.com"
"g2.ykimg.com"
"google.cn"
"amazon.com"
"banners.getiton.com"
"teendestruction.com"
"ads.brazzers.com"
"sports.yahoo.com"
"livejasmin.com"
"woot.com"
"demr.opt.fimserve.com"
"facebook.com"
"desktopfw.weather.com"
"tn-skr2.smilevideo.jp"
"l.yimg.com"
"ad.yieldm"
"ads.brazzers.com"
"www-slis.lib.indiana.edu"
"youtube.com"
"facebook.com"
"d.tradex.openx.com"
"ad.yieldmanager.com"
"ditu.google.cn"
"penciloflight.deviantart.com"
"sina.com.cn"
"desktopfw.weather.com"
"wpi.renren.com"
"view.atdmt.com"
"deviantart.com"
"a367.yahoofs.com"
"googleads.g.doubleclick.net"
"sesamestats.com"
"woot.com"
"youtube.com"
"teacherscount.org"
"hv3.webstat.com"
"player.xmradio.com"
"play.mgoon.com"
"sports.espn.go.com"
"video-stats.video.google.com"
"toolbar.google.com"
"m1.2mdn.net"
"rivals.com"
"static.addtoany.com"
"onemanga.com"
"58.83.135.205"
"d.tradex.openx.com"
"br.fling.com"
"d.tradex.openx.com"
"target.com"
"digg.com"
"banners.getiton.com"
"amch.questionmarket.com"
"desktopfw.weather.com"
"ad.yieldmanager.com"
"d.tradex.openx.com"
"hv3.webstat.com"
"bs.serving-sys.com"
"target.com"
"amch.questionmarket.com"
"video-stats.video.google.com"
"cdn.optmd.com"
"minihp.cyworld.com"
"video-stats.video.google.com"
"d.tradex.openx.com"
"att.my.yahoo.com"
"gw.masan.ac.kr"
"d.tradex.openx.com"
"video-stats.video.google.com"
"chem.iupui.edu"
"ad.yieldmanager.com"
"espn.go.com"
"ad.yieldmanager.com"
"desktopfw.weather.com"
"desktopfw.weather.com"
"facebook.com"
"ads.brazzers.com"
"mediaservices.myspace.com"
"wwwq33.megaupload.com"
"google.com"
"google.com"
"jagtag.iupui.edu"
"d.tradex.openx.com"
"desktopfw.weather.com"
"web4.c2.cyworld.com"
"sesamestats.com"
"facebook.com"
"graphics.fansonly.com"
"d.tradex.openx.com"
"google.com"
"courses.bio.indiana.edu"
"d.tradex.openx.com"
"ads.brazzers.com"
"blog.sina.com.cn"
"d.tradex.openx.com"
"pixel.rubiconproject.com"
"auth.ulib.iupui.edu"
"hcr.com"
"weather.com"
"receive2.tubemogul.com"
"video-stats.video.google.com"
"a367.yahoofs.com"
"0.channel12.facebook.com"
"music.qq.com"
"math.iupui.edu"
"d.tradex.openx.com"
"target.com"
"blog.daum.net"
"bs.serving-sys.com"
"leadback.advertising.com"
"boost.org"
"ad.yieldmanager.com"
"youtube.com"
"images.google.com"
"google.com"
"adultfriendfinder.com"
"img.4chan.org"
"sports.espn.go.com"
"cracked.com"
"msn.com"
"arienh4.net.nyud.net"
"stumbleupon.com"
"mt1.google.com"
"video-stats.video.google.com"
"segye.com"
"kr.sports.yahoo.com"
"bid.openx.net"
"fe.br"
"ad.insightexpressai.com"
"d.tradex.openx.com"
"desktopfw.weather.com"
"books.google.com"
"d.tradex.openx.com"
"ads.revsci.net"
"styleforum.net"
"youtube.com"
"arienh4.net.nyud.net"
"srv2.wa.marketingsolutions.yahoo.com"
"desktopfw.weather.com"
"myspace.com"
"cvshealthresources.com"
"a367.yahoofs.com"
"llbean.com"
"fls.doubleclick.net"
"lawschool.westlaw.com"
"d.tradex.openx.com"
"desktopfw.weather.com"
"usatoday.com"
"banners.getiton.com"
"youtube.com"
"teendestruction.com"
"hv3.webstat.com"
"facebook.com"
"google.com"
"ad.globalinteractive.com"
"d.tradex.openx.com"
"sesamestats.com"
"web4.c2.cyworld.com"
"ads.brazzers.com"
"ads.brazzers.com"
"ro-co1.exp.msn.com"
"google.com"
"betacycling.blogspot.com"
"a367.yahoofs.com"
"bs.serving-sys.com"
"lezhin.com"
"google.com"
"hv3.webstat.com"
"hv3.webstat.com"
"rx8kl6yf4x.cs.serialssolutions.com"
"embedded.garena.com"
"google.com"
"new.facebook.com"
"bbs.20jh.net"
"waterjet.net"
"flybase.org"
"d.tradex.openx.com"
"video-stats.video.google.com"
"mylifeisaverage.com"
"ads.clicksor.com"
"d.tradex.openx.com"
"d.tradex.openx.com"
"womenofyoutube.mevio.com"
"youtube.com"
"d.tradex.openx.com"
"ads.brazzers.com"
"penciloflight.deviantart.com"
"viewmorepics.myspace.com"
"50.webim0156.webim.myspace.com"
"msn13.nasads.com"
"desktopfw.weather.com"
"magazine.wired.com"
"amch.questionmarket.com"
"d.tradex.openx.com"
"afe.specificclick.net"
"jackson-rathbone.com"
"hamline.edu"
"arienh4.net.nyud.net"
"arienh4.net.nyud.net"
"msn.com"
"blogs.msdn.com"
"by114w.bay114.mail.live.com"
"curse.com"
"hcr.com"
"370.webim0366.webim.myspace.com"
"officedepot.com"
"watch-movies.net.in"
"cnn.com"
"nursingsociety.org"
"sesamestats.com"
"mysoju.com"
"m1.2mdn.net"
"d.tradex.openx.com"
"youtube.com"
"video.od.visiblemeasures.com"
"informatics.indiana.edu"
"tap.rubiconproject.com"
"projectwonderful.com"
"imgcache.qq.com"
"d.tradex.openx.com"
"bbs.20jh.net"
"segye.com"
"bs.serving-sys.com"
"desktopfw.weather.com"
"d.tradex.openx.com"
"i1.ytimg.com"
"support.xbox.com"
"t.mookie1.com"
"target.com"
"weather.com"
"minihp.cyworld.com"
"208.88.226.75"
"metalsetlists.com"
"94.75.237.65"
"ad.doubleclick.net"
"srv2.wa.marketingsolutions.yahoo.com"
"150.webim0366.webim.myspace.com"
"view.atdmt.com"
"fandango.com"
"video-stats.video.google.com"
"beacon.videoegg.com"
"bing.com"
"ad.yieldmanager.com"
"d.tradex.openx.com"
"imeem.com"
"bid.openx.net"
"881903.com"
"deviantart.com"
"g2.ykimg.com"
"oah.org"
"facebook.com"
"youtube.com"
"mail.google.com"
"xjjh.com"
"video-stats.video.google.com"
"tw.yahoo.com"
"desktopfw.weather.com"
"godgame.com.tw"
"heepo.com"
"facebook.com"
"d.tradex.openx.com"
"p.opt.fimserve.com"
"arienh4.net.nyud.net"
"metalsetlists.com"
"d.tradex.openx.com"
"desktopfw.weather.com"
"youtube.com"
"music.indiana.edu"
"bs.serving-sys.com"
"womenofyoutube.mevio.com"
"cdn.eyewonder.com"
"hv3.webstat.com"
"d.tradex.openx.com"
"desktopfw.weather.com"
"action.media6degrees.com"
"ulib.iupui.edu"
"55643.cim.meebo.com"
"web4.c2.cyworld.com"
"facebook.com"
"bs.serving-sys.com"
"letsrun.com"
"ad.doubleclick.net"
"youtube.com"
"desktopfw.weather.com"
"adk.funshion.com"
"d.tradex.openx.com"
"user.qzone.qq.com"
"twitter.com"
"facebook.com"
"youtube.com"
"a.analytics.yahoo.com"
"video-stats.video.google.com"
"thebodyshop-usa.com"
"womenofyoutube.mevio.com"
"ads.brazzers.com"
"desktopfw.weather.com"
"75.126.76.218"
"googleads.g.doubleclick.net"
"s16.sitemeter.com"
"d.tradex.openx.com"
"uesp.net"
"d.tradex.openx.com"
"phdcomics.com"
"desktopfw.weather.com"
"womenofyoutube.mevio.com"
"tw.nicovideo.jp"
"odmp.org"
"indianarunner.informe.com"
"focusbaiduafp.allyes.com"
"ads.brazzers.com"
"s.xvideos.com"
"ad.doubleclick.net"
"video-stats.video.google.com"
"web.lightningcast.net"
"weather.com"
"kr.msn.com"
"viewmorepics.myspace.com"
"d.tradex.openx.com"
"ads.brazzers.com"
"hv3.webstat.com"
"freehentaiporn.net"
"google.com"
"web4.c2.cyworld.com"
"kuaile.dict.cn"
"minihp.cyworld.com"
"target.com"
"tyrashow.warnerbros.com"
"support.xbox.com"
"ads.brazzers.com"
"scholar.google.com"
"bid.openx.net"
"arienh4.net.nyud.net"
"bs.serving-sys.com"
"youtube.com"
"kr.sports.yahoo.com"
"google.com"
"vip.51.la"
"hcr.com"
"msn.foxsports.com"
"video-stats.video.google.com"
"womenofyoutube.mevio.com"
"womenofyoutube.mevio.com"
"hv3.webstat.com"
"ads.revsci.net"
"my.freeze.com"
"hv3.webstat.com"
"ww.smashits.com"
"meded.iusm.iu.edu"
"atpworldtour.com"
"search.yahoo.com"
"talenthunter.com"
"facebook.com"
"indystar.com"
"xjjh.com"
"math.iupui.edu"
"pandora.com"
"wwwq33.megaupload.com"
"web.ebscohost.com"
"target.com"
"en.wikipedia.org"
"facebook.com"
"ad.yieldmanager.com"
"google.com"
"mlb.mlb.com"
"mergentonline.com"
"renren.com"
"d.tradex.openx.com"
"adserv.impactengine.com"
"kr.sports.yahoo.com"
"arienh4.net.nyud.net"
"video-stats.video.google.com"
"desktopfw.weather.com"
"arienh4.net.nyud.net"
"google.com"
"nahse.org"
"segye.com"
"d.tradex.openx.com"
"loginsvc.cyworld.com"
"textsfromlastnight.com"
"youtube.com"
"facebook.com"
"mail2.nate.com"
"youtube.com"
"us.mg4.mail.yahoo.com"
"kongregate.com"
"recommend.xunlei.com"
"d.tradex.openx.com"
"arienh4.net.nyud.net"
"tracking.performgroup.com"
"pb.diyhard.co.kr"
"informatics.indiana.edu"
"d.tradex.openx.com"
"kr.sports.yahoo.com"
"thumb.brandreachsys.com"
"d.tradex.openx.com"
"desktopfw.weather.com"
"focusbaiduafp.allyes.com"
"ads.brazzers.com"
"ad.insightexpressai.com"
"desktopfw.weather.com"
"desktopfw.weather.com"
"0.channel12.facebook.com"
"topics.cnn.com"
"target.com"
"d.tradex.openx.com"
"indianapublicmedia.org"
"pageview.gomtv.com"
"d.tradex.openx.com"
"kr.sports.yahoo.com"
"hcr.com"
"womenofyoutube.mevio.com"
"shoppingbox.partner.leguide.com"
"nbcsports.msnbc.com"
"thumb.brandreachsys.com"
"social.bidsystem.com"
"stumbleupon.com"
"ads.brazzers.com"
"ads.revsci.net"
"btownmenus.com"
"blackplanet.com"
"colts.com"
"maps.google.com"
"toptvbytes.com"
"cgi.ebay.com"
"amsv2.daum.net"
"google.com"
"log.ationnet.com"
"youtube.com"
"images.google.com"
"hv3.webstat.com"
"bmwusa.com"
"ad.yieldmanager.com"
"facebook.com"
"facebook.com"
"adready.com"
"google.com"
"watch-movies-online.tv"
"xp.trafficmp.com"
"kr.sports.yahoo.com"
"arienh4.net.nyud.net"
"ads.brazzers.com"
"inkido.indiana.edu"
"web.nutn.edu.tw"
"youtube.com"
"ad.admediaprovider.com"
"servedby.advertising.com"
"desktopfw.weather.com"
"video-stats.video.google.com"
"d.tradex.openx.com"
"hv3.webstat.com"
"d.tradex.openx.com"
"d.tradex.openx.com"
"msn.foxsports.com"
"news.chinatimes.com"
"webmail.aol.com"
"desktopfw.weather.com"
"thumb.brandreachsys.com"
"d.tradex.openx.com"
"d.tradex.openx.com"
"exp.gomtv.com"
"movie.tudou.com"
"d.tradex.openx.com"
"d.tradex.openx.com"
"pubads.g.doubleclick.net"
"ad.inven.co.kr"
"d.tradex.openx.com"
"d.tradex.openx.com"
"youtube.com"
"hcr.com"
"ro-co1.exp.msn.com"
"web4.c2.cyworld.com"
"ads.brazzers.com"
"app.photo.qq.com"
"cnn.com"
"bid.openx.net"
"desktopfw.weather.com"
"kr.sports.yahoo.com"
"search.ovguide.com"
"video-stats.video.google.com"
"test.psych.iupui.edu"
"wunderground.com"
"sports.espn.go.com"
"syndication.mmismm.com"
"d.tradex.openx.com"
"d.tradex.openx.com"
"kr.sports.yahoo.com"
"hcr.com"
"altfarm.mediaplex.com"
"d.tradex.openx.com"
"ads.brazzers.com"
"secure-us.imrworldwide.com"
"hv3.webstat.com"
"d.tradex.openx.com"
"fandango.com"
"mail.google.com"
"bid.openx.net"
"waterjet.net"
"rivals.yahoo.com"
"kr.sports.yahoo.com"
"ads.brazzers.com"
"d.tradex.openx.com"
"d.tradex.openx.com"
"tag.contextweb.com"
"focusbaiduafp.allyes.com"
"hv3.webstat.com"
"thebananablog.com"
"up.nytimes.com"
"srv2.wa.marketingsolutions.yahoo.com"
"static.addtoany.com"
"imeem.com"
"anmgpvpw.vp.video.l.google.com"
"sexyfreetoons.com"
"secure-us.imrworldwide.com"
"giveawayoftheday.com"
"facebook.com"
"indianapublicmedia.org"
"hcr.com"
"video-stats.video.google.com"
"d.tradex.openx.com"
"cid-eef99c11571b4d82.skydrive.live.com"
"bbs.20jh.net"
"libtool.ulib.iupui.edu"
"anymobileanytime.sprint.com"
"web4.c2.cyworld.com"
"teendestruction.com"
"gaiaonline.com"
"facebook.com"
"kr.sports.yahoo.com"
"desktopfw.weather.com"
"mail2.nate.com"
"desktopfw.weather.com"
"target.com"
"desktopfw.weather.com"
"anmgpvpw.vp.video.l.google.com"
"d.tradex.openx.com"
"espn.go.com"
"stumbleupon.com"
"desktopfw.weather.com"
"d.tradex.openx.com"
"reviews.thenorthface.com"
"desktopfw.weather.com"
"waterjet.net"
"d.tradex.openx.com"
"pagead2.googlesyndication.com"
"sesamestats.com"
"hv3.webstat.com"
"hcr.com"
"208.88.226.75"
"thumb.brandreachsys.com"
"desktopfw.weather.com"
"google.com"
"v.youku.com"
"allsearchit.com"
"video-stats.video.google.com"
"google.com"
"ads.espn.adsonar.com"
"informit.com"
"secure-us.imrworldwide.com"
"t.mookie1.com"
"d.tradex.openx.com"
"kr.sports.yahoo.com"
"d.tradex.openx.com"
"arienh4.net.nyud.net"
"facebook.com"
"video-stats.video.google.com"
"ad.yieldmanager.com"
"espn.go.com"
"ro-co1.exp.msn.com"
"google.com"
"womenofyoutube.mevio.com"
"facebook.com"
"nba.com"
"google.com"
"womenofyoutube.mevio.com"
"hv3.webstat.com"
"hv3.webstat.com"
"google.com"
"tags.kotaku.com"
"bs.serving-sys.com"
"sesamestats.com"
"daiwon.co.kr"
"sesamestats.com"
"webmail.aol.com"
"video-stats.video.google.com"
"msn13.nasads.com"
"ad.doubleclick.net"
"kr.sports.yahoo.com"
"blog.naver.com"
"d.tradex.openx.com"
"mangafox.com"
"facebook.com"
"desktopfw.weather.com"
"webmail.aol.com"
"bs.serving-sys.com"
"hv3.webstat.com"
"d.tradex.openx.com"
"welcome.mail.aol.com"
"web4.c2.cyworld.com"
"nytimes.com"
"kr.sports.yahoo.com"
"a367.yahoofs.com"
"netflix.com"
"arienh4.net.nyud.net"
"ad.doubleclick.net"
"neopets.com"
"ulib.iupui.edu"
"messages.myyearbook.com"
"youtube.com"
"youtube.com"
"wwwq33.megaupload.com"
"rhapsody.com"
"cgi.4chan.org"
"blogs.medicine.iu.edu"
"hotwire.com"
"nicekicks.com"
"indianapublicmedia.org"
"jstor.org"
"d.tradex.openx.com"
"apps.facebook.com"
"messaging.myspace.com"
"d.tradex.openx.com"
"facebook.com"
"372.webim0419.webim.myspace.com"
"forum.colts.com"
"d.tradex.openx.com"
"msn.foxsports.com"
"d.tradex.openx.com"
"kr.sports.yahoo.com"
"kr.sports.yahoo.com"
"arienh4.net.nyud.net"
"d.tradex.openx.com"
"nanmola.com"
"twitter.com"
"desktopfw.weather.com"
"eonline.com"
"inkido.indiana.edu"
"secure-us.imrworldwide.com"
"womenofyoutube.mevio.com"
"mediaservices.myspace.com"
"facebook.com"
"d.tradex.openx.com"
"ad.doubleclick.net"
"a367.yahoofs.com"
"cafe427.daum.net"
"sesamestats.com"
"hcr.com"
"bbs.20jh.net"
"metacafe.com"
"metalsetlists.com"
"d.tradex.openx.com"
"d.tradex.openx.com"
"gamefaqs.com"
"kr.sports.yahoo.com"
"mail.yahoo.com"
"msn.foxsports.com"
"answers.dsw.com"
"hcr.com"
"dataandsearch.org"
"d.tradex.openx.com"
"desktopfw.weather.com"
"ro-co1.exp.msn.com"
"265.com"
"espn.go.com"
"d.tradex.openx.com"
"cell.com"
"d.tradex.openx.com"
"kr.sports.yahoo.com"
"static.addtoany.com"
"stanford.edu"
"stumbleupon.com"
"kr.sports.yahoo.com"
"kr.sports.yahoo.com"
"d.tradex.openx.com"
"wenxuecity.com"
"datpiff.com"
"marketwatch.com"
"desktopfw.weather.com"
"mergentonline.com"
"xjjh.com"
"viewmorepics.myspace.com"
"thumb.brandreachsys.com"
"ad-g.doubleclick.net"
"hv3.webstat.com"
"kr.sports.yahoo.com"
"d.tradex.openx.com"
"medicine.iu.edu"
"imeem.com"
"kr.sports.yahoo.com"
"kr.sports.yahoo.com"
"msn.foxsports.com"
"sesamestats.com"
"apple.com"
"anymobileanytime.sprint.com"
"cdn.eyewonder.com"
"arienh4.net.nyud.net"
"d.tradex.openx.com"
"jitapu.com"
"rockyou.com"
"wenxuecity.com"
"metalsetlists.com"
"stumbleupon.com"
"imdb.com"
"livejasmin.com"
"msn.foxsports.com"
"kr.sports.yahoo.com"
"desktopfw.weather.com"
"kr.sports.yahoo.com"
"fridayzone.org"
"sesamestats.com"
"bbs.20jh.net"
"target.com"
"cafe427.daum.net"
"informatics.indiana.edu"
"facebook.com"
"apple.com"
"jefffsbeardboard.yuku.com"
"test.psych.iupui.edu"
"pagead2.googlesyndication.com"
"ads.brazzers.com"
"kr.sports.yahoo.com"
"130.webim0316.webim.myspace.com"
"cmps.somrapi.com"
"kr.sports.yahoo.com"
"d.tradex.openx.com"
"go.cpmadvisors.com"
"kr.sports.yahoo.com"
"d.tradex.openx.com"
"hv3.webstat.com"
"bookohionow.com"
"youtube.com"
"a1.interclick.com"
"kr.sports.yahoo.com"
"google.com"
"facebook.com"
"pandora.com"
"google.com"
"nbcsports.msnbc.com"
"lawschool.westlaw.com"
"web.lightningcast.net"
"mediaservices.myspace.com"
"math.hmc.edu"
"youtube.com"
"womenofyoutube.mevio.com"
"ads.brazzers.com"
"m1.2mdn.net"
"kr.sports.yahoo.com"
"kr.sports.yahoo.com"
"video-stats.video.google.com"
"d.tradex.openx.com"
"arienh4.net.nyud.net"
"kr.sports.yahoo.com"
"kr.sports.yahoo.com"
"resultsz.com"
"kr.sports.yahoo.com"
"google.com"
"hcr.com"
"kr.sports.yahoo.com"
"arienh4.net.nyud.net"
"avno1.com"
"arienh4.net.nyud.net"
"netflix.com"
"ncbi.nlm.nih.gov"
"home.kelley.iupui.edu"
"images.adam4adam.com"
"kr.sports.yahoo.com"
"coop.crwdcntrl.net"
"sesamestats.com"
"kr.sports.yahoo.com"
"youtube.com"
"libtool.ulib.iupui.edu"
"xjjh.com"
"d.tradex.openx.com"
"xo.nate.com"
"kr.sports.yahoo.com"
"mail.google.com"
"waterjet.net"
"bk.pps.tv"
"spreadsheets.google.com"
"bebo.com"
"battlecreekenquirer.com"
"ads.brazzers.com"
"gaiaonline.com"
"desktopfw.weather.com"
"bbs.20jh.net"
"hv3.webstat.com"
"hv3.webstat.com"
"womenofyoutube.mevio.com"
"kr.sports.yahoo.com"
"opt.indiana.edu"
"daren4.store.qq.com"
"desktopfw.weather.com"
"kr.sports.yahoo.com"
"4info.com"
"leadback.advertising.com"
"aolcdn.com"
"kr.sports.yahoo.com"
"kr.sports.yahoo.com"
"tcla.mmismm.com"
"a367.yahoofs.com"
"clickclickclick.com"
"msn.com"
"renren.com"
"d.tradex.openx.com"
"kr.sports.yahoo.com"
"hv3.webstat.com"
"hv3.webstat.com"
"hcr.com"
"ad-g.doubleclick.net"
"kr.sports.yahoo.com"
"web.wenxuecity.com"
"lxkoru.blogspot.com"
"t.mookie1.com"
"kr.sports.yahoo.com"
"ncbi.nlm.nih.gov"
"desktopfw.weather.com"
"vodguide.pps.tv"
"web.qq.com"
"cluster.adultadworld.com"
"fb.hf.fminutes.us"
"a1.twimg.com"
"audio-sjl-t1-2.pandora.com"
"ad.yieldmanager.com"
"google.com"
"broadband.espn.go.com"
"cn.msn.com"
"video-stats.video.google.com"
"a1.interclick.com"
"bs.serving-sys.com"
"social.bidsystem.com"
"ads.brazzers.com"
"myaccountinglab.com"
"thumb.brandreachsys.com"
"hv3.webstat.com"
"d.tradex.openx.com"
"pinkpt.com.woopra-ns.com"
"kr.sports.yahoo.com"
"en.allexperts.com"
"gxplugin.com"
"ad.doubleclick.net"
"ads.brazzers.com"
"d.tradex.openx.com"
"video-stats.video.google.com"
"kr.sports.yahoo.com"
"kr.sports.yahoo.com"
"stumbleupon.com"
"womenofyoutube.mevio.com"
"sports.sina.com.cn"
"cell.com"
"kr.sports.yahoo.com"
"arienh4.net.nyud.net"
"kr.sports.yahoo.com"
"ad.doubleclick.net"
"co101w.col101.mail.live.com"
"hcr.com"
"d.tradex.openx.com"
"visitlasvegas.com"
"d.tradex.openx.com"
"desktopfw.weather.com"
"kr.sports.yahoo.com"
"demr.opt.fimserve.com"
"amsv2.daum.net"
"apple.com"
"a367.yahoofs.com"
"hv3.webstat.com"
"teendestruction.com"
"stationdata.wunderground.com"
"video-stats.video.google.com"
"arienh4.net.nyud.net"
"youtube.com"
"arienh4.net.nyud.net"
"buy.com"
"d.tradex.openx.com"
"e2.hompee.com"
"clickbangpop.com"
"hcr.com"
"stationdata.wunderground.com"
"cheminfo.informatics.indiana.edu"
"proquest.safaribooksonline.com"
"focusbaiduafp.allyes.com"
"xjjh.com"
"facebook.com"
"arienh4.net.nyud.net"
"d.tradex.openx.com"
"nba.com"
"stationdata.wunderground.com"
"arienh4.net.nyud.net"
"kr.sports.yahoo.com"
"desktopfw.weather.com"
"cfile92.uf.daum.net"
"kr.sports.yahoo.com"
"penciloflight.deviantart.com"
"cdn.picnik.com"
"d.tradex.openx.com"
"vodguide.pps.tv"
"kr.sports.yahoo.com"
"sports.sina.com.cn"
"youtube.com"
"sendables.jibjab.com"
"aes.iupui.edu"
"facebook.com"
"msg.baidu.com"
"idsnews.com"
"woot.com"
"srv2.wa.marketingsolutions.yahoo.com"
"google.com"
"kr.sports.yahoo.com"
"d.tradex.openx.com"
"web.lightningcast.net"
"kr.sports.yahoo.com"
"google.com"
"arienh4.net.nyud.net"
"creatives.livejasmin.com"
"d.tradex.openx.com"
"facebook.com"
"webmail.aol.com"
"teendestruction.com"
"sesamestats.com"
"player.cdn.targetspot.com"
"bs.serving-sys.com"
"d.tradex.openx.com"
"ads.brazzers.com"
"youtube.com"
"desktopfw.weather.com"
"nicekicks.com"
"stationdata.wunderground.com"
"sesamestats.com"
"cafe.naver.com"
"msn.foxsports.com"
"bing.com"
"womenofyoutube.mevio.com"
"facebook.com"
"target.com"
"d.tradex.openx.com"
"htosports.com"
"hulu.com"
"xo.nate.com"
"ads.brazzers.com"
"google.com"
"beta.abc.go.com"
"stationdata.wunderground.com"
"flybase.bio.indiana.edu"
"penciloflight.deviantart.com"
"hcr.com"
"desktopfw.weather.com"
"youtube.com"
"kr.sports.yahoo.com"
"amch.questionmarket.com"
"assets.espn.go.com"
"kr.sports.yahoo.com"
"kr.sports.yahoo.com"
"pagead2.googlesyndication.com"
"d.tradex.openx.com"
"megavideo.com"
"womenofyoutube.mevio.com"
"ad.yieldmanager.com"
"espn.vad.go.com"
"google.com"
"core.insightexpressai.com"
"kr.sports.yahoo.com"
"facebook.com"
"hcr.com"
"d.tradex.openx.com"
"pixel.rubiconproject.com"
"facebook.com"
"youtube.com"
"naver.com"
"kr.sports.yahoo.com"
"search.yahoo.com"
"indylaw.indiana.edu"
"stationdata.wunderground.com"
"video-stats.video.google.com"
"womenofyoutube.mevio.com"
"google.com"
"facebook.com"
"youtube.com"
"womenofyoutube.mevio.com"
"hv3.webstat.com"
"womenofyoutube.mevio.com"
"desktopfw.weather.com"
"google.com"
"sesamestats.com"
"searchjob.chinahr.com"
"sesamestats.com"
"ads.brazzers.com"
"kr.sports.yahoo.com"
"hcr.com"
"kr.sports.yahoo.com"
"ent.6park.com"
"s.ytimg.com"
"stationdata.wunderground.com"
"hoosierdata.in.gov"
"video-stats.video.google.com"
"ads.brazzers.com"
"uesp.net"
"medleyads.com"
"news.google.com"
"teendestruction.com"
"kr.sports.yahoo.com"
"coolchaser.com"
"msn.foxsports.com"
"kr.sports.yahoo.com"
"bbs.sumisora.com"
"hcr.com"
"apps.new.facebook.com"
"kr.sports.yahoo.com"
"ads.bluelithium.com"
"tv.com"
"firstsearch.oclc.org"
"stationdata.wunderground.com"
"arienh4.net.nyud.net"
"office.microsoft.com"
"deviantart.com"
"kr.sports.yahoo.com"
"kr.sports.yahoo.com"
"ws.amazon.com"
"desktopfw.weather.com"
"ent.qq.com"
"google.com"
"worldofwarcraft.com"
"ad.yieldmanager.com"
"mail.google.com"
"elpais.com"
"arienh4.net.nyud.net"
"ihsaa.org"
"googleads.g.doubleclick.net"
"youtube.com"
"facebook.com"
"log.incruit.com"
"foto.radar.imgsmail.ru"
"imeem.com"
"desktopfw.weather.com"
"hanafos.com"
"d.tradex.openx.com"
"googleads.g.doubleclick.net"
"stationdata.wunderground.com"
"kr.sports.yahoo.com"
"cdn4.specificclick.net"
"boston.com"
"penciloflight.deviantart.com"
"mlb.mlb.com"
"ad.adserverplus.com"
"sports.espn.go.com"
"bbs.20jh.net"
"ad.admediaprovider.com"
"daiwon.co.kr"
"platform.ak.fbcdn.net"
"122.webim0265.webim.myspace.com"
"assoc-amazon.com"
"arienh4.net.nyud.net"
"srv2.wa.marketingsolutions.yahoo.com"
"sesamestats.com"
"nytimes.com"
"stationdata.wunderground.com"
"ads.brazzers.com"
"ws.amazon.com"
"pixel.rubiconproject.com"
"ad.yieldmanager.com"
"cafe427.daum.net"
"music.indiana.edu"
"ko-kr.albnalyac.altools.com"
"viewmorepics.myspace.com"
"philanthropy.iupui.edu"
"google.cn"
"cs.indiana.edu"
"yahoo.com"
"desktopfw.weather.com"
"thumb.brandreachsys.com"
"viddler.com"
"google.com"
"ib.adnxs.com"
"daiwon.co.kr"
"googleads.g.doubleclick.net"
"ads.brazzers.com"
"medleyads.com"
"htc.com"
"d.tradex.openx.com"
"kr.sports.yahoo.com"
"bid.openx.net"
"flybase.org"
"burstbeacon.com"
"googleads.g.doubleclick.net"
"penciloflight.deviantart.com"
"imgvmark.kbs.co.kr"
"bazbeaux.com"
"womenofyoutube.mevio.com"
"nate.com"
"indianapublicmedia.org"
"gap.com"
"rk.com"
"stationdata.wunderground.com"
"google.com"
"google.com"
"ko-kr.albnalyac.altools.com"
"ad.doubleclick.net"
"a1.interclick.com"
"wwwq33.megaupload.com"
"kr.sports.yahoo.com"
"gravatar.com"
"hv3.webstat.com"
"wunderground.com"
"azlyrics.com"
"iciba.com"
"bing.com"
"streak.espn.go.com"
"kr.sports.yahoo.com"
"boost.org"
"50.webim0156.webim.myspace.com"
"hv3.webstat.com"
"teendestruction.com"
"d.tradex.openx.com"
"a166.cnzz.com"
"srv2.wa.marketingsolutions.yahoo.com"
"d.tradex.openx.com"
"stationdata.wunderground.com"
"s7d2.scene7.com"
"womenofyoutube.mevio.com"
"hv3.webstat.com"
"search.azlyrics.com"
"clickserve.cc-dt.com"
"auth.ulib.iupui.edu"
"indianapublicmedia.org"
"rockyou.com"
"stationdata.wunderground.com"
"disneymovieslist.com"
"tags.bluekai.com"
"ad.yieldmanager.com"
"js.wretch.yahoo.net"
"video-stats.video.google.com"
"kr.sports.yahoo.com"
"shuuemura-usa.com"
"fffocus.cn"
"bankofamerica.com"
"womenofyoutube.mevio.com"
"news.sina.com.cn"
"youtube.com"
"471.cim.meebo.com"
"adserving.cpxinteractive.com"
"video-stats.video.google.com"
"publish.vx.roo.com"
"ytaahg.vo.llnwd.net"
"stationdata.wunderground.com"
"google.com"
"ad.admediaprovider.com"
"ej1.leadback.advertising.com"
"manolith.com"
"video-stats.video.google.com"
"arienh4.net.nyud.net"
"ad.yieldmanager.com"
"kr.sports.yahoo.com"
"hv3.webstat.com"
"ads.specificmedia.com"
"stationdata.wunderground.com"
"primeoutlets.com"
"cracked.com"
"hcr.com"
"d.tradex.openx.com"
"kr.sports.yahoo.com"
"solutions.com"
"google.com"
"desktopfw.weather.com"
"youtube.com"
"kr.sports.yahoo.com"
"banners.getiton.com"
"hcr.com"
"news.google.com"
"teendestruction.com"
"hv3.webstat.com"
"ts3.explicit.bing.net"
"tianya.cn"
"youtube.com"
"arienh4.net.nyud.net"
"facebook.com"
"google.com"
"kr.sports.yahoo.com"
"danawa.com"
"bebo.com"
"cfile268.uf.daum.net"
"iv.doubleclick.net"
"ninjavideo.net"
"ulib.iupui.edu"
"video-stats.video.google.com"
"kr.news.yahoo.com"
"toolbar.google.com"
"desktopfw.weather.com"
"gw.masan.ac.kr"
"kr.sports.yahoo.com"
"mevio.com"
"desktopfw.weather.com"
"kr.sports.yahoo.com"
"shuuemura-usa.com"
"web.51.la"
"dutchregiments.org"
"youtube.com"
"471.cim.meebo.com"
"mail.live.com"
"stationdata.wunderground.com"
"ads.brazzers.com"
"googleblog.blogspot.com"
"mh2.manhunt.net"
"ad.yieldmanager.com"
"broadband.espn.go.com"
"bose.cn"
"womenofyoutube.mevio.com"
"goto.www.iciba.com"
"youtube.com"
"ads.adultadvertising.net"
"idsnews.com"
"kr.sports.yahoo.com"
"video.google.com"
"5173.com"
"video-stats.video.google.com"
"slis.indiana.edu"
"facebook.com"
"facebook.com"
"banners.getiton.com"
"images.google.com"
"viewmorepics.myspace.com"
"471.cim.meebo.com"
"bs.serving-sys.com"
"kr.sports.yahoo.com"
"womenofyoutube.mevio.com"
"desktopfw.weather.com"
"kr.sports.yahoo.com"
"images.google.com"
"people.com"
"stationdata.wunderground.com"
"apple.com"
"fls.doubleclick.net"
"cache.baidu.com"
"creatives.livejasmin.com"
"sesamestats.com"
"blogger.com"
"welcome.mail.aol.com"
"boost.org"
"idsnews.com"
"go"
"anymobileanytime.sprint.com"
"lookup.avatars.yahoo.com"
"sesamestats.com"
"video-stats.video.google.com"
"hcr.com"
"ads.brazzers.com"
"banners.getiton.com"
"google.com"
"images.google.com"
"kr.sports.yahoo.com"
"kr.sports.yahoo.com"
"d.tradex.openx.com"
"ads.brazzers.com"
"bbs.20jh.net"
"471.cim.meebo.com"
"core.insightexpressai.com"
"kr.sports.yahoo.com"
"desktopfw.weather.com"
"forums.somethingawful.com"
"stationdata.wunderground.com"
"pagead2.googlesyndication.com"
"bs.serving-sys.com"
"ad.yieldmanager.com"
"us.mg4.mail.yahoo.com"
"hv3.webstat.com"
"mh2.manhunt.net"
"video-stats.video.google.com"
"wwar.storm8.com"
"stationdata.wunderground.com"
"googleads.g.doubleclick.net"
"bs.serving-sys.com"
"kr.sports.yahoo.com"
"teendestruction.com"
"cyimg.cyworld.com"
"desktopfw.weather.com"
"mh2.manhunt.net"
"facebook.com"
"tags.bluekai.com"
"ad.yieldmanager.com"
"whitepages.com"
"desktopfw.weather.com"
"msn.com"
"stationdata.wunderground.com"
"75.126.76.218"
"amch.questionmarket.com"
"kr.sports.yahoo.com"
"video-stats.video.google.com"
"anymobileanytime.sprint.com"
"music.search.cyworld.com"
"google.com"
"arienh4.net.nyud.net"
"dealcatcher.com"
"bbs.20jh.net"
"ad.yieldmanager.com"
"kr.sports.yahoo.com"
"exploringorigins.org"
"static.addtoany.com"
"ads.adultadvertising.net"
"google.com"
"wenxuecity.com"
"womenofyoutube.mevio.com"
"nursingsociety.org"
"google.com"
"ads.brazzers.com"
"arienh4.net.nyud.net"
"stats.indiana.edu"
"sesamestats.com"
"google.com"
"kr.sports.yahoo.com"
"sports.espn.go.com"
"a367.yahoofs.com"
"pds112.cafe.daum.net"
"hv3.webstat.com"
"arienh4.net.nyud.net"
"cafe427.daum.net"
"kr.sports.yahoo.com"
"mail.yahoo.com"
"mail.google.com"
"ads.brazzers.com"
"penciloflight.deviantart.com"
"conv.opt.fimserve.com"
"desktopfw.weather.com"
"stationdata.wunderground.com"
"sac.cs.iupui.edu"
"banners.getiton.com"
"s.ytimg.com"
"health.bsd.uchicago.edu"
"youtube.com"
"womenofyoutube.mevio.com"
"ad.reduxmedia.com"
"hcr.com"
"hv3.webstat.com"
"msn.foxsports.com"
"hv3.webstat.com"
"facebook.com"
"mads.cbssports.com"
"ads.veldev.net"
"flybase.org"
"stumbleupon.com"
"kr.sports.yahoo.com"
"waterjet.net"
"mh2.manhunt.net"
"bbs.20jh.net"
"venganza.org"
"bing.com"
"mh2.manhunt.net"
"arienh4.net.nyud.net"
"woot.com"
"msn13.nasads.com"
"adready.com"
"facebook.com"
"399.cim.meebo.com"
"brandibelle.com"
"digg.com"
"stats.indiana.edu"
"sesamestats.com"
"ad.naver.com"
"sesamestats.com"
"ebay.com"
"espn-www.baynote.net"
"video-stats.video.google.com"
"kr.sports.yahoo.com"
"video-stats.video.google.com"
"stat4.corp.56.com"
"msn.foxsports.com"
"stationdata.wunderground.com"
"foodbuzz.com"
"399.cim.meebo.com"
"googleads.g.doubleclick.net"
"kr.sports.yahoo.com"
"ad.reduxmedia.com"
"secure-us.imrworldwide.com"
"sportsseoul.com"
"desktopfw.weather.com"
"aol.com"
"0.channel12.facebook.com"
"desktopfw.weather.com"
"video-stats.video.google.com"
"stationdata.wunderground.com"
"thumb.brandreachsys.com"
"ad.yieldmanager.com"
"digg.com"
"stationdata.wunderground.com"
"hv3.webstat.com"
"d.tradex.openx.com"
"banners.getiton.com"
"msn.foxsports.com"
"stationdata.wunderground.com"
"banners.getiton.com"
"hcr.com"
"jjangfile.net"
"rivals.yahoo.com"
"addictinggames.com"
"399.cim.meebo.com"
"ad.admediaprovider.com"
"deviantart.com"
"womenofyoutube.mevio.com"
"ad.yieldmanager.com"
"by114w.bay114.mail.live.com"
"loginsvc.cyworld.com"
"myspace.com"
"kr.sports.yahoo.com"
"womenofyoutube.mevio.com"
"bing.com"
"msnbc.msn.com"
"aol.com"
"bs.serving-sys.com"
"intellicast.com"
"view.atdmt.com"
"player.targetspot.com"
"ads.undertone.com"
"web.wenxuecity.com"
"stationdata.wunderground.com"
"expedia.com"
"web.ebscohost.com"
"mail.goog"
"tags.kotaku.com"
"load.tubemogul.com"
"video-stats.video.google.com"
"bs.serving-sys.com"
"blog.masslive.com"
"youtube.com"
"bs.serving-sys.com"
"hv3.webstat.com"
"library.music.indiana.edu"
"womenofyoutube.mevio.com"
"pixel.rubiconproject.com"
"fancast.com"
"stationdata.wunderground.com"
"t.mookie1.com"
"secure-us.imrworldwide.com"
"baidu.com"
"xjjh.com"
"kr.sports.yahoo.com"
"auth.ulib.iupui.edu"
"br.fling.com"
"merriam-webster.com"
"ad.doubleclick.net"
"bs.serving-sys.com"
"sports.sina.com.cn"
"youku.com"
"megavideo.com"
"womenofyoutube.mevio.com"
"stationdata.wunderground.com"
"mh2.manhunt.net"
"stationdata.wunderground.com"
"cdni.llbean.com"
"desktopfw.weather.com"
"news.google.com"
"mlb.mlb.com"
"facebook.com"
"hv3.webstat.com"
"banners.getiton.com"
"google.com"
"video-stats.video.google.com"
"happycampus.cn"
"mh2.manhunt.net"
"banners.getiton.com"
"stationdata.wunderground.com"
"arienh4.net.nyud.net"
"wwwq33.megaupload.com"
"angelfire.com"
"hcr.com"
"ruliweb2.empas.com"
"hv3.webstat.com"
"cubics.com"
"ads.brazzers.com"
"poll.hanafos.com"
"talenthunter.com"
"arienh4.net.nyud.net"
"talenthunter.com"
"amch.questionmarket.com"
"a367.yahoofs.com"
"womenofyoutube.mevio.com"
"ads.adultadvertising.net"
"ib.adnxs.com"
"imgcache.qq.com"
"stationdata.wunderground.com"
"google.com"
"w"
"desktopfw.weather.com"
"penciloflight.deviantart.com"
"sesamestats.com"
"bcp.crwdcntrl.net"
"ad.yieldmanager.com"
"cbssports.com"
"mtv.com"
"womenofyoutube.mevio.com"
"desktopfw.weather.com"
"kr.sports.yahoo.com"
"g1.ykimg.com"
"mh2.manhunt.net"
"a367.yahoofs.com"
"apple.com"
"pa.yahoo.com"
"commcenter.mchsi.com"
"a367.yahoofs.com"
"desktopfw.weather.com"
"secure-us.imrworldwide.com"
"image.baidu.com"
"searchservice.myspace.com"
"search.ebscohost.com"
"broadband.espn.go.com"
"sesamestats.com"
"mitbbs.com"
"kr.sports.yahoo.com"
"nytimes.com"
"yahoo.com"
"item.taobao.com"
"go.daum.net"
"online.wsj.com"
"reddit.com"
"desktopfw.weather.com"
"ads.brazzers.com"
"friends.myspace.com"
"aes.iupui.edu"
"cancer.iu.edu"
"thm-a01.yimg.com"
"mbd.scout.com"
"womenofyoutube.mevio.com"
"ads.brazzers.com"
"s7.addthis.com"
"focusbaiduafp.allyes.com"
"video-stats.video.google.com"
"image.baidu.com"
"desktopfw.weather.com"
"library.music.indiana.edu"
"msn.foxsports.com"
"xp.trafficmp.com"
"womenofyoutube.mevio.com"
"searchservice.myspace.com"
"bbs.20jh.net"
"ad.z5x.net"
"d.tradex.openx.com"
"womenofyoutube.mevio.com"
"msn.foxsports.com"
"msn.foxsports.com"
"commcenter.mchsi.com"
"mail.google.com"
"hcr.com"
"hv3.webstat.com"
"msn.foxsports.com"
"womenofyoutube.mevio.com"
"viewmorepics.myspace.com"
"target.com"
"insider.msg.yahoo.com"
"graphics.fansonly.com"
"c.microsoft.com"
"a367.yahoofs.com"
"arienh4.net.nyud.net"
"ads.adultadvertising.net"
"stationdata.wunderground.com"
"image.baidu.com"
"espn-www.baynote.net"
"media.trafficjunky.net"
"facebook.com"
"kr.sports.yahoo.com"
"swiss-miss.com"
"a367.yahoofs.com"
"travelb.priceline.com"
"cracked.com"
"ads.brazzers.com"
"chat.aim.com"
"picasaweb.google.com"
"highschoolsports.net"
"youtube.com"
"ro-co1.exp.msn.com"
"loginsvc.cyworld.com"
"bk.pps.tv"
"282.webim0366.webim.myspace.com"
"qlogo4.store.qq.com"
"teendestruction.com"
"foxnews.us.intellitxt.com"
"friarforum.com"
"google.com"
"facebook.com"
"msn.foxsports.com"
"searchservice.myspace.com"
"sports.espn.go.com"
"auth.ulib.iupui.edu"
"flybase.org"
"wwwq33.megaupload.com"
"searchjob.chinahr.com"
"mp3.baidu.com"
"youtube.com"
"dealsea.com"
"banners.getiton.com"
"stationdata.wunderground.com"
"camadegato.globo.com"
"br.fling.com"
"patriotboy.blogspot.com"
"arienh4.net.nyud.net"
"creatives.livejasmin.com"
"sesamestats.com"
"http300.edge.ru4.com"
"v.youku.com"
"womenofyoutube.mevio.com"
"d.tradex.openx.com"
"stationdata.wunderground.com"
"addirector.vindicosuite.com"
"ox-ads.widgetbucks.com"
"d.tradex.openx.com"
"video-stats.video.google.com"
"chat.aim.com"
"server.iad.liveperson.net"
"urbanoutfitters.com"
"baike.baidu.com"
"cid-bf0558ddd1bdc627.photos.live.com"
"d.tradex.openx.com"
"arienh4.net.nyud.net"
"wowarmory.com"
"hk.yahoo.com"
"hv3.webstat.com"
"google.com"
"anmgpvpw.vp.video.l.google.com"
"kr.sports.yahoo.com"
"l.qq.com"
"arienh4.net.nyud.net"
"sesamestats.com"
"desktopfw.weather.com"
"cbs.com"
"board.deathvalleydriver.com"
"static.addtoany.com"
"nbcsports.msnbc.com"
"google.com"
"ib.adnxs.com"
"desktopfw.weather.com"
"ads.brazzers.com"
"d.tradex.openx.com"
"letv.com"
"google.com"
"bbs.20jh.net"
"ads.brazzers.com"
"d.tradex.openx.com"
"womenofyoutube.mevio.com"
"amazon.com"
"kr.sports.yahoo.com"
"talenthunter.com"
"stationdata.wunderground.com"
"d.tradex.openx.com"
"kr.sports.yahoo.com"
"microsoft.com"
"ovguide.com"
"ro-co1.exp.msn.com"
"desktopfw.weather.com"
"gagalive.kr"
"stationdata.wunderground.com"
"hcr.com"
"youtube.com"
"wwwq33.megaupload.com"
"google.com"
"static.playfish.com"
"globalgrind.com"
"assets.espn.go.com"
"t.mookie1.com"
"banners.getiton.com"
"desktopfw.weather.com"
"cbssports.com"
"hcr.com"
"arienh4.net.nyud.net"
"news3.xinhuanet.com"
"mh2.manhunt.net"
"srv2.wa.marketingsolutions.yahoo.com"
"arienh4.net.nyud.net"
"ncaafootball.fanhouse.com"
"kr.sports.yahoo.com"
"cyimg.cyworld.com"
"facebook.com"
"xjjh.com"
"justin.tv"
"us.mg4.mail.yahoo.com"
"womenofyoutube.mevio.com"
"loginsvc.cyworld.com"
"google.com"
"bs.serving-sys.com"
"ads.brazzers.com"
"tpc.googlesyndication.com"
"ad.bnmla.com"
"sesamestats.com"
"opendiary.com"
"tw.netsh.com"
"kr.sports.yahoo.com"
"kr.sports.yahoo.com"
"livejasmin.com"
"stationdata.wunderground.com"
"yahoo.com"
"creatives.livejasmin.com"
"tw.search.bid.yahoo.com"
"sesamestats.com"
"video-stats.video.google.com"
"ads.bluelithium.com"
"player.targetspot.com"
"lacoste.com"
"burstbeacon.com"
"facebook.com"
"ads.brazzers.com"
"10902064121.baseball.cbssports.com"
"arienh4.net.nyud.net"
"nrg.co.il"
"kr.sports.yahoo.com"
"demr.opt.fimserve.com"
"cakemanraven.com"
"ads.brazzers.com"
"arienh4.net.nyud.net"
"sesamestats.com"
"apps.facebook.com"
"image.baidu.com"
"co111w.col111.mail.live.com"
"womenofyoutube.mevio.com"
"google.com"
"livemint.com"
"ads.brazzers.com"
"ad.inven.co.kr"
"shortlonghairstyles.com"
"tyrashow.warnerbros.com"
"womenofyoutube.mevio.com"
"nba.com"
"bbs.20jh.net"
"espn-www.baynote.net"
"ad.yieldmanager.com"
"arienh4.net.nyud.net"
"mail.live.com"
"dataandsearch.org"
"a367.yahoofs.com"
"d.tradex.openx.com"
"veoh.com"
"ads.brazzers.com"
"hcr.com"
"facebook.com"
"471.cim.meebo.com"
"thechive.com"
"btownmenus.com"
"deviantart.com"
"desktopfw.weather.com"
"0.channel12.facebook.com"
"top100teenmodels.com"
"tpc.googlesyndication.com"
"msn.foxsports.com"
"web4.c2.cyworld.com"
"kr.sports.yahoo.com"
"daiwon.co.kr"
"arienh4.net.nyud.net"
"images.google.com"
"cdn4.specificclick.net"
"stanford.edu"
"womenofyoutube.mevio.com"
"mh2.manhunt.net"
"espn.go.com"
"penciloflight.deviantart.com"
"ptlogin2.qq.com"
"imdb.com"
"search.ebscohost.com"
"kr.sports.yahoo.com"
"youtube.com"
"minihp.cyworld.com"
"baike.baidu.com"
"comtechlab.iupui.edu"
"youtube.com"
"desktopfw.weather.com"
"tw.netsh.com"
"viewmorepics.myspace.com"
"womenofyoutube.mevio.com"
"engadget.com"
"ads.brazzers.com"
"stanford.edu"
"deviantart.com"
"t8.rstatic.xunlei.com"
"fms.indiana.edu"
"stationdata.wunderground.com"
"ads.brazzers.com"
"tw.bid.yahoo.com"
"kelley.iu.edu"
"en.wikipedia.org"
"at.atwola.com"
"facebook.com"
"0.channel34.facebook.com"
"arienh4.net.nyud.net"
"msn.com"
"msn.foxsports.com"
"stoo.asiae.co.kr"
"client.web.aol.com"
"mitbbs.com"
"kr.sports.yahoo.com"
"hv3.webstat.com"
"autou.vodone.cn"
"xjjh.com"
"tvshack.net"
"d.tradex.openx.com"
"youtube.com"
"flybase.org"
"footage.net"
"en.wikipedia.org"
"ad.reduxmedia.com"
"d.tradex.openx.com"
"bing.com"
"video-stats.video.google.com"
"desktopfw.weather.com"
"penciloflight.deviantart.com"
"animegalleries.net"
"horoscopes.astrology.com"
"espn-www.baynote.net"
"kr.sports.yahoo.com"
"wwwq33.megaupload.com"
"video-stats.video.google.com"
"ads.vrx.adbrite.com"
"t.mookie1.com"
"deviantart.com"
"livejournal.com"
"desktopfw.weather.com"
"gametrailers.com"
"womenofyoutube.mevio.com"
"desktopfw.weather.com"
"daum.net"
"kr.sports.yahoo.com"
"youtube.com"
"arienh4.net.nyud.net"
"baidu.com"
"espn.go.com"
"mh2.manhunt.net"
"diligogames.com"
"desktopfw.weather.com"
"banners.getiton.com"
"facebook.com"
"arienh4.net.nyud.net"
"view.atdmt.com"
"fms.indiana.edu"
"livejasmin.com"
"ad.doubleclick.net"
"nytimes.com"
"webmail.aol.com"
"ads.brazzers.com"
"arienh4.net.nyud.net"
"sesamestats.com"
"bs.serving-sys.com"
"stationdata.wunderground.com"
"google.com"
"sportsseoul.com"
"kr.sports.yahoo.com"
"bs.serving-sys.com"
"art.o.aolcdn.com"
"mh2.manhunt.net"
"ad.yieldmanager.com"
"sugg.image.search.yahoo.com"
"bs.serving-sys.com"
"google.com"
"deviantart.com"
"webmail.aol.com"
"mh2.manhunt.net"
"video.od.visiblemeasures.com"
"womenofyoutube.mevio.com"
"stationdata.wunderground.com"
"womenofyoutube.mevio.com"
"metrolyrics.com"
"ads.brazzers.com"
"facebook.com"
"myyearbook.com"
"blog.naver.com"
"facebook.com"
"deviantart.com"
"infoworld.com"
"stoo.asiae.co.kr"
"ro-co1.exp.msn.com"
"facebook.com"
"youtube.com"
"desktopfw.weather.com"
"google.com"
"globalgrind.com"
"uesp.net"
"g2.ykimg.com"
"msn.foxsports.com"
"facebook.com"
"espn-www.baynote.net"
"kr.sports.yahoo.com"
"cyimg.cyworld.com"
"view.atdmt.com"
"mh2.manhunt.net"
"womenofyoutube.mevio.com"
"ads.brazzers.com"
"ad.doubleclick.net"
"partner.targetbanner.co.kr"
"boost.org"
"youtube.com"
"arienh4.net.nyud.net"
"lulu.com"
"secure-us.imrworldwide.com"
"facebook.com"
"teendestruction.com"
"wave3.com"
"google.com"
"video-stats.video.google.com"
"arienh4.net.nyud.net"
"kr.sports.yahoo.com"
"d.tradex.openx.com"
"desktopfw.weather.com"
"tracking.vindicosuite.com"
"autocomplete.hk.search.yahoo.com"
"vodguide.pps.tv"
"d.tradex.openx.com"
"womenofyoutube.mevio.com"
"google.com"
"wretch.cc"
"mrd.mail.yahoo.com"
"bs.serving-sys.com"
"d.tradex.openx.com"
"feed.audience.netavenir.com"
"mh2.manhunt.net"
"jieumai.com"
"kr.sports.yahoo.com"
"indylaw.indiana.edu"
"video-stats.video.google.com"
"nba.com"
"fmylife.com"
"wordpress.com"
"kr.msn.com"
"pandora.com"
"msn.foxsports.com"
"kr.sports.yahoo.com"
"bankofamerica.com"
"ad.yieldmanager.com"
"womenofyoutube.mevio.com"
"video-stats.video.google.com"
"kr.sports.yahoo.com"
"logs1.kugou.com"
"google.com"
"kr.sports.yahoo.com"
"video-stats.video.google.com"
"youtube.com"
"mh2.manhunt.net"
"hcr.com"
"a.farlex.com"
"womenofyoutube.mevio.com"
"penciloflight.deviantart.com"
"target.com"
"bid.openx.net"
"kr.sports.yahoo.com"
"ad.yieldmanager.com"
"mail.google.com"
"monster2.contextuads.com"
"realwrestlecrap.proboards.com"
"hcr.com"
"baidu.com"
"sesamestats.com"
"microsoft.com"
"stat.tudou.com"
"hcr.com"
"auth.ulib.iupui.edu"
"hornetfootball.org"
"kr.sports.yahoo.com"
"mail.yahoo.com"
"google.com"
"viewmorepics.myspace.com"
"creatives.livejasmin.com"
"recommend.xunlei.com"
"kr.sports.yahoo.com"
"web4.c2.cyworld.com"
"media.fastclick.net"
"movie.tudou.com"
"facebook.com"
"video.od.visiblemeasures.com"
"stationdata.wunderground.com"
"1.gravatar.com"
"hcr.com"
"blogs.msdn.com"
"womenofyoutube.mevio.com"
"s131.cnzz.com"
"ads.adultadvertising.net"
"womenofyoutube.mevio.com"
"businessmajors.about.com"
"pagead2.googlesyndication.com"
"stat.tudou.com"
"bs.serving-sys.com"
"baidu.com"
"myspace.com"
"mail.yahoo.com"
"hv3.webstat.com"
"mh2.manhunt.net"
"ads.brazzers.com"
"stationdata.wunderground.com"
"desktopfw.weather.com"
"awesomewallpapers.wordpress.com"
"kr.sports.yahoo.com"
"qlogo2.store.qq.com"
"video-stats.video.google.com"
"go.daum.net"
"d.tradex.openx.com"
"desktopfw.weather.com"
"ads.brazzers.com"
"stumbleupon.com"
"googleads.g.doubleclick.net"
"ads.brazzers.com"
"iro.ragnarokonline.com"
"kr.sports.yahoo.com"
"xjjh.com"
"media.trafficjunky.net"
"bbs.20jh.net"
"youtube.com"
"megaupload.com"
"talenthunter.com"
"photo.renren.com"
"community.thebump.com"
"rockyou.com"
"youtube.com"
"youtube.com"
"ad.yieldmanager.com"
"hv3.webstat.com"
"kr.sports.yahoo.com"
"tw.netsh.com"
"pub.mybloglog.com"
"bauergriffinonline.com"
"facebook.com"
"apple.com"
"3.webim0126.webim.myspace.com"
"hv3.webstat.com"
"gourmandia.com"
"cb.amazingcounters.com"
"delivery.trafficjunky.net"
"imgcache.qq.com"
"d.tradex.openx.com"
"womenofyoutube.mevio.com"
"mac.softpedia.com"
"support.microsoft.com"
"verizonwireless.com"
"d.tradex.openx.com"
"video.msn.com"
"desk.opt.fimserve.com"
"investopedia.com"
"kr.sports.yahoo.com"
"ads.brazzers.com"
"google.com"
"deviantart.com"
"ib.adnxs.com"
"stumbleupon.com"
"kr.sports.yahoo.com"
"bbs.20jh.net"
"ads.adbrite.com"
"msn.foxsports.com"
"facebook.com"
"action.mathtag.com"
"arienh4.net.nyud.net"
"dataandsearch.org"
"imeem.com"
"cyworld.com"
"ads.adultadvertising.net"
"facebook.com"
"mymsn.hotmail.msn.com"
"bio.indiana.edu"
"image.baidu.com"
"deviantart.com"
"google.com"
"chookaboot.com"
"banners.getiton.com"
"d.tradex.openx.com"
"orbitz.com"
"facebook.com"
"diligogames.com"
"asawot.notlong.com"
"vimg3.yoqoo.com"
"tw.search.bid.yahoo.com"
"youtube.com"
"profile.myspace.com"
"ws.amazon.com"
"pornhost.com"
"womenofyoutube.mevio.com"
"img.4chan.org"
"ad.doubleclick.net"
"apps.renren.com"
"movshare.net"
"borders.com"
"optimized-by.rubiconproj"
"bl110w.blu110.mail.live.com"
"search.ovguide.com"
"hcr.com"
"imgur.com"
"video-stats.video.google.com"
"battlecreekenquirer.com"
"xy5.store.qq.com"
"stationdata.wunderground.com"
"video-stats.video.google.com"
"livevideo.com"
"store.snocap.com"
"hcr.com"
"kr.sports.yahoo.com"
"hcr.com"
"global.fb.gamehouse.com"
"msn.com"
"feeds.feedburner.com"
"forums.somethingawful.com"
"sesamestats.com"
"banners.getiton.com"
"www2.music-tags.com"
"kellyskornerblog.com"
"banners.getiton.com"
"myspace.com"
"linkedin.com"
"stationdata.wunderground.com"
"picasaweb.google.com"
"d.tradex.openx.com"
"kr.sports.yahoo.com"
"amer.rel.msn.com"
"metrolyrics.com"
"livejasmin.com"
"stationdata.wunderground.com"
"d.tradex.openx.com"
"google.ca"
"tbskip.taobao.com"
"collegehumor.com"
"google.com"
"so.tudou.com"
"graphics.fansonly.com"
"facebook.com"
"ads.brazzers.com"
"stumbleupon.com"
"video2.xtube.com"
"hv3.webstat.com"
"desktopfw.weather.com"
"womenofyoutube.mevio.com"
"ads.brazzers.com"
"chem.indiana.edu"
"h21.hani.co.kr"
"auth.ulib.iupui.edu"
"s0.2mdn.net"
"google.com"
"image.baidu.com"
"slirsredirect.search.aol.com"
"ad.yieldmanager.com"
"myspace.com"
"huffingtonpost.com"
"ad.yieldmanager.com"
"womenofyoutube.mevio.com"
"305.webim0366.webim.myspace.com"
"hcr.com"
"sports.yahoo.com"
"0.channel12.facebook.com"
"thumb.brandreachsys.com"
"womenofyoutube.mevio.com"
"digg.com"
"desktopfw.weather.com"
"tw.search.bid.yahoo.com"
"playmobsterworld.com"
"studentuniverse.com"
"static.twitter.com"
"secure.newegg.com"
"d.tradex.openx.com"
"qq.com"
"banners.getiton.com"
"aimzones.aol.com"
"uk.ask.com"
"kd.iu.edu"
"yahoo.com"
"walmart.com"
"desktopfw.weather.com"
"statistics.yoka.com"
"search.yahoo.com"
"core.videoegg.com"
"ad.doubleclick.net"
"br.fling.com"
"ad.amgdgt.com"
"hmg.oxfordjournals.org"
"bookmaker.com"
"d.tradex.openx.com"
"sesamestats.com"
"stumbleupon.com"
"bs.serving-sys.com"
"sesamestats.com"
"css.cn.msn.com"
"msn.foxsports.com"
"baidu.com"
"core.insightexpressai.com"
"focusbaiduafp.allyes.com"
"search.daum.net"
"google.com"
"facebook.com"
"nba.com"
"insider.msg.yahoo.com"
"waterjet.net"
"ads.adsonar.com"
"informatics.indiana.edu"
"microsoft.com"
"channelsurfing.net"
"z13.invisionfree.com"
"micro.medicine.iu.edu"
"tvtropes.org"
"tieba.baidu.com"
"acidcow.com"
"kr.sports.yahoo.com"
"video-stats.video.google.com"
"desktopfw.weather.com"
"google.com"
"video.od.visiblemeasures.com"
"cs.lp.smartshopper.com"
"stationdata.wunderground.com"
"api.collarity.com"
"ad.adtegrity.net"
"hulu.com"
"anmgpvpw.vp.video.l.google.com"
"ads.revsci.net"
"facebook.com"
"d.tradex.openx.com"
"feedads.g.doubleclick.net"
"hcr.com"
"ads.brazzers.com"
"ar.voicefive.com"
"ro-co1.exp.msn.com"
"news.msn.co.kr"
"arienh4.net.nyud.net"
"tv.msn.com"
"voting.bangbros.com"
"miboard.miclub.com"
"youtube.com"
"reddit.com"
"kr.sports.yahoo.com"
"bossip.com"
"focusbaiduafp.allyes.com"
"news.qq.com"
"hcr.com"
"d.tradex.openx.com"
"gaiaonline.com"
"msn.com"
"365zw.com"
"youtube.com"
"thumb.brandreachsys.com"
"megaupload.com"
"stat.talk.renren.com"
"arienh4.net.nyud.net"
"home.myspace.com"
"video-stats.video.google.com"
"kr.sports.yahoo.com"
"a367.yahoofs.com"
"video-stats.video.google.com"
"msn.foxsports.com"
"minihp.cyworld.com"
"livejasmin.com"
"domdex.com"
"kr.sports.yahoo.com"
"target.com"
"hcr.com"
"search.yahoo.com"
"eppley.org"
"google.com"
"links.gamevance.net"
"deviantart.com"
"desktopfw.weather.com"
"d.tradex.openx.com"
"hostilecontact.com"
"bing.com"
"endless.com"
"desktopfw.weather.com"
"hcr.com"
"espn.go.com"
"womenofyoutube.mevio.com"
"bs.serving-sys.com"
"hcr.com"
"ads.brazzers.com"
"thumb.brandreachsys.com"
"bs.serving-sys.com"
"d.tradex.openx.com"
"desktopfw.weather.com"
"afe.specificclick.net"
"target.com"
"youtube.com"
"image.wapi.wetpaint.com"
"deco-00.slide.com"
"news.aol.com"
"xvideos.com"
"sesamestats.com"
"google.com"
"womenofyoutube.mevio.com"
"iuinfo.indiana.edu"
"thumb.brandreachsys.com"
"mediaservices.myspace.com"
"naver.com"
"sesamestats.com"
"law.indiana.edu"
"naver.com"
"bing.com"
"mediaservices.myspace.com"
"ads.brazzers.com"
"google.com"
"msn.com"
"ads.brazzers.com"
"aes.iupui.edu"
"bs.serving-sys.com"
"d.tradex.openx.com"
"d.tradex.openx.com"
"d.tradex.openx.com"
"desktopfw.weather.com"
"lookup.avatars.yahoo.com"
"ad.yieldmanager.com"
"i.you.video.sina.com.cn"
"open.compassion-intl.com"
"gn.naver.com"
"ads.brazzers.com"
"daum.net"
"google.com"
"espn-www.baynote.net"
"btjunkie.org"
"a367.yahoofs.com"
"hv3.webstat.com"
"google.com"
"web.ebscohost.com"
"csse.monash.edu.au"
"aes.iupui.edu"
"kr.sports.yahoo.com"
"d.tradex.openx.com"
"assets.espn.go.com"
"ads.brazzers.com"
"wwwq33.megaupload.com"
"google.com"
"ads.brazzers.com"
"banners.getiton.com"
"banners.getiton.com"
"api.bing.com"
"google.com"
"bbs.cartoon.media.daum.net"
"ads.adultadvertising.net"
"liveadvertisers.com"
"womenofyoutube.mevio.com"
"youtube.com"
"netv.sbs.co.kr"
"deviantart.com"
"apartmentratings.com"
"kelley.iu.edu"
"photos.dobi.nu"
"bbs.20jh.net"
"msn.foxsports.com"
"google.com"
"tag.contextweb.com"
"naver.com"
"hv3.webstat.com"
"dataandsearch.org"
"al.myrice.com"
"youtube.com"
"ad.backtalkmedia.com"
"search.ebscohost.com"
"media.trafficjunky.net"
"viewmorepics.myspace.com"
"desktopfw.weather.com"
"maps.google.com"
"desktopfw.weather.com"
"espn.go.com"
"ad.admediaprovider.com"
"d.tradex.openx.com"
"wunderground.com"
"cyimg.cyworld.com"
"lifehacker.com"
"d.tradex.openx.com"
"google.com"
"sesamestats.com"
"bs.serving-sys.com"
"ads.adultadvertising.net"
"youtube.com"
"view.atdmt.com"
"xp.trafficmp.com"
"xjjh.com"
"video-stats.video.google.com"
"desktopfw.weather.com"
"wfiu.indiana.edu"
"js.tudouui.com"
"br.fling.com"
"deviantart.com"
"bid.openx.net"
"facebook.com"
"newsiframe.hanafos.com"
"cm.nursing.iupui.edu"
"results.freeze.com"
"bs.serving-sys.com"
"d.tradex.openx.com"
"auth.ulib.iupui.edu"
"desktopfw.weather.com"
"ad.doubleclick.net"
"images.google.com"
"view.atdmt.com"
"apple.com"
"xp.trafficmp.com"
"youtube.com"
"rivals.yahoo.com"
"adultswim.com"
"weather.com"
"desktopfw.weather.com"
"youtube.com"
"10910258100.basketball.cbssports.com"
"youtube.com"
"talenthunter.com"
"br.fling.com"
"150.webim0018.webim.myspace.com"
"toptvbytes.com"
"tw.money.yahoo.com"
"bk.pps.tv"
"media.fastclick.net"
"bing.com"
"facebook.com"
"bs.serving-sys.com"
"stationdata.wunderground.com"
"southparkstudios.com"
"ads.brazzers.com"
"twitter.com"
"cbssports.com"
"app2.yoville.com"
"msn.foxsports.com"
"imgvmark.kbs.co.kr"
"reviews.hsn.com"
"espn.go.com"
"d.tradex.openx.com"
"video-stats.video.google.com"
"facebook.com"
"ec.atdmt.com"
"arienh4.net.nyud.net"
"hv3.webstat.com"
"ad.reduxmedia.com"
"facebook.com"
"colbertnation.com"
"news.hanafos.com"
"google.com"
"hv3.webstat.com"
"deviantart.com"
"teendestruction.com"
"0.gravatar.com"
"mtv.com"
"tigernt.com"
"jewelry.hsn.com"
"ad.yieldmanager.com"
"en.wikipedia.org"
"rockyou.com"
"stumbleupon.com"
"anthem.com"
"talenthunter.com"
"kr.sports.yahoo.com"
"d.tradex.openx.com"
"tw.search.bid.yahoo.com"
"yahoo.com"
"ro-co1.exp.msn.com"
"video.od.visiblemeasures.com"
"ad.yieldmanager.com"
"brightcove.vo.llnwd.net"
"daumblog.fmss.nefficient.co.kr"
"msn.100du.com"
"fms.indiana.edu"
"ads.brazzers.com"
"nbcsports.msnbc.com"
"d.tradex.openx.com"
"womenofyoutube.mevio.com"
"gaiaonline.com"
"kr.sports.yahoo.com"
"www2.im.alisoft.com"
"hcr.com"
"ad.yieldmanager.com"
"desktopfw.weather.com"
"arienh4.net.nyud.net"
"hcr.com"
"google.com"
"hulu.com"
"friends.myspace.com"
"informatics.indiana.edu"
"wordpress.com"
"ads.brazzers.com"
"afe.specificclick.net"
"hanafos.com"
"blog.naver.com"
"photos-h.ak.fbcdn.net"
"apple.com"
"d1.openx.org"
"pagead2.googlesyndication.com"
"malware-url.com"
"mail.google.com"
"kr.sports.yahoo.com"
"d.tradex.openx.com"
"ad.insightexpressai.com"
"mail.yahoo.com"
"video-stats.video.google.com"
"ad.yieldmanager.com"
"desktopfw.weather.com"
"bing.com"
"tube8.com"
"arienh4.net.nyud.net"
"xiaoyou.qq.com"
"hv3.webstat.com"
"womenofyoutube.mevio.com"
"mt1.google.com"
"target.com"
"chookaboot.com"
"thesaurus.reference.com"
"wesc.k12.in.us"
"facebook.com"
"d.tradex.openx.com"
"afe.specificclick.net"
"youtube.com"
"facebook.com"
"hcr.com"
"facebook.com"
"veoh.com"
"rad.msn.com"
"news.naver.com"
"a1.interclick.com"
"mail.live.com"
"arienh4.net.nyud.net"
"liveadvertisers.com"
"desktopfw.weather.com"
"thumb.brandreachsys.com"
"strangemaps.wordpress.com"
"mlb.mlb.com"
"fffocus.cn"
"msn.com"
"subeta.neolodge.com"
"d.tradex.openx.com"
"hv3.webstat.com"
"facebook.com"
"images.google.com"
"anmgpvpw.vp.video.l.google.com"
"givealink.org"
"bid.openx.net"
"openxxx.viragemedia.com"
"www2.music-tags.com"
"item.taobao.com"
"sesamestats.com"
"woot.com"
"desktopfw.weather.com"
"d.tradex.openx.com"
"ro-co1.exp.msn.com"
"imeem.com"
"dataandsearch.org"
"d.tradex.openx.com"
"video-stats.video.google.com"
"penciloflight.deviantart.com"
"openx-bid.dotomi.com"
"nztv.prod.untd.com"
"twitter.com"
"msn.com"
"d.tradex.openx.com"
"srv2.wa.marketingsolutions.yahoo.com"
"secure-us.imrworldwide.com"
"target.com"
"fratmen.tv"
"desktopfw.weather.com"
"stationdata.wunderground.com"
"apple.com"
"ad.yieldmanager.com"
"mail.yahoo.com"
"bigblueinteractive.com"
"arienh4.net.nyud.net"
"womenofyoutube.mevio.com"
"djbooth.net"
"desktopfw.weather.com"
"d.tradex.openx.com"
"hcr.com"
"d.tradex.openx.com"
"pagead2.googlesyndication.com"
"d.tradex.openx.com"
"aes.iupui.edu"
"ads.brazzers.com"
"ad.adserverplus.com"
"desktopfw.weather.com"
"tracking.searchmarketing.com"
"news.aol.com"
"newegg.com"
"hv3.webstat.com"
"d.tradex.openx.com"
"d.tradex.openx.com"
"arienh4.net.nyud.net"
"kr.sports.yahoo.com"
"arienh4.net.nyud.net"
"idsnews.com"
"d.tradex.openx.com"
"http300.edge.ru4.com"
"desktopfw.weather.com"
"video-stats.video.google.com"
"google.com"
"ads.brazzers.com"
"google.com"
"desktopfw.weather.com"
"ad.yieldmanager.com"
"d.tradex.openx.com"
"ads.brazzers.com"
"stationdata.wunderground.com"
"campusfood.com"
"comhk.net"
"mlb.mlb.com"
"newson.nate.com"
"bio.indiana.edu"
"d.tradex.openx.com"
"kr.sports.yahoo.com"
"bs.serving-sys.com"
"penciloflight.deviantart.com"
"g2.ykimg.com"
"afe.specificclick.net"
"youtube.com"
"auth.ulib.iupui.edu"
"login.dotomi.com"
"bs.serving-sys.com"
"webmaila.netzero.net"
"d.tradex.openx.com"
"verizonwireless.com"
"yoka.com"
"bs.serving-sys.com"
"byfiles.storage.msn.com"
"kr.sports.yahoo.com"
"msn.com"
"mediaservices.myspace.com"
"aol.com"
"ads.adultadvertising.net"
"google.com"
"web4.c2.cyworld.com"
"hcr.com"
"deals.huaren.us"
"msn.yoka.com"
"us.imdb.com"
"video-stats.video.google.com"
"desktopfw.weather.com"
"teendestruction.com"
"video-stats.video.google.com"
"waterjet.net"
"facebook.com"
"1.gravatar.com"
"slis.indiana.edu"
"ta"
"goodyeartires.com"
"desktopfw.weather.com"
"fffocus.cn"
"ads.revsci.net"
"apps.facebook.com"
"blog.naver.com"
"hv3.webstat.com"
"fls.doubleclick.net"
"fmylife.com"
"cyimg14.cyworld.nate.com"
"desktopfw.weather.com"
"nba.com"
"ad.doubleclick.net"
"msn.com"
"facebook.com"
"facebook.com"
"youtube.com"
"a367.yahoofs.com"
"thumb.brandreachsys.com"
"nrg.co.il"
"bonktown.com"
"asdfjeoura.football.cbssports.com"
"basicinstructions.net"
"mail.google.com"
"desktopfw.weather.com"
"facebook.com"
"ads.espn.adsonar.com"
"basicinstructions.net"
"ulib.iupui.edu"
"pubads.g.doubleclick.net"
"games.yahoo.com"
"facebook.com"
"secure-us.imrworldwide.com"
"gdata.youtube.com"
"desktopfw.weather.com"
"sesamestats.com"
"google.com"
"gl.wedisk.co.kr"
"apps.facebook.com"
"post.yule.tom.com"
"playmobsterworld.com"
"stmp.daum.net"
"guitarcenter.com"
"focusbaiduafp.allyes.com"
"ad.yieldmanager.com"
"bk.pps.tv"
"banners.getiton.com"
"msn.foxsports.com"
"digg.com"
"video-stats.video.google.com"
"msn.foxsports.com"
"kinseyconfidential.org"
"kr.sports.yahoo.com"
"aes.iupui.edu"
"dsp.chess.com"
"stationdata.wunderground.com"
"ads.brazzers.com"
"wenxue6.com"
"cyimg.cyworld.com"
"ovidsp.tx.ovid.com.proxy.medlib.iupui.edu"
"gazzetta.it"
"slutload.com"
"xjjh.com"
"ads.brazzers.com"
"home.renren.com"
"arienh4.net.nyud.net"
"ar.voicefive.com"
"helium.com"
"hv3.webstat.com"
"ads.brazzers.com"
"nbcsports.msnbc.com"
"minihp.cyworld.com"
"ilovecheating.com"
"playmobsterworld.com"
"ninjavideo.net"
"youtube.com"
"graphics.fansonly.com"
"lj-toys.com"
"womenofyoutube.mevio.com"
"sports.espn.go.com"
"msn.foxsports.com"
"youtube.com"
"netv.sbs.co.kr"
"msn.foxsports.com"
"ads.brazzers.com"
"ad.yieldmanager.com"
"ovidsp.tx.ovid.com"
"ads.adultadvertising.net"
"tripadvisor.com"
"bing.com"
"d.tradex.openx.com"
"examiner.cleanprint.net"
"amch.questionmarket.com"
"images.google.com"
"womenofyoutube.mevio.com"
"images.wowstead.com"
"secure-us.imrworldwide.com"
"womenofyoutube.mevio.com"
"ads.brazzers.com"
"d.tradex.openx.com"
"chess.com"
"mcwe.com"
"hoosierdata.in.gov"
"steelbound.wowstead.com"
"google.com"
"stationdata.wunderground.com"
"hv3.webstat.com"
"rockyou.com"
"view.atdmt.com"
"cs.caltech.edu"
"hcr.com"
"netv.sbs.co.kr"
"desktopfw.weather.com"
"womenofyoutube.mevio.com"
"playmobsterworld.com"
"desktopfw.weather.com"
"hcr.com"
"ad.yieldmanager.com"
"nba.com"
"twitter.com"
"aol.com"
"video.od.visiblemeasures.com"
"baidu.com"
"anmgpvpw.vp.video.l.google.com"
"srv2.wa.marketingsolutions.yahoo.com"
"ad.yieldmanager.com"
"bid.openx.net"
"netv.sbs.co.kr"
"stationdata.wunderground.com"
"a367.yahoofs.com"
"google.com"
"jobview.usajobs.gov"
"deals.huaren.us"
"facebook.com"
"wireless.att.com"
"facebook.com"
"bs.serving-sys.com"
"banners.getiton.com"
"ad.yieldmanager.com"
"d.tradex.openx.com"
"gsy.or.kr"
"stationdata.wunderground.com"
"d.tradex.openx.com"
"history.hk.search.yahoo.com"
"c.microsoft.com"
"anymobileanytime.sprint.com"
"hcr.com"
"hcr.com"
"journalism.indiana.edu"
"youtube.com"
"ads.brazzers.com"
"d.tradex.openx.com"
"arienh4.net.nyud.net"
"d.tradex.openx.com"
"facebook.com"
"dealoz.com"
"secure-us.imrworldwide.com"
"br.fling.com"
"youtube.com"
"google.com"
"anymobileanytime.sprint.com"
"kr.sports.yahoo.com"
"teendestruction.com"
"media.trafficjunky.net"
"arienh4.net.nyud.net"
"facebook.com"
"sesamestats.com"
"playmobsterworld.com"
"googleads.g.doubleclick.net"
"adserving.cpxinteractive.com"
"arienh4.net.nyud.net"
"nrg.co.il"
"ads.brazzers.com"
"cpro.baidu.com"
"secure-us.imrworldwide.com"
"desktopfw.weather.com"
"wwwq33.megaupload.com"
"ib.adnxs.com"
"arienh4.net.nyud.net"
"hcr.com"
"livejasmin.com"
"teendestruction.com"
"mylifeisaverage.com"
"youtube.com"
"xp.trafficmp.com"
"feedjit.com"
"ad.yieldmanager.com"
"video-stats.video.google.com"
"practice4performance.com"
"search.ebscohost.com"
"slideshow.news.tom.com"
"google.com"
"informatics.indiana.edu"
"search.yahoo.com"
"en.wikipedia.org"
"desktopfw.weather.com"
"bengals.com"
"tv.com"
"video-stats.video.google.com"
"arienh4.net.nyud.net"
"akafms-music02.myspacecdn.com"
"cheaptickets.com"
"mh2.manhunt.net"
"new.facebook.com"
"bcp.crwdcntrl.net"
"cfile92.uf.daum.net"
"youtube.com"
"nba.com"
"hv3.webstat.com"
"womenofyoutube.mevio.com"
"arienh4.net.nyud.net"
"ads.adbrite.com"
"indiana.rivals.com"
"rl.storm8.com"
"youtube.com"
"nanowrimo.org"
"facebook.poker.zynga.com"
"d1.openx.org"
"blog-nl.com"
"google.com"
"media.trafficjunky.net"
"google.com"
"bid.openx.net"
"livejasmin.com"
"youtube.com"
"sesamestats.com"
"desktopfw.weather.com"
"blogs.technet.com"
"desktopfw.weather.com"
"lonestarball.com"
"arienh4.net.nyud.net"
"afe.specificclick.net"
"loginsvc.cyworld.com"
"beatthechip.blogspot.com"
"video.od.visiblemeasures.com"
"google.com"
"bitbucket.org"
"hcr.com"
"feeds.feedburner.com"
"arienh4.net.nyud.net"
"hcr.com"
"ads.brazzers.com"
"google.com"
"teendestruction.com"
"google.com"
"youtube.com"
"d.tradex.openx.com"
"espn.go.com"
"kr.sports.yahoo.com"
"teendestruction.com"
"bogobogo.net"
"clickclickclick.com"
"desktopfw.weather.com"
"player.targetspot.com"
"penciloflight.deviantart.com"
"music.indiana.edu"
"google.com"
"d.tradex.openx.com"
"focusbaiduafp.allyes.com"
"d.tradex.openx.com"
"youtube.com"
"ads.brazzers.com"
"youtube.com"
"bing.com"
"blogs.technet.com"
"focusbaiduafp.allyes.com"
"facebook.com"
"nfl.com"
"d.tradex.openx.com"
"qtv.freechal.com"
"womenofyoutube.mevio.com"
"adserver.adtechus.com"
"src.venere.com"
"mp3.rhapsody.com"
"facebook.com"
"facebook.com"
"google.com"
"ibeatyou.com"
"toolbar.wibiya.com"
"miboard.miclub.com"
"490.webim0097.webim.myspace.com"
"kr.sports.yahoo.com"
"facebook.com"
"askmen.com"
"google.com"
"hcr.com"
"feeds.feedburner.com"
"google.com"
"google.com"
"google.com"
"google.com"
"google.com"
"secure-us.imrworldwide.com"
"google.com"
"facebook.com"
"ad.ameba.adlantis.jp"
"sports.espn.go.com"
"stationdata.wunderground.com"
"ad.sbnation.com"
"hv3.webstat.com"
"rl.storm8.com"
"focusbaiduafp.allyes.com"
"bk.pps.tv"
"teendestruction.com"
"youtube.com"
"link.ed.wwe.com"
"arienh4.net.nyud.net"
"desktopfw.weather.com"
"webhistoryofengland.com"
"ro-co1.exp.msn.com"
"styleforum.net"
"kr.sports.yahoo.com"
"hv3.webstat.com"
"d.tradex.openx.com"
"desktopfw.weather.com"
"video.google.co.jp"
"awin1.com"
"msn.foxsports.com"
"ads.brazzers.com"
"target.com"
"afe.specificclick.net"
"google.com"
"arienh4.net.nyud.net"
"arienh4.net.nyud.net"
"item-origin.slide.com"
"stationdata.wunderground.com"
"img.mediaplex.com"
"yahoo.com"
"gazzetta.it"
"nate.com"
"switch.atdmt.com"
"ads.brazzers.com"
"rangefinderforum.com"
"youtube.com"
"ads.adultadvertising.net"
"stationdata.wunderground.com"
"pn2.adserver.yahoo.com"
"woot.com"
"m.www.yahoo.com"
"facebook.com"
"sesamestats.com"
"hcr.com"
"video.od.visiblemeasures.com"
"c.microsoft.com"
"viewmorepics.myspace.com"
"facebook.com"
"desktopfw.weather.com"
"view.atdmt.com"
"mystyle.com"
"ad.doubleclick.net"
"leadback.advertising.com"
"amazon.com"
"wall.cws.api.sina.com.cn"
"facebook.com"
"stationdata.wunderground.com"
"bcp.crwdcntrl.net"
"tieba.baidu.com"
"cell.com"
"arienh4.net.nyud.net"
"imeem.com"
"desktopfw.weather.com"
"comingsoon.net"
"cooking.game.playfish.com"
"rl.storm8.com"
"reg.youdao.com"
"bs.serving-sys.com"
"ad.m5prod.net"
"d.tradex.openx.com"
"d.tradex.openx.com"
"kr.sports.yahoo.com"
"bs.serving-sys.com"
"find.galegroup.com.proxy.ulib.iupui.edu"
"google.com"
"player.cdn.targetspot.com"
"bs.serving-sys.com"
"msn.com"
"delivery.trafficjunky.net"
"images.google.com"
"ad.xtendmedia.com"
"stationdata.wunderground.com"
"xvideos.com"
"espn.go.com"
"ve.tradescape.biz"
"blogs.msdn.com"
"music.indiana.edu"
"soft.360.cn"
"xp.trafficmp.com"
"games.qq.com"
"facebook.com"
"ad.yieldmanager.com"
"desktopfw.weather.com"
"cnbc.com"
"you.video.sina.com.cn"
"kr.sports.yahoo.com"
"waterjet.net"
"espn-www.baynote.net"
"d.tradex.openx.com"
"news.hanafos.com"
"frenchlick.casinobonusplay.com"
"searchservice.myspace.com"
"naver.com"
"ads.brazzers.com"
"livejasmin.com"
"hv3.webstat.com"
"hv3.webstat.com"
"nba.com"
"en.wikipedia.org"
"desktopfw.weather.com"
"hulu.com"
"womenofyoutube.mevio.com"
"ncbi.nlm.nih.gov"
"desktopfw.weather.com"
"stmp.daum.net"
"d.tradex.openx.com"
"msn.foxsports.com"
"delb.opt.fimserve.com"
"hv3.webstat.com"
"cnbc.com"
"ads.adultadvertising.net"
"receive2.tubemogul.com"
"ad.doubleclick.net"
"iuhoosiers.cstv.com"
"facebook.com"
"ad.yieldmanager.com"
"target.com"
"brightcove.vo.llnwd.net"
"board.deathvalleydriver.com"
"buzzbox.buzzfeed.com"
"stationdata.wunderground.com"
"d.tradex.openx.com"
"ads.brazzers.com"
"abox.ationnet.com"
"ads.adultadvertising.net"
"desktopfw.weather.com"
"fffocus.cn"
"msn.foxsports.com"
"d.tradex.openx.com"
"stationdata.wunderground.com"
"127.webim0060.webim.myspace.com"
"dataandsearch.org"
"addirector.vindicosuite.com"
"d.tradex.openx.com"
"informatics.indiana.edu"
"facebook.com"
"facebook.com"
"rhapsody.com"
"services.springstreetnetworks.com"
"flickr.com"
"facebook.com"
"mail.google.com"
"mail.google.com"
"phdcomics.com"
"blog.naver.com"
"bbs.20jh.net"
"fox.com"
"news.yahoo.com"
"ads.vrx.adbrite.com"
"74.86.224.204"
"69.41.167.131"
"desktopfw.weather.com"
"ads.adultadvertising.net"
"video-stats.video.google.com"
"apple.com"
"talenthunter.com"
"womenofyoutube.mevio.com"
"womenofyoutube.mevio.com"
"mystyle.com"
"v.youku.com"
"informatics.indiana.edu"
"youtube.com"
"368.webim0105.webim.myspace.com"
"abc.idmanagedsolutions.com"
"desktopfw.weather.com"
"projectwonderful.com"
"youtube.com"
"streak.espn.go.com"
"a367.yahoofs.com"
"montefiore.org"
"womenofyoutube.mevio.com"
"d.tradex.openx.com"
"jstor.org"
"hv3.webstat.com"
"google.com"
"tattooblog.org"
"hv3.webstat.com"
"winter.metacafe.com"
"idsnews.com"
"openxxx.viragemedia.com"
"flybase.org"
"msn.foxsports.com"
"google.com"
"ad.yieldmanager.com"
"perezhilton.com"
"188.172.163.10"
"searchservice.myspace.com"
"adultfriendfinder.com"
"pp20.info"
"youtube.com"
"facebook.com"
"myspace.com"
"theonion.com"
"xp.trafficmp.com"
"dickssportinggoods.com"
"google.com"
"d.tradex.openx.com"
"sesamestats.com"
"movies.msn.com"
"d.tradex.openx.com"
"ads.adultadvertising.net"
"hv3.webstat.com"
"ads.brazzers.com"
"mail.google.com"
"majorspoilers.com"
"facebook.com"
"bmwusa.com"
"s43.cnzz.com"
"336.webim0405.webim.myspace.com"
"ad.yieldmanager.com"
"desktopfw.weather.com"
"jstor.org"
"ads.brazzers.com"
"ytaahg.vo.llnwd.net"
"bs.serving-sys.com"
"expressions.aim.com"
"minihp.cyworld.com"
"ads.brazzers.com"
"ad.yieldmanager.com"
"face2.qun.qq.com"
"static.addtoany.com"
"google.com"
"pc.duowan.com"
"br.fling.com"
"qbic.hanafos.com"
"google.com"
"ads.imgur.com"
"mail.opi.yahoo.com"
"youtube.com"
"l.you.video.sina.com.cn"
"video-stats.video.google.com"
"bing.com"
"video-stats.video.google.com"
"site.abc.go.com"
"bs.serving-sys.com"
"collegepartyhouse.com"
"fe.brandreachsys.com"
"bs.serving-sys.com"
"ad.yieldmanager.com"
"idsnews.com"
"d.tradex.openx.com"
"ricstultz.com"
"womenofyoutube.mevio.com"
"youtube.com"
"anmgpvpw.vp.video.l.google.com"
"sesamestats.com"
"video.msn.com"
"ad.yieldmanager.com"
"afe.specificclick.net"
"vodguide.pps.tv"
"mail.live.com"
"stationdata.wunderground.com"
"msn.foxsports.com"
"youtube.com"
"msn.foxsports.com"
"bs.serving-sys.com"
"d.tradex.openx.com"
"bs.serving-sys.com"
"s.ytimg.com"
"stationdata.wunderground.com"
"parents.com"
"slis.indiana.edu"
"hk.yahoo.com"
"gn.naver.com"
"penciloflight.deviantart.com"
"comedycentral.com"
"bing.com"
"google.com"
"auth.ulib.iupui.edu"
"frenchlick.casinobonusplay.com"
"banners.getiton.com"
"womenofyoutube.mevio.com"
"ads.tw.adsonar.com"
"fls.doubleclick.net"
"bbs.20jh.net"
"niagara.comedycentral.com"
"bs.serving-sys.com"
"a367.yahoofs.com"
"300avi.com"
"hra.iupui.edu"
"gmx.net"
"stationdata.wunderground.com"
"womenofyoutube.mevio.com"
"desktopfw.weather.com"
"amazon.com"
"friends.myspace.com"
"animecrazy.net"
"google.com"
"ad.yieldmanager.com"
"stationdata.wunderground.com"
"iupuijags.com"
"pixel.quantserve.com"
"mail.google.com"
"womenofyoutube.mevio.com"
"msn.foxsports.com"
"xp.trafficmp.com"
"ads.revsci.net"
"www418.megavideo.com"
"static.addtoany.com"
"youtube.com"
"sesamestats.com"
"ad.trafficmp.com"
"youtube.com"
"vodguide.pps.tv"
"kr.sports.yahoo.com"
"l.qq.com"
"d.tradex.openx.com"
"egotastic.com"
"youku.com"
"mail.yahoo.com"
"google.com"
"d.tradex.openx.com"
"google.com"
"nba.com"
"yahoo.com"
"s7.addthis.com"
"addictinggames.com"
"sesamestats.com"
"d.tradex.openx.com"
"video-stats.video.google.com"
"ad.yieldmanager.com"
"d.tradex.openx.com"
"357.webim0018.webim.myspace.com"
"d.tradex.openx.com"
"adready.com"
"tiffany.com"
"flybase.org"
"desktopfw.weather.com"
"hp.ivillage.com"
"facebook.com"
"m1.2mdn.net"
"ad.globalinteractive.com"
"xp.trafficmp.com"
"burstbeacon.com"
"hcr.com"
"youtube.com"
"ad.yieldmanager.com"
"sesamestats.com"
"bing.com"
"ad.yieldmanager.com"
"broadband.espn.go.com"
"indiana.rivals.com"
"youtube.com"
"en.wikipedia.org"
"search.yahoo.com"
"youtube.com"
"nursingsociety.org"
"ad.doubleclick.net"
"mediabistro.com"
"467.webim0318.webim.myspace.com"
"ads.adultadvertising.net"
"cyimg.cyworld.com"
"kr.sports.yahoo.com"
"desktopfw.weather.com"
"pornhub.com"
"stationdata.wunderground.com"
"deviantart.com"
"bl142w.blu142.mail.live.com"
"d.tradex.openx.com"
"desktopfw.weather.com"
"zynga.com"
"kr.sports.yahoo.com"
"450.cim.meebo.com"
"facebook.com"
"tags.bluekai.com"
"d.tradex.openx.com"
"target.com"
"askmen.com"
"ads.brazzers.com"
"d.tradex.openx.com"
"nate.com"
"arienh4.net.nyud.net"
"ad.yieldmanager.com"
"ads.brazzers.com"
"g-ecx.images-amazon.com"
"txt.go.sohu.com"
"bs.serving-sys.com"
"arienh4.net.nyud.net"
"ads.brazzers.com"
"a.espncdn.com"
"product.dangdang.com"
"video-stats.video.google.com"
"bitsofwisdom.org"
"stationdata.wunderground.com"
"facebook.com"
"forums.somethingawful.com"
"d.tradex.openx.com"
"ad.insightexpressai.com"
"hcr.com"
"ad.yieldmanager.com"
"apple.com"
"adultfriendfinder.com"
"myspace.com"
"fratmen.tv"
"arienh4.net.nyud.net"
"facebook.com"
"xp.trafficmp.com"
"srx.ebaymotors.ebayrtm.com"
"target.com"
"springerlink.com"
"games.qq.com"
"sugg.search.yahoo.com"
"gw.masan.ac.kr"
"boost.org"
"fratmen.tv"
"xvideos.com"
"picnik.com"
"megavideo.com"
"xjjh.com"
"arienh4.net.nyud.net"
"colbertnation.com"
"hv3.webstat.com"
"video-stats.video.google.com"
"ads.foodbuzz.com"
"view.atdmt.com"
"priceline.com"
"video-stats.video.google.com"
"sports.espn.go.com"
"desktopfw.weather.com"
"youtube.com"
"people.com"
"naver.com"
"yahoo.com"
"tags.bluekai.com"
"d.tradex.openx.com"
"hcr.com"
"kr.sports.yahoo.com"
"womenofyoutube.mevio.com"
"womenofyoutube.mevio.com"
"kr.sports.yahoo.com"
"mitbbs.com"
"ads.brazzers.com"
"ads.brazzers.com"
"amch.questionmarket.com"
"tienganh.com.vn"
"target.com"
"womenofyoutube.mevio.com"
"news.search.yahoo.com"
"d.tradex.openx.com"
"stationdata.wunderground.com"
"newson.nate.com"
"hv3.webstat.com"
"justjared.buzznet.com"
"motors.shop.ebay.com"
"connect.facebook.com"
"images.google.com"
"msn.foxsports.com"
"poll.hanafos.com"
"d.tradex.openx.com"
"4shared.com"
"stationdata.wunderground.com"
"ads.specificmedia.com"
"profile.myspace.com"
"pbs.org"
"d.tradex.openx.com"
"enoratraffic.com"
"trafficholder.com"
"youjizz.com"
"ads.brazzers.com"
"boost.org"
"static.fmpub.net"
"eprice.com.hk"
"xp.trafficmp.com"
"video-stats.video.google.com"
"netv.sbs.co.kr"
"google.com"
"sesamestats.com"
"ads.brazzers.com"
"nba.com"
"desktopfw.weather.com"
"support.t-mobile.com"
"muslimvoices.org"
"hv3.webstat.com"
"hv3.webstat.com"
"ad.yieldmanager.com"
"casttv.com"
"assoc-amazon.com"
"hcr.com"
"netv.sbs.co.kr"
"amsv2.daum.net"
"msn.foxsports.com"
"arienh4.net.nyud.net"
"arienh4.net.nyud.net"
"d.tradex.openx.com"
"nate.com"
"waterjet.net"
"a.collective-media.net"
"kr.sports.yahoo.com"
